INFO:root:Problem path: /home/asnets_user/shared/policy-explanations/experiments/experiment_problems/parking/parking-3-4-1.pddl
INFO:root:Goal reached/Finished in time: 1
INFO:root:CPU Runtime: 16223.145260677
INFO:root:Runtime: 517.7875893050805
INFO:root:Plan length: 5
INFO:root:Size of explanation: 28
INFO:root:Size of input: 35
INFO:root:Number of calls: 73
INFO:root:Runtime for each network call: [15.833261013031006, 64.15549802780151, 64.84472417831421, 16.969495058059692, 0.8957040309906006, 0.31308817863464355, 0.6576371192932129, 72.76211500167847, 20.840343952178955, 1.047327995300293, 82.23741316795349, 20.347835063934326, 1.0366771221160889, 0.3706998825073242, 0.8085739612579346, 82.28338098526001, 20.350354194641113, 1.0275609493255615, 0.35984086990356445, 0.8173599243164062, 18.49298095703125, 0.0691230297088623, 0.039457082748413086, 0.06719088554382324, 0.04899311065673828, 0.06542611122131348, 0.04872703552246094, 0.06931495666503906, 0.05412697792053223, 0.06567502021789551, 0.06493687629699707, 0.04943490028381348, 0.06809616088867188, 0.05086398124694824, 0.06463193893432617, 0.05170583724975586, 0.0655970573425293, 0.06681394577026367, 0.049169063568115234, 0.06511902809143066, 0.04898810386657715, 0.07159280776977539, 0.04869985580444336, 0.06499814987182617, 0.04825019836425781, 0.06467103958129883, 0.04852485656738281, 0.06356287002563477, 0.04962897300720215, 0.06520605087280273, 0.04990220069885254, 0.06701183319091797, 0.04839611053466797, 0.06500887870788574, 0.04924798011779785, 0.06966710090637207, 0.05008697509765625, 0.06542301177978516, 0.04856085777282715, 0.06537604331970215, 0.048274993896484375, 0.06385993957519531, 0.04874110221862793, 0.09597396850585938, 0.06739306449890137, 0.03771400451660156, 0.06571006774902344, 0.04825711250305176, 0.06307005882263184, 0.06403779983520508, 0.04807591438293457, 0.06409382820129395, 0.0774078369140625]
INFO:root:Tiebreaks used: 4
INFO:root:Tiebreak runtime: [False, False, False, False, False, False, False, False, False, False, False, False, False, False, False, False, False, False, False, False, 0.5720019340515137, False, False, False, False, False, False, False, False, False, False, False, False, False, False, 20.581692934036255, False, False, False, False, False, False, False, False, False, False, False, False, False, False, 1.6244471073150635, False, False, False, False, False, False, False, False, False, False, False, False, 2.5196290016174316, False, False, False, False, False, False, False, False, False]
INFO:root:Number of inner modules ASNets: 555
INFO:root:Number of Gurobi variables: 3372 Constraints: 3649
INFO:root:Explanation: at-curb_car_1 = 1
at-curb_car_3 = 1
behind-car_car_3_car_0 = 0
at-curb-num_car_2_curb_1 = 0
car-clear_car_2 = 1
behind-car_car_0_car_1 = 0
at-curb-num_car_3_curb_0 = 1
at-curb_car_2 = 0
behind-car_car_2_car_0 = 0
behind-car_car_1_car_0 = 0
at-curb_car_0 = 0
behind-car_car_1_car_3 = 0
behind-car_car_3_car_2 = 0
car-clear_car_3 = 0
at-curb-num_car_0_curb_1 = 0
at-curb-num_car_2_curb_0 = 0
behind-car_car_1_car_2 = 0
car-clear_car_0 = 1
at-curb-num_car_3_curb_2 = 0
behind-car_car_2_car_1 = 1
at-curb-num_car_0_curb_2 = 0
behind-car_car_0_car_3 = 1
at-curb-num_car_3_curb_1 = 0
behind-car_car_0_car_2 = 0
at-curb-num_car_1_curb_1 = 1
at-curb-num_car_0_curb_0 = 0
behind-car_car_3_car_1 = 0
behind-car_car_2_car_3 = 0

INFO:root:Problem path: /home/asnets_user/shared/policy-explanations/experiments/experiment_problems/parking/parking-3-4-1.pddl
INFO:root:Goal reached/Finished in time: 1
INFO:root:CPU Runtime: 24191.48992911
INFO:root:Runtime: 770.6610492570326
INFO:root:Plan length: 5
INFO:root:Size of explanation: 22
INFO:root:Size of input: 35
INFO:root:Number of calls: 88
INFO:root:Runtime for each network call: [19.807610034942627, 0.5161199569702148, 20.48346996307373, 1.0160458087921143, 0.3647949695587158, 0.8324680328369141, 0.4848668575286865, 20.152862071990967, 1.013833999633789, 0.36522912979125977, 0.801983118057251, 0.4834251403808594, 0.48137378692626953, 20.354403018951416, 0.6484298706054688, 157.01038694381714, 0.6526498794555664, 54.99568819999695, 2.0660340785980225, 0.22090601921081543, 9.173906087875366, 0.6496458053588867, 53.50708603858948, 2.0958290100097656, 0.21732616424560547, 9.041383981704712, 0.638312816619873, 53.694267988204956, 2.0388829708099365, 0.21149706840515137, 8.899942874908447, 0.6820571422576904, 53.570756912231445, 2.0392630100250244, 0.2214798927307129, 9.455542087554932, 0.6276230812072754, 54.17669606208801, 2.051666021347046, 0.22044587135314941, 9.361016988754272, 0.6304309368133545, 53.51933693885803, 2.006938934326172, 0.6445560455322266, 55.21713399887085, 2.0652360916137695, 0.22301697731018066, 9.25221300125122, 37.37902498245239, 1.1169159412384033, 0.06786012649536133, 0.05920982360839844, 0.06963706016540527, 0.057554006576538086, 0.06768608093261719, 0.059084177017211914, 0.0669400691986084, 0.05870509147644043, 0.07603001594543457, 0.05945897102355957, 0.06788516044616699, 0.059207916259765625, 0.08356189727783203, 0.0834810733795166, 0.057884931564331055, 0.07479095458984375, 0.061506032943725586, 0.0693659782409668, 0.059107065200805664, 0.06758379936218262, 0.07225990295410156, 0.05885887145996094, 0.06787586212158203, 0.05808901786804199, 0.07272887229919434, 0.05838799476623535, 0.040120840072631836, 0.07158112525939941, 0.057041168212890625, 0.06572103500366211, 0.058889150619506836, 0.06809306144714355, 0.05754399299621582, 0.06695103645324707, 0.05871415138244629, 0.05125999450683594, 0.0658121109008789]
INFO:root:Tiebreaks used: 3
INFO:root:Tiebreak runtime: [False, False, False, False, False, False, False, False, False, False, False, False, False, False, False, False, False, False, False, False, False, False, False, False, False, False, False, False, False, False, False, False, False, False, False, False, False, False, False, False, False, False, False, False, False, False, False, False, False, False, 1.6984550952911377, False, False, False, False, False, False, False, False, False, False, False, False, False, False, 11.567301988601685, False, False, False, False, False, False, False, False, False, False, False, False, False, False, False, False, False, False, False, False, 13.307216167449951, False]
INFO:root:Number of inner modules ASNets: 555
INFO:root:Number of Gurobi variables: 3372 Constraints: 3649
INFO:root:Explanation: at-curb_car_1 = 1
at-curb_car_3 = 1
curb-clear_curb_1 = 0
car-clear_car_2 = 1
at-curb-num_car_3_curb_0 = 1
at-curb_car_2 = 0
at-curb_car_0 = 0
behind-car_car_1_car_3 = 0
car-clear_car_3 = 0
at-curb-num_car_0_curb_1 = 0
behind-car_car_1_car_2 = 0
car-clear_car_0 = 1
at-curb-num_car_3_curb_2 = 0
behind-car_car_2_car_1 = 1
at-curb-num_car_0_curb_2 = 0
behind-car_car_0_car_3 = 1
at-curb-num_car_3_curb_1 = 0
curb-clear_curb_0 = 0
at-curb-num_car_1_curb_2 = 0
behind-car_car_0_car_2 = 0
at-curb-num_car_1_curb_0 = 0
at-curb-num_car_0_curb_0 = 0

