INFO:root:Problem path: /home/asnets_user/shared/policy-explanations/experiments/experiment_problems/parking/parking-3-1-1.pddl
INFO:root:Goal reached/Finished in time: 1
INFO:root:CPU Runtime: 0.4680110079999995
INFO:root:Runtime: 0.4215704808011651
INFO:root:Plan length: 1
INFO:root:Size of explanation: 3
INFO:root:Size of input: 8
INFO:root:Number of calls: 9
INFO:root:Runtime for each network call: [0.02562999725341797, 0.003790140151977539, 0.0026559829711914062, 0.0026459693908691406, 0.01285696029663086, 0.008296966552734375, 0.005711078643798828, 0.004861116409301758, 0.010203123092651367]
INFO:root:Tiebreaks used: 1
INFO:root:Tiebreak runtime: [False, 0.004091978073120117, False, False, False, False, False, False, False]
INFO:root:Number of inner modules ASNets: 57
INFO:root:Number of Gurobi variables: 321 Constraints: 340
INFO:root:Explanation: at-curb_car_0 = 1
at-curb-num_car_0_curb_1 = 0
at-curb-num_car_0_curb_2 = 0

INFO:root:Problem path: /home/asnets_user/shared/policy-explanations/experiments/experiment_problems/parking/parking-3-1-1.pddl
INFO:root:Goal reached/Finished in time: 1
INFO:root:CPU Runtime: 0.35286491799999986
INFO:root:Runtime: 0.41191741451621056
INFO:root:Plan length: 1
INFO:root:Size of explanation: 3
INFO:root:Size of input: 8
INFO:root:Number of calls: 9
INFO:root:Runtime for each network call: [0.028177976608276367, 0.0036199092864990234, 0.0035958290100097656, 0.0036089420318603516, 0.0033888816833496094, 0.007903099060058594, 0.005570888519287109, 0.0033550262451171875, 0.004127025604248047]
INFO:root:Tiebreaks used: 1
INFO:root:Tiebreak runtime: [False, False, False, False, False, False, False, False, 0.003618001937866211]
INFO:root:Number of inner modules ASNets: 57
INFO:root:Number of Gurobi variables: 321 Constraints: 340
INFO:root:Explanation: curb-clear_curb_2 = 1
at-curb_car_0 = 1
curb-clear_curb_1 = 1

