INFO:root:Problem path: /home/asnets_user/shared/policy-explanations/experiments/experiment_problems/parking/parking-4-1-2.pddl
INFO:root:Goal reached/Finished in time: 1
INFO:root:CPU Runtime: 2.1918931320000006
INFO:root:Runtime: 0.5829867860302329
INFO:root:Plan length: 1
INFO:root:Size of explanation: 4
INFO:root:Size of input: 10
INFO:root:Number of calls: 11
INFO:root:Runtime for each network call: [0.0889279842376709, 0.008194923400878906, 0.004034996032714844, 0.004118919372558594, 0.004319906234741211, 0.004597187042236328, 0.004534006118774414, 0.01001119613647461, 0.010865926742553711, 0.010724067687988281, 0.0047228336334228516]
INFO:root:Tiebreaks used: 1
INFO:root:Tiebreak runtime: [False, 0.008350133895874023, False, False, False, False, False, False, False, False, False]
INFO:root:Number of inner modules ASNets: 85
INFO:root:Number of Gurobi variables: 492 Constraints: 524
INFO:root:Explanation: at-curb-num_car_0_curb_2 = 0
at-curb_car_0 = 1
at-curb-num_car_0_curb_1 = 0
at-curb-num_car_0_curb_3 = 0

INFO:root:Problem path: /home/asnets_user/shared/policy-explanations/experiments/experiment_problems/parking/parking-4-1-2.pddl
INFO:root:Goal reached/Finished in time: 1
INFO:root:CPU Runtime: 2.610575386999999
INFO:root:Runtime: 0.5976041601970792
INFO:root:Plan length: 1
INFO:root:Size of explanation: 2
INFO:root:Size of input: 10
INFO:root:Number of calls: 11
INFO:root:Runtime for each network call: [0.08676004409790039, 0.0061740875244140625, 0.005812883377075195, 0.005767107009887695, 0.005743980407714844, 0.005925178527832031, 0.005910158157348633, 0.013039112091064453, 0.0059549808502197266, 0.0050411224365234375, 0.041142940521240234]
INFO:root:Tiebreaks used: 0
INFO:root:Tiebreak runtime: [False, False, False, False, False, False, False, False, False, False, False]
INFO:root:Number of inner modules ASNets: 85
INFO:root:Number of Gurobi variables: 492 Constraints: 674
INFO:root:Explanation: at-curb_car_0 = 1
at-curb-num_car_0_curb_0 = 1

