INFO:root:Problem path: /home/asnets_user/shared/policy-explanations/experiments/experiment_problems/parking/parking-3-1.pddl
INFO:root:Goal reached/Finished in time: 1
INFO:root:CPU Runtime: 2.33557291
INFO:root:Runtime: 0.5220654122531414
INFO:root:Plan length: 1
INFO:root:Size of explanation: 3
INFO:root:Size of input: 8
INFO:root:Number of calls: 9
INFO:root:Runtime for each network call: [0.047573089599609375, 0.0046041011810302734, 0.0026671886444091797, 0.0026230812072753906, 0.011277914047241211, 0.008207082748413086, 0.00689387321472168, 0.00480198860168457, 0.010549068450927734]
INFO:root:Tiebreaks used: 2
INFO:root:Tiebreak runtime: [0.06694316864013672, 0.00404810905456543, False, False, False, False, False, False, False]
INFO:root:Number of inner modules ASNets: 57
INFO:root:Number of Gurobi variables: 321 Constraints: 340
INFO:root:Explanation: at-curb_car_0 = 1
at-curb-num_car_0_curb_2 = 0
at-curb-num_car_0_curb_1 = 0

INFO:root:Problem path: /home/asnets_user/shared/policy-explanations/experiments/experiment_problems/parking/parking-3-1.pddl
INFO:root:Goal reached/Finished in time: 1
INFO:root:CPU Runtime: 2.0215122389999998
INFO:root:Runtime: 0.49256378319114447
INFO:root:Plan length: 1
INFO:root:Size of explanation: 3
INFO:root:Size of input: 8
INFO:root:Number of calls: 9
INFO:root:Runtime for each network call: [0.041049957275390625, 0.005342960357666016, 0.003582000732421875, 0.0035529136657714844, 0.003385782241821289, 0.006605863571166992, 0.0062100887298583984, 0.003378152847290039, 0.0049631595611572266]
INFO:root:Tiebreaks used: 2
INFO:root:Tiebreak runtime: [0.06171417236328125, False, False, False, False, False, False, False, 0.003503084182739258]
INFO:root:Number of inner modules ASNets: 57
INFO:root:Number of Gurobi variables: 321 Constraints: 340
INFO:root:Explanation: at-curb_car_0 = 1
curb-clear_curb_1 = 1
curb-clear_curb_2 = 1

