
Gurobi 9.1.2 (linux64) logging started Sun May 21 08:53:18 2023

Changed value of parameter LogFile to ./logs/blocks-nblk3-seed627976805-seq0-20230521-085318.log
   Prev:   Default: 
Changed value of parameter FuncPieces to -1
   Prev: 0  Min: -2  Max: 200000000  Default: 0
Changed value of parameter FuncPieceLength to 1e-05
   Prev: 0.01  Min: 1e-05  Max: 1000000.0  Default: 0.01
Changed value of parameter FuncPieceError to 1e-06
   Prev: 0.001  Min: 1e-06  Max: 1000000.0  Default: 0.001
Changed value of parameter IntFeasTol to 1e-09
   Prev: 1e-05  Min: 1e-09  Max: 0.1  Default: 1e-05
Gurobi Optimizer version 9.1.2 build v9.1.2rc0 (linux64)
Thread count: 64 physical cores, 128 logical processors, using up to 32 threads
Optimize a model with 300 rows, 443 columns and 770 nonzeros
Model fingerprint: 0x57b9ac55
Model has 231 general constraints
Variable types: 319 continuous, 124 integer (124 binary)
Coefficient statistics:
  Matrix range     [2e-01, 2e+00]
  Objective range  [0e+00, 0e+00]
  Bounds range     [1e+00, 1e+00]
  RHS range        [1e-02, 5e+00]
Presolve added 30 rows and 139 columns
Presolve time: 0.02s
Presolved: 330 rows, 582 columns, 1754 nonzeros
Presolved model has 83 SOS constraint(s)
Variable types: 477 continuous, 105 integer (99 binary)

Root relaxation: objective 0.000000e+00, 280 iterations, 0.00 seconds

    Nodes    |    Current Node    |     Objective Bounds      |     Work
 Expl Unexpl |  Obj  Depth IntInf | Incumbent    BestBd   Gap | It/Node Time

     0     0    0.00000    0   19          -    0.00000      -     -    0s
     0     0    0.00000    0   19          -    0.00000      -     -    0s
     0     0    0.00000    0   14          -    0.00000      -     -    0s
     0     0    0.00000    0   15          -    0.00000      -     -    0s
     0     0    0.00000    0   14          -    0.00000      -     -    0s
     0     0    0.00000    0   14          -    0.00000      -     -    0s
     0     2    0.00000    0   14          -    0.00000      -     -    0s
*  773   637              30       0.0000000    0.00000  0.00%   7.5    0s

Cutting planes:
  Gomory: 2
  Cover: 5
  Implied bound: 23
  MIR: 1
  Flow cover: 1

Explored 1524 nodes (13206 simplex iterations) in 0.16 seconds
Thread count was 32 (of 128 available processors)

Solution count 1: 0 

Optimal solution found (tolerance 1.00e-04)
Warning: max constraint violation (6.8797e-03) exceeds tolerance
Warning: max general constraint violation (6.8797e-03) exceeds tolerance
         (model may be infeasible or unbounded - try turning presolve off)
Best objective 0.000000000000e+00, best bound 0.000000000000e+00, gap 0.0000%
Discarded solution information
Parameter FuncPieces unchanged
   Value: -1  Min: -2  Max: 200000000  Default: 0
Parameter FuncPieceLength unchanged
   Value: 1e-05  Min: 1e-05  Max: 1000000.0  Default: 0.01
Parameter FuncPieceError unchanged
   Value: 1e-06  Min: 1e-06  Max: 1000000.0  Default: 0.001
Parameter IntFeasTol unchanged
   Value: 1e-09  Min: 1e-09  Max: 0.1  Default: 1e-05
Gurobi Optimizer version 9.1.2 build v9.1.2rc0 (linux64)
Thread count: 64 physical cores, 128 logical processors, using up to 32 threads
Optimize a model with 331 rows, 515 columns and 801 nonzeros
Model fingerprint: 0x721b55c9
Model has 375 general constraints
Variable types: 319 continuous, 196 integer (196 binary)
Coefficient statistics:
  Matrix range     [2e-01, 2e+00]
  Objective range  [0e+00, 0e+00]
  Bounds range     [1e+00, 1e+00]
  RHS range        [1e-02, 5e+00]
Presolve removed 170 rows and 154 columns
Presolve time: 0.01s

Explored 0 nodes (0 simplex iterations) in 0.01 seconds
Thread count was 1 (of 128 available processors)

Solution count 0

Model is infeasible
Best objective -, best bound -, gap -
Discarded solution information
Parameter FuncPieces unchanged
   Value: -1  Min: -2  Max: 200000000  Default: 0
Parameter FuncPieceLength unchanged
   Value: 1e-05  Min: 1e-05  Max: 1000000.0  Default: 0.01
Parameter FuncPieceError unchanged
   Value: 1e-06  Min: 1e-06  Max: 1000000.0  Default: 0.001
Parameter IntFeasTol unchanged
   Value: 1e-09  Min: 1e-09  Max: 0.1  Default: 1e-05
Gurobi Optimizer version 9.1.2 build v9.1.2rc0 (linux64)
Thread count: 64 physical cores, 128 logical processors, using up to 32 threads
Optimize a model with 331 rows, 515 columns and 801 nonzeros
Model fingerprint: 0xfb31e0bf
Model has 375 general constraints
Variable types: 319 continuous, 196 integer (196 binary)
Coefficient statistics:
  Matrix range     [2e-01, 2e+00]
  Objective range  [0e+00, 0e+00]
  Bounds range     [1e+00, 1e+00]
  RHS range        [1e-02, 5e+00]
Presolve removed 170 rows and 154 columns
Presolve time: 0.00s

Explored 0 nodes (0 simplex iterations) in 0.00 seconds
Thread count was 1 (of 128 available processors)

Solution count 0

Model is infeasible
Best objective -, best bound -, gap -
Discarded solution information
Parameter FuncPieces unchanged
   Value: -1  Min: -2  Max: 200000000  Default: 0
Parameter FuncPieceLength unchanged
   Value: 1e-05  Min: 1e-05  Max: 1000000.0  Default: 0.01
Parameter FuncPieceError unchanged
   Value: 1e-06  Min: 1e-06  Max: 1000000.0  Default: 0.001
Parameter IntFeasTol unchanged
   Value: 1e-09  Min: 1e-09  Max: 0.1  Default: 1e-05
Gurobi Optimizer version 9.1.2 build v9.1.2rc0 (linux64)
Thread count: 64 physical cores, 128 logical processors, using up to 32 threads
Optimize a model with 329 rows, 515 columns and 799 nonzeros
Model fingerprint: 0x9ccbf54b
Model has 375 general constraints
Variable types: 319 continuous, 196 integer (196 binary)
Coefficient statistics:
  Matrix range     [2e-01, 2e+00]
  Objective range  [0e+00, 0e+00]
  Bounds range     [1e+00, 1e+00]
  RHS range        [1e-02, 5e+00]
Presolve removed 168 rows and 154 columns
Presolve time: 0.00s

Explored 0 nodes (0 simplex iterations) in 0.00 seconds
Thread count was 1 (of 128 available processors)

Solution count 0

Model is infeasible
Best objective -, best bound -, gap -
Discarded solution information
Parameter FuncPieces unchanged
   Value: -1  Min: -2  Max: 200000000  Default: 0
Parameter FuncPieceLength unchanged
   Value: 1e-05  Min: 1e-05  Max: 1000000.0  Default: 0.01
Parameter FuncPieceError unchanged
   Value: 1e-06  Min: 1e-06  Max: 1000000.0  Default: 0.001
Parameter IntFeasTol unchanged
   Value: 1e-09  Min: 1e-09  Max: 0.1  Default: 1e-05
Gurobi Optimizer version 9.1.2 build v9.1.2rc0 (linux64)
Thread count: 64 physical cores, 128 logical processors, using up to 32 threads
Optimize a model with 330 rows, 515 columns and 800 nonzeros
Model fingerprint: 0xc34d7b6c
Model has 375 general constraints
Variable types: 319 continuous, 196 integer (196 binary)
Coefficient statistics:
  Matrix range     [2e-01, 2e+00]
  Objective range  [0e+00, 0e+00]
  Bounds range     [1e+00, 1e+00]
  RHS range        [1e-02, 5e+00]
Presolve removed 208 rows and 278 columns
Presolve time: 0.01s
Presolved: 122 rows, 237 columns, 634 nonzeros
Presolved model has 50 SOS constraint(s)
Variable types: 199 continuous, 38 integer (34 binary)

Explored 0 nodes (0 simplex iterations) in 0.01 seconds
Thread count was 32 (of 128 available processors)

Solution count 0

Model is infeasible
Best objective -, best bound -, gap -
Discarded solution information
Parameter FuncPieces unchanged
   Value: -1  Min: -2  Max: 200000000  Default: 0
Parameter FuncPieceLength unchanged
   Value: 1e-05  Min: 1e-05  Max: 1000000.0  Default: 0.01
Parameter FuncPieceError unchanged
   Value: 1e-06  Min: 1e-06  Max: 1000000.0  Default: 0.001
Parameter IntFeasTol unchanged
   Value: 1e-09  Min: 1e-09  Max: 0.1  Default: 1e-05
Gurobi Optimizer version 9.1.2 build v9.1.2rc0 (linux64)
Thread count: 64 physical cores, 128 logical processors, using up to 32 threads
Optimize a model with 330 rows, 515 columns and 800 nonzeros
Model fingerprint: 0xa605e9ca
Model has 375 general constraints
Variable types: 319 continuous, 196 integer (196 binary)
Coefficient statistics:
  Matrix range     [2e-01, 2e+00]
  Objective range  [0e+00, 0e+00]
  Bounds range     [1e+00, 1e+00]
  RHS range        [1e-02, 5e+00]
Presolve removed 214 rows and 288 columns
Presolve time: 0.01s
Presolved: 116 rows, 227 columns, 627 nonzeros
Presolved model has 49 SOS constraint(s)
Variable types: 190 continuous, 37 integer (34 binary)

Explored 0 nodes (0 simplex iterations) in 0.01 seconds
Thread count was 32 (of 128 available processors)

Solution count 0

Model is infeasible
Best objective -, best bound -, gap -
Discarded solution information
Parameter FuncPieces unchanged
   Value: -1  Min: -2  Max: 200000000  Default: 0
Parameter FuncPieceLength unchanged
   Value: 1e-05  Min: 1e-05  Max: 1000000.0  Default: 0.01
Parameter FuncPieceError unchanged
   Value: 1e-06  Min: 1e-06  Max: 1000000.0  Default: 0.001
Parameter IntFeasTol unchanged
   Value: 1e-09  Min: 1e-09  Max: 0.1  Default: 1e-05
Gurobi Optimizer version 9.1.2 build v9.1.2rc0 (linux64)
Thread count: 64 physical cores, 128 logical processors, using up to 32 threads
Optimize a model with 330 rows, 515 columns and 800 nonzeros
Model fingerprint: 0xf35946cf
Model has 375 general constraints
Variable types: 319 continuous, 196 integer (196 binary)
Coefficient statistics:
  Matrix range     [2e-01, 2e+00]
  Objective range  [0e+00, 0e+00]
  Bounds range     [1e+00, 1e+00]
  RHS range        [1e-02, 5e+00]
Presolve removed 138 rows and 221 columns
Presolve time: 0.00s

Explored 0 nodes (0 simplex iterations) in 0.01 seconds
Thread count was 1 (of 128 available processors)

Solution count 0

Model is infeasible
Best objective -, best bound -, gap -
Discarded solution information
Parameter FuncPieces unchanged
   Value: -1  Min: -2  Max: 200000000  Default: 0
Parameter FuncPieceLength unchanged
   Value: 1e-05  Min: 1e-05  Max: 1000000.0  Default: 0.01
Parameter FuncPieceError unchanged
   Value: 1e-06  Min: 1e-06  Max: 1000000.0  Default: 0.001
Parameter IntFeasTol unchanged
   Value: 1e-09  Min: 1e-09  Max: 0.1  Default: 1e-05
Gurobi Optimizer version 9.1.2 build v9.1.2rc0 (linux64)
Thread count: 64 physical cores, 128 logical processors, using up to 32 threads
Optimize a model with 330 rows, 515 columns and 800 nonzeros
Model fingerprint: 0xe75888f3
Model has 375 general constraints
Variable types: 319 continuous, 196 integer (196 binary)
Coefficient statistics:
  Matrix range     [2e-01, 2e+00]
  Objective range  [0e+00, 0e+00]
  Bounds range     [1e+00, 1e+00]
  RHS range        [1e-02, 5e+00]
Presolve removed 158 rows and 224 columns
Presolve time: 0.00s

Explored 0 nodes (0 simplex iterations) in 0.01 seconds
Thread count was 1 (of 128 available processors)

Solution count 0

Model is infeasible
Best objective -, best bound -, gap -
Discarded solution information
Parameter FuncPieces unchanged
   Value: -1  Min: -2  Max: 200000000  Default: 0
Parameter FuncPieceLength unchanged
   Value: 1e-05  Min: 1e-05  Max: 1000000.0  Default: 0.01
Parameter FuncPieceError unchanged
   Value: 1e-06  Min: 1e-06  Max: 1000000.0  Default: 0.001
Parameter IntFeasTol unchanged
   Value: 1e-09  Min: 1e-09  Max: 0.1  Default: 1e-05
Gurobi Optimizer version 9.1.2 build v9.1.2rc0 (linux64)
Thread count: 64 physical cores, 128 logical processors, using up to 32 threads
Optimize a model with 328 rows, 515 columns and 798 nonzeros
Model fingerprint: 0x679d4907
Model has 375 general constraints
Variable types: 319 continuous, 196 integer (196 binary)
Coefficient statistics:
  Matrix range     [2e-01, 2e+00]
  Objective range  [0e+00, 0e+00]
  Bounds range     [1e+00, 1e+00]
  RHS range        [1e-02, 5e+00]
Presolve removed 167 rows and 154 columns
Presolve time: 0.00s

Explored 0 nodes (0 simplex iterations) in 0.00 seconds
Thread count was 1 (of 128 available processors)

Solution count 0

Model is infeasible
Best objective -, best bound -, gap -
Discarded solution information
Parameter FuncPieces unchanged
   Value: -1  Min: -2  Max: 200000000  Default: 0
Parameter FuncPieceLength unchanged
   Value: 1e-05  Min: 1e-05  Max: 1000000.0  Default: 0.01
Parameter FuncPieceError unchanged
   Value: 1e-06  Min: 1e-06  Max: 1000000.0  Default: 0.001
Parameter IntFeasTol unchanged
   Value: 1e-09  Min: 1e-09  Max: 0.1  Default: 1e-05
Gurobi Optimizer version 9.1.2 build v9.1.2rc0 (linux64)
Thread count: 64 physical cores, 128 logical processors, using up to 32 threads
Optimize a model with 329 rows, 515 columns and 799 nonzeros
Model fingerprint: 0x8c665943
Model has 375 general constraints
Variable types: 319 continuous, 196 integer (196 binary)
Coefficient statistics:
  Matrix range     [2e-01, 2e+00]
  Objective range  [0e+00, 0e+00]
  Bounds range     [1e+00, 1e+00]
  RHS range        [1e-02, 5e+00]
Presolve removed 203 rows and 276 columns
Presolve time: 0.01s
Presolved: 126 rows, 239 columns, 647 nonzeros
Presolved model has 50 SOS constraint(s)
Variable types: 199 continuous, 40 integer (36 binary)

Explored 0 nodes (0 simplex iterations) in 0.01 seconds
Thread count was 32 (of 128 available processors)

Solution count 0

Model is infeasible
Best objective -, best bound -, gap -
Discarded solution information
Parameter FuncPieces unchanged
   Value: -1  Min: -2  Max: 200000000  Default: 0
Parameter FuncPieceLength unchanged
   Value: 1e-05  Min: 1e-05  Max: 1000000.0  Default: 0.01
Parameter FuncPieceError unchanged
   Value: 1e-06  Min: 1e-06  Max: 1000000.0  Default: 0.001
Parameter IntFeasTol unchanged
   Value: 1e-09  Min: 1e-09  Max: 0.1  Default: 1e-05
Gurobi Optimizer version 9.1.2 build v9.1.2rc0 (linux64)
Thread count: 64 physical cores, 128 logical processors, using up to 32 threads
Optimize a model with 329 rows, 515 columns and 799 nonzeros
Model fingerprint: 0x76c489e5
Model has 375 general constraints
Variable types: 319 continuous, 196 integer (196 binary)
Coefficient statistics:
  Matrix range     [2e-01, 2e+00]
  Objective range  [0e+00, 0e+00]
  Bounds range     [1e+00, 1e+00]
  RHS range        [1e-02, 5e+00]
Presolve removed 144 rows and 213 columns
Presolve time: 0.00s

Explored 0 nodes (0 simplex iterations) in 0.01 seconds
Thread count was 1 (of 128 available processors)

Solution count 0

Model is infeasible
Best objective -, best bound -, gap -
Discarded solution information
Parameter FuncPieces unchanged
   Value: -1  Min: -2  Max: 200000000  Default: 0
Parameter FuncPieceLength unchanged
   Value: 1e-05  Min: 1e-05  Max: 1000000.0  Default: 0.01
Parameter FuncPieceError unchanged
   Value: 1e-06  Min: 1e-06  Max: 1000000.0  Default: 0.001
Parameter IntFeasTol unchanged
   Value: 1e-09  Min: 1e-09  Max: 0.1  Default: 1e-05
Gurobi Optimizer version 9.1.2 build v9.1.2rc0 (linux64)
Thread count: 64 physical cores, 128 logical processors, using up to 32 threads
Optimize a model with 329 rows, 515 columns and 799 nonzeros
Model fingerprint: 0x1bb8f065
Model has 375 general constraints
Variable types: 319 continuous, 196 integer (196 binary)
Coefficient statistics:
  Matrix range     [2e-01, 2e+00]
  Objective range  [0e+00, 0e+00]
  Bounds range     [1e+00, 1e+00]
  RHS range        [1e-02, 5e+00]
Presolve removed 137 rows and 221 columns
Presolve time: 0.00s

Explored 0 nodes (0 simplex iterations) in 0.01 seconds
Thread count was 1 (of 128 available processors)

Solution count 0

Model is infeasible
Best objective -, best bound -, gap -
Discarded solution information
Parameter FuncPieces unchanged
   Value: -1  Min: -2  Max: 200000000  Default: 0
Parameter FuncPieceLength unchanged
   Value: 1e-05  Min: 1e-05  Max: 1000000.0  Default: 0.01
Parameter FuncPieceError unchanged
   Value: 1e-06  Min: 1e-06  Max: 1000000.0  Default: 0.001
Parameter IntFeasTol unchanged
   Value: 1e-09  Min: 1e-09  Max: 0.1  Default: 1e-05
Gurobi Optimizer version 9.1.2 build v9.1.2rc0 (linux64)
Thread count: 64 physical cores, 128 logical processors, using up to 32 threads
Optimize a model with 329 rows, 515 columns and 799 nonzeros
Model fingerprint: 0x3f76d56a
Model has 375 general constraints
Variable types: 319 continuous, 196 integer (196 binary)
Coefficient statistics:
  Matrix range     [2e-01, 2e+00]
  Objective range  [0e+00, 0e+00]
  Bounds range     [1e+00, 1e+00]
  RHS range        [1e-02, 5e+00]
Presolve removed 263 rows and 339 columns
Presolve time: 0.01s
Presolved: 66 rows, 176 columns, 435 nonzeros
Presolved model has 18 SOS constraint(s)
Variable types: 169 continuous, 7 integer (4 binary)

Root relaxation: objective 0.000000e+00, 58 iterations, 0.00 seconds

    Nodes    |    Current Node    |     Objective Bounds      |     Work
 Expl Unexpl |  Obj  Depth IntInf | Incumbent    BestBd   Gap | It/Node Time

     0     0    0.00000    0    5          -    0.00000      -     -    0s
*    0     0               0       0.0000000    0.00000  0.00%     -    0s

Explored 1 nodes (173 simplex iterations) in 0.01 seconds
Thread count was 32 (of 128 available processors)

Solution count 1: 0 

Optimal solution found (tolerance 1.00e-04)
Warning: max constraint violation (6.9182e-02) exceeds tolerance
Warning: max general constraint violation (6.9182e-02) exceeds tolerance
         (model may be infeasible or unbounded - try turning presolve off)
Best objective 0.000000000000e+00, best bound 0.000000000000e+00, gap 0.0000%
Discarded solution information
Parameter FuncPieces unchanged
   Value: -1  Min: -2  Max: 200000000  Default: 0
Parameter FuncPieceLength unchanged
   Value: 1e-05  Min: 1e-05  Max: 1000000.0  Default: 0.01
Parameter FuncPieceError unchanged
   Value: 1e-06  Min: 1e-06  Max: 1000000.0  Default: 0.001
Parameter IntFeasTol unchanged
   Value: 1e-09  Min: 1e-09  Max: 0.1  Default: 1e-05
Gurobi Optimizer version 9.1.2 build v9.1.2rc0 (linux64)
Thread count: 64 physical cores, 128 logical processors, using up to 32 threads
Optimize a model with 328 rows, 515 columns and 798 nonzeros
Model fingerprint: 0x337bc662
Model has 375 general constraints
Variable types: 319 continuous, 196 integer (196 binary)
Coefficient statistics:
  Matrix range     [2e-01, 2e+00]
  Objective range  [0e+00, 0e+00]
  Bounds range     [1e+00, 1e+00]
  RHS range        [1e-02, 5e+00]
Presolve removed 167 rows and 154 columns
Presolve time: 0.00s

Explored 0 nodes (0 simplex iterations) in 0.00 seconds
Thread count was 1 (of 128 available processors)

Solution count 0

Model is infeasible
Best objective -, best bound -, gap -
Discarded solution information
Parameter FuncPieces unchanged
   Value: -1  Min: -2  Max: 200000000  Default: 0
Parameter FuncPieceLength unchanged
   Value: 1e-05  Min: 1e-05  Max: 1000000.0  Default: 0.01
Parameter FuncPieceError unchanged
   Value: 1e-06  Min: 1e-06  Max: 1000000.0  Default: 0.001
Parameter IntFeasTol unchanged
   Value: 1e-09  Min: 1e-09  Max: 0.1  Default: 1e-05
Gurobi Optimizer version 9.1.2 build v9.1.2rc0 (linux64)
Thread count: 64 physical cores, 128 logical processors, using up to 32 threads
Optimize a model with 329 rows, 515 columns and 799 nonzeros
Model fingerprint: 0x661e3f15
Model has 375 general constraints
Variable types: 319 continuous, 196 integer (196 binary)
Coefficient statistics:
  Matrix range     [2e-01, 2e+00]
  Objective range  [0e+00, 0e+00]
  Bounds range     [1e+00, 1e+00]
  RHS range        [1e-02, 5e+00]
Presolve removed 207 rows and 278 columns
Presolve time: 0.01s
Presolved: 122 rows, 237 columns, 634 nonzeros
Presolved model has 50 SOS constraint(s)
Variable types: 199 continuous, 38 integer (34 binary)

Explored 0 nodes (0 simplex iterations) in 0.01 seconds
Thread count was 32 (of 128 available processors)

Solution count 0

Model is infeasible
Best objective -, best bound -, gap -
Discarded solution information
Parameter FuncPieces unchanged
   Value: -1  Min: -2  Max: 200000000  Default: 0
Parameter FuncPieceLength unchanged
   Value: 1e-05  Min: 1e-05  Max: 1000000.0  Default: 0.01
Parameter FuncPieceError unchanged
   Value: 1e-06  Min: 1e-06  Max: 1000000.0  Default: 0.001
Parameter IntFeasTol unchanged
   Value: 1e-09  Min: 1e-09  Max: 0.1  Default: 1e-05
Gurobi Optimizer version 9.1.2 build v9.1.2rc0 (linux64)
Thread count: 64 physical cores, 128 logical processors, using up to 32 threads
Optimize a model with 329 rows, 515 columns and 799 nonzeros
Model fingerprint: 0x9c49799e
Model has 375 general constraints
Variable types: 319 continuous, 196 integer (196 binary)
Coefficient statistics:
  Matrix range     [2e-01, 2e+00]
  Objective range  [0e+00, 0e+00]
  Bounds range     [1e+00, 1e+00]
  RHS range        [1e-02, 5e+00]
Presolve removed 213 rows and 288 columns
Presolve time: 0.01s
Presolved: 116 rows, 227 columns, 627 nonzeros
Presolved model has 49 SOS constraint(s)
Variable types: 190 continuous, 37 integer (34 binary)

Explored 0 nodes (0 simplex iterations) in 0.01 seconds
Thread count was 32 (of 128 available processors)

Solution count 0

Model is infeasible
Best objective -, best bound -, gap -
Discarded solution information
Parameter FuncPieces unchanged
   Value: -1  Min: -2  Max: 200000000  Default: 0
Parameter FuncPieceLength unchanged
   Value: 1e-05  Min: 1e-05  Max: 1000000.0  Default: 0.01
Parameter FuncPieceError unchanged
   Value: 1e-06  Min: 1e-06  Max: 1000000.0  Default: 0.001
Parameter IntFeasTol unchanged
   Value: 1e-09  Min: 1e-09  Max: 0.1  Default: 1e-05
Gurobi Optimizer version 9.1.2 build v9.1.2rc0 (linux64)
Thread count: 64 physical cores, 128 logical processors, using up to 32 threads
Optimize a model with 329 rows, 515 columns and 799 nonzeros
Model fingerprint: 0x702c2f29
Model has 375 general constraints
Variable types: 319 continuous, 196 integer (196 binary)
Coefficient statistics:
  Matrix range     [2e-01, 2e+00]
  Objective range  [0e+00, 0e+00]
  Bounds range     [1e+00, 1e+00]
  RHS range        [1e-02, 5e+00]
Presolve removed 137 rows and 221 columns
Presolve time: 0.00s

Explored 0 nodes (0 simplex iterations) in 0.01 seconds
Thread count was 1 (of 128 available processors)

Solution count 0

Model is infeasible
Best objective -, best bound -, gap -
Discarded solution information
Parameter FuncPieces unchanged
   Value: -1  Min: -2  Max: 200000000  Default: 0
Parameter FuncPieceLength unchanged
   Value: 1e-05  Min: 1e-05  Max: 1000000.0  Default: 0.01
Parameter FuncPieceError unchanged
   Value: 1e-06  Min: 1e-06  Max: 1000000.0  Default: 0.001
Parameter IntFeasTol unchanged
   Value: 1e-09  Min: 1e-09  Max: 0.1  Default: 1e-05
Gurobi Optimizer version 9.1.2 build v9.1.2rc0 (linux64)
Thread count: 64 physical cores, 128 logical processors, using up to 32 threads
Optimize a model with 329 rows, 515 columns and 799 nonzeros
Model fingerprint: 0x4be01e81
Model has 375 general constraints
Variable types: 319 continuous, 196 integer (196 binary)
Coefficient statistics:
  Matrix range     [2e-01, 2e+00]
  Objective range  [0e+00, 0e+00]
  Bounds range     [1e+00, 1e+00]
  RHS range        [1e-02, 5e+00]
Presolve removed 157 rows and 224 columns
Presolve time: 0.00s

Explored 0 nodes (0 simplex iterations) in 0.01 seconds
Thread count was 1 (of 128 available processors)

Solution count 0

Model is infeasible
Best objective -, best bound -, gap -
Discarded solution information
Parameter FuncPieces unchanged
   Value: -1  Min: -2  Max: 200000000  Default: 0
Parameter FuncPieceLength unchanged
   Value: 1e-05  Min: 1e-05  Max: 1000000.0  Default: 0.01
Parameter FuncPieceError unchanged
   Value: 1e-06  Min: 1e-06  Max: 1000000.0  Default: 0.001
Parameter IntFeasTol unchanged
   Value: 1e-09  Min: 1e-09  Max: 0.1  Default: 1e-05
Gurobi Optimizer version 9.1.2 build v9.1.2rc0 (linux64)
Thread count: 64 physical cores, 128 logical processors, using up to 32 threads
Optimize a model with 327 rows, 515 columns and 797 nonzeros
Model fingerprint: 0x89956079
Model has 375 general constraints
Variable types: 319 continuous, 196 integer (196 binary)
Coefficient statistics:
  Matrix range     [2e-01, 2e+00]
  Objective range  [0e+00, 0e+00]
  Bounds range     [1e+00, 1e+00]
  RHS range        [1e-02, 5e+00]
Presolve removed 166 rows and 154 columns
Presolve time: 0.00s

Explored 0 nodes (0 simplex iterations) in 0.00 seconds
Thread count was 1 (of 128 available processors)

Solution count 0

Model is infeasible
Best objective -, best bound -, gap -
Discarded solution information
Parameter FuncPieces unchanged
   Value: -1  Min: -2  Max: 200000000  Default: 0
Parameter FuncPieceLength unchanged
   Value: 1e-05  Min: 1e-05  Max: 1000000.0  Default: 0.01
Parameter FuncPieceError unchanged
   Value: 1e-06  Min: 1e-06  Max: 1000000.0  Default: 0.001
Parameter IntFeasTol unchanged
   Value: 1e-09  Min: 1e-09  Max: 0.1  Default: 1e-05
Gurobi Optimizer version 9.1.2 build v9.1.2rc0 (linux64)
Thread count: 64 physical cores, 128 logical processors, using up to 32 threads
Optimize a model with 328 rows, 515 columns and 798 nonzeros
Model fingerprint: 0x004d5da9
Model has 375 general constraints
Variable types: 319 continuous, 196 integer (196 binary)
Coefficient statistics:
  Matrix range     [2e-01, 2e+00]
  Objective range  [0e+00, 0e+00]
  Bounds range     [1e+00, 1e+00]
  RHS range        [1e-02, 5e+00]
Presolve removed 206 rows and 278 columns
Presolve time: 0.01s
Presolved: 122 rows, 237 columns, 634 nonzeros
Presolved model has 50 SOS constraint(s)
Variable types: 199 continuous, 38 integer (34 binary)

Explored 0 nodes (0 simplex iterations) in 0.01 seconds
Thread count was 32 (of 128 available processors)

Solution count 0

Model is infeasible
Best objective -, best bound -, gap -
Discarded solution information
Parameter FuncPieces unchanged
   Value: -1  Min: -2  Max: 200000000  Default: 0
Parameter FuncPieceLength unchanged
   Value: 1e-05  Min: 1e-05  Max: 1000000.0  Default: 0.01
Parameter FuncPieceError unchanged
   Value: 1e-06  Min: 1e-06  Max: 1000000.0  Default: 0.001
Parameter IntFeasTol unchanged
   Value: 1e-09  Min: 1e-09  Max: 0.1  Default: 1e-05
Gurobi Optimizer version 9.1.2 build v9.1.2rc0 (linux64)
Thread count: 64 physical cores, 128 logical processors, using up to 32 threads
Optimize a model with 328 rows, 515 columns and 798 nonzeros
Model fingerprint: 0x0400cfc8
Model has 375 general constraints
Variable types: 319 continuous, 196 integer (196 binary)
Coefficient statistics:
  Matrix range     [2e-01, 2e+00]
  Objective range  [0e+00, 0e+00]
  Bounds range     [1e+00, 1e+00]
  RHS range        [1e-02, 5e+00]
Presolve removed 212 rows and 288 columns
Presolve time: 0.01s
Presolved: 116 rows, 227 columns, 627 nonzeros
Presolved model has 49 SOS constraint(s)
Variable types: 190 continuous, 37 integer (34 binary)

Explored 0 nodes (0 simplex iterations) in 0.01 seconds
Thread count was 32 (of 128 available processors)

Solution count 0

Model is infeasible
Best objective -, best bound -, gap -
Discarded solution information
Parameter FuncPieces unchanged
   Value: -1  Min: -2  Max: 200000000  Default: 0
Parameter FuncPieceLength unchanged
   Value: 1e-05  Min: 1e-05  Max: 1000000.0  Default: 0.01
Parameter FuncPieceError unchanged
   Value: 1e-06  Min: 1e-06  Max: 1000000.0  Default: 0.001
Parameter IntFeasTol unchanged
   Value: 1e-09  Min: 1e-09  Max: 0.1  Default: 1e-05
Gurobi Optimizer version 9.1.2 build v9.1.2rc0 (linux64)
Thread count: 64 physical cores, 128 logical processors, using up to 32 threads
Optimize a model with 326 rows, 515 columns and 796 nonzeros
Model fingerprint: 0xb856c979
Model has 375 general constraints
Variable types: 319 continuous, 196 integer (196 binary)
Coefficient statistics:
  Matrix range     [2e-01, 2e+00]
  Objective range  [0e+00, 0e+00]
  Bounds range     [1e+00, 1e+00]
  RHS range        [1e-02, 5e+00]
Presolve removed 165 rows and 154 columns
Presolve time: 0.00s

Explored 0 nodes (0 simplex iterations) in 0.00 seconds
Thread count was 1 (of 128 available processors)

Solution count 0

Model is infeasible
Best objective -, best bound -, gap -
Discarded solution information
Parameter FuncPieces unchanged
   Value: -1  Min: -2  Max: 200000000  Default: 0
Parameter FuncPieceLength unchanged
   Value: 1e-05  Min: 1e-05  Max: 1000000.0  Default: 0.01
Parameter FuncPieceError unchanged
   Value: 1e-06  Min: 1e-06  Max: 1000000.0  Default: 0.001
Parameter IntFeasTol unchanged
   Value: 1e-09  Min: 1e-09  Max: 0.1  Default: 1e-05
Gurobi Optimizer version 9.1.2 build v9.1.2rc0 (linux64)
Thread count: 64 physical cores, 128 logical processors, using up to 32 threads
Optimize a model with 325 rows, 515 columns and 795 nonzeros
Model fingerprint: 0xf20e4c6f
Model has 375 general constraints
Variable types: 319 continuous, 196 integer (196 binary)
Coefficient statistics:
  Matrix range     [2e-01, 2e+00]
  Objective range  [0e+00, 0e+00]
  Bounds range     [1e+00, 1e+00]
  RHS range        [1e-02, 5e+00]
Presolve removed 164 rows and 154 columns
Presolve time: 0.00s

Explored 0 nodes (0 simplex iterations) in 0.00 seconds
Thread count was 1 (of 128 available processors)

Solution count 0

Model is infeasible
Best objective -, best bound -, gap -
Discarded solution information
Parameter FuncPieces unchanged
   Value: -1  Min: -2  Max: 200000000  Default: 0
Parameter FuncPieceLength unchanged
   Value: 1e-05  Min: 1e-05  Max: 1000000.0  Default: 0.01
Parameter FuncPieceError unchanged
   Value: 1e-06  Min: 1e-06  Max: 1000000.0  Default: 0.001
Parameter IntFeasTol unchanged
   Value: 1e-09  Min: 1e-09  Max: 0.1  Default: 1e-05
Gurobi Optimizer version 9.1.2 build v9.1.2rc0 (linux64)
Thread count: 64 physical cores, 128 logical processors, using up to 32 threads
Optimize a model with 327 rows, 515 columns and 797 nonzeros
Model fingerprint: 0x6c36eb23
Model has 375 general constraints
Variable types: 319 continuous, 196 integer (196 binary)
Coefficient statistics:
  Matrix range     [2e-01, 2e+00]
  Objective range  [0e+00, 0e+00]
  Bounds range     [1e+00, 1e+00]
  RHS range        [1e-02, 5e+00]
Presolve removed 205 rows and 278 columns
Presolve time: 0.01s
Presolved: 122 rows, 237 columns, 634 nonzeros
Presolved model has 50 SOS constraint(s)
Variable types: 199 continuous, 38 integer (34 binary)

Explored 0 nodes (0 simplex iterations) in 0.01 seconds
Thread count was 32 (of 128 available processors)

Solution count 0

Model is infeasible
Best objective -, best bound -, gap -
Discarded solution information
Parameter FuncPieces unchanged
   Value: -1  Min: -2  Max: 200000000  Default: 0
Parameter FuncPieceLength unchanged
   Value: 1e-05  Min: 1e-05  Max: 1000000.0  Default: 0.01
Parameter FuncPieceError unchanged
   Value: 1e-06  Min: 1e-06  Max: 1000000.0  Default: 0.001
Parameter IntFeasTol unchanged
   Value: 1e-09  Min: 1e-09  Max: 0.1  Default: 1e-05
Gurobi Optimizer version 9.1.2 build v9.1.2rc0 (linux64)
Thread count: 64 physical cores, 128 logical processors, using up to 32 threads
Optimize a model with 327 rows, 515 columns and 797 nonzeros
Model fingerprint: 0xbb0d0d3f
Model has 375 general constraints
Variable types: 319 continuous, 196 integer (196 binary)
Coefficient statistics:
  Matrix range     [2e-01, 2e+00]
  Objective range  [0e+00, 0e+00]
  Bounds range     [1e+00, 1e+00]
  RHS range        [1e-02, 5e+00]
Presolve removed 211 rows and 288 columns
Presolve time: 0.01s
Presolved: 116 rows, 227 columns, 627 nonzeros
Presolved model has 49 SOS constraint(s)
Variable types: 190 continuous, 37 integer (34 binary)

Explored 0 nodes (0 simplex iterations) in 0.01 seconds
Thread count was 32 (of 128 available processors)

Solution count 0

Model is infeasible
Best objective -, best bound -, gap -
Discarded solution information
Parameter FuncPieces unchanged
   Value: -1  Min: -2  Max: 200000000  Default: 0
Parameter FuncPieceLength unchanged
   Value: 1e-05  Min: 1e-05  Max: 1000000.0  Default: 0.01
Parameter FuncPieceError unchanged
   Value: 1e-06  Min: 1e-06  Max: 1000000.0  Default: 0.001
Parameter IntFeasTol unchanged
   Value: 1e-09  Min: 1e-09  Max: 0.1  Default: 1e-05
Gurobi Optimizer version 9.1.2 build v9.1.2rc0 (linux64)
Thread count: 64 physical cores, 128 logical processors, using up to 32 threads
Optimize a model with 328 rows, 515 columns and 798 nonzeros
Model fingerprint: 0xd332983d
Model has 375 general constraints
Variable types: 319 continuous, 196 integer (196 binary)
Coefficient statistics:
  Matrix range     [2e-01, 2e+00]
  Objective range  [0e+00, 0e+00]
  Bounds range     [1e+00, 1e+00]
  RHS range        [1e-02, 5e+00]
Presolve removed 136 rows and 221 columns
Presolve time: 0.00s

Explored 0 nodes (0 simplex iterations) in 0.01 seconds
Thread count was 1 (of 128 available processors)

Solution count 0

Model is infeasible
Best objective -, best bound -, gap -
Discarded solution information
Parameter FuncPieces unchanged
   Value: -1  Min: -2  Max: 200000000  Default: 0
Parameter FuncPieceLength unchanged
   Value: 1e-05  Min: 1e-05  Max: 1000000.0  Default: 0.01
Parameter FuncPieceError unchanged
   Value: 1e-06  Min: 1e-06  Max: 1000000.0  Default: 0.001
Parameter IntFeasTol unchanged
   Value: 1e-09  Min: 1e-09  Max: 0.1  Default: 1e-05
Gurobi Optimizer version 9.1.2 build v9.1.2rc0 (linux64)
Thread count: 64 physical cores, 128 logical processors, using up to 32 threads
Optimize a model with 328 rows, 515 columns and 798 nonzeros
Model fingerprint: 0x83e298ce
Model has 375 general constraints
Variable types: 319 continuous, 196 integer (196 binary)
Coefficient statistics:
  Matrix range     [2e-01, 2e+00]
  Objective range  [0e+00, 0e+00]
  Bounds range     [1e+00, 1e+00]
  RHS range        [1e-02, 5e+00]
Presolve removed 156 rows and 224 columns
Presolve time: 0.00s

Explored 0 nodes (0 simplex iterations) in 0.01 seconds
Thread count was 1 (of 128 available processors)

Solution count 0

Model is infeasible
Best objective -, best bound -, gap -
Discarded solution information
Parameter FuncPieces unchanged
   Value: -1  Min: -2  Max: 200000000  Default: 0
Parameter FuncPieceLength unchanged
   Value: 1e-05  Min: 1e-05  Max: 1000000.0  Default: 0.01
Parameter FuncPieceError unchanged
   Value: 1e-06  Min: 1e-06  Max: 1000000.0  Default: 0.001
Parameter IntFeasTol unchanged
   Value: 1e-09  Min: 1e-09  Max: 0.1  Default: 1e-05
Gurobi Optimizer version 9.1.2 build v9.1.2rc0 (linux64)
Thread count: 64 physical cores, 128 logical processors, using up to 32 threads
Optimize a model with 330 rows, 515 columns and 800 nonzeros
Model fingerprint: 0x0acfff5c
Model has 375 general constraints
Variable types: 319 continuous, 196 integer (196 binary)
Coefficient statistics:
  Matrix range     [2e-01, 2e+00]
  Objective range  [0e+00, 0e+00]
  Bounds range     [1e+00, 1e+00]
  RHS range        [1e-02, 5e+00]
Presolve removed 131 rows and 213 columns
Presolve time: 0.00s

Explored 0 nodes (0 simplex iterations) in 0.01 seconds
Thread count was 1 (of 128 available processors)

Solution count 0

Model is infeasible
Best objective -, best bound -, gap -
Discarded solution information
Parameter FuncPieces unchanged
   Value: -1  Min: -2  Max: 200000000  Default: 0
Parameter FuncPieceLength unchanged
   Value: 1e-05  Min: 1e-05  Max: 1000000.0  Default: 0.01
Parameter FuncPieceError unchanged
   Value: 1e-06  Min: 1e-06  Max: 1000000.0  Default: 0.001
Parameter IntFeasTol unchanged
   Value: 1e-09  Min: 1e-09  Max: 0.1  Default: 1e-05
Gurobi Optimizer version 9.1.2 build v9.1.2rc0 (linux64)
Thread count: 64 physical cores, 128 logical processors, using up to 32 threads
Optimize a model with 324 rows, 515 columns and 794 nonzeros
Model fingerprint: 0x4497be7c
Model has 375 general constraints
Variable types: 319 continuous, 196 integer (196 binary)
Coefficient statistics:
  Matrix range     [2e-01, 2e+00]
  Objective range  [0e+00, 0e+00]
  Bounds range     [1e+00, 1e+00]
  RHS range        [1e-02, 5e+00]
Presolve removed 163 rows and 154 columns
Presolve time: 0.00s

Explored 0 nodes (0 simplex iterations) in 0.00 seconds
Thread count was 1 (of 128 available processors)

Solution count 0

Model is infeasible
Best objective -, best bound -, gap -
Discarded solution information
Parameter FuncPieces unchanged
   Value: -1  Min: -2  Max: 200000000  Default: 0
Parameter FuncPieceLength unchanged
   Value: 1e-05  Min: 1e-05  Max: 1000000.0  Default: 0.01
Parameter FuncPieceError unchanged
   Value: 1e-06  Min: 1e-06  Max: 1000000.0  Default: 0.001
Parameter IntFeasTol unchanged
   Value: 1e-09  Min: 1e-09  Max: 0.1  Default: 1e-05
Gurobi Optimizer version 9.1.2 build v9.1.2rc0 (linux64)
Thread count: 64 physical cores, 128 logical processors, using up to 32 threads
Optimize a model with 326 rows, 515 columns and 796 nonzeros
Model fingerprint: 0x981e06f5
Model has 375 general constraints
Variable types: 319 continuous, 196 integer (196 binary)
Coefficient statistics:
  Matrix range     [2e-01, 2e+00]
  Objective range  [0e+00, 0e+00]
  Bounds range     [1e+00, 1e+00]
  RHS range        [1e-02, 5e+00]
Presolve removed 204 rows and 278 columns
Presolve time: 0.01s
Presolved: 122 rows, 237 columns, 634 nonzeros
Presolved model has 50 SOS constraint(s)
Variable types: 199 continuous, 38 integer (34 binary)

Explored 0 nodes (0 simplex iterations) in 0.01 seconds
Thread count was 32 (of 128 available processors)

Solution count 0

Model is infeasible
Best objective -, best bound -, gap -
Discarded solution information
Parameter FuncPieces unchanged
   Value: -1  Min: -2  Max: 200000000  Default: 0
Parameter FuncPieceLength unchanged
   Value: 1e-05  Min: 1e-05  Max: 1000000.0  Default: 0.01
Parameter FuncPieceError unchanged
   Value: 1e-06  Min: 1e-06  Max: 1000000.0  Default: 0.001
Parameter IntFeasTol unchanged
   Value: 1e-09  Min: 1e-09  Max: 0.1  Default: 1e-05
Gurobi Optimizer version 9.1.2 build v9.1.2rc0 (linux64)
Thread count: 64 physical cores, 128 logical processors, using up to 32 threads
Optimize a model with 326 rows, 515 columns and 796 nonzeros
Model fingerprint: 0x6a445d5b
Model has 375 general constraints
Variable types: 319 continuous, 196 integer (196 binary)
Coefficient statistics:
  Matrix range     [2e-01, 2e+00]
  Objective range  [0e+00, 0e+00]
  Bounds range     [1e+00, 1e+00]
  RHS range        [1e-02, 5e+00]
Presolve removed 210 rows and 288 columns
Presolve time: 0.01s
Presolved: 116 rows, 227 columns, 627 nonzeros
Presolved model has 49 SOS constraint(s)
Variable types: 190 continuous, 37 integer (34 binary)

Explored 0 nodes (0 simplex iterations) in 0.01 seconds
Thread count was 32 (of 128 available processors)

Solution count 0

Model is infeasible
Best objective -, best bound -, gap -
Discarded solution information
Parameter FuncPieces unchanged
   Value: -1  Min: -2  Max: 200000000  Default: 0
Parameter FuncPieceLength unchanged
   Value: 1e-05  Min: 1e-05  Max: 1000000.0  Default: 0.01
Parameter FuncPieceError unchanged
   Value: 1e-06  Min: 1e-06  Max: 1000000.0  Default: 0.001
Parameter IntFeasTol unchanged
   Value: 1e-09  Min: 1e-09  Max: 0.1  Default: 1e-05
Gurobi Optimizer version 9.1.2 build v9.1.2rc0 (linux64)
Thread count: 64 physical cores, 128 logical processors, using up to 32 threads
Optimize a model with 327 rows, 515 columns and 797 nonzeros
Model fingerprint: 0xb5cf2c2e
Model has 375 general constraints
Variable types: 319 continuous, 196 integer (196 binary)
Coefficient statistics:
  Matrix range     [2e-01, 2e+00]
  Objective range  [0e+00, 0e+00]
  Bounds range     [1e+00, 1e+00]
  RHS range        [1e-02, 5e+00]
Presolve removed 135 rows and 221 columns
Presolve time: 0.00s

Explored 0 nodes (0 simplex iterations) in 0.01 seconds
Thread count was 1 (of 128 available processors)

Solution count 0

Model is infeasible
Best objective -, best bound -, gap -
Discarded solution information
Parameter FuncPieces unchanged
   Value: -1  Min: -2  Max: 200000000  Default: 0
Parameter FuncPieceLength unchanged
   Value: 1e-05  Min: 1e-05  Max: 1000000.0  Default: 0.01
Parameter FuncPieceError unchanged
   Value: 1e-06  Min: 1e-06  Max: 1000000.0  Default: 0.001
Parameter IntFeasTol unchanged
   Value: 1e-09  Min: 1e-09  Max: 0.1  Default: 1e-05
Gurobi Optimizer version 9.1.2 build v9.1.2rc0 (linux64)
Thread count: 64 physical cores, 128 logical processors, using up to 32 threads
Optimize a model with 327 rows, 515 columns and 797 nonzeros
Model fingerprint: 0x3b9fc48d
Model has 375 general constraints
Variable types: 319 continuous, 196 integer (196 binary)
Coefficient statistics:
  Matrix range     [2e-01, 2e+00]
  Objective range  [0e+00, 0e+00]
  Bounds range     [1e+00, 1e+00]
  RHS range        [1e-02, 5e+00]
Presolve removed 155 rows and 224 columns
Presolve time: 0.00s

Explored 0 nodes (0 simplex iterations) in 0.01 seconds
Thread count was 1 (of 128 available processors)

Solution count 0

Model is infeasible
Best objective -, best bound -, gap -
Discarded solution information
Parameter FuncPieces unchanged
   Value: -1  Min: -2  Max: 200000000  Default: 0
Parameter FuncPieceLength unchanged
   Value: 1e-05  Min: 1e-05  Max: 1000000.0  Default: 0.01
Parameter FuncPieceError unchanged
   Value: 1e-06  Min: 1e-06  Max: 1000000.0  Default: 0.001
Parameter IntFeasTol unchanged
   Value: 1e-09  Min: 1e-09  Max: 0.1  Default: 1e-05
Gurobi Optimizer version 9.1.2 build v9.1.2rc0 (linux64)
Thread count: 64 physical cores, 128 logical processors, using up to 32 threads
Optimize a model with 329 rows, 515 columns and 799 nonzeros
Model fingerprint: 0x04b6704f
Model has 375 general constraints
Variable types: 319 continuous, 196 integer (196 binary)
Coefficient statistics:
  Matrix range     [2e-01, 2e+00]
  Objective range  [0e+00, 0e+00]
  Bounds range     [1e+00, 1e+00]
  RHS range        [1e-02, 5e+00]
Presolve removed 130 rows and 213 columns
Presolve time: 0.00s

Explored 0 nodes (0 simplex iterations) in 0.01 seconds
Thread count was 1 (of 128 available processors)

Solution count 0

Model is infeasible
Best objective -, best bound -, gap -
Discarded solution information
Parameter FuncPieces unchanged
   Value: -1  Min: -2  Max: 200000000  Default: 0
Parameter FuncPieceLength unchanged
   Value: 1e-05  Min: 1e-05  Max: 1000000.0  Default: 0.01
Parameter FuncPieceError unchanged
   Value: 1e-06  Min: 1e-06  Max: 1000000.0  Default: 0.001
Parameter IntFeasTol unchanged
   Value: 1e-09  Min: 1e-09  Max: 0.1  Default: 1e-05
Gurobi Optimizer version 9.1.2 build v9.1.2rc0 (linux64)
Thread count: 64 physical cores, 128 logical processors, using up to 32 threads
Optimize a model with 323 rows, 515 columns and 793 nonzeros
Model fingerprint: 0x40f884e3
Model has 375 general constraints
Variable types: 319 continuous, 196 integer (196 binary)
Coefficient statistics:
  Matrix range     [2e-01, 2e+00]
  Objective range  [0e+00, 0e+00]
  Bounds range     [1e+00, 1e+00]
  RHS range        [1e-02, 5e+00]
Presolve removed 162 rows and 154 columns
Presolve time: 0.00s

Explored 0 nodes (0 simplex iterations) in 0.00 seconds
Thread count was 1 (of 128 available processors)

Solution count 0

Model is infeasible
Best objective -, best bound -, gap -
Discarded solution information
Parameter FuncPieces unchanged
   Value: -1  Min: -2  Max: 200000000  Default: 0
Parameter FuncPieceLength unchanged
   Value: 1e-05  Min: 1e-05  Max: 1000000.0  Default: 0.01
Parameter FuncPieceError unchanged
   Value: 1e-06  Min: 1e-06  Max: 1000000.0  Default: 0.001
Parameter IntFeasTol unchanged
   Value: 1e-09  Min: 1e-09  Max: 0.1  Default: 1e-05
Gurobi Optimizer version 9.1.2 build v9.1.2rc0 (linux64)
Thread count: 64 physical cores, 128 logical processors, using up to 32 threads
Optimize a model with 325 rows, 515 columns and 795 nonzeros
Model fingerprint: 0x981dc343
Model has 375 general constraints
Variable types: 319 continuous, 196 integer (196 binary)
Coefficient statistics:
  Matrix range     [2e-01, 2e+00]
  Objective range  [0e+00, 0e+00]
  Bounds range     [1e+00, 1e+00]
  RHS range        [1e-02, 5e+00]
Presolve removed 203 rows and 278 columns
Presolve time: 0.01s
Presolved: 122 rows, 237 columns, 634 nonzeros
Presolved model has 50 SOS constraint(s)
Variable types: 199 continuous, 38 integer (34 binary)

Explored 0 nodes (0 simplex iterations) in 0.01 seconds
Thread count was 32 (of 128 available processors)

Solution count 0

Model is infeasible
Best objective -, best bound -, gap -
Discarded solution information
Parameter FuncPieces unchanged
   Value: -1  Min: -2  Max: 200000000  Default: 0
Parameter FuncPieceLength unchanged
   Value: 1e-05  Min: 1e-05  Max: 1000000.0  Default: 0.01
Parameter FuncPieceError unchanged
   Value: 1e-06  Min: 1e-06  Max: 1000000.0  Default: 0.001
Parameter IntFeasTol unchanged
   Value: 1e-09  Min: 1e-09  Max: 0.1  Default: 1e-05
Gurobi Optimizer version 9.1.2 build v9.1.2rc0 (linux64)
Thread count: 64 physical cores, 128 logical processors, using up to 32 threads
Optimize a model with 325 rows, 515 columns and 795 nonzeros
Model fingerprint: 0xd76ea766
Model has 375 general constraints
Variable types: 319 continuous, 196 integer (196 binary)
Coefficient statistics:
  Matrix range     [2e-01, 2e+00]
  Objective range  [0e+00, 0e+00]
  Bounds range     [1e+00, 1e+00]
  RHS range        [1e-02, 5e+00]
Presolve removed 209 rows and 288 columns
Presolve time: 0.01s
Presolved: 116 rows, 227 columns, 627 nonzeros
Presolved model has 49 SOS constraint(s)
Variable types: 190 continuous, 37 integer (34 binary)

Explored 0 nodes (0 simplex iterations) in 0.01 seconds
Thread count was 32 (of 128 available processors)

Solution count 0

Model is infeasible
Best objective -, best bound -, gap -
Discarded solution information
Parameter FuncPieces unchanged
   Value: -1  Min: -2  Max: 200000000  Default: 0
Parameter FuncPieceLength unchanged
   Value: 1e-05  Min: 1e-05  Max: 1000000.0  Default: 0.01
Parameter FuncPieceError unchanged
   Value: 1e-06  Min: 1e-06  Max: 1000000.0  Default: 0.001
Parameter IntFeasTol unchanged
   Value: 1e-09  Min: 1e-09  Max: 0.1  Default: 1e-05
Gurobi Optimizer version 9.1.2 build v9.1.2rc0 (linux64)
Thread count: 64 physical cores, 128 logical processors, using up to 32 threads
Optimize a model with 326 rows, 515 columns and 796 nonzeros
Model fingerprint: 0x44add9d5
Model has 375 general constraints
Variable types: 319 continuous, 196 integer (196 binary)
Coefficient statistics:
  Matrix range     [2e-01, 2e+00]
  Objective range  [0e+00, 0e+00]
  Bounds range     [1e+00, 1e+00]
  RHS range        [1e-02, 5e+00]
Presolve removed 134 rows and 221 columns
Presolve time: 0.00s

Explored 0 nodes (0 simplex iterations) in 0.01 seconds
Thread count was 1 (of 128 available processors)

Solution count 0

Model is infeasible
Best objective -, best bound -, gap -
Discarded solution information
Parameter FuncPieces unchanged
   Value: -1  Min: -2  Max: 200000000  Default: 0
Parameter FuncPieceLength unchanged
   Value: 1e-05  Min: 1e-05  Max: 1000000.0  Default: 0.01
Parameter FuncPieceError unchanged
   Value: 1e-06  Min: 1e-06  Max: 1000000.0  Default: 0.001
Parameter IntFeasTol unchanged
   Value: 1e-09  Min: 1e-09  Max: 0.1  Default: 1e-05
Gurobi Optimizer version 9.1.2 build v9.1.2rc0 (linux64)
Thread count: 64 physical cores, 128 logical processors, using up to 32 threads
Optimize a model with 326 rows, 515 columns and 796 nonzeros
Model fingerprint: 0xa1cdafa6
Model has 375 general constraints
Variable types: 319 continuous, 196 integer (196 binary)
Coefficient statistics:
  Matrix range     [2e-01, 2e+00]
  Objective range  [0e+00, 0e+00]
  Bounds range     [1e+00, 1e+00]
  RHS range        [1e-02, 5e+00]
Presolve removed 154 rows and 224 columns
Presolve time: 0.00s

Explored 0 nodes (0 simplex iterations) in 0.01 seconds
Thread count was 1 (of 128 available processors)

Solution count 0

Model is infeasible
Best objective -, best bound -, gap -
Discarded solution information
Parameter FuncPieces unchanged
   Value: -1  Min: -2  Max: 200000000  Default: 0
Parameter FuncPieceLength unchanged
   Value: 1e-05  Min: 1e-05  Max: 1000000.0  Default: 0.01
Parameter FuncPieceError unchanged
   Value: 1e-06  Min: 1e-06  Max: 1000000.0  Default: 0.001
Parameter IntFeasTol unchanged
   Value: 1e-09  Min: 1e-09  Max: 0.1  Default: 1e-05
Gurobi Optimizer version 9.1.2 build v9.1.2rc0 (linux64)
Thread count: 64 physical cores, 128 logical processors, using up to 32 threads
Optimize a model with 328 rows, 515 columns and 798 nonzeros
Model fingerprint: 0x28f605b1
Model has 375 general constraints
Variable types: 319 continuous, 196 integer (196 binary)
Coefficient statistics:
  Matrix range     [2e-01, 2e+00]
  Objective range  [0e+00, 0e+00]
  Bounds range     [1e+00, 1e+00]
  RHS range        [1e-02, 5e+00]
Presolve removed 129 rows and 213 columns
Presolve time: 0.00s

Explored 0 nodes (0 simplex iterations) in 0.01 seconds
Thread count was 1 (of 128 available processors)

Solution count 0

Model is infeasible
Best objective -, best bound -, gap -
Discarded solution information
Parameter FuncPieces unchanged
   Value: -1  Min: -2  Max: 200000000  Default: 0
Parameter FuncPieceLength unchanged
   Value: 1e-05  Min: 1e-05  Max: 1000000.0  Default: 0.01
Parameter FuncPieceError unchanged
   Value: 1e-06  Min: 1e-06  Max: 1000000.0  Default: 0.001
Parameter IntFeasTol unchanged
   Value: 1e-09  Min: 1e-09  Max: 0.1  Default: 1e-05
Gurobi Optimizer version 9.1.2 build v9.1.2rc0 (linux64)
Thread count: 64 physical cores, 128 logical processors, using up to 32 threads
Optimize a model with 322 rows, 515 columns and 792 nonzeros
Model fingerprint: 0xa1a486c7
Model has 375 general constraints
Variable types: 319 continuous, 196 integer (196 binary)
Coefficient statistics:
  Matrix range     [2e-01, 2e+00]
  Objective range  [0e+00, 0e+00]
  Bounds range     [1e+00, 1e+00]
  RHS range        [1e-02, 5e+00]
Presolve removed 161 rows and 154 columns
Presolve time: 0.00s

Explored 0 nodes (0 simplex iterations) in 0.00 seconds
Thread count was 1 (of 128 available processors)

Solution count 0

Model is infeasible
Best objective -, best bound -, gap -
Discarded solution information
Parameter FuncPieces unchanged
   Value: -1  Min: -2  Max: 200000000  Default: 0
Parameter FuncPieceLength unchanged
   Value: 1e-05  Min: 1e-05  Max: 1000000.0  Default: 0.01
Parameter FuncPieceError unchanged
   Value: 1e-06  Min: 1e-06  Max: 1000000.0  Default: 0.001
Parameter IntFeasTol unchanged
   Value: 1e-09  Min: 1e-09  Max: 0.1  Default: 1e-05
Gurobi Optimizer version 9.1.2 build v9.1.2rc0 (linux64)
Thread count: 64 physical cores, 128 logical processors, using up to 32 threads
Optimize a model with 324 rows, 515 columns and 794 nonzeros
Model fingerprint: 0x7e26630f
Model has 375 general constraints
Variable types: 319 continuous, 196 integer (196 binary)
Coefficient statistics:
  Matrix range     [2e-01, 2e+00]
  Objective range  [0e+00, 0e+00]
  Bounds range     [1e+00, 1e+00]
  RHS range        [1e-02, 5e+00]
Presolve removed 202 rows and 278 columns
Presolve time: 0.01s
Presolved: 122 rows, 237 columns, 634 nonzeros
Presolved model has 50 SOS constraint(s)
Variable types: 199 continuous, 38 integer (34 binary)

Explored 0 nodes (0 simplex iterations) in 0.01 seconds
Thread count was 32 (of 128 available processors)

Solution count 0

Model is infeasible
Best objective -, best bound -, gap -
Discarded solution information
Parameter FuncPieces unchanged
   Value: -1  Min: -2  Max: 200000000  Default: 0
Parameter FuncPieceLength unchanged
   Value: 1e-05  Min: 1e-05  Max: 1000000.0  Default: 0.01
Parameter FuncPieceError unchanged
   Value: 1e-06  Min: 1e-06  Max: 1000000.0  Default: 0.001
Parameter IntFeasTol unchanged
   Value: 1e-09  Min: 1e-09  Max: 0.1  Default: 1e-05
Gurobi Optimizer version 9.1.2 build v9.1.2rc0 (linux64)
Thread count: 64 physical cores, 128 logical processors, using up to 32 threads
Optimize a model with 324 rows, 515 columns and 794 nonzeros
Model fingerprint: 0xeaaf6e35
Model has 375 general constraints
Variable types: 319 continuous, 196 integer (196 binary)
Coefficient statistics:
  Matrix range     [2e-01, 2e+00]
  Objective range  [0e+00, 0e+00]
  Bounds range     [1e+00, 1e+00]
  RHS range        [1e-02, 5e+00]
Presolve removed 209 rows and 289 columns
Presolve time: 0.01s
Presolved: 115 rows, 226 columns, 612 nonzeros
Presolved model has 49 SOS constraint(s)
Variable types: 190 continuous, 36 integer (34 binary)

Root relaxation: objective 0.000000e+00, 81 iterations, 0.00 seconds

    Nodes    |    Current Node    |     Objective Bounds      |     Work
 Expl Unexpl |  Obj  Depth IntInf | Incumbent    BestBd   Gap | It/Node Time

     0     0 infeasible    0               - infeasible      -     -    0s

Explored 0 nodes (81 simplex iterations) in 0.01 seconds
Thread count was 32 (of 128 available processors)

Solution count 0

Model is infeasible
Best objective -, best bound -, gap -
Discarded solution information
Parameter FuncPieces unchanged
   Value: -1  Min: -2  Max: 200000000  Default: 0
Parameter FuncPieceLength unchanged
   Value: 1e-05  Min: 1e-05  Max: 1000000.0  Default: 0.01
Parameter FuncPieceError unchanged
   Value: 1e-06  Min: 1e-06  Max: 1000000.0  Default: 0.001
Parameter IntFeasTol unchanged
   Value: 1e-09  Min: 1e-09  Max: 0.1  Default: 1e-05
Gurobi Optimizer version 9.1.2 build v9.1.2rc0 (linux64)
Thread count: 64 physical cores, 128 logical processors, using up to 32 threads
Optimize a model with 325 rows, 515 columns and 795 nonzeros
Model fingerprint: 0xe31ce987
Model has 375 general constraints
Variable types: 319 continuous, 196 integer (196 binary)
Coefficient statistics:
  Matrix range     [2e-01, 2e+00]
  Objective range  [0e+00, 0e+00]
  Bounds range     [1e+00, 1e+00]
  RHS range        [1e-02, 5e+00]
Presolve removed 133 rows and 221 columns
Presolve time: 0.00s

Explored 0 nodes (0 simplex iterations) in 0.01 seconds
Thread count was 1 (of 128 available processors)

Solution count 0

Model is infeasible
Best objective -, best bound -, gap -
Discarded solution information
Parameter FuncPieces unchanged
   Value: -1  Min: -2  Max: 200000000  Default: 0
Parameter FuncPieceLength unchanged
   Value: 1e-05  Min: 1e-05  Max: 1000000.0  Default: 0.01
Parameter FuncPieceError unchanged
   Value: 1e-06  Min: 1e-06  Max: 1000000.0  Default: 0.001
Parameter IntFeasTol unchanged
   Value: 1e-09  Min: 1e-09  Max: 0.1  Default: 1e-05
Gurobi Optimizer version 9.1.2 build v9.1.2rc0 (linux64)
Thread count: 64 physical cores, 128 logical processors, using up to 32 threads
Optimize a model with 325 rows, 515 columns and 795 nonzeros
Model fingerprint: 0x4a8760cc
Model has 375 general constraints
Variable types: 319 continuous, 196 integer (196 binary)
Coefficient statistics:
  Matrix range     [2e-01, 2e+00]
  Objective range  [0e+00, 0e+00]
  Bounds range     [1e+00, 1e+00]
  RHS range        [1e-02, 5e+00]
Presolve removed 153 rows and 224 columns
Presolve time: 0.00s

Explored 0 nodes (0 simplex iterations) in 0.01 seconds
Thread count was 1 (of 128 available processors)

Solution count 0

Model is infeasible
Best objective -, best bound -, gap -
Discarded solution information
Parameter FuncPieces unchanged
   Value: -1  Min: -2  Max: 200000000  Default: 0
Parameter FuncPieceLength unchanged
   Value: 1e-05  Min: 1e-05  Max: 1000000.0  Default: 0.01
Parameter FuncPieceError unchanged
   Value: 1e-06  Min: 1e-06  Max: 1000000.0  Default: 0.001
Parameter IntFeasTol unchanged
   Value: 1e-09  Min: 1e-09  Max: 0.1  Default: 1e-05
Gurobi Optimizer version 9.1.2 build v9.1.2rc0 (linux64)
Thread count: 64 physical cores, 128 logical processors, using up to 32 threads
Optimize a model with 327 rows, 515 columns and 797 nonzeros
Model fingerprint: 0x8f7a87e9
Model has 375 general constraints
Variable types: 319 continuous, 196 integer (196 binary)
Coefficient statistics:
  Matrix range     [2e-01, 2e+00]
  Objective range  [0e+00, 0e+00]
  Bounds range     [1e+00, 1e+00]
  RHS range        [1e-02, 5e+00]
Presolve removed 128 rows and 213 columns
Presolve time: 0.00s

Explored 0 nodes (0 simplex iterations) in 0.01 seconds
Thread count was 1 (of 128 available processors)

Solution count 0

Model is infeasible
Best objective -, best bound -, gap -
Discarded solution information
Parameter FuncPieces unchanged
   Value: -1  Min: -2  Max: 200000000  Default: 0
Parameter FuncPieceLength unchanged
   Value: 1e-05  Min: 1e-05  Max: 1000000.0  Default: 0.01
Parameter FuncPieceError unchanged
   Value: 1e-06  Min: 1e-06  Max: 1000000.0  Default: 0.001
Parameter IntFeasTol unchanged
   Value: 1e-09  Min: 1e-09  Max: 0.1  Default: 1e-05
Gurobi Optimizer version 9.1.2 build v9.1.2rc0 (linux64)
Thread count: 64 physical cores, 128 logical processors, using up to 32 threads
Optimize a model with 321 rows, 515 columns and 791 nonzeros
Model fingerprint: 0xe5711f3f
Model has 375 general constraints
Variable types: 319 continuous, 196 integer (196 binary)
Coefficient statistics:
  Matrix range     [2e-01, 2e+00]
  Objective range  [0e+00, 0e+00]
  Bounds range     [1e+00, 1e+00]
  RHS range        [1e-02, 5e+00]
Presolve removed 160 rows and 154 columns
Presolve time: 0.00s

Explored 0 nodes (0 simplex iterations) in 0.00 seconds
Thread count was 1 (of 128 available processors)

Solution count 0

Model is infeasible
Best objective -, best bound -, gap -
Discarded solution information
Parameter FuncPieces unchanged
   Value: -1  Min: -2  Max: 200000000  Default: 0
Parameter FuncPieceLength unchanged
   Value: 1e-05  Min: 1e-05  Max: 1000000.0  Default: 0.01
Parameter FuncPieceError unchanged
   Value: 1e-06  Min: 1e-06  Max: 1000000.0  Default: 0.001
Parameter IntFeasTol unchanged
   Value: 1e-09  Min: 1e-09  Max: 0.1  Default: 1e-05
Gurobi Optimizer version 9.1.2 build v9.1.2rc0 (linux64)
Thread count: 64 physical cores, 128 logical processors, using up to 32 threads
Optimize a model with 320 rows, 515 columns and 790 nonzeros
Model fingerprint: 0x0630eec0
Model has 375 general constraints
Variable types: 319 continuous, 196 integer (196 binary)
Coefficient statistics:
  Matrix range     [2e-01, 2e+00]
  Objective range  [0e+00, 0e+00]
  Bounds range     [1e+00, 1e+00]
  RHS range        [1e-02, 5e+00]
Presolve removed 159 rows and 154 columns
Presolve time: 0.00s

Explored 0 nodes (0 simplex iterations) in 0.00 seconds
Thread count was 1 (of 128 available processors)

Solution count 0

Model is infeasible
Best objective -, best bound -, gap -
Discarded solution information
Parameter FuncPieces unchanged
   Value: -1  Min: -2  Max: 200000000  Default: 0
Parameter FuncPieceLength unchanged
   Value: 1e-05  Min: 1e-05  Max: 1000000.0  Default: 0.01
Parameter FuncPieceError unchanged
   Value: 1e-06  Min: 1e-06  Max: 1000000.0  Default: 0.001
Parameter IntFeasTol unchanged
   Value: 1e-09  Min: 1e-09  Max: 0.1  Default: 1e-05
Gurobi Optimizer version 9.1.2 build v9.1.2rc0 (linux64)
Thread count: 64 physical cores, 128 logical processors, using up to 32 threads
Optimize a model with 323 rows, 515 columns and 793 nonzeros
Model fingerprint: 0x4dca45f2
Model has 375 general constraints
Variable types: 319 continuous, 196 integer (196 binary)
Coefficient statistics:
  Matrix range     [2e-01, 2e+00]
  Objective range  [0e+00, 0e+00]
  Bounds range     [1e+00, 1e+00]
  RHS range        [1e-02, 5e+00]
Presolve removed 201 rows and 278 columns
Presolve time: 0.01s
Presolved: 122 rows, 237 columns, 634 nonzeros
Presolved model has 50 SOS constraint(s)
Variable types: 199 continuous, 38 integer (34 binary)

Explored 0 nodes (0 simplex iterations) in 0.01 seconds
Thread count was 32 (of 128 available processors)

Solution count 0

Model is infeasible
Best objective -, best bound -, gap -
Discarded solution information
Parameter FuncPieces unchanged
   Value: -1  Min: -2  Max: 200000000  Default: 0
Parameter FuncPieceLength unchanged
   Value: 1e-05  Min: 1e-05  Max: 1000000.0  Default: 0.01
Parameter FuncPieceError unchanged
   Value: 1e-06  Min: 1e-06  Max: 1000000.0  Default: 0.001
Parameter IntFeasTol unchanged
   Value: 1e-09  Min: 1e-09  Max: 0.1  Default: 1e-05
Gurobi Optimizer version 9.1.2 build v9.1.2rc0 (linux64)
Thread count: 64 physical cores, 128 logical processors, using up to 32 threads
Optimize a model with 323 rows, 515 columns and 793 nonzeros
Model fingerprint: 0xec7d5f7c
Model has 375 general constraints
Variable types: 319 continuous, 196 integer (196 binary)
Coefficient statistics:
  Matrix range     [2e-01, 2e+00]
  Objective range  [0e+00, 0e+00]
  Bounds range     [1e+00, 1e+00]
  RHS range        [1e-02, 5e+00]
Presolve removed 208 rows and 289 columns
Presolve time: 0.01s
Presolved: 115 rows, 226 columns, 612 nonzeros
Presolved model has 49 SOS constraint(s)
Variable types: 190 continuous, 36 integer (34 binary)

Root relaxation: objective 0.000000e+00, 81 iterations, 0.00 seconds

    Nodes    |    Current Node    |     Objective Bounds      |     Work
 Expl Unexpl |  Obj  Depth IntInf | Incumbent    BestBd   Gap | It/Node Time

     0     0 infeasible    0               - infeasible      -     -    0s

Explored 0 nodes (81 simplex iterations) in 0.01 seconds
Thread count was 32 (of 128 available processors)

Solution count 0

Model is infeasible
Best objective -, best bound -, gap -
Discarded solution information
Parameter FuncPieces unchanged
   Value: -1  Min: -2  Max: 200000000  Default: 0
Parameter FuncPieceLength unchanged
   Value: 1e-05  Min: 1e-05  Max: 1000000.0  Default: 0.01
Parameter FuncPieceError unchanged
   Value: 1e-06  Min: 1e-06  Max: 1000000.0  Default: 0.001
Parameter IntFeasTol unchanged
   Value: 1e-09  Min: 1e-09  Max: 0.1  Default: 1e-05
Gurobi Optimizer version 9.1.2 build v9.1.2rc0 (linux64)
Thread count: 64 physical cores, 128 logical processors, using up to 32 threads
Optimize a model with 324 rows, 515 columns and 794 nonzeros
Model fingerprint: 0xbcbee8c1
Model has 375 general constraints
Variable types: 319 continuous, 196 integer (196 binary)
Coefficient statistics:
  Matrix range     [2e-01, 2e+00]
  Objective range  [0e+00, 0e+00]
  Bounds range     [1e+00, 1e+00]
  RHS range        [1e-02, 5e+00]
Presolve removed 132 rows and 221 columns
Presolve time: 0.00s

Explored 0 nodes (0 simplex iterations) in 0.01 seconds
Thread count was 1 (of 128 available processors)

Solution count 0

Model is infeasible
Best objective -, best bound -, gap -
Discarded solution information
Parameter FuncPieces unchanged
   Value: -1  Min: -2  Max: 200000000  Default: 0
Parameter FuncPieceLength unchanged
   Value: 1e-05  Min: 1e-05  Max: 1000000.0  Default: 0.01
Parameter FuncPieceError unchanged
   Value: 1e-06  Min: 1e-06  Max: 1000000.0  Default: 0.001
Parameter IntFeasTol unchanged
   Value: 1e-09  Min: 1e-09  Max: 0.1  Default: 1e-05
Gurobi Optimizer version 9.1.2 build v9.1.2rc0 (linux64)
Thread count: 64 physical cores, 128 logical processors, using up to 32 threads
Optimize a model with 324 rows, 515 columns and 794 nonzeros
Model fingerprint: 0x3142327d
Model has 375 general constraints
Variable types: 319 continuous, 196 integer (196 binary)
Coefficient statistics:
  Matrix range     [2e-01, 2e+00]
  Objective range  [0e+00, 0e+00]
  Bounds range     [1e+00, 1e+00]
  RHS range        [1e-02, 5e+00]
Presolve removed 152 rows and 224 columns
Presolve time: 0.00s

Explored 0 nodes (0 simplex iterations) in 0.01 seconds
Thread count was 1 (of 128 available processors)

Solution count 0

Model is infeasible
Best objective -, best bound -, gap -
Discarded solution information
Parameter FuncPieces unchanged
   Value: -1  Min: -2  Max: 200000000  Default: 0
Parameter FuncPieceLength unchanged
   Value: 1e-05  Min: 1e-05  Max: 1000000.0  Default: 0.01
Parameter FuncPieceError unchanged
   Value: 1e-06  Min: 1e-06  Max: 1000000.0  Default: 0.001
Parameter IntFeasTol unchanged
   Value: 1e-09  Min: 1e-09  Max: 0.1  Default: 1e-05
Gurobi Optimizer version 9.1.2 build v9.1.2rc0 (linux64)
Thread count: 64 physical cores, 128 logical processors, using up to 32 threads
Optimize a model with 326 rows, 515 columns and 796 nonzeros
Model fingerprint: 0xc66f2a39
Model has 375 general constraints
Variable types: 319 continuous, 196 integer (196 binary)
Coefficient statistics:
  Matrix range     [2e-01, 2e+00]
  Objective range  [0e+00, 0e+00]
  Bounds range     [1e+00, 1e+00]
  RHS range        [1e-02, 5e+00]
Presolve removed 127 rows and 213 columns
Presolve time: 0.00s

Explored 0 nodes (0 simplex iterations) in 0.01 seconds
Thread count was 1 (of 128 available processors)

Solution count 0

Model is infeasible
Best objective -, best bound -, gap -
Discarded solution information
Parameter FuncPieces unchanged
   Value: -1  Min: -2  Max: 200000000  Default: 0
Parameter FuncPieceLength unchanged
   Value: 1e-05  Min: 1e-05  Max: 1000000.0  Default: 0.01
Parameter FuncPieceError unchanged
   Value: 1e-06  Min: 1e-06  Max: 1000000.0  Default: 0.001
Parameter IntFeasTol unchanged
   Value: 1e-09  Min: 1e-09  Max: 0.1  Default: 1e-05
Gurobi Optimizer version 9.1.2 build v9.1.2rc0 (linux64)
Thread count: 64 physical cores, 128 logical processors, using up to 32 threads
Optimize a model with 319 rows, 515 columns and 789 nonzeros
Model fingerprint: 0x2ec3c054
Model has 375 general constraints
Variable types: 319 continuous, 196 integer (196 binary)
Coefficient statistics:
  Matrix range     [2e-01, 2e+00]
  Objective range  [0e+00, 0e+00]
  Bounds range     [1e+00, 1e+00]
  RHS range        [1e-02, 5e+00]
Presolve removed 319 rows and 515 columns
Presolve time: 0.01s
Presolve: All rows and columns removed

Explored 0 nodes (0 simplex iterations) in 0.01 seconds
Thread count was 1 (of 128 available processors)

Solution count 1: 0 

Optimal solution found (tolerance 1.00e-04)
Warning: max constraint violation (6.9280e-02) exceeds tolerance
Warning: max general constraint violation (6.9280e-02) exceeds tolerance
         (model may be infeasible or unbounded - try turning presolve off)
Best objective 0.000000000000e+00, best bound 0.000000000000e+00, gap 0.0000%
Discarded solution information
Parameter FuncPieces unchanged
   Value: -1  Min: -2  Max: 200000000  Default: 0
Parameter FuncPieceLength unchanged
   Value: 1e-05  Min: 1e-05  Max: 1000000.0  Default: 0.01
Parameter FuncPieceError unchanged
   Value: 1e-06  Min: 1e-06  Max: 1000000.0  Default: 0.001
Parameter IntFeasTol unchanged
   Value: 1e-09  Min: 1e-09  Max: 0.1  Default: 1e-05
Gurobi Optimizer version 9.1.2 build v9.1.2rc0 (linux64)
Thread count: 64 physical cores, 128 logical processors, using up to 32 threads
Optimize a model with 319 rows, 515 columns and 789 nonzeros
Model fingerprint: 0xe7c31925
Model has 375 general constraints
Variable types: 319 continuous, 196 integer (196 binary)
Coefficient statistics:
  Matrix range     [2e-01, 2e+00]
  Objective range  [0e+00, 0e+00]
  Bounds range     [1e+00, 1e+00]
  RHS range        [1e-02, 5e+00]
Presolve removed 158 rows and 154 columns
Presolve time: 0.00s

Explored 0 nodes (0 simplex iterations) in 0.00 seconds
Thread count was 1 (of 128 available processors)

Solution count 0

Model is infeasible
Best objective -, best bound -, gap -
Discarded solution information
Parameter FuncPieces unchanged
   Value: -1  Min: -2  Max: 200000000  Default: 0
Parameter FuncPieceLength unchanged
   Value: 1e-05  Min: 1e-05  Max: 1000000.0  Default: 0.01
Parameter FuncPieceError unchanged
   Value: 1e-06  Min: 1e-06  Max: 1000000.0  Default: 0.001
Parameter IntFeasTol unchanged
   Value: 1e-09  Min: 1e-09  Max: 0.1  Default: 1e-05
Gurobi Optimizer version 9.1.2 build v9.1.2rc0 (linux64)
Thread count: 64 physical cores, 128 logical processors, using up to 32 threads
Optimize a model with 322 rows, 515 columns and 792 nonzeros
Model fingerprint: 0x46525522
Model has 375 general constraints
Variable types: 319 continuous, 196 integer (196 binary)
Coefficient statistics:
  Matrix range     [2e-01, 2e+00]
  Objective range  [0e+00, 0e+00]
  Bounds range     [1e+00, 1e+00]
  RHS range        [1e-02, 5e+00]
Presolve removed 200 rows and 278 columns
Presolve time: 0.01s
Presolved: 122 rows, 237 columns, 634 nonzeros
Presolved model has 50 SOS constraint(s)
Variable types: 199 continuous, 38 integer (34 binary)

Explored 0 nodes (0 simplex iterations) in 0.01 seconds
Thread count was 32 (of 128 available processors)

Solution count 0

Model is infeasible
Best objective -, best bound -, gap -
Discarded solution information
Parameter FuncPieces unchanged
   Value: -1  Min: -2  Max: 200000000  Default: 0
Parameter FuncPieceLength unchanged
   Value: 1e-05  Min: 1e-05  Max: 1000000.0  Default: 0.01
Parameter FuncPieceError unchanged
   Value: 1e-06  Min: 1e-06  Max: 1000000.0  Default: 0.001
Parameter IntFeasTol unchanged
   Value: 1e-09  Min: 1e-09  Max: 0.1  Default: 1e-05
Gurobi Optimizer version 9.1.2 build v9.1.2rc0 (linux64)
Thread count: 64 physical cores, 128 logical processors, using up to 32 threads
Optimize a model with 322 rows, 515 columns and 792 nonzeros
Model fingerprint: 0xab693727
Model has 375 general constraints
Variable types: 319 continuous, 196 integer (196 binary)
Coefficient statistics:
  Matrix range     [2e-01, 2e+00]
  Objective range  [0e+00, 0e+00]
  Bounds range     [1e+00, 1e+00]
  RHS range        [1e-02, 5e+00]
Presolve removed 207 rows and 289 columns
Presolve time: 0.01s
Presolved: 115 rows, 226 columns, 612 nonzeros
Presolved model has 49 SOS constraint(s)
Variable types: 190 continuous, 36 integer (34 binary)

Root relaxation: objective 0.000000e+00, 81 iterations, 0.00 seconds

    Nodes    |    Current Node    |     Objective Bounds      |     Work
 Expl Unexpl |  Obj  Depth IntInf | Incumbent    BestBd   Gap | It/Node Time

     0     0 infeasible    0               - infeasible      -     -    0s

Explored 0 nodes (81 simplex iterations) in 0.01 seconds
Thread count was 32 (of 128 available processors)

Solution count 0

Model is infeasible
Best objective -, best bound -, gap -
Discarded solution information
Parameter FuncPieces unchanged
   Value: -1  Min: -2  Max: 200000000  Default: 0
Parameter FuncPieceLength unchanged
   Value: 1e-05  Min: 1e-05  Max: 1000000.0  Default: 0.01
Parameter FuncPieceError unchanged
   Value: 1e-06  Min: 1e-06  Max: 1000000.0  Default: 0.001
Parameter IntFeasTol unchanged
   Value: 1e-09  Min: 1e-09  Max: 0.1  Default: 1e-05
Gurobi Optimizer version 9.1.2 build v9.1.2rc0 (linux64)
Thread count: 64 physical cores, 128 logical processors, using up to 32 threads
Optimize a model with 323 rows, 515 columns and 793 nonzeros
Model fingerprint: 0x186b0d41
Model has 375 general constraints
Variable types: 319 continuous, 196 integer (196 binary)
Coefficient statistics:
  Matrix range     [2e-01, 2e+00]
  Objective range  [0e+00, 0e+00]
  Bounds range     [1e+00, 1e+00]
  RHS range        [1e-02, 5e+00]
Presolve removed 131 rows and 221 columns
Presolve time: 0.00s

Explored 0 nodes (0 simplex iterations) in 0.01 seconds
Thread count was 1 (of 128 available processors)

Solution count 0

Model is infeasible
Best objective -, best bound -, gap -
Discarded solution information
Parameter FuncPieces unchanged
   Value: -1  Min: -2  Max: 200000000  Default: 0
Parameter FuncPieceLength unchanged
   Value: 1e-05  Min: 1e-05  Max: 1000000.0  Default: 0.01
Parameter FuncPieceError unchanged
   Value: 1e-06  Min: 1e-06  Max: 1000000.0  Default: 0.001
Parameter IntFeasTol unchanged
   Value: 1e-09  Min: 1e-09  Max: 0.1  Default: 1e-05
Gurobi Optimizer version 9.1.2 build v9.1.2rc0 (linux64)
Thread count: 64 physical cores, 128 logical processors, using up to 32 threads
Optimize a model with 323 rows, 515 columns and 793 nonzeros
Model fingerprint: 0x54f3c52d
Model has 375 general constraints
Variable types: 319 continuous, 196 integer (196 binary)
Coefficient statistics:
  Matrix range     [2e-01, 2e+00]
  Objective range  [0e+00, 0e+00]
  Bounds range     [1e+00, 1e+00]
  RHS range        [1e-02, 5e+00]
Presolve removed 151 rows and 224 columns
Presolve time: 0.00s

Explored 0 nodes (0 simplex iterations) in 0.01 seconds
Thread count was 1 (of 128 available processors)

Solution count 0

Model is infeasible
Best objective -, best bound -, gap -
Discarded solution information
Parameter FuncPieces unchanged
   Value: -1  Min: -2  Max: 200000000  Default: 0
Parameter FuncPieceLength unchanged
   Value: 1e-05  Min: 1e-05  Max: 1000000.0  Default: 0.01
Parameter FuncPieceError unchanged
   Value: 1e-06  Min: 1e-06  Max: 1000000.0  Default: 0.001
Parameter IntFeasTol unchanged
   Value: 1e-09  Min: 1e-09  Max: 0.1  Default: 1e-05
Gurobi Optimizer version 9.1.2 build v9.1.2rc0 (linux64)
Thread count: 64 physical cores, 128 logical processors, using up to 32 threads
Optimize a model with 325 rows, 515 columns and 795 nonzeros
Model fingerprint: 0x98bd7bc2
Model has 375 general constraints
Variable types: 319 continuous, 196 integer (196 binary)
Coefficient statistics:
  Matrix range     [2e-01, 2e+00]
  Objective range  [0e+00, 0e+00]
  Bounds range     [1e+00, 1e+00]
  RHS range        [1e-02, 5e+00]
Presolve removed 126 rows and 213 columns
Presolve time: 0.00s

Explored 0 nodes (0 simplex iterations) in 0.01 seconds
Thread count was 1 (of 128 available processors)

Solution count 0

Model is infeasible
Best objective -, best bound -, gap -
Discarded solution information
Parameter FuncPieces unchanged
   Value: -1  Min: -2  Max: 200000000  Default: 0
Parameter FuncPieceLength unchanged
   Value: 1e-05  Min: 1e-05  Max: 1000000.0  Default: 0.01
Parameter FuncPieceError unchanged
   Value: 1e-06  Min: 1e-06  Max: 1000000.0  Default: 0.001
Parameter IntFeasTol unchanged
   Value: 1e-09  Min: 1e-09  Max: 0.1  Default: 1e-05
Gurobi Optimizer version 9.1.2 build v9.1.2rc0 (linux64)
Thread count: 64 physical cores, 128 logical processors, using up to 32 threads
Optimize a model with 318 rows, 515 columns and 788 nonzeros
Model fingerprint: 0x99a56ee7
Model has 375 general constraints
Variable types: 319 continuous, 196 integer (196 binary)
Coefficient statistics:
  Matrix range     [2e-01, 2e+00]
  Objective range  [0e+00, 0e+00]
  Bounds range     [1e+00, 1e+00]
  RHS range        [1e-02, 5e+00]
Presolve removed 157 rows and 154 columns
Presolve time: 0.00s

Explored 0 nodes (0 simplex iterations) in 0.00 seconds
Thread count was 1 (of 128 available processors)

Solution count 0

Model is infeasible
Best objective -, best bound -, gap -
Discarded solution information
Parameter FuncPieces unchanged
   Value: -1  Min: -2  Max: 200000000  Default: 0
Parameter FuncPieceLength unchanged
   Value: 1e-05  Min: 1e-05  Max: 1000000.0  Default: 0.01
Parameter FuncPieceError unchanged
   Value: 1e-06  Min: 1e-06  Max: 1000000.0  Default: 0.001
Parameter IntFeasTol unchanged
   Value: 1e-09  Min: 1e-09  Max: 0.1  Default: 1e-05
Gurobi Optimizer version 9.1.2 build v9.1.2rc0 (linux64)
Thread count: 64 physical cores, 128 logical processors, using up to 32 threads
Optimize a model with 321 rows, 515 columns and 791 nonzeros
Model fingerprint: 0x2ad611e7
Model has 375 general constraints
Variable types: 319 continuous, 196 integer (196 binary)
Coefficient statistics:
  Matrix range     [2e-01, 2e+00]
  Objective range  [0e+00, 0e+00]
  Bounds range     [1e+00, 1e+00]
  RHS range        [1e-02, 5e+00]
Presolve removed 199 rows and 278 columns
Presolve time: 0.01s
Presolved: 122 rows, 237 columns, 634 nonzeros
Presolved model has 50 SOS constraint(s)
Variable types: 199 continuous, 38 integer (34 binary)

Explored 0 nodes (0 simplex iterations) in 0.01 seconds
Thread count was 32 (of 128 available processors)

Solution count 0

Model is infeasible
Best objective -, best bound -, gap -
Discarded solution information
Parameter FuncPieces unchanged
   Value: -1  Min: -2  Max: 200000000  Default: 0
Parameter FuncPieceLength unchanged
   Value: 1e-05  Min: 1e-05  Max: 1000000.0  Default: 0.01
Parameter FuncPieceError unchanged
   Value: 1e-06  Min: 1e-06  Max: 1000000.0  Default: 0.001
Parameter IntFeasTol unchanged
   Value: 1e-09  Min: 1e-09  Max: 0.1  Default: 1e-05
Gurobi Optimizer version 9.1.2 build v9.1.2rc0 (linux64)
Thread count: 64 physical cores, 128 logical processors, using up to 32 threads
Optimize a model with 321 rows, 515 columns and 791 nonzeros
Model fingerprint: 0x2c60992a
Model has 375 general constraints
Variable types: 319 continuous, 196 integer (196 binary)
Coefficient statistics:
  Matrix range     [2e-01, 2e+00]
  Objective range  [0e+00, 0e+00]
  Bounds range     [1e+00, 1e+00]
  RHS range        [1e-02, 5e+00]
Presolve removed 206 rows and 289 columns
Presolve time: 0.01s
Presolved: 115 rows, 226 columns, 612 nonzeros
Presolved model has 49 SOS constraint(s)
Variable types: 190 continuous, 36 integer (34 binary)

Root relaxation: objective 0.000000e+00, 81 iterations, 0.00 seconds

    Nodes    |    Current Node    |     Objective Bounds      |     Work
 Expl Unexpl |  Obj  Depth IntInf | Incumbent    BestBd   Gap | It/Node Time

     0     0 infeasible    0               - infeasible      -     -    0s

Explored 0 nodes (81 simplex iterations) in 0.01 seconds
Thread count was 32 (of 128 available processors)

Solution count 0

Model is infeasible
Best objective -, best bound -, gap -
Discarded solution information
Parameter FuncPieces unchanged
   Value: -1  Min: -2  Max: 200000000  Default: 0
Parameter FuncPieceLength unchanged
   Value: 1e-05  Min: 1e-05  Max: 1000000.0  Default: 0.01
Parameter FuncPieceError unchanged
   Value: 1e-06  Min: 1e-06  Max: 1000000.0  Default: 0.001
Parameter IntFeasTol unchanged
   Value: 1e-09  Min: 1e-09  Max: 0.1  Default: 1e-05
Gurobi Optimizer version 9.1.2 build v9.1.2rc0 (linux64)
Thread count: 64 physical cores, 128 logical processors, using up to 32 threads
Optimize a model with 322 rows, 515 columns and 792 nonzeros
Model fingerprint: 0x22505b2a
Model has 375 general constraints
Variable types: 319 continuous, 196 integer (196 binary)
Coefficient statistics:
  Matrix range     [2e-01, 2e+00]
  Objective range  [0e+00, 0e+00]
  Bounds range     [1e+00, 1e+00]
  RHS range        [1e-02, 5e+00]
Presolve removed 130 rows and 221 columns
Presolve time: 0.00s

Explored 0 nodes (0 simplex iterations) in 0.01 seconds
Thread count was 1 (of 128 available processors)

Solution count 0

Model is infeasible
Best objective -, best bound -, gap -
Discarded solution information
Parameter FuncPieces unchanged
   Value: -1  Min: -2  Max: 200000000  Default: 0
Parameter FuncPieceLength unchanged
   Value: 1e-05  Min: 1e-05  Max: 1000000.0  Default: 0.01
Parameter FuncPieceError unchanged
   Value: 1e-06  Min: 1e-06  Max: 1000000.0  Default: 0.001
Parameter IntFeasTol unchanged
   Value: 1e-09  Min: 1e-09  Max: 0.1  Default: 1e-05
Gurobi Optimizer version 9.1.2 build v9.1.2rc0 (linux64)
Thread count: 64 physical cores, 128 logical processors, using up to 32 threads
Optimize a model with 322 rows, 515 columns and 792 nonzeros
Model fingerprint: 0x52725807
Model has 375 general constraints
Variable types: 319 continuous, 196 integer (196 binary)
Coefficient statistics:
  Matrix range     [2e-01, 2e+00]
  Objective range  [0e+00, 0e+00]
  Bounds range     [1e+00, 1e+00]
  RHS range        [1e-02, 5e+00]
Presolve removed 150 rows and 224 columns
Presolve time: 0.00s

Explored 0 nodes (0 simplex iterations) in 0.01 seconds
Thread count was 1 (of 128 available processors)

Solution count 0

Model is infeasible
Best objective -, best bound -, gap -
Discarded solution information
Parameter FuncPieces unchanged
   Value: -1  Min: -2  Max: 200000000  Default: 0
Parameter FuncPieceLength unchanged
   Value: 1e-05  Min: 1e-05  Max: 1000000.0  Default: 0.01
Parameter FuncPieceError unchanged
   Value: 1e-06  Min: 1e-06  Max: 1000000.0  Default: 0.001
Parameter IntFeasTol unchanged
   Value: 1e-09  Min: 1e-09  Max: 0.1  Default: 1e-05
Gurobi Optimizer version 9.1.2 build v9.1.2rc0 (linux64)
Thread count: 64 physical cores, 128 logical processors, using up to 32 threads
Optimize a model with 324 rows, 515 columns and 794 nonzeros
Model fingerprint: 0xa55c6ae0
Model has 375 general constraints
Variable types: 319 continuous, 196 integer (196 binary)
Coefficient statistics:
  Matrix range     [2e-01, 2e+00]
  Objective range  [0e+00, 0e+00]
  Bounds range     [1e+00, 1e+00]
  RHS range        [1e-02, 5e+00]
Presolve removed 125 rows and 213 columns
Presolve time: 0.00s

Explored 0 nodes (0 simplex iterations) in 0.01 seconds
Thread count was 1 (of 128 available processors)

Solution count 0

Model is infeasible
Best objective -, best bound -, gap -
Discarded solution information
Parameter FuncPieces unchanged
   Value: -1  Min: -2  Max: 200000000  Default: 0
Parameter FuncPieceLength unchanged
   Value: 1e-05  Min: 1e-05  Max: 1000000.0  Default: 0.01
Parameter FuncPieceError unchanged
   Value: 1e-06  Min: 1e-06  Max: 1000000.0  Default: 0.001
Parameter IntFeasTol unchanged
   Value: 1e-09  Min: 1e-09  Max: 0.1  Default: 1e-05
Gurobi Optimizer version 9.1.2 build v9.1.2rc0 (linux64)
Thread count: 64 physical cores, 128 logical processors, using up to 32 threads
Optimize a model with 317 rows, 515 columns and 787 nonzeros
Model fingerprint: 0xe5b1e527
Model has 375 general constraints
Variable types: 319 continuous, 196 integer (196 binary)
Coefficient statistics:
  Matrix range     [2e-01, 2e+00]
  Objective range  [0e+00, 0e+00]
  Bounds range     [1e+00, 1e+00]
  RHS range        [1e-02, 5e+00]
Presolve removed 156 rows and 154 columns
Presolve time: 0.00s

Explored 0 nodes (0 simplex iterations) in 0.00 seconds
Thread count was 1 (of 128 available processors)

Solution count 0

Model is infeasible
Best objective -, best bound -, gap -
Discarded solution information
Parameter FuncPieces unchanged
   Value: -1  Min: -2  Max: 200000000  Default: 0
Parameter FuncPieceLength unchanged
   Value: 1e-05  Min: 1e-05  Max: 1000000.0  Default: 0.01
Parameter FuncPieceError unchanged
   Value: 1e-06  Min: 1e-06  Max: 1000000.0  Default: 0.001
Parameter IntFeasTol unchanged
   Value: 1e-09  Min: 1e-09  Max: 0.1  Default: 1e-05
Gurobi Optimizer version 9.1.2 build v9.1.2rc0 (linux64)
Thread count: 64 physical cores, 128 logical processors, using up to 32 threads
Optimize a model with 320 rows, 515 columns and 790 nonzeros
Model fingerprint: 0xec9a9fa2
Model has 375 general constraints
Variable types: 319 continuous, 196 integer (196 binary)
Coefficient statistics:
  Matrix range     [2e-01, 2e+00]
  Objective range  [0e+00, 0e+00]
  Bounds range     [1e+00, 1e+00]
  RHS range        [1e-02, 5e+00]
Presolve removed 198 rows and 278 columns
Presolve time: 0.01s
Presolved: 122 rows, 237 columns, 634 nonzeros
Presolved model has 50 SOS constraint(s)
Variable types: 199 continuous, 38 integer (34 binary)

Explored 0 nodes (0 simplex iterations) in 0.01 seconds
Thread count was 32 (of 128 available processors)

Solution count 0

Model is infeasible
Best objective -, best bound -, gap -
Discarded solution information
Parameter FuncPieces unchanged
   Value: -1  Min: -2  Max: 200000000  Default: 0
Parameter FuncPieceLength unchanged
   Value: 1e-05  Min: 1e-05  Max: 1000000.0  Default: 0.01
Parameter FuncPieceError unchanged
   Value: 1e-06  Min: 1e-06  Max: 1000000.0  Default: 0.001
Parameter IntFeasTol unchanged
   Value: 1e-09  Min: 1e-09  Max: 0.1  Default: 1e-05
Gurobi Optimizer version 9.1.2 build v9.1.2rc0 (linux64)
Thread count: 64 physical cores, 128 logical processors, using up to 32 threads
Optimize a model with 320 rows, 515 columns and 790 nonzeros
Model fingerprint: 0xae8c0d46
Model has 375 general constraints
Variable types: 319 continuous, 196 integer (196 binary)
Coefficient statistics:
  Matrix range     [2e-01, 2e+00]
  Objective range  [0e+00, 0e+00]
  Bounds range     [1e+00, 1e+00]
  RHS range        [1e-02, 5e+00]
Presolve removed 205 rows and 289 columns
Presolve time: 0.01s
Presolved: 115 rows, 226 columns, 612 nonzeros
Presolved model has 49 SOS constraint(s)
Variable types: 190 continuous, 36 integer (34 binary)

Root relaxation: objective 0.000000e+00, 81 iterations, 0.00 seconds

    Nodes    |    Current Node    |     Objective Bounds      |     Work
 Expl Unexpl |  Obj  Depth IntInf | Incumbent    BestBd   Gap | It/Node Time

     0     0 infeasible    0               - infeasible      -     -    0s

Explored 0 nodes (81 simplex iterations) in 0.01 seconds
Thread count was 32 (of 128 available processors)

Solution count 0

Model is infeasible
Best objective -, best bound -, gap -
Discarded solution information
Parameter FuncPieces unchanged
   Value: -1  Min: -2  Max: 200000000  Default: 0
Parameter FuncPieceLength unchanged
   Value: 1e-05  Min: 1e-05  Max: 1000000.0  Default: 0.01
Parameter FuncPieceError unchanged
   Value: 1e-06  Min: 1e-06  Max: 1000000.0  Default: 0.001
Parameter IntFeasTol unchanged
   Value: 1e-09  Min: 1e-09  Max: 0.1  Default: 1e-05
Gurobi Optimizer version 9.1.2 build v9.1.2rc0 (linux64)
Thread count: 64 physical cores, 128 logical processors, using up to 32 threads
Optimize a model with 321 rows, 515 columns and 791 nonzeros
Model fingerprint: 0x725895ab
Model has 375 general constraints
Variable types: 319 continuous, 196 integer (196 binary)
Coefficient statistics:
  Matrix range     [2e-01, 2e+00]
  Objective range  [0e+00, 0e+00]
  Bounds range     [1e+00, 1e+00]
  RHS range        [1e-02, 5e+00]
Presolve removed 129 rows and 221 columns
Presolve time: 0.00s

Explored 0 nodes (0 simplex iterations) in 0.01 seconds
Thread count was 1 (of 128 available processors)

Solution count 0

Model is infeasible
Best objective -, best bound -, gap -
Discarded solution information
Parameter FuncPieces unchanged
   Value: -1  Min: -2  Max: 200000000  Default: 0
Parameter FuncPieceLength unchanged
   Value: 1e-05  Min: 1e-05  Max: 1000000.0  Default: 0.01
Parameter FuncPieceError unchanged
   Value: 1e-06  Min: 1e-06  Max: 1000000.0  Default: 0.001
Parameter IntFeasTol unchanged
   Value: 1e-09  Min: 1e-09  Max: 0.1  Default: 1e-05
Gurobi Optimizer version 9.1.2 build v9.1.2rc0 (linux64)
Thread count: 64 physical cores, 128 logical processors, using up to 32 threads
Optimize a model with 316 rows, 515 columns and 786 nonzeros
Model fingerprint: 0x73328adc
Model has 375 general constraints
Variable types: 319 continuous, 196 integer (196 binary)
Coefficient statistics:
  Matrix range     [2e-01, 2e+00]
  Objective range  [0e+00, 0e+00]
  Bounds range     [1e+00, 1e+00]
  RHS range        [1e-02, 5e+00]
Presolve removed 208 rows and 340 columns
Presolve time: 0.01s
Presolved: 108 rows, 175 columns, 587 nonzeros
Presolved model has 14 SOS constraint(s)
Variable types: 150 continuous, 25 integer (24 binary)

Root relaxation: objective 0.000000e+00, 70 iterations, 0.00 seconds

    Nodes    |    Current Node    |     Objective Bounds      |     Work
 Expl Unexpl |  Obj  Depth IntInf | Incumbent    BestBd   Gap | It/Node Time

     0     0    0.00000    0    6          -    0.00000      -     -    0s
     0     0    0.00000    0    6          -    0.00000      -     -    0s
*    0     0               0       0.0000000    0.00000  0.00%     -    0s

Explored 1 nodes (158 simplex iterations) in 0.03 seconds
Thread count was 32 (of 128 available processors)

Solution count 1: 0 

Optimal solution found (tolerance 1.00e-04)
Warning: max constraint violation (6.8797e-03) exceeds tolerance
Warning: max general constraint violation (6.8797e-03) exceeds tolerance
         (model may be infeasible or unbounded - try turning presolve off)
Best objective 0.000000000000e+00, best bound 0.000000000000e+00, gap 0.0000%
Discarded solution information
Parameter FuncPieces unchanged
   Value: -1  Min: -2  Max: 200000000  Default: 0
Parameter FuncPieceLength unchanged
   Value: 1e-05  Min: 1e-05  Max: 1000000.0  Default: 0.01
Parameter FuncPieceError unchanged
   Value: 1e-06  Min: 1e-06  Max: 1000000.0  Default: 0.001
Parameter IntFeasTol unchanged
   Value: 1e-09  Min: 1e-09  Max: 0.1  Default: 1e-05
Gurobi Optimizer version 9.1.2 build v9.1.2rc0 (linux64)
Thread count: 64 physical cores, 128 logical processors, using up to 32 threads
Optimize a model with 316 rows, 515 columns and 786 nonzeros
Model fingerprint: 0xe02ce29f
Model has 375 general constraints
Variable types: 319 continuous, 196 integer (196 binary)
Coefficient statistics:
  Matrix range     [2e-01, 2e+00]
  Objective range  [0e+00, 0e+00]
  Bounds range     [1e+00, 1e+00]
  RHS range        [1e-02, 5e+00]
Presolve removed 155 rows and 154 columns
Presolve time: 0.00s

Explored 0 nodes (0 simplex iterations) in 0.00 seconds
Thread count was 1 (of 128 available processors)

Solution count 0

Model is infeasible
Best objective -, best bound -, gap -
Discarded solution information
Parameter FuncPieces unchanged
   Value: -1  Min: -2  Max: 200000000  Default: 0
Parameter FuncPieceLength unchanged
   Value: 1e-05  Min: 1e-05  Max: 1000000.0  Default: 0.01
Parameter FuncPieceError unchanged
   Value: 1e-06  Min: 1e-06  Max: 1000000.0  Default: 0.001
Parameter IntFeasTol unchanged
   Value: 1e-09  Min: 1e-09  Max: 0.1  Default: 1e-05
Gurobi Optimizer version 9.1.2 build v9.1.2rc0 (linux64)
Thread count: 64 physical cores, 128 logical processors, using up to 32 threads
Optimize a model with 315 rows, 515 columns and 785 nonzeros
Model fingerprint: 0x2464b2ce
Model has 375 general constraints
Variable types: 319 continuous, 196 integer (196 binary)
Coefficient statistics:
  Matrix range     [2e-01, 2e+00]
  Objective range  [0e+00, 0e+00]
  Bounds range     [1e+00, 1e+00]
  RHS range        [1e-02, 5e+00]
Presolve removed 154 rows and 154 columns
Presolve time: 0.00s

Explored 0 nodes (0 simplex iterations) in 0.00 seconds
Thread count was 1 (of 128 available processors)

Solution count 0

Model is infeasible
Best objective -, best bound -, gap -
Discarded solution information
Parameter FuncPieces unchanged
   Value: -1  Min: -2  Max: 200000000  Default: 0
Parameter FuncPieceLength unchanged
   Value: 1e-05  Min: 1e-05  Max: 1000000.0  Default: 0.01
Parameter FuncPieceError unchanged
   Value: 1e-06  Min: 1e-06  Max: 1000000.0  Default: 0.001
Parameter IntFeasTol unchanged
   Value: 1e-09  Min: 1e-09  Max: 0.1  Default: 1e-05
Gurobi Optimizer version 9.1.2 build v9.1.2rc0 (linux64)
Thread count: 64 physical cores, 128 logical processors, using up to 32 threads
Optimize a model with 319 rows, 515 columns and 789 nonzeros
Model fingerprint: 0x2099367a
Model has 375 general constraints
Variable types: 319 continuous, 196 integer (196 binary)
Coefficient statistics:
  Matrix range     [2e-01, 2e+00]
  Objective range  [0e+00, 0e+00]
  Bounds range     [1e+00, 1e+00]
  RHS range        [1e-02, 5e+00]
Presolve removed 197 rows and 278 columns
Presolve time: 0.01s
Presolved: 122 rows, 237 columns, 634 nonzeros
Presolved model has 50 SOS constraint(s)
Variable types: 199 continuous, 38 integer (34 binary)

Explored 0 nodes (0 simplex iterations) in 0.01 seconds
Thread count was 32 (of 128 available processors)

Solution count 0

Model is infeasible
Best objective -, best bound -, gap -
Discarded solution information
Parameter FuncPieces unchanged
   Value: -1  Min: -2  Max: 200000000  Default: 0
Parameter FuncPieceLength unchanged
   Value: 1e-05  Min: 1e-05  Max: 1000000.0  Default: 0.01
Parameter FuncPieceError unchanged
   Value: 1e-06  Min: 1e-06  Max: 1000000.0  Default: 0.001
Parameter IntFeasTol unchanged
   Value: 1e-09  Min: 1e-09  Max: 0.1  Default: 1e-05
Gurobi Optimizer version 9.1.2 build v9.1.2rc0 (linux64)
Thread count: 64 physical cores, 128 logical processors, using up to 32 threads
Optimize a model with 319 rows, 515 columns and 789 nonzeros
Model fingerprint: 0x8f138b23
Model has 375 general constraints
Variable types: 319 continuous, 196 integer (196 binary)
Coefficient statistics:
  Matrix range     [2e-01, 2e+00]
  Objective range  [0e+00, 0e+00]
  Bounds range     [1e+00, 1e+00]
  RHS range        [1e-02, 5e+00]
Presolve removed 204 rows and 289 columns
Presolve time: 0.01s
Presolved: 115 rows, 226 columns, 612 nonzeros
Presolved model has 49 SOS constraint(s)
Variable types: 190 continuous, 36 integer (34 binary)

Root relaxation: objective 0.000000e+00, 81 iterations, 0.00 seconds

    Nodes    |    Current Node    |     Objective Bounds      |     Work
 Expl Unexpl |  Obj  Depth IntInf | Incumbent    BestBd   Gap | It/Node Time

     0     0 infeasible    0               - infeasible      -     -    0s

Explored 0 nodes (81 simplex iterations) in 0.01 seconds
Thread count was 32 (of 128 available processors)

Solution count 0

Model is infeasible
Best objective -, best bound -, gap -
Discarded solution information
