
Gurobi 9.1.2 (linux64) logging started Sun May 21 08:51:54 2023

Changed value of parameter LogFile to ./logs/blocks-nblk2-seed1257879174-seq0-20230521-085154.log
   Prev:   Default: 

Gurobi 9.1.2 (linux64) logging started Sun May 21 08:51:54 2023

Changed value of parameter LogFile to ./logs/blocks-nblk2-seed1257879174-seq0-20230521-085154.log
   Prev:   Default: 
Changed value of parameter FuncPieces to -1
   Prev: 0  Min: -2  Max: 200000000  Default: 0
Changed value of parameter FuncPieceLength to 1e-05
   Prev: 0.01  Min: 1e-05  Max: 1000000.0  Default: 0.01
Changed value of parameter FuncPieceError to 1e-06
   Prev: 0.001  Min: 1e-06  Max: 1000000.0  Default: 0.001
Changed value of parameter IntFeasTol to 1e-09
   Prev: 1e-05  Min: 1e-09  Max: 0.1  Default: 1e-05
Gurobi Optimizer version 9.1.2 build v9.1.2rc0 (linux64)
Thread count: 64 physical cores, 128 logical processors, using up to 32 threads
Optimize a model with 152 rows, 220 columns and 370 nonzeros
Model fingerprint: 0xf745df70
Model has 114 general constraints
Variable types: 157 continuous, 63 integer (63 binary)
Coefficient statistics:
  Matrix range     [2e-01, 2e+00]
  Objective range  [0e+00, 0e+00]
  Bounds range     [1e+00, 1e+00]
  RHS range        [1e-02, 5e+00]
Presolve added 0 rows and 15 columns
Presolve removed 22 rows and 0 columns
Presolve time: 0.01s
Presolved: 130 rows, 235 columns, 697 nonzeros
Presolved model has 30 SOS constraint(s)
Variable types: 199 continuous, 36 integer (34 binary)

Root relaxation: objective 0.000000e+00, 123 iterations, 0.00 seconds

    Nodes    |    Current Node    |     Objective Bounds      |     Work
 Expl Unexpl |  Obj  Depth IntInf | Incumbent    BestBd   Gap | It/Node Time

     0     0    0.00000    0   12          -    0.00000      -     -    0s
H    0     0                       0.0000000    0.00000  0.00%     -    0s
     0     0    0.00000    0   12    0.00000    0.00000  0.00%     -    0s

Explored 1 nodes (169 simplex iterations) in 0.02 seconds
Thread count was 32 (of 128 available processors)

Solution count 1: 0 

Optimal solution found (tolerance 1.00e-04)
Warning: max constraint violation (3.2026e-02) exceeds tolerance
Warning: max general constraint violation (3.2026e-02) exceeds tolerance
         (model may be infeasible or unbounded - try turning presolve off)
Best objective 0.000000000000e+00, best bound 0.000000000000e+00, gap 0.0000%
Discarded solution information
Parameter FuncPieces unchanged
   Value: -1  Min: -2  Max: 200000000  Default: 0
Parameter FuncPieceLength unchanged
   Value: 1e-05  Min: 1e-05  Max: 1000000.0  Default: 0.01
Parameter FuncPieceError unchanged
   Value: 1e-06  Min: 1e-06  Max: 1000000.0  Default: 0.001
Parameter IntFeasTol unchanged
   Value: 1e-09  Min: 1e-09  Max: 0.1  Default: 1e-05
Gurobi Optimizer version 9.1.2 build v9.1.2rc0 (linux64)
Thread count: 64 physical cores, 128 logical processors, using up to 32 threads
Optimize a model with 169 rows, 256 columns and 387 nonzeros
Model fingerprint: 0x68a130e7
Model has 186 general constraints
Variable types: 157 continuous, 99 integer (99 binary)
Coefficient statistics:
  Matrix range     [2e-01, 2e+00]
  Objective range  [0e+00, 0e+00]
  Bounds range     [1e+00, 1e+00]
  RHS range        [1e-02, 5e+00]
Presolve added 25 rows and 131 columns
Presolve time: 0.00s

Explored 0 nodes (0 simplex iterations) in 0.00 seconds
Thread count was 1 (of 128 available processors)

Solution count 0

Model is infeasible
Best objective -, best bound -, gap -
Discarded solution information
Parameter FuncPieces unchanged
   Value: -1  Min: -2  Max: 200000000  Default: 0
Parameter FuncPieceLength unchanged
   Value: 1e-05  Min: 1e-05  Max: 1000000.0  Default: 0.01
Parameter FuncPieceError unchanged
   Value: 1e-06  Min: 1e-06  Max: 1000000.0  Default: 0.001
Parameter IntFeasTol unchanged
   Value: 1e-09  Min: 1e-09  Max: 0.1  Default: 1e-05
Gurobi Optimizer version 9.1.2 build v9.1.2rc0 (linux64)
Thread count: 64 physical cores, 128 logical processors, using up to 32 threads
Optimize a model with 169 rows, 256 columns and 387 nonzeros
Model fingerprint: 0xfa9589ef
Model has 186 general constraints
Variable types: 157 continuous, 99 integer (99 binary)
Coefficient statistics:
  Matrix range     [2e-01, 2e+00]
  Objective range  [0e+00, 0e+00]
  Bounds range     [1e+00, 1e+00]
  RHS range        [1e-02, 5e+00]
Presolve added 25 rows and 131 columns
Presolve time: 0.00s

Explored 0 nodes (0 simplex iterations) in 0.00 seconds
Thread count was 1 (of 128 available processors)

Solution count 0

Model is infeasible
Best objective -, best bound -, gap -
Discarded solution information
Parameter FuncPieces unchanged
   Value: -1  Min: -2  Max: 200000000  Default: 0
Parameter FuncPieceLength unchanged
   Value: 1e-05  Min: 1e-05  Max: 1000000.0  Default: 0.01
Parameter FuncPieceError unchanged
   Value: 1e-06  Min: 1e-06  Max: 1000000.0  Default: 0.001
Parameter IntFeasTol unchanged
   Value: 1e-09  Min: 1e-09  Max: 0.1  Default: 1e-05
Gurobi Optimizer version 9.1.2 build v9.1.2rc0 (linux64)
Thread count: 64 physical cores, 128 logical processors, using up to 32 threads
Optimize a model with 167 rows, 256 columns and 385 nonzeros
Model fingerprint: 0x5dae9e62
Model has 186 general constraints
Variable types: 157 continuous, 99 integer (99 binary)
Coefficient statistics:
  Matrix range     [2e-01, 2e+00]
  Objective range  [0e+00, 0e+00]
  Bounds range     [1e+00, 1e+00]
  RHS range        [1e-02, 5e+00]
Presolve added 27 rows and 131 columns
Presolve time: 0.00s

Explored 0 nodes (0 simplex iterations) in 0.00 seconds
Thread count was 1 (of 128 available processors)

Solution count 0

Model is infeasible
Best objective -, best bound -, gap -
Discarded solution information
Parameter FuncPieces unchanged
   Value: -1  Min: -2  Max: 200000000  Default: 0
Parameter FuncPieceLength unchanged
   Value: 1e-05  Min: 1e-05  Max: 1000000.0  Default: 0.01
Parameter FuncPieceError unchanged
   Value: 1e-06  Min: 1e-06  Max: 1000000.0  Default: 0.001
Parameter IntFeasTol unchanged
   Value: 1e-09  Min: 1e-09  Max: 0.1  Default: 1e-05
Gurobi Optimizer version 9.1.2 build v9.1.2rc0 (linux64)
Thread count: 64 physical cores, 128 logical processors, using up to 32 threads
Optimize a model with 168 rows, 256 columns and 386 nonzeros
Model fingerprint: 0x271b4188
Model has 186 general constraints
Variable types: 157 continuous, 99 integer (99 binary)
Coefficient statistics:
  Matrix range     [2e-01, 2e+00]
  Objective range  [0e+00, 0e+00]
  Bounds range     [1e+00, 1e+00]
  RHS range        [1e-02, 5e+00]
Presolve removed 41 rows and 12 columns
Presolve time: 0.00s

Explored 0 nodes (0 simplex iterations) in 0.00 seconds
Thread count was 1 (of 128 available processors)

Solution count 0

Model is infeasible
Best objective -, best bound -, gap -
Discarded solution information
Parameter FuncPieces unchanged
   Value: -1  Min: -2  Max: 200000000  Default: 0
Parameter FuncPieceLength unchanged
   Value: 1e-05  Min: 1e-05  Max: 1000000.0  Default: 0.01
Parameter FuncPieceError unchanged
   Value: 1e-06  Min: 1e-06  Max: 1000000.0  Default: 0.001
Parameter IntFeasTol unchanged
   Value: 1e-09  Min: 1e-09  Max: 0.1  Default: 1e-05
Gurobi Optimizer version 9.1.2 build v9.1.2rc0 (linux64)
Thread count: 64 physical cores, 128 logical processors, using up to 32 threads
Optimize a model with 166 rows, 256 columns and 384 nonzeros
Model fingerprint: 0xa7bd8cd4
Model has 186 general constraints
Variable types: 157 continuous, 99 integer (99 binary)
Coefficient statistics:
  Matrix range     [2e-01, 2e+00]
  Objective range  [0e+00, 0e+00]
  Bounds range     [1e+00, 1e+00]
  RHS range        [1e-02, 5e+00]
Presolve added 19 rows and 133 columns
Presolve time: 0.00s

Explored 0 nodes (0 simplex iterations) in 0.00 seconds
Thread count was 1 (of 128 available processors)

Solution count 0

Model is infeasible
Best objective -, best bound -, gap -
Discarded solution information
Parameter FuncPieces unchanged
   Value: -1  Min: -2  Max: 200000000  Default: 0
Parameter FuncPieceLength unchanged
   Value: 1e-05  Min: 1e-05  Max: 1000000.0  Default: 0.01
Parameter FuncPieceError unchanged
   Value: 1e-06  Min: 1e-06  Max: 1000000.0  Default: 0.001
Parameter IntFeasTol unchanged
   Value: 1e-09  Min: 1e-09  Max: 0.1  Default: 1e-05
Gurobi Optimizer version 9.1.2 build v9.1.2rc0 (linux64)
Thread count: 64 physical cores, 128 logical processors, using up to 32 threads
Optimize a model with 165 rows, 256 columns and 383 nonzeros
Model fingerprint: 0x6da593e5
Model has 186 general constraints
Variable types: 157 continuous, 99 integer (99 binary)
Coefficient statistics:
  Matrix range     [2e-01, 2e+00]
  Objective range  [0e+00, 0e+00]
  Bounds range     [1e+00, 1e+00]
  RHS range        [1e-02, 5e+00]
Presolve added 20 rows and 133 columns
Presolve time: 0.00s

Explored 0 nodes (0 simplex iterations) in 0.00 seconds
Thread count was 1 (of 128 available processors)

Solution count 0

Model is infeasible
Best objective -, best bound -, gap -
Discarded solution information
Parameter FuncPieces unchanged
   Value: -1  Min: -2  Max: 200000000  Default: 0
Parameter FuncPieceLength unchanged
   Value: 1e-05  Min: 1e-05  Max: 1000000.0  Default: 0.01
Parameter FuncPieceError unchanged
   Value: 1e-06  Min: 1e-06  Max: 1000000.0  Default: 0.001
Parameter IntFeasTol unchanged
   Value: 1e-09  Min: 1e-09  Max: 0.1  Default: 1e-05
Gurobi Optimizer version 9.1.2 build v9.1.2rc0 (linux64)
Thread count: 64 physical cores, 128 logical processors, using up to 32 threads
Optimize a model with 167 rows, 256 columns and 385 nonzeros
Model fingerprint: 0x0a076a77
Model has 186 general constraints
Variable types: 157 continuous, 99 integer (99 binary)
Coefficient statistics:
  Matrix range     [2e-01, 2e+00]
  Objective range  [0e+00, 0e+00]
  Bounds range     [1e+00, 1e+00]
  RHS range        [1e-02, 5e+00]
Presolve removed 40 rows and 12 columns
Presolve time: 0.00s

Explored 0 nodes (0 simplex iterations) in 0.00 seconds
Thread count was 1 (of 128 available processors)

Solution count 0

Model is infeasible
Best objective -, best bound -, gap -
Discarded solution information
Parameter FuncPieces unchanged
   Value: -1  Min: -2  Max: 200000000  Default: 0
Parameter FuncPieceLength unchanged
   Value: 1e-05  Min: 1e-05  Max: 1000000.0  Default: 0.01
Parameter FuncPieceError unchanged
   Value: 1e-06  Min: 1e-06  Max: 1000000.0  Default: 0.001
Parameter IntFeasTol unchanged
   Value: 1e-09  Min: 1e-09  Max: 0.1  Default: 1e-05
Gurobi Optimizer version 9.1.2 build v9.1.2rc0 (linux64)
Thread count: 64 physical cores, 128 logical processors, using up to 32 threads
Optimize a model with 164 rows, 256 columns and 382 nonzeros
Model fingerprint: 0x8600d91f
Model has 186 general constraints
Variable types: 157 continuous, 99 integer (99 binary)
Coefficient statistics:
  Matrix range     [2e-01, 2e+00]
  Objective range  [0e+00, 0e+00]
  Bounds range     [1e+00, 1e+00]
  RHS range        [1e-02, 5e+00]
Presolve added 21 rows and 133 columns
Presolve time: 0.00s

Explored 0 nodes (0 simplex iterations) in 0.00 seconds
Thread count was 1 (of 128 available processors)

Solution count 0

Model is infeasible
Best objective -, best bound -, gap -
Discarded solution information
Parameter FuncPieces unchanged
   Value: -1  Min: -2  Max: 200000000  Default: 0
Parameter FuncPieceLength unchanged
   Value: 1e-05  Min: 1e-05  Max: 1000000.0  Default: 0.01
Parameter FuncPieceError unchanged
   Value: 1e-06  Min: 1e-06  Max: 1000000.0  Default: 0.001
Parameter IntFeasTol unchanged
   Value: 1e-09  Min: 1e-09  Max: 0.1  Default: 1e-05
Gurobi Optimizer version 9.1.2 build v9.1.2rc0 (linux64)
Thread count: 64 physical cores, 128 logical processors, using up to 32 threads
Optimize a model with 163 rows, 256 columns and 381 nonzeros
Model fingerprint: 0x2be7c207
Model has 186 general constraints
Variable types: 157 continuous, 99 integer (99 binary)
Coefficient statistics:
  Matrix range     [2e-01, 2e+00]
  Objective range  [0e+00, 0e+00]
  Bounds range     [1e+00, 1e+00]
  RHS range        [1e-02, 5e+00]
Presolve removed 163 rows and 256 columns
Presolve time: 0.00s
Presolve: All rows and columns removed

Explored 0 nodes (0 simplex iterations) in 0.00 seconds
Thread count was 1 (of 128 available processors)

Solution count 1: 0 

Optimal solution found (tolerance 1.00e-04)
Warning: max constraint violation (6.9182e-02) exceeds tolerance
Warning: max general constraint violation (6.9182e-02) exceeds tolerance
         (model may be infeasible or unbounded - try turning presolve off)
Best objective 0.000000000000e+00, best bound 0.000000000000e+00, gap 0.0000%
Discarded solution information
Parameter FuncPieces unchanged
   Value: -1  Min: -2  Max: 200000000  Default: 0
Parameter FuncPieceLength unchanged
   Value: 1e-05  Min: 1e-05  Max: 1000000.0  Default: 0.01
Parameter FuncPieceError unchanged
   Value: 1e-06  Min: 1e-06  Max: 1000000.0  Default: 0.001
Parameter IntFeasTol unchanged
   Value: 1e-09  Min: 1e-09  Max: 0.1  Default: 1e-05
Gurobi Optimizer version 9.1.2 build v9.1.2rc0 (linux64)
Thread count: 64 physical cores, 128 logical processors, using up to 32 threads
Optimize a model with 163 rows, 256 columns and 381 nonzeros
Model fingerprint: 0xbd4b2dad
Model has 186 general constraints
Variable types: 157 continuous, 99 integer (99 binary)
Coefficient statistics:
  Matrix range     [2e-01, 2e+00]
  Objective range  [0e+00, 0e+00]
  Bounds range     [1e+00, 1e+00]
  RHS range        [1e-02, 5e+00]
Presolve removed 163 rows and 256 columns
Presolve time: 0.00s
Presolve: All rows and columns removed

Explored 0 nodes (0 simplex iterations) in 0.00 seconds
Thread count was 1 (of 128 available processors)

Solution count 1: 0 

Optimal solution found (tolerance 1.00e-04)
Warning: max constraint violation (6.9182e-02) exceeds tolerance
Warning: max general constraint violation (6.9182e-02) exceeds tolerance
         (model may be infeasible or unbounded - try turning presolve off)
Best objective 0.000000000000e+00, best bound 0.000000000000e+00, gap 0.0000%
Discarded solution information
Parameter FuncPieces unchanged
   Value: -1  Min: -2  Max: 200000000  Default: 0
Parameter FuncPieceLength unchanged
   Value: 1e-05  Min: 1e-05  Max: 1000000.0  Default: 0.01
Parameter FuncPieceError unchanged
   Value: 1e-06  Min: 1e-06  Max: 1000000.0  Default: 0.001
Parameter IntFeasTol unchanged
   Value: 1e-09  Min: 1e-09  Max: 0.1  Default: 1e-05
Gurobi Optimizer version 9.1.2 build v9.1.2rc0 (linux64)
Thread count: 64 physical cores, 128 logical processors, using up to 32 threads
Optimize a model with 163 rows, 256 columns and 381 nonzeros
Model fingerprint: 0xd70ade7f
Model has 186 general constraints
Variable types: 157 continuous, 99 integer (99 binary)
Coefficient statistics:
  Matrix range     [2e-01, 2e+00]
  Objective range  [0e+00, 0e+00]
  Bounds range     [1e+00, 1e+00]
  RHS range        [1e-02, 5e+00]
Presolve added 22 rows and 133 columns
Presolve time: 0.00s

Explored 0 nodes (0 simplex iterations) in 0.00 seconds
Thread count was 1 (of 128 available processors)

Solution count 0

Model is infeasible
Best objective -, best bound -, gap -
Discarded solution information
Parameter FuncPieces unchanged
   Value: -1  Min: -2  Max: 200000000  Default: 0
Parameter FuncPieceLength unchanged
   Value: 1e-05  Min: 1e-05  Max: 1000000.0  Default: 0.01
Parameter FuncPieceError unchanged
   Value: 1e-06  Min: 1e-06  Max: 1000000.0  Default: 0.001
Parameter IntFeasTol unchanged
   Value: 1e-09  Min: 1e-09  Max: 0.1  Default: 1e-05
Gurobi Optimizer version 9.1.2 build v9.1.2rc0 (linux64)
Thread count: 64 physical cores, 128 logical processors, using up to 32 threads
Optimize a model with 166 rows, 256 columns and 384 nonzeros
Model fingerprint: 0x3c0679ae
Model has 186 general constraints
Variable types: 157 continuous, 99 integer (99 binary)
Coefficient statistics:
  Matrix range     [2e-01, 2e+00]
  Objective range  [0e+00, 0e+00]
  Bounds range     [1e+00, 1e+00]
  RHS range        [1e-02, 5e+00]
Presolve removed 39 rows and 12 columns
Presolve time: 0.00s

Explored 0 nodes (0 simplex iterations) in 0.00 seconds
Thread count was 1 (of 128 available processors)

Solution count 0

Model is infeasible
Best objective -, best bound -, gap -
Discarded solution information
Parameter FuncPieces unchanged
   Value: -1  Min: -2  Max: 200000000  Default: 0
Parameter FuncPieceLength unchanged
   Value: 1e-05  Min: 1e-05  Max: 1000000.0  Default: 0.01
Parameter FuncPieceError unchanged
   Value: 1e-06  Min: 1e-06  Max: 1000000.0  Default: 0.001
Parameter IntFeasTol unchanged
   Value: 1e-09  Min: 1e-09  Max: 0.1  Default: 1e-05
Gurobi Optimizer version 9.1.2 build v9.1.2rc0 (linux64)
Thread count: 64 physical cores, 128 logical processors, using up to 32 threads
Optimize a model with 162 rows, 256 columns and 380 nonzeros
Model fingerprint: 0xf68cb53c
Model has 186 general constraints
Variable types: 157 continuous, 99 integer (99 binary)
Coefficient statistics:
  Matrix range     [2e-01, 2e+00]
  Objective range  [0e+00, 0e+00]
  Bounds range     [1e+00, 1e+00]
  RHS range        [1e-02, 5e+00]
Presolve added 23 rows and 133 columns
Presolve time: 0.00s

Explored 0 nodes (0 simplex iterations) in 0.00 seconds
Thread count was 1 (of 128 available processors)

Solution count 0

Model is infeasible
Best objective -, best bound -, gap -
Discarded solution information
Parameter FuncPieces unchanged
   Value: -1  Min: -2  Max: 200000000  Default: 0
Parameter FuncPieceLength unchanged
   Value: 1e-05  Min: 1e-05  Max: 1000000.0  Default: 0.01
Parameter FuncPieceError unchanged
   Value: 1e-06  Min: 1e-06  Max: 1000000.0  Default: 0.001
Parameter IntFeasTol unchanged
   Value: 1e-09  Min: 1e-09  Max: 0.1  Default: 1e-05
Gurobi Optimizer version 9.1.2 build v9.1.2rc0 (linux64)
Thread count: 64 physical cores, 128 logical processors, using up to 32 threads
Optimize a model with 165 rows, 256 columns and 383 nonzeros
Model fingerprint: 0xa40bbebe
Model has 186 general constraints
Variable types: 157 continuous, 99 integer (99 binary)
Coefficient statistics:
  Matrix range     [2e-01, 2e+00]
  Objective range  [0e+00, 0e+00]
  Bounds range     [1e+00, 1e+00]
  RHS range        [1e-02, 5e+00]
Presolve removed 38 rows and 12 columns
Presolve time: 0.00s

Explored 0 nodes (0 simplex iterations) in 0.00 seconds
Thread count was 1 (of 128 available processors)

Solution count 0

Model is infeasible
Best objective -, best bound -, gap -
Discarded solution information
Parameter FuncPieces unchanged
   Value: -1  Min: -2  Max: 200000000  Default: 0
Parameter FuncPieceLength unchanged
   Value: 1e-05  Min: 1e-05  Max: 1000000.0  Default: 0.01
Parameter FuncPieceError unchanged
   Value: 1e-06  Min: 1e-06  Max: 1000000.0  Default: 0.001
Parameter IntFeasTol unchanged
   Value: 1e-09  Min: 1e-09  Max: 0.1  Default: 1e-05
Gurobi Optimizer version 9.1.2 build v9.1.2rc0 (linux64)
Thread count: 64 physical cores, 128 logical processors, using up to 32 threads
Optimize a model with 161 rows, 256 columns and 379 nonzeros
Model fingerprint: 0xe4221cc2
Model has 186 general constraints
Variable types: 157 continuous, 99 integer (99 binary)
Coefficient statistics:
  Matrix range     [2e-01, 2e+00]
  Objective range  [0e+00, 0e+00]
  Bounds range     [1e+00, 1e+00]
  RHS range        [1e-02, 5e+00]
Presolve added 27 rows and 137 columns
Presolve time: 0.00s

Explored 0 nodes (0 simplex iterations) in 0.00 seconds
Thread count was 1 (of 128 available processors)

Solution count 0

Model is infeasible
Best objective -, best bound -, gap -
Discarded solution information
Parameter FuncPieces unchanged
   Value: -1  Min: -2  Max: 200000000  Default: 0
Parameter FuncPieceLength unchanged
   Value: 1e-05  Min: 1e-05  Max: 1000000.0  Default: 0.01
Parameter FuncPieceError unchanged
   Value: 1e-06  Min: 1e-06  Max: 1000000.0  Default: 0.001
Parameter IntFeasTol unchanged
   Value: 1e-09  Min: 1e-09  Max: 0.1  Default: 1e-05
Gurobi Optimizer version 9.1.2 build v9.1.2rc0 (linux64)
Thread count: 64 physical cores, 128 logical processors, using up to 32 threads
Optimize a model with 164 rows, 256 columns and 382 nonzeros
Model fingerprint: 0x6c3e0e76
Model has 186 general constraints
Variable types: 157 continuous, 99 integer (99 binary)
Coefficient statistics:
  Matrix range     [2e-01, 2e+00]
  Objective range  [0e+00, 0e+00]
  Bounds range     [1e+00, 1e+00]
  RHS range        [1e-02, 5e+00]
Presolve removed 37 rows and 12 columns
Presolve time: 0.00s

Explored 0 nodes (0 simplex iterations) in 0.00 seconds
Thread count was 1 (of 128 available processors)

Solution count 0

Model is infeasible
Best objective -, best bound -, gap -
Discarded solution information
Parameter FuncPieces unchanged
   Value: -1  Min: -2  Max: 200000000  Default: 0
Parameter FuncPieceLength unchanged
   Value: 1e-05  Min: 1e-05  Max: 1000000.0  Default: 0.01
Parameter FuncPieceError unchanged
   Value: 1e-06  Min: 1e-06  Max: 1000000.0  Default: 0.001
Parameter IntFeasTol unchanged
   Value: 1e-09  Min: 1e-09  Max: 0.1  Default: 1e-05
Gurobi Optimizer version 9.1.2 build v9.1.2rc0 (linux64)
Thread count: 64 physical cores, 128 logical processors, using up to 32 threads
Optimize a model with 160 rows, 256 columns and 378 nonzeros
Model fingerprint: 0xa9865f09
Model has 186 general constraints
Variable types: 157 continuous, 99 integer (99 binary)
Coefficient statistics:
  Matrix range     [2e-01, 2e+00]
  Objective range  [0e+00, 0e+00]
  Bounds range     [1e+00, 1e+00]
  RHS range        [1e-02, 5e+00]
Presolve added 28 rows and 137 columns
Presolve time: 0.00s

Explored 0 nodes (0 simplex iterations) in 0.00 seconds
Thread count was 1 (of 128 available processors)

Solution count 0

Model is infeasible
Best objective -, best bound -, gap -
Discarded solution information

Gurobi 9.1.2 (linux64) logging started Sun May 21 08:51:54 2023

Changed value of parameter LogFile to ./logs/blocks-nblk2-seed1257879174-seq0-20230521-085154.log
   Prev:   Default: 
Changed value of parameter FuncPieces to -1
   Prev: 0  Min: -2  Max: 200000000  Default: 0
Changed value of parameter FuncPieceLength to 1e-05
   Prev: 0.01  Min: 1e-05  Max: 1000000.0  Default: 0.01
Changed value of parameter FuncPieceError to 1e-06
   Prev: 0.001  Min: 1e-06  Max: 1000000.0  Default: 0.001
Changed value of parameter IntFeasTol to 1e-09
   Prev: 1e-05  Min: 1e-09  Max: 0.1  Default: 1e-05
Gurobi Optimizer version 9.1.2 build v9.1.2rc0 (linux64)
Thread count: 64 physical cores, 128 logical processors, using up to 32 threads
Optimize a model with 152 rows, 220 columns and 370 nonzeros
Model fingerprint: 0xf745df70
Model has 114 general constraints
Variable types: 157 continuous, 63 integer (63 binary)
Coefficient statistics:
  Matrix range     [2e-01, 2e+00]
  Objective range  [0e+00, 0e+00]
  Bounds range     [1e+00, 1e+00]
  RHS range        [1e-02, 5e+00]
Presolve added 0 rows and 15 columns
Presolve removed 22 rows and 0 columns
Presolve time: 0.01s
Presolved: 130 rows, 235 columns, 697 nonzeros
Presolved model has 30 SOS constraint(s)
Variable types: 199 continuous, 36 integer (34 binary)

Root relaxation: objective 0.000000e+00, 123 iterations, 0.00 seconds

    Nodes    |    Current Node    |     Objective Bounds      |     Work
 Expl Unexpl |  Obj  Depth IntInf | Incumbent    BestBd   Gap | It/Node Time

     0     0    0.00000    0   12          -    0.00000      -     -    0s
H    0     0                       0.0000000    0.00000  0.00%     -    0s
     0     0    0.00000    0   12    0.00000    0.00000  0.00%     -    0s

Explored 1 nodes (169 simplex iterations) in 0.01 seconds
Thread count was 32 (of 128 available processors)

Solution count 1: 0 

Optimal solution found (tolerance 1.00e-04)
Warning: max constraint violation (3.2026e-02) exceeds tolerance
Warning: max general constraint violation (3.2026e-02) exceeds tolerance
         (model may be infeasible or unbounded - try turning presolve off)
Best objective 0.000000000000e+00, best bound 0.000000000000e+00, gap 0.0000%
Discarded solution information
Parameter FuncPieces unchanged
   Value: -1  Min: -2  Max: 200000000  Default: 0
Parameter FuncPieceLength unchanged
   Value: 1e-05  Min: 1e-05  Max: 1000000.0  Default: 0.01
Parameter FuncPieceError unchanged
   Value: 1e-06  Min: 1e-06  Max: 1000000.0  Default: 0.001
Parameter IntFeasTol unchanged
   Value: 1e-09  Min: 1e-09  Max: 0.1  Default: 1e-05
Gurobi Optimizer version 9.1.2 build v9.1.2rc0 (linux64)
Thread count: 64 physical cores, 128 logical processors, using up to 32 threads
Optimize a model with 169 rows, 256 columns and 387 nonzeros
Model fingerprint: 0x68a130e7
Model has 186 general constraints
Variable types: 157 continuous, 99 integer (99 binary)
Coefficient statistics:
  Matrix range     [2e-01, 2e+00]
  Objective range  [0e+00, 0e+00]
  Bounds range     [1e+00, 1e+00]
  RHS range        [1e-02, 5e+00]
Presolve added 25 rows and 131 columns
Presolve time: 0.00s

Explored 0 nodes (0 simplex iterations) in 0.00 seconds
Thread count was 1 (of 128 available processors)

Solution count 0

Model is infeasible
Best objective -, best bound -, gap -
Discarded solution information
Parameter FuncPieces unchanged
   Value: -1  Min: -2  Max: 200000000  Default: 0
Parameter FuncPieceLength unchanged
   Value: 1e-05  Min: 1e-05  Max: 1000000.0  Default: 0.01
Parameter FuncPieceError unchanged
   Value: 1e-06  Min: 1e-06  Max: 1000000.0  Default: 0.001
Parameter IntFeasTol unchanged
   Value: 1e-09  Min: 1e-09  Max: 0.1  Default: 1e-05
Gurobi Optimizer version 9.1.2 build v9.1.2rc0 (linux64)
Thread count: 64 physical cores, 128 logical processors, using up to 32 threads
Optimize a model with 169 rows, 256 columns and 387 nonzeros
Model fingerprint: 0xff366c3a
Model has 186 general constraints
Variable types: 157 continuous, 99 integer (99 binary)
Coefficient statistics:
  Matrix range     [2e-01, 2e+00]
  Objective range  [0e+00, 0e+00]
  Bounds range     [1e+00, 1e+00]
  RHS range        [1e-02, 5e+00]
Presolve added 25 rows and 131 columns
Presolve time: 0.00s

Explored 0 nodes (0 simplex iterations) in 0.00 seconds
Thread count was 1 (of 128 available processors)

Solution count 0

Model is infeasible
Best objective -, best bound -, gap -
Discarded solution information
Parameter FuncPieces unchanged
   Value: -1  Min: -2  Max: 200000000  Default: 0
Parameter FuncPieceLength unchanged
   Value: 1e-05  Min: 1e-05  Max: 1000000.0  Default: 0.01
Parameter FuncPieceError unchanged
   Value: 1e-06  Min: 1e-06  Max: 1000000.0  Default: 0.001
Parameter IntFeasTol unchanged
   Value: 1e-09  Min: 1e-09  Max: 0.1  Default: 1e-05
Gurobi Optimizer version 9.1.2 build v9.1.2rc0 (linux64)
Thread count: 64 physical cores, 128 logical processors, using up to 32 threads
Optimize a model with 167 rows, 256 columns and 385 nonzeros
Model fingerprint: 0xb437d027
Model has 186 general constraints
Variable types: 157 continuous, 99 integer (99 binary)
Coefficient statistics:
  Matrix range     [2e-01, 2e+00]
  Objective range  [0e+00, 0e+00]
  Bounds range     [1e+00, 1e+00]
  RHS range        [1e-02, 5e+00]
Presolve added 27 rows and 131 columns
Presolve time: 0.00s

Explored 0 nodes (0 simplex iterations) in 0.00 seconds
Thread count was 1 (of 128 available processors)

Solution count 0

Model is infeasible
Best objective -, best bound -, gap -
Discarded solution information
Parameter FuncPieces unchanged
   Value: -1  Min: -2  Max: 200000000  Default: 0
Parameter FuncPieceLength unchanged
   Value: 1e-05  Min: 1e-05  Max: 1000000.0  Default: 0.01
Parameter FuncPieceError unchanged
   Value: 1e-06  Min: 1e-06  Max: 1000000.0  Default: 0.001
Parameter IntFeasTol unchanged
   Value: 1e-09  Min: 1e-09  Max: 0.1  Default: 1e-05
Gurobi Optimizer version 9.1.2 build v9.1.2rc0 (linux64)
Thread count: 64 physical cores, 128 logical processors, using up to 32 threads
Optimize a model with 168 rows, 256 columns and 386 nonzeros
Model fingerprint: 0x1f00500d
Model has 186 general constraints
Variable types: 157 continuous, 99 integer (99 binary)
Coefficient statistics:
  Matrix range     [2e-01, 2e+00]
  Objective range  [0e+00, 0e+00]
  Bounds range     [1e+00, 1e+00]
  RHS range        [1e-02, 5e+00]
Presolve removed 41 rows and 12 columns
Presolve time: 0.00s

Explored 0 nodes (0 simplex iterations) in 0.00 seconds
Thread count was 1 (of 128 available processors)

Solution count 0

Model is infeasible
Best objective -, best bound -, gap -
Discarded solution information
Parameter FuncPieces unchanged
   Value: -1  Min: -2  Max: 200000000  Default: 0
Parameter FuncPieceLength unchanged
   Value: 1e-05  Min: 1e-05  Max: 1000000.0  Default: 0.01
Parameter FuncPieceError unchanged
   Value: 1e-06  Min: 1e-06  Max: 1000000.0  Default: 0.001
Parameter IntFeasTol unchanged
   Value: 1e-09  Min: 1e-09  Max: 0.1  Default: 1e-05
Gurobi Optimizer version 9.1.2 build v9.1.2rc0 (linux64)
Thread count: 64 physical cores, 128 logical processors, using up to 32 threads
Optimize a model with 166 rows, 256 columns and 384 nonzeros
Model fingerprint: 0x1b57bac3
Model has 186 general constraints
Variable types: 157 continuous, 99 integer (99 binary)
Coefficient statistics:
  Matrix range     [2e-01, 2e+00]
  Objective range  [0e+00, 0e+00]
  Bounds range     [1e+00, 1e+00]
  RHS range        [1e-02, 5e+00]
Presolve added 28 rows and 131 columns
Presolve time: 0.00s

Explored 0 nodes (0 simplex iterations) in 0.00 seconds
Thread count was 1 (of 128 available processors)

Solution count 0

Model is infeasible
Best objective -, best bound -, gap -
Discarded solution information
Parameter FuncPieces unchanged
   Value: -1  Min: -2  Max: 200000000  Default: 0
Parameter FuncPieceLength unchanged
   Value: 1e-05  Min: 1e-05  Max: 1000000.0  Default: 0.01
Parameter FuncPieceError unchanged
   Value: 1e-06  Min: 1e-06  Max: 1000000.0  Default: 0.001
Parameter IntFeasTol unchanged
   Value: 1e-09  Min: 1e-09  Max: 0.1  Default: 1e-05
Gurobi Optimizer version 9.1.2 build v9.1.2rc0 (linux64)
Thread count: 64 physical cores, 128 logical processors, using up to 32 threads
Optimize a model with 167 rows, 256 columns and 385 nonzeros
Model fingerprint: 0x01e7e46c
Model has 186 general constraints
Variable types: 157 continuous, 99 integer (99 binary)
Coefficient statistics:
  Matrix range     [2e-01, 2e+00]
  Objective range  [0e+00, 0e+00]
  Bounds range     [1e+00, 1e+00]
  RHS range        [1e-02, 5e+00]
Presolve removed 40 rows and 12 columns
Presolve time: 0.00s

Explored 0 nodes (0 simplex iterations) in 0.00 seconds
Thread count was 1 (of 128 available processors)

Solution count 0

Model is infeasible
Best objective -, best bound -, gap -
Discarded solution information
Parameter FuncPieces unchanged
   Value: -1  Min: -2  Max: 200000000  Default: 0
Parameter FuncPieceLength unchanged
   Value: 1e-05  Min: 1e-05  Max: 1000000.0  Default: 0.01
Parameter FuncPieceError unchanged
   Value: 1e-06  Min: 1e-06  Max: 1000000.0  Default: 0.001
Parameter IntFeasTol unchanged
   Value: 1e-09  Min: 1e-09  Max: 0.1  Default: 1e-05
Gurobi Optimizer version 9.1.2 build v9.1.2rc0 (linux64)
Thread count: 64 physical cores, 128 logical processors, using up to 32 threads
Optimize a model with 165 rows, 256 columns and 383 nonzeros
Model fingerprint: 0x79944447
Model has 186 general constraints
Variable types: 157 continuous, 99 integer (99 binary)
Coefficient statistics:
  Matrix range     [2e-01, 2e+00]
  Objective range  [0e+00, 0e+00]
  Bounds range     [1e+00, 1e+00]
  RHS range        [1e-02, 5e+00]
Presolve added 29 rows and 131 columns
Presolve time: 0.00s

Explored 0 nodes (0 simplex iterations) in 0.00 seconds
Thread count was 1 (of 128 available processors)

Solution count 0

Model is infeasible
Best objective -, best bound -, gap -
Discarded solution information
Parameter FuncPieces unchanged
   Value: -1  Min: -2  Max: 200000000  Default: 0
Parameter FuncPieceLength unchanged
   Value: 1e-05  Min: 1e-05  Max: 1000000.0  Default: 0.01
Parameter FuncPieceError unchanged
   Value: 1e-06  Min: 1e-06  Max: 1000000.0  Default: 0.001
Parameter IntFeasTol unchanged
   Value: 1e-09  Min: 1e-09  Max: 0.1  Default: 1e-05
Gurobi Optimizer version 9.1.2 build v9.1.2rc0 (linux64)
Thread count: 64 physical cores, 128 logical processors, using up to 32 threads
Optimize a model with 166 rows, 256 columns and 384 nonzeros
Model fingerprint: 0xee056413
Model has 186 general constraints
Variable types: 157 continuous, 99 integer (99 binary)
Coefficient statistics:
  Matrix range     [2e-01, 2e+00]
  Objective range  [0e+00, 0e+00]
  Bounds range     [1e+00, 1e+00]
  RHS range        [1e-02, 5e+00]
Presolve removed 39 rows and 12 columns
Presolve time: 0.00s

Explored 0 nodes (0 simplex iterations) in 0.00 seconds
Thread count was 1 (of 128 available processors)

Solution count 0

Model is infeasible
Best objective -, best bound -, gap -
Discarded solution information
Parameter FuncPieces unchanged
   Value: -1  Min: -2  Max: 200000000  Default: 0
Parameter FuncPieceLength unchanged
   Value: 1e-05  Min: 1e-05  Max: 1000000.0  Default: 0.01
Parameter FuncPieceError unchanged
   Value: 1e-06  Min: 1e-06  Max: 1000000.0  Default: 0.001
Parameter IntFeasTol unchanged
   Value: 1e-09  Min: 1e-09  Max: 0.1  Default: 1e-05
Gurobi Optimizer version 9.1.2 build v9.1.2rc0 (linux64)
Thread count: 64 physical cores, 128 logical processors, using up to 32 threads
Optimize a model with 164 rows, 256 columns and 382 nonzeros
Model fingerprint: 0x275c5bb9
Model has 186 general constraints
Variable types: 157 continuous, 99 integer (99 binary)
Coefficient statistics:
  Matrix range     [2e-01, 2e+00]
  Objective range  [0e+00, 0e+00]
  Bounds range     [1e+00, 1e+00]
  RHS range        [1e-02, 5e+00]
Presolve added 30 rows and 131 columns
Presolve time: 0.00s

Explored 0 nodes (0 simplex iterations) in 0.00 seconds
Thread count was 1 (of 128 available processors)

Solution count 0

Model is infeasible
Best objective -, best bound -, gap -
Discarded solution information
Parameter FuncPieces unchanged
   Value: -1  Min: -2  Max: 200000000  Default: 0
Parameter FuncPieceLength unchanged
   Value: 1e-05  Min: 1e-05  Max: 1000000.0  Default: 0.01
Parameter FuncPieceError unchanged
   Value: 1e-06  Min: 1e-06  Max: 1000000.0  Default: 0.001
Parameter IntFeasTol unchanged
   Value: 1e-09  Min: 1e-09  Max: 0.1  Default: 1e-05
Gurobi Optimizer version 9.1.2 build v9.1.2rc0 (linux64)
Thread count: 64 physical cores, 128 logical processors, using up to 32 threads
Optimize a model with 165 rows, 256 columns and 383 nonzeros
Model fingerprint: 0xb26e91fa
Model has 186 general constraints
Variable types: 157 continuous, 99 integer (99 binary)
Coefficient statistics:
  Matrix range     [2e-01, 2e+00]
  Objective range  [0e+00, 0e+00]
  Bounds range     [1e+00, 1e+00]
  RHS range        [1e-02, 5e+00]
Presolve removed 38 rows and 12 columns
Presolve time: 0.00s

Explored 0 nodes (0 simplex iterations) in 0.00 seconds
Thread count was 1 (of 128 available processors)

Solution count 0

Model is infeasible
Best objective -, best bound -, gap -
Discarded solution information
Parameter FuncPieces unchanged
   Value: -1  Min: -2  Max: 200000000  Default: 0
Parameter FuncPieceLength unchanged
   Value: 1e-05  Min: 1e-05  Max: 1000000.0  Default: 0.01
Parameter FuncPieceError unchanged
   Value: 1e-06  Min: 1e-06  Max: 1000000.0  Default: 0.001
Parameter IntFeasTol unchanged
   Value: 1e-09  Min: 1e-09  Max: 0.1  Default: 1e-05
Gurobi Optimizer version 9.1.2 build v9.1.2rc0 (linux64)
Thread count: 64 physical cores, 128 logical processors, using up to 32 threads
Optimize a model with 163 rows, 256 columns and 381 nonzeros
Model fingerprint: 0xb0f34411
Model has 186 general constraints
Variable types: 157 continuous, 99 integer (99 binary)
Coefficient statistics:
  Matrix range     [2e-01, 2e+00]
  Objective range  [0e+00, 0e+00]
  Bounds range     [1e+00, 1e+00]
  RHS range        [1e-02, 5e+00]
Presolve added 22 rows and 133 columns
Presolve time: 0.00s

Explored 0 nodes (0 simplex iterations) in 0.00 seconds
Thread count was 1 (of 128 available processors)

Solution count 0

Model is infeasible
Best objective -, best bound -, gap -
Discarded solution information
Parameter FuncPieces unchanged
   Value: -1  Min: -2  Max: 200000000  Default: 0
Parameter FuncPieceLength unchanged
   Value: 1e-05  Min: 1e-05  Max: 1000000.0  Default: 0.01
Parameter FuncPieceError unchanged
   Value: 1e-06  Min: 1e-06  Max: 1000000.0  Default: 0.001
Parameter IntFeasTol unchanged
   Value: 1e-09  Min: 1e-09  Max: 0.1  Default: 1e-05
Gurobi Optimizer version 9.1.2 build v9.1.2rc0 (linux64)
Thread count: 64 physical cores, 128 logical processors, using up to 32 threads
Optimize a model with 162 rows, 256 columns and 380 nonzeros
Model fingerprint: 0xe2caf8ab
Model has 186 general constraints
Variable types: 157 continuous, 99 integer (99 binary)
Coefficient statistics:
  Matrix range     [2e-01, 2e+00]
  Objective range  [0e+00, 0e+00]
  Bounds range     [1e+00, 1e+00]
  RHS range        [1e-02, 5e+00]
Presolve added 23 rows and 133 columns
Presolve time: 0.00s

Explored 0 nodes (0 simplex iterations) in 0.00 seconds
Thread count was 1 (of 128 available processors)

Solution count 0

Model is infeasible
Best objective -, best bound -, gap -
Discarded solution information
Parameter FuncPieces unchanged
   Value: -1  Min: -2  Max: 200000000  Default: 0
Parameter FuncPieceLength unchanged
   Value: 1e-05  Min: 1e-05  Max: 1000000.0  Default: 0.01
Parameter FuncPieceError unchanged
   Value: 1e-06  Min: 1e-06  Max: 1000000.0  Default: 0.001
Parameter IntFeasTol unchanged
   Value: 1e-09  Min: 1e-09  Max: 0.1  Default: 1e-05
Gurobi Optimizer version 9.1.2 build v9.1.2rc0 (linux64)
Thread count: 64 physical cores, 128 logical processors, using up to 32 threads
Optimize a model with 161 rows, 256 columns and 379 nonzeros
Model fingerprint: 0x1d9b5e8e
Model has 186 general constraints
Variable types: 157 continuous, 99 integer (99 binary)
Coefficient statistics:
  Matrix range     [2e-01, 2e+00]
  Objective range  [0e+00, 0e+00]
  Bounds range     [1e+00, 1e+00]
  RHS range        [1e-02, 5e+00]
Presolve added 24 rows and 133 columns
Presolve time: 0.00s

Explored 0 nodes (0 simplex iterations) in 0.00 seconds
Thread count was 1 (of 128 available processors)

Solution count 0

Model is infeasible
Best objective -, best bound -, gap -
Discarded solution information
Parameter FuncPieces unchanged
   Value: -1  Min: -2  Max: 200000000  Default: 0
Parameter FuncPieceLength unchanged
   Value: 1e-05  Min: 1e-05  Max: 1000000.0  Default: 0.01
Parameter FuncPieceError unchanged
   Value: 1e-06  Min: 1e-06  Max: 1000000.0  Default: 0.001
Parameter IntFeasTol unchanged
   Value: 1e-09  Min: 1e-09  Max: 0.1  Default: 1e-05
Gurobi Optimizer version 9.1.2 build v9.1.2rc0 (linux64)
Thread count: 64 physical cores, 128 logical processors, using up to 32 threads
Optimize a model with 164 rows, 256 columns and 382 nonzeros
Model fingerprint: 0xf265bdf3
Model has 186 general constraints
Variable types: 157 continuous, 99 integer (99 binary)
Coefficient statistics:
  Matrix range     [2e-01, 2e+00]
  Objective range  [0e+00, 0e+00]
  Bounds range     [1e+00, 1e+00]
  RHS range        [1e-02, 5e+00]
Presolve removed 37 rows and 12 columns
Presolve time: 0.00s

Explored 0 nodes (0 simplex iterations) in 0.00 seconds
Thread count was 1 (of 128 available processors)

Solution count 0

Model is infeasible
Best objective -, best bound -, gap -
Discarded solution information
Parameter FuncPieces unchanged
   Value: -1  Min: -2  Max: 200000000  Default: 0
Parameter FuncPieceLength unchanged
   Value: 1e-05  Min: 1e-05  Max: 1000000.0  Default: 0.01
Parameter FuncPieceError unchanged
   Value: 1e-06  Min: 1e-06  Max: 1000000.0  Default: 0.001
Parameter IntFeasTol unchanged
   Value: 1e-09  Min: 1e-09  Max: 0.1  Default: 1e-05
Gurobi Optimizer version 9.1.2 build v9.1.2rc0 (linux64)
Thread count: 64 physical cores, 128 logical processors, using up to 32 threads
Optimize a model with 160 rows, 256 columns and 378 nonzeros
Model fingerprint: 0x507d8e66
Model has 186 general constraints
Variable types: 157 continuous, 99 integer (99 binary)
Coefficient statistics:
  Matrix range     [2e-01, 2e+00]
  Objective range  [0e+00, 0e+00]
  Bounds range     [1e+00, 1e+00]
  RHS range        [1e-02, 5e+00]
Presolve added 26 rows and 134 columns
Presolve time: 0.00s

Explored 0 nodes (0 simplex iterations) in 0.00 seconds
Thread count was 1 (of 128 available processors)

Solution count 0

Model is infeasible
Best objective -, best bound -, gap -
Discarded solution information
Parameter FuncPieces unchanged
   Value: -1  Min: -2  Max: 200000000  Default: 0
Parameter FuncPieceLength unchanged
   Value: 1e-05  Min: 1e-05  Max: 1000000.0  Default: 0.01
Parameter FuncPieceError unchanged
   Value: 1e-06  Min: 1e-06  Max: 1000000.0  Default: 0.001
Parameter IntFeasTol unchanged
   Value: 1e-09  Min: 1e-09  Max: 0.1  Default: 1e-05
Gurobi Optimizer version 9.1.2 build v9.1.2rc0 (linux64)
Thread count: 64 physical cores, 128 logical processors, using up to 32 threads
Optimize a model with 159 rows, 256 columns and 377 nonzeros
Model fingerprint: 0x49347252
Model has 186 general constraints
Variable types: 157 continuous, 99 integer (99 binary)
Coefficient statistics:
  Matrix range     [2e-01, 2e+00]
  Objective range  [0e+00, 0e+00]
  Bounds range     [1e+00, 1e+00]
  RHS range        [1e-02, 5e+00]
Presolve added 30 rows and 138 columns
Presolve time: 0.00s

Explored 0 nodes (0 simplex iterations) in 0.00 seconds
Thread count was 1 (of 128 available processors)

Solution count 0

Model is infeasible
Best objective -, best bound -, gap -
Discarded solution information
Parameter FuncPieces unchanged
   Value: -1  Min: -2  Max: 200000000  Default: 0
Parameter FuncPieceLength unchanged
   Value: 1e-05  Min: 1e-05  Max: 1000000.0  Default: 0.01
Parameter FuncPieceError unchanged
   Value: 1e-06  Min: 1e-06  Max: 1000000.0  Default: 0.001
Parameter IntFeasTol unchanged
   Value: 1e-09  Min: 1e-09  Max: 0.1  Default: 1e-05
Gurobi Optimizer version 9.1.2 build v9.1.2rc0 (linux64)
Thread count: 64 physical cores, 128 logical processors, using up to 32 threads
Optimize a model with 163 rows, 256 columns and 381 nonzeros
Model fingerprint: 0x3021156a
Model has 186 general constraints
Variable types: 157 continuous, 99 integer (99 binary)
Coefficient statistics:
  Matrix range     [2e-01, 2e+00]
  Objective range  [0e+00, 0e+00]
  Bounds range     [1e+00, 1e+00]
  RHS range        [1e-02, 5e+00]
Presolve removed 36 rows and 12 columns
Presolve time: 0.00s

Explored 0 nodes (0 simplex iterations) in 0.00 seconds
Thread count was 1 (of 128 available processors)

Solution count 0

Model is infeasible
Best objective -, best bound -, gap -
Discarded solution information
Parameter FuncPieces unchanged
   Value: -1  Min: -2  Max: 200000000  Default: 0
Parameter FuncPieceLength unchanged
   Value: 1e-05  Min: 1e-05  Max: 1000000.0  Default: 0.01
Parameter FuncPieceError unchanged
   Value: 1e-06  Min: 1e-06  Max: 1000000.0  Default: 0.001
Parameter IntFeasTol unchanged
   Value: 1e-09  Min: 1e-09  Max: 0.1  Default: 1e-05
Gurobi Optimizer version 9.1.2 build v9.1.2rc0 (linux64)
Thread count: 64 physical cores, 128 logical processors, using up to 32 threads
Optimize a model with 158 rows, 256 columns and 376 nonzeros
Model fingerprint: 0x8397960c
Model has 186 general constraints
Variable types: 157 continuous, 99 integer (99 binary)
Coefficient statistics:
  Matrix range     [2e-01, 2e+00]
  Objective range  [0e+00, 0e+00]
  Bounds range     [1e+00, 1e+00]
  RHS range        [1e-02, 5e+00]
Presolve removed 52 rows and 189 columns
Presolve time: 0.01s
Presolved: 106 rows, 67 columns, 322 nonzeros
Variable types: 35 continuous, 32 integer (32 binary)

Root relaxation: objective 0.000000e+00, 45 iterations, 0.00 seconds

    Nodes    |    Current Node    |     Objective Bounds      |     Work
 Expl Unexpl |  Obj  Depth IntInf | Incumbent    BestBd   Gap | It/Node Time

     0     0    0.00000    0   10          -    0.00000      -     -    0s
H    0     0                       0.0000000    0.00000  0.00%     -    0s

Explored 0 nodes (0 simplex iterations) in 0.01 seconds
Thread count was 32 (of 128 available processors)

Solution count 1: 0 

Optimal solution found (tolerance 1.00e-04)
Warning: max constraint violation (6.9182e-02) exceeds tolerance
Warning: max general constraint violation (6.9182e-02) exceeds tolerance
         (model may be infeasible or unbounded - try turning presolve off)
Best objective 0.000000000000e+00, best bound 0.000000000000e+00, gap 0.0000%
Discarded solution information
