
Gurobi 9.1.2 (linux64) logging started Sun May 21 08:52:43 2023

Changed value of parameter LogFile to ./logs/blocks-nblk3-seed1914988565-seq2-20230521-085243.log
   Prev:   Default: 
Changed value of parameter FuncPieces to -1
   Prev: 0  Min: -2  Max: 200000000  Default: 0
Changed value of parameter FuncPieceLength to 1e-05
   Prev: 0.01  Min: 1e-05  Max: 1000000.0  Default: 0.01
Changed value of parameter FuncPieceError to 1e-06
   Prev: 0.001  Min: 1e-06  Max: 1000000.0  Default: 0.001
Changed value of parameter IntFeasTol to 1e-09
   Prev: 1e-05  Min: 1e-09  Max: 0.1  Default: 1e-05
Gurobi Optimizer version 9.1.2 build v9.1.2rc0 (linux64)
Thread count: 64 physical cores, 128 logical processors, using up to 32 threads
Optimize a model with 300 rows, 443 columns and 770 nonzeros
Model fingerprint: 0xee25b839
Model has 231 general constraints
Variable types: 319 continuous, 124 integer (124 binary)
Coefficient statistics:
  Matrix range     [2e-01, 2e+00]
  Objective range  [0e+00, 0e+00]
  Bounds range     [1e+00, 1e+00]
  RHS range        [1e-02, 5e+00]
Presolve added 30 rows and 139 columns
Presolve time: 0.02s
Presolved: 330 rows, 582 columns, 1754 nonzeros
Presolved model has 83 SOS constraint(s)
Variable types: 477 continuous, 105 integer (99 binary)

Root relaxation: objective 0.000000e+00, 269 iterations, 0.00 seconds

    Nodes    |    Current Node    |     Objective Bounds      |     Work
 Expl Unexpl |  Obj  Depth IntInf | Incumbent    BestBd   Gap | It/Node Time

     0     0    0.00000    0   20          -    0.00000      -     -    0s
     0     0    0.00000    0   20          -    0.00000      -     -    0s
     0     0    0.00000    0   19          -    0.00000      -     -    0s
     0     0    0.00000    0   18          -    0.00000      -     -    0s
     0     0    0.00000    0   15          -    0.00000      -     -    0s
     0     0    0.00000    0   15          -    0.00000      -     -    0s
     0     0    0.00000    0   19          -    0.00000      -     -    0s
     0     0    0.00000    0   15          -    0.00000      -     -    0s
     0     0    0.00000    0   15          -    0.00000      -     -    0s
     0     2    0.00000    0   15          -    0.00000      -     -    0s
* 1182   879              25       0.0000000    0.00000  0.00%   6.1    0s

Cutting planes:
  Gomory: 1
  Cover: 8
  Implied bound: 35
  MIR: 4
  Flow cover: 1
  Relax-and-lift: 1

Explored 2511 nodes (16879 simplex iterations) in 0.17 seconds
Thread count was 32 (of 128 available processors)

Solution count 1: 0 

Optimal solution found (tolerance 1.00e-04)
Warning: max constraint violation (2.4839e-02) exceeds tolerance
Warning: max general constraint violation (2.4839e-02) exceeds tolerance
         (model may be infeasible or unbounded - try turning presolve off)
Best objective 0.000000000000e+00, best bound 0.000000000000e+00, gap 0.0000%
Discarded solution information
Parameter FuncPieces unchanged
   Value: -1  Min: -2  Max: 200000000  Default: 0
Parameter FuncPieceLength unchanged
   Value: 1e-05  Min: 1e-05  Max: 1000000.0  Default: 0.01
Parameter FuncPieceError unchanged
   Value: 1e-06  Min: 1e-06  Max: 1000000.0  Default: 0.001
Parameter IntFeasTol unchanged
   Value: 1e-09  Min: 1e-09  Max: 0.1  Default: 1e-05
Gurobi Optimizer version 9.1.2 build v9.1.2rc0 (linux64)
Thread count: 64 physical cores, 128 logical processors, using up to 32 threads
Optimize a model with 331 rows, 515 columns and 801 nonzeros
Model fingerprint: 0xccd82037
Model has 375 general constraints
Variable types: 319 continuous, 196 integer (196 binary)
Coefficient statistics:
  Matrix range     [2e-01, 2e+00]
  Objective range  [0e+00, 0e+00]
  Bounds range     [1e+00, 1e+00]
  RHS range        [1e-02, 5e+00]
Presolve removed 183 rows and 173 columns
Presolve time: 0.01s

Explored 0 nodes (0 simplex iterations) in 0.01 seconds
Thread count was 1 (of 128 available processors)

Solution count 0

Model is infeasible
Best objective -, best bound -, gap -
Discarded solution information
Parameter FuncPieces unchanged
   Value: -1  Min: -2  Max: 200000000  Default: 0
Parameter FuncPieceLength unchanged
   Value: 1e-05  Min: 1e-05  Max: 1000000.0  Default: 0.01
Parameter FuncPieceError unchanged
   Value: 1e-06  Min: 1e-06  Max: 1000000.0  Default: 0.001
Parameter IntFeasTol unchanged
   Value: 1e-09  Min: 1e-09  Max: 0.1  Default: 1e-05
Gurobi Optimizer version 9.1.2 build v9.1.2rc0 (linux64)
Thread count: 64 physical cores, 128 logical processors, using up to 32 threads
Optimize a model with 331 rows, 515 columns and 801 nonzeros
Model fingerprint: 0xdbb0f76e
Model has 375 general constraints
Variable types: 319 continuous, 196 integer (196 binary)
Coefficient statistics:
  Matrix range     [2e-01, 2e+00]
  Objective range  [0e+00, 0e+00]
  Bounds range     [1e+00, 1e+00]
  RHS range        [1e-02, 5e+00]
Presolve removed 183 rows and 173 columns
Presolve time: 0.00s

Explored 0 nodes (0 simplex iterations) in 0.00 seconds
Thread count was 1 (of 128 available processors)

Solution count 0

Model is infeasible
Best objective -, best bound -, gap -
Discarded solution information
Parameter FuncPieces unchanged
   Value: -1  Min: -2  Max: 200000000  Default: 0
Parameter FuncPieceLength unchanged
   Value: 1e-05  Min: 1e-05  Max: 1000000.0  Default: 0.01
Parameter FuncPieceError unchanged
   Value: 1e-06  Min: 1e-06  Max: 1000000.0  Default: 0.001
Parameter IntFeasTol unchanged
   Value: 1e-09  Min: 1e-09  Max: 0.1  Default: 1e-05
Gurobi Optimizer version 9.1.2 build v9.1.2rc0 (linux64)
Thread count: 64 physical cores, 128 logical processors, using up to 32 threads
Optimize a model with 330 rows, 515 columns and 800 nonzeros
Model fingerprint: 0xe6df8542
Model has 375 general constraints
Variable types: 319 continuous, 196 integer (196 binary)
Coefficient statistics:
  Matrix range     [2e-01, 2e+00]
  Objective range  [0e+00, 0e+00]
  Bounds range     [1e+00, 1e+00]
  RHS range        [1e-02, 5e+00]
Presolve removed 196 rows and 228 columns
Presolve time: 0.00s

Explored 0 nodes (0 simplex iterations) in 0.00 seconds
Thread count was 1 (of 128 available processors)

Solution count 0

Model is infeasible
Best objective -, best bound -, gap -
Discarded solution information
Parameter FuncPieces unchanged
   Value: -1  Min: -2  Max: 200000000  Default: 0
Parameter FuncPieceLength unchanged
   Value: 1e-05  Min: 1e-05  Max: 1000000.0  Default: 0.01
Parameter FuncPieceError unchanged
   Value: 1e-06  Min: 1e-06  Max: 1000000.0  Default: 0.001
Parameter IntFeasTol unchanged
   Value: 1e-09  Min: 1e-09  Max: 0.1  Default: 1e-05
Gurobi Optimizer version 9.1.2 build v9.1.2rc0 (linux64)
Thread count: 64 physical cores, 128 logical processors, using up to 32 threads
Optimize a model with 330 rows, 515 columns and 800 nonzeros
Model fingerprint: 0xd4363f34
Model has 375 general constraints
Variable types: 319 continuous, 196 integer (196 binary)
Coefficient statistics:
  Matrix range     [2e-01, 2e+00]
  Objective range  [0e+00, 0e+00]
  Bounds range     [1e+00, 1e+00]
  RHS range        [1e-02, 5e+00]
Presolve removed 214 rows and 288 columns
Presolve time: 0.01s
Presolved: 116 rows, 227 columns, 627 nonzeros
Presolved model has 49 SOS constraint(s)
Variable types: 190 continuous, 37 integer (34 binary)

Explored 0 nodes (0 simplex iterations) in 0.01 seconds
Thread count was 32 (of 128 available processors)

Solution count 0

Model is infeasible
Best objective -, best bound -, gap -
Discarded solution information
Parameter FuncPieces unchanged
   Value: -1  Min: -2  Max: 200000000  Default: 0
Parameter FuncPieceLength unchanged
   Value: 1e-05  Min: 1e-05  Max: 1000000.0  Default: 0.01
Parameter FuncPieceError unchanged
   Value: 1e-06  Min: 1e-06  Max: 1000000.0  Default: 0.001
Parameter IntFeasTol unchanged
   Value: 1e-09  Min: 1e-09  Max: 0.1  Default: 1e-05
Gurobi Optimizer version 9.1.2 build v9.1.2rc0 (linux64)
Thread count: 64 physical cores, 128 logical processors, using up to 32 threads
Optimize a model with 329 rows, 515 columns and 799 nonzeros
Model fingerprint: 0x968b4470
Model has 375 general constraints
Variable types: 319 continuous, 196 integer (196 binary)
Coefficient statistics:
  Matrix range     [2e-01, 2e+00]
  Objective range  [0e+00, 0e+00]
  Bounds range     [1e+00, 1e+00]
  RHS range        [1e-02, 5e+00]
Presolve removed 181 rows and 173 columns
Presolve time: 0.00s

Explored 0 nodes (0 simplex iterations) in 0.00 seconds
Thread count was 1 (of 128 available processors)

Solution count 0

Model is infeasible
Best objective -, best bound -, gap -
Discarded solution information
Parameter FuncPieces unchanged
   Value: -1  Min: -2  Max: 200000000  Default: 0
Parameter FuncPieceLength unchanged
   Value: 1e-05  Min: 1e-05  Max: 1000000.0  Default: 0.01
Parameter FuncPieceError unchanged
   Value: 1e-06  Min: 1e-06  Max: 1000000.0  Default: 0.001
Parameter IntFeasTol unchanged
   Value: 1e-09  Min: 1e-09  Max: 0.1  Default: 1e-05
Gurobi Optimizer version 9.1.2 build v9.1.2rc0 (linux64)
Thread count: 64 physical cores, 128 logical processors, using up to 32 threads
Optimize a model with 329 rows, 515 columns and 799 nonzeros
Model fingerprint: 0x9d6cdb2d
Model has 375 general constraints
Variable types: 319 continuous, 196 integer (196 binary)
Coefficient statistics:
  Matrix range     [2e-01, 2e+00]
  Objective range  [0e+00, 0e+00]
  Bounds range     [1e+00, 1e+00]
  RHS range        [1e-02, 5e+00]
Presolve removed 195 rows and 228 columns
Presolve time: 0.00s

Explored 0 nodes (0 simplex iterations) in 0.00 seconds
Thread count was 1 (of 128 available processors)

Solution count 0

Model is infeasible
Best objective -, best bound -, gap -
Discarded solution information
Parameter FuncPieces unchanged
   Value: -1  Min: -2  Max: 200000000  Default: 0
Parameter FuncPieceLength unchanged
   Value: 1e-05  Min: 1e-05  Max: 1000000.0  Default: 0.01
Parameter FuncPieceError unchanged
   Value: 1e-06  Min: 1e-06  Max: 1000000.0  Default: 0.001
Parameter IntFeasTol unchanged
   Value: 1e-09  Min: 1e-09  Max: 0.1  Default: 1e-05
Gurobi Optimizer version 9.1.2 build v9.1.2rc0 (linux64)
Thread count: 64 physical cores, 128 logical processors, using up to 32 threads
Optimize a model with 329 rows, 515 columns and 799 nonzeros
Model fingerprint: 0x0118585b
Model has 375 general constraints
Variable types: 319 continuous, 196 integer (196 binary)
Coefficient statistics:
  Matrix range     [2e-01, 2e+00]
  Objective range  [0e+00, 0e+00]
  Bounds range     [1e+00, 1e+00]
  RHS range        [1e-02, 5e+00]
Presolve removed 213 rows and 288 columns
Presolve time: 0.01s
Presolved: 116 rows, 227 columns, 627 nonzeros
Presolved model has 49 SOS constraint(s)
Variable types: 190 continuous, 37 integer (34 binary)

Explored 0 nodes (0 simplex iterations) in 0.01 seconds
Thread count was 32 (of 128 available processors)

Solution count 0

Model is infeasible
Best objective -, best bound -, gap -
Discarded solution information
Parameter FuncPieces unchanged
   Value: -1  Min: -2  Max: 200000000  Default: 0
Parameter FuncPieceLength unchanged
   Value: 1e-05  Min: 1e-05  Max: 1000000.0  Default: 0.01
Parameter FuncPieceError unchanged
   Value: 1e-06  Min: 1e-06  Max: 1000000.0  Default: 0.001
Parameter IntFeasTol unchanged
   Value: 1e-09  Min: 1e-09  Max: 0.1  Default: 1e-05
Gurobi Optimizer version 9.1.2 build v9.1.2rc0 (linux64)
Thread count: 64 physical cores, 128 logical processors, using up to 32 threads
Optimize a model with 330 rows, 515 columns and 800 nonzeros
Model fingerprint: 0x328cc09c
Model has 375 general constraints
Variable types: 319 continuous, 196 integer (196 binary)
Coefficient statistics:
  Matrix range     [2e-01, 2e+00]
  Objective range  [0e+00, 0e+00]
  Bounds range     [1e+00, 1e+00]
  RHS range        [1e-02, 5e+00]
Presolve removed 138 rows and 221 columns
Presolve time: 0.00s

Explored 0 nodes (0 simplex iterations) in 0.01 seconds
Thread count was 1 (of 128 available processors)

Solution count 0

Model is infeasible
Best objective -, best bound -, gap -
Discarded solution information
Parameter FuncPieces unchanged
   Value: -1  Min: -2  Max: 200000000  Default: 0
Parameter FuncPieceLength unchanged
   Value: 1e-05  Min: 1e-05  Max: 1000000.0  Default: 0.01
Parameter FuncPieceError unchanged
   Value: 1e-06  Min: 1e-06  Max: 1000000.0  Default: 0.001
Parameter IntFeasTol unchanged
   Value: 1e-09  Min: 1e-09  Max: 0.1  Default: 1e-05
Gurobi Optimizer version 9.1.2 build v9.1.2rc0 (linux64)
Thread count: 64 physical cores, 128 logical processors, using up to 32 threads
Optimize a model with 330 rows, 515 columns and 800 nonzeros
Model fingerprint: 0x63966e08
Model has 375 general constraints
Variable types: 319 continuous, 196 integer (196 binary)
Coefficient statistics:
  Matrix range     [2e-01, 2e+00]
  Objective range  [0e+00, 0e+00]
  Bounds range     [1e+00, 1e+00]
  RHS range        [1e-02, 5e+00]
Presolve removed 158 rows and 225 columns
Presolve time: 0.00s

Explored 0 nodes (0 simplex iterations) in 0.01 seconds
Thread count was 1 (of 128 available processors)

Solution count 0

Model is infeasible
Best objective -, best bound -, gap -
Discarded solution information
Parameter FuncPieces unchanged
   Value: -1  Min: -2  Max: 200000000  Default: 0
Parameter FuncPieceLength unchanged
   Value: 1e-05  Min: 1e-05  Max: 1000000.0  Default: 0.01
Parameter FuncPieceError unchanged
   Value: 1e-06  Min: 1e-06  Max: 1000000.0  Default: 0.001
Parameter IntFeasTol unchanged
   Value: 1e-09  Min: 1e-09  Max: 0.1  Default: 1e-05
Gurobi Optimizer version 9.1.2 build v9.1.2rc0 (linux64)
Thread count: 64 physical cores, 128 logical processors, using up to 32 threads
Optimize a model with 330 rows, 515 columns and 800 nonzeros
Model fingerprint: 0x99a8839f
Model has 375 general constraints
Variable types: 319 continuous, 196 integer (196 binary)
Coefficient statistics:
  Matrix range     [2e-01, 2e+00]
  Objective range  [0e+00, 0e+00]
  Bounds range     [1e+00, 1e+00]
  RHS range        [1e-02, 5e+00]
Presolve removed 131 rows and 219 columns
Presolve time: 0.00s

Explored 0 nodes (0 simplex iterations) in 0.01 seconds
Thread count was 1 (of 128 available processors)

Solution count 0

Model is infeasible
Best objective -, best bound -, gap -
Discarded solution information
Parameter FuncPieces unchanged
   Value: -1  Min: -2  Max: 200000000  Default: 0
Parameter FuncPieceLength unchanged
   Value: 1e-05  Min: 1e-05  Max: 1000000.0  Default: 0.01
Parameter FuncPieceError unchanged
   Value: 1e-06  Min: 1e-06  Max: 1000000.0  Default: 0.001
Parameter IntFeasTol unchanged
   Value: 1e-09  Min: 1e-09  Max: 0.1  Default: 1e-05
Gurobi Optimizer version 9.1.2 build v9.1.2rc0 (linux64)
Thread count: 64 physical cores, 128 logical processors, using up to 32 threads
Optimize a model with 328 rows, 515 columns and 798 nonzeros
Model fingerprint: 0x74c3f03b
Model has 375 general constraints
Variable types: 319 continuous, 196 integer (196 binary)
Coefficient statistics:
  Matrix range     [2e-01, 2e+00]
  Objective range  [0e+00, 0e+00]
  Bounds range     [1e+00, 1e+00]
  RHS range        [1e-02, 5e+00]
Presolve removed 150 rows and 120 columns
Presolve time: 0.00s

Explored 0 nodes (0 simplex iterations) in 0.00 seconds
Thread count was 1 (of 128 available processors)

Solution count 0

Model is infeasible
Best objective -, best bound -, gap -
Discarded solution information
Parameter FuncPieces unchanged
   Value: -1  Min: -2  Max: 200000000  Default: 0
Parameter FuncPieceLength unchanged
   Value: 1e-05  Min: 1e-05  Max: 1000000.0  Default: 0.01
Parameter FuncPieceError unchanged
   Value: 1e-06  Min: 1e-06  Max: 1000000.0  Default: 0.001
Parameter IntFeasTol unchanged
   Value: 1e-09  Min: 1e-09  Max: 0.1  Default: 1e-05
Gurobi Optimizer version 9.1.2 build v9.1.2rc0 (linux64)
Thread count: 64 physical cores, 128 logical processors, using up to 32 threads
Optimize a model with 328 rows, 515 columns and 798 nonzeros
Model fingerprint: 0x0f6557c5
Model has 375 general constraints
Variable types: 319 continuous, 196 integer (196 binary)
Coefficient statistics:
  Matrix range     [2e-01, 2e+00]
  Objective range  [0e+00, 0e+00]
  Bounds range     [1e+00, 1e+00]
  RHS range        [1e-02, 5e+00]
Presolve removed 213 rows and 251 columns
Presolve time: 0.01s

Explored 0 nodes (0 simplex iterations) in 0.01 seconds
Thread count was 1 (of 128 available processors)

Solution count 0

Model is infeasible
Best objective -, best bound -, gap -
Discarded solution information
Parameter FuncPieces unchanged
   Value: -1  Min: -2  Max: 200000000  Default: 0
Parameter FuncPieceLength unchanged
   Value: 1e-05  Min: 1e-05  Max: 1000000.0  Default: 0.01
Parameter FuncPieceError unchanged
   Value: 1e-06  Min: 1e-06  Max: 1000000.0  Default: 0.001
Parameter IntFeasTol unchanged
   Value: 1e-09  Min: 1e-09  Max: 0.1  Default: 1e-05
Gurobi Optimizer version 9.1.2 build v9.1.2rc0 (linux64)
Thread count: 64 physical cores, 128 logical processors, using up to 32 threads
Optimize a model with 328 rows, 515 columns and 798 nonzeros
Model fingerprint: 0x2df6ef22
Model has 375 general constraints
Variable types: 319 continuous, 196 integer (196 binary)
Coefficient statistics:
  Matrix range     [2e-01, 2e+00]
  Objective range  [0e+00, 0e+00]
  Bounds range     [1e+00, 1e+00]
  RHS range        [1e-02, 5e+00]
Presolve removed 278 rows and 388 columns
Presolve time: 0.01s
Presolved: 50 rows, 127 columns, 334 nonzeros
Presolved model has 12 SOS constraint(s)
Variable types: 120 continuous, 7 integer (6 binary)

Root relaxation: objective 0.000000e+00, 27 iterations, 0.00 seconds

    Nodes    |    Current Node    |     Objective Bounds      |     Work
 Expl Unexpl |  Obj  Depth IntInf | Incumbent    BestBd   Gap | It/Node Time

     0     0    0.00000    0    2          -    0.00000      -     -    0s
H    0     0                       0.0000000    0.00000  0.00%     -    0s
     0     0    0.00000    0    2    0.00000    0.00000  0.00%     -    0s

Explored 1 nodes (95 simplex iterations) in 0.01 seconds
Thread count was 32 (of 128 available processors)

Solution count 1: 0 

Optimal solution found (tolerance 1.00e-04)
Warning: max constraint violation (6.9282e-02) exceeds tolerance
Warning: max general constraint violation (6.9282e-02) exceeds tolerance
         (model may be infeasible or unbounded - try turning presolve off)
Best objective 0.000000000000e+00, best bound 0.000000000000e+00, gap 0.0000%
Discarded solution information
Parameter FuncPieces unchanged
   Value: -1  Min: -2  Max: 200000000  Default: 0
Parameter FuncPieceLength unchanged
   Value: 1e-05  Min: 1e-05  Max: 1000000.0  Default: 0.01
Parameter FuncPieceError unchanged
   Value: 1e-06  Min: 1e-06  Max: 1000000.0  Default: 0.001
Parameter IntFeasTol unchanged
   Value: 1e-09  Min: 1e-09  Max: 0.1  Default: 1e-05
Gurobi Optimizer version 9.1.2 build v9.1.2rc0 (linux64)
Thread count: 64 physical cores, 128 logical processors, using up to 32 threads
Optimize a model with 328 rows, 515 columns and 798 nonzeros
Model fingerprint: 0xf4ebf68c
Model has 375 general constraints
Variable types: 319 continuous, 196 integer (196 binary)
Coefficient statistics:
  Matrix range     [2e-01, 2e+00]
  Objective range  [0e+00, 0e+00]
  Bounds range     [1e+00, 1e+00]
  RHS range        [1e-02, 5e+00]
Presolve removed 180 rows and 173 columns
Presolve time: 0.00s

Explored 0 nodes (0 simplex iterations) in 0.00 seconds
Thread count was 1 (of 128 available processors)

Solution count 0

Model is infeasible
Best objective -, best bound -, gap -
Discarded solution information
Parameter FuncPieces unchanged
   Value: -1  Min: -2  Max: 200000000  Default: 0
Parameter FuncPieceLength unchanged
   Value: 1e-05  Min: 1e-05  Max: 1000000.0  Default: 0.01
Parameter FuncPieceError unchanged
   Value: 1e-06  Min: 1e-06  Max: 1000000.0  Default: 0.001
Parameter IntFeasTol unchanged
   Value: 1e-09  Min: 1e-09  Max: 0.1  Default: 1e-05
Gurobi Optimizer version 9.1.2 build v9.1.2rc0 (linux64)
Thread count: 64 physical cores, 128 logical processors, using up to 32 threads
Optimize a model with 327 rows, 515 columns and 797 nonzeros
Model fingerprint: 0x3ed856d7
Model has 375 general constraints
Variable types: 319 continuous, 196 integer (196 binary)
Coefficient statistics:
  Matrix range     [2e-01, 2e+00]
  Objective range  [0e+00, 0e+00]
  Bounds range     [1e+00, 1e+00]
  RHS range        [1e-02, 5e+00]
Presolve removed 179 rows and 173 columns
Presolve time: 0.00s

Explored 0 nodes (0 simplex iterations) in 0.00 seconds
Thread count was 1 (of 128 available processors)

Solution count 0

Model is infeasible
Best objective -, best bound -, gap -
Discarded solution information
Parameter FuncPieces unchanged
   Value: -1  Min: -2  Max: 200000000  Default: 0
Parameter FuncPieceLength unchanged
   Value: 1e-05  Min: 1e-05  Max: 1000000.0  Default: 0.01
Parameter FuncPieceError unchanged
   Value: 1e-06  Min: 1e-06  Max: 1000000.0  Default: 0.001
Parameter IntFeasTol unchanged
   Value: 1e-09  Min: 1e-09  Max: 0.1  Default: 1e-05
Gurobi Optimizer version 9.1.2 build v9.1.2rc0 (linux64)
Thread count: 64 physical cores, 128 logical processors, using up to 32 threads
Optimize a model with 326 rows, 515 columns and 796 nonzeros
Model fingerprint: 0xf95e0133
Model has 375 general constraints
Variable types: 319 continuous, 196 integer (196 binary)
Coefficient statistics:
  Matrix range     [2e-01, 2e+00]
  Objective range  [0e+00, 0e+00]
  Bounds range     [1e+00, 1e+00]
  RHS range        [1e-02, 5e+00]
Presolve removed 178 rows and 173 columns
Presolve time: 0.01s

Explored 0 nodes (0 simplex iterations) in 0.01 seconds
Thread count was 1 (of 128 available processors)

Solution count 0

Model is infeasible
Best objective -, best bound -, gap -
Discarded solution information
Parameter FuncPieces unchanged
   Value: -1  Min: -2  Max: 200000000  Default: 0
Parameter FuncPieceLength unchanged
   Value: 1e-05  Min: 1e-05  Max: 1000000.0  Default: 0.01
Parameter FuncPieceError unchanged
   Value: 1e-06  Min: 1e-06  Max: 1000000.0  Default: 0.001
Parameter IntFeasTol unchanged
   Value: 1e-09  Min: 1e-09  Max: 0.1  Default: 1e-05
Gurobi Optimizer version 9.1.2 build v9.1.2rc0 (linux64)
Thread count: 64 physical cores, 128 logical processors, using up to 32 threads
Optimize a model with 325 rows, 515 columns and 795 nonzeros
Model fingerprint: 0x08518c8e
Model has 375 general constraints
Variable types: 319 continuous, 196 integer (196 binary)
Coefficient statistics:
  Matrix range     [2e-01, 2e+00]
  Objective range  [0e+00, 0e+00]
  Bounds range     [1e+00, 1e+00]
  RHS range        [1e-02, 5e+00]
Presolve removed 177 rows and 173 columns
Presolve time: 0.01s

Explored 0 nodes (0 simplex iterations) in 0.01 seconds
Thread count was 1 (of 128 available processors)

Solution count 0

Model is infeasible
Best objective -, best bound -, gap -
Discarded solution information
Parameter FuncPieces unchanged
   Value: -1  Min: -2  Max: 200000000  Default: 0
Parameter FuncPieceLength unchanged
   Value: 1e-05  Min: 1e-05  Max: 1000000.0  Default: 0.01
Parameter FuncPieceError unchanged
   Value: 1e-06  Min: 1e-06  Max: 1000000.0  Default: 0.001
Parameter IntFeasTol unchanged
   Value: 1e-09  Min: 1e-09  Max: 0.1  Default: 1e-05
Gurobi Optimizer version 9.1.2 build v9.1.2rc0 (linux64)
Thread count: 64 physical cores, 128 logical processors, using up to 32 threads
Optimize a model with 324 rows, 515 columns and 794 nonzeros
Model fingerprint: 0x3681a233
Model has 375 general constraints
Variable types: 319 continuous, 196 integer (196 binary)
Coefficient statistics:
  Matrix range     [2e-01, 2e+00]
  Objective range  [0e+00, 0e+00]
  Bounds range     [1e+00, 1e+00]
  RHS range        [1e-02, 5e+00]
Presolve removed 236 rows and 360 columns
Presolve time: 0.01s
Presolved: 88 rows, 155 columns, 442 nonzeros
Presolved model has 14 SOS constraint(s)
Variable types: 137 continuous, 18 integer (14 binary)

Root relaxation: objective 0.000000e+00, 44 iterations, 0.00 seconds

    Nodes    |    Current Node    |     Objective Bounds      |     Work
 Expl Unexpl |  Obj  Depth IntInf | Incumbent    BestBd   Gap | It/Node Time

     0     0    0.00000    0    8          -    0.00000      -     -    0s
H    0     0                       0.0000000    0.00000  0.00%     -    0s
     0     0    0.00000    0    8    0.00000    0.00000  0.00%     -    0s

Explored 1 nodes (118 simplex iterations) in 0.01 seconds
Thread count was 32 (of 128 available processors)

Solution count 1: 0 

Optimal solution found (tolerance 1.00e-04)
Warning: max constraint violation (6.9251e-02) exceeds tolerance
Warning: max general constraint violation (6.9251e-02) exceeds tolerance
         (model may be infeasible or unbounded - try turning presolve off)
Best objective 0.000000000000e+00, best bound 0.000000000000e+00, gap 0.0000%
Discarded solution information
Parameter FuncPieces unchanged
   Value: -1  Min: -2  Max: 200000000  Default: 0
Parameter FuncPieceLength unchanged
   Value: 1e-05  Min: 1e-05  Max: 1000000.0  Default: 0.01
Parameter FuncPieceError unchanged
   Value: 1e-06  Min: 1e-06  Max: 1000000.0  Default: 0.001
Parameter IntFeasTol unchanged
   Value: 1e-09  Min: 1e-09  Max: 0.1  Default: 1e-05
Gurobi Optimizer version 9.1.2 build v9.1.2rc0 (linux64)
Thread count: 64 physical cores, 128 logical processors, using up to 32 threads
Optimize a model with 324 rows, 515 columns and 794 nonzeros
Model fingerprint: 0x69dcf83b
Model has 375 general constraints
Variable types: 319 continuous, 196 integer (196 binary)
Coefficient statistics:
  Matrix range     [2e-01, 2e+00]
  Objective range  [0e+00, 0e+00]
  Bounds range     [1e+00, 1e+00]
  RHS range        [1e-02, 5e+00]
Presolve removed 176 rows and 173 columns
Presolve time: 0.00s

Explored 0 nodes (0 simplex iterations) in 0.00 seconds
Thread count was 1 (of 128 available processors)

Solution count 0

Model is infeasible
Best objective -, best bound -, gap -
Discarded solution information
Parameter FuncPieces unchanged
   Value: -1  Min: -2  Max: 200000000  Default: 0
Parameter FuncPieceLength unchanged
   Value: 1e-05  Min: 1e-05  Max: 1000000.0  Default: 0.01
Parameter FuncPieceError unchanged
   Value: 1e-06  Min: 1e-06  Max: 1000000.0  Default: 0.001
Parameter IntFeasTol unchanged
   Value: 1e-09  Min: 1e-09  Max: 0.1  Default: 1e-05
Gurobi Optimizer version 9.1.2 build v9.1.2rc0 (linux64)
Thread count: 64 physical cores, 128 logical processors, using up to 32 threads
Optimize a model with 328 rows, 515 columns and 798 nonzeros
Model fingerprint: 0x713cd7f0
Model has 375 general constraints
Variable types: 319 continuous, 196 integer (196 binary)
Coefficient statistics:
  Matrix range     [2e-01, 2e+00]
  Objective range  [0e+00, 0e+00]
  Bounds range     [1e+00, 1e+00]
  RHS range        [1e-02, 5e+00]
Presolve removed 194 rows and 228 columns
Presolve time: 0.00s

Explored 0 nodes (0 simplex iterations) in 0.00 seconds
Thread count was 1 (of 128 available processors)

Solution count 0

Model is infeasible
Best objective -, best bound -, gap -
Discarded solution information
Parameter FuncPieces unchanged
   Value: -1  Min: -2  Max: 200000000  Default: 0
Parameter FuncPieceLength unchanged
   Value: 1e-05  Min: 1e-05  Max: 1000000.0  Default: 0.01
Parameter FuncPieceError unchanged
   Value: 1e-06  Min: 1e-06  Max: 1000000.0  Default: 0.001
Parameter IntFeasTol unchanged
   Value: 1e-09  Min: 1e-09  Max: 0.1  Default: 1e-05
Gurobi Optimizer version 9.1.2 build v9.1.2rc0 (linux64)
Thread count: 64 physical cores, 128 logical processors, using up to 32 threads
Optimize a model with 328 rows, 515 columns and 798 nonzeros
Model fingerprint: 0xda6abea6
Model has 375 general constraints
Variable types: 319 continuous, 196 integer (196 binary)
Coefficient statistics:
  Matrix range     [2e-01, 2e+00]
  Objective range  [0e+00, 0e+00]
  Bounds range     [1e+00, 1e+00]
  RHS range        [1e-02, 5e+00]
Presolve removed 212 rows and 288 columns
Presolve time: 0.01s
Presolved: 116 rows, 227 columns, 627 nonzeros
Presolved model has 49 SOS constraint(s)
Variable types: 190 continuous, 37 integer (34 binary)

Explored 0 nodes (0 simplex iterations) in 0.01 seconds
Thread count was 32 (of 128 available processors)

Solution count 0

Model is infeasible
Best objective -, best bound -, gap -
Discarded solution information
Parameter FuncPieces unchanged
   Value: -1  Min: -2  Max: 200000000  Default: 0
Parameter FuncPieceLength unchanged
   Value: 1e-05  Min: 1e-05  Max: 1000000.0  Default: 0.01
Parameter FuncPieceError unchanged
   Value: 1e-06  Min: 1e-06  Max: 1000000.0  Default: 0.001
Parameter IntFeasTol unchanged
   Value: 1e-09  Min: 1e-09  Max: 0.1  Default: 1e-05
Gurobi Optimizer version 9.1.2 build v9.1.2rc0 (linux64)
Thread count: 64 physical cores, 128 logical processors, using up to 32 threads
Optimize a model with 329 rows, 515 columns and 799 nonzeros
Model fingerprint: 0x6a1e5e24
Model has 375 general constraints
Variable types: 319 continuous, 196 integer (196 binary)
Coefficient statistics:
  Matrix range     [2e-01, 2e+00]
  Objective range  [0e+00, 0e+00]
  Bounds range     [1e+00, 1e+00]
  RHS range        [1e-02, 5e+00]
Presolve removed 137 rows and 221 columns
Presolve time: 0.00s

Explored 0 nodes (0 simplex iterations) in 0.01 seconds
Thread count was 1 (of 128 available processors)

Solution count 0

Model is infeasible
Best objective -, best bound -, gap -
Discarded solution information
Parameter FuncPieces unchanged
   Value: -1  Min: -2  Max: 200000000  Default: 0
Parameter FuncPieceLength unchanged
   Value: 1e-05  Min: 1e-05  Max: 1000000.0  Default: 0.01
Parameter FuncPieceError unchanged
   Value: 1e-06  Min: 1e-06  Max: 1000000.0  Default: 0.001
Parameter IntFeasTol unchanged
   Value: 1e-09  Min: 1e-09  Max: 0.1  Default: 1e-05
Gurobi Optimizer version 9.1.2 build v9.1.2rc0 (linux64)
Thread count: 64 physical cores, 128 logical processors, using up to 32 threads
Optimize a model with 329 rows, 515 columns and 799 nonzeros
Model fingerprint: 0xdab49434
Model has 375 general constraints
Variable types: 319 continuous, 196 integer (196 binary)
Coefficient statistics:
  Matrix range     [2e-01, 2e+00]
  Objective range  [0e+00, 0e+00]
  Bounds range     [1e+00, 1e+00]
  RHS range        [1e-02, 5e+00]
Presolve removed 157 rows and 225 columns
Presolve time: 0.00s

Explored 0 nodes (0 simplex iterations) in 0.01 seconds
Thread count was 1 (of 128 available processors)

Solution count 0

Model is infeasible
Best objective -, best bound -, gap -
Discarded solution information
Parameter FuncPieces unchanged
   Value: -1  Min: -2  Max: 200000000  Default: 0
Parameter FuncPieceLength unchanged
   Value: 1e-05  Min: 1e-05  Max: 1000000.0  Default: 0.01
Parameter FuncPieceError unchanged
   Value: 1e-06  Min: 1e-06  Max: 1000000.0  Default: 0.001
Parameter IntFeasTol unchanged
   Value: 1e-09  Min: 1e-09  Max: 0.1  Default: 1e-05
Gurobi Optimizer version 9.1.2 build v9.1.2rc0 (linux64)
Thread count: 64 physical cores, 128 logical processors, using up to 32 threads
Optimize a model with 329 rows, 515 columns and 799 nonzeros
Model fingerprint: 0x852ecdfc
Model has 375 general constraints
Variable types: 319 continuous, 196 integer (196 binary)
Coefficient statistics:
  Matrix range     [2e-01, 2e+00]
  Objective range  [0e+00, 0e+00]
  Bounds range     [1e+00, 1e+00]
  RHS range        [1e-02, 5e+00]
Presolve removed 130 rows and 219 columns
Presolve time: 0.00s

Explored 0 nodes (0 simplex iterations) in 0.01 seconds
Thread count was 1 (of 128 available processors)

Solution count 0

Model is infeasible
Best objective -, best bound -, gap -
Discarded solution information
Parameter FuncPieces unchanged
   Value: -1  Min: -2  Max: 200000000  Default: 0
Parameter FuncPieceLength unchanged
   Value: 1e-05  Min: 1e-05  Max: 1000000.0  Default: 0.01
Parameter FuncPieceError unchanged
   Value: 1e-06  Min: 1e-06  Max: 1000000.0  Default: 0.001
Parameter IntFeasTol unchanged
   Value: 1e-09  Min: 1e-09  Max: 0.1  Default: 1e-05
Gurobi Optimizer version 9.1.2 build v9.1.2rc0 (linux64)
Thread count: 64 physical cores, 128 logical processors, using up to 32 threads
Optimize a model with 323 rows, 515 columns and 793 nonzeros
Model fingerprint: 0xfe546928
Model has 375 general constraints
Variable types: 319 continuous, 196 integer (196 binary)
Coefficient statistics:
  Matrix range     [2e-01, 2e+00]
  Objective range  [0e+00, 0e+00]
  Bounds range     [1e+00, 1e+00]
  RHS range        [1e-02, 5e+00]
Presolve removed 247 rows and 368 columns
Presolve time: 0.01s
Presolved: 76 rows, 147 columns, 414 nonzeros
Presolved model has 13 SOS constraint(s)
Variable types: 131 continuous, 16 integer (13 binary)

Root relaxation: objective 0.000000e+00, 39 iterations, 0.00 seconds

    Nodes    |    Current Node    |     Objective Bounds      |     Work
 Expl Unexpl |  Obj  Depth IntInf | Incumbent    BestBd   Gap | It/Node Time

     0     0    0.00000    0    6          -    0.00000      -     -    0s
H    0     0                       0.0000000    0.00000  0.00%     -    0s

Cutting planes:
  Gomory: 1
  Cover: 1
  Implied bound: 2
  MIR: 4
  Relax-and-lift: 1

Explored 1 nodes (128 simplex iterations) in 0.02 seconds
Thread count was 32 (of 128 available processors)

Solution count 1: 0 

Optimal solution found (tolerance 1.00e-04)
Warning: max constraint violation (6.9251e-02) exceeds tolerance
Warning: max general constraint violation (6.9251e-02) exceeds tolerance
         (model may be infeasible or unbounded - try turning presolve off)
Best objective 0.000000000000e+00, best bound 0.000000000000e+00, gap 0.0000%
Discarded solution information
Parameter FuncPieces unchanged
   Value: -1  Min: -2  Max: 200000000  Default: 0
Parameter FuncPieceLength unchanged
   Value: 1e-05  Min: 1e-05  Max: 1000000.0  Default: 0.01
Parameter FuncPieceError unchanged
   Value: 1e-06  Min: 1e-06  Max: 1000000.0  Default: 0.001
Parameter IntFeasTol unchanged
   Value: 1e-09  Min: 1e-09  Max: 0.1  Default: 1e-05
Gurobi Optimizer version 9.1.2 build v9.1.2rc0 (linux64)
Thread count: 64 physical cores, 128 logical processors, using up to 32 threads
Optimize a model with 323 rows, 515 columns and 793 nonzeros
Model fingerprint: 0x57042067
Model has 375 general constraints
Variable types: 319 continuous, 196 integer (196 binary)
Coefficient statistics:
  Matrix range     [2e-01, 2e+00]
  Objective range  [0e+00, 0e+00]
  Bounds range     [1e+00, 1e+00]
  RHS range        [1e-02, 5e+00]
Presolve removed 175 rows and 173 columns
Presolve time: 0.00s

Explored 0 nodes (0 simplex iterations) in 0.00 seconds
Thread count was 1 (of 128 available processors)

Solution count 0

Model is infeasible
Best objective -, best bound -, gap -
Discarded solution information
Parameter FuncPieces unchanged
   Value: -1  Min: -2  Max: 200000000  Default: 0
Parameter FuncPieceLength unchanged
   Value: 1e-05  Min: 1e-05  Max: 1000000.0  Default: 0.01
Parameter FuncPieceError unchanged
   Value: 1e-06  Min: 1e-06  Max: 1000000.0  Default: 0.001
Parameter IntFeasTol unchanged
   Value: 1e-09  Min: 1e-09  Max: 0.1  Default: 1e-05
Gurobi Optimizer version 9.1.2 build v9.1.2rc0 (linux64)
Thread count: 64 physical cores, 128 logical processors, using up to 32 threads
Optimize a model with 327 rows, 515 columns and 797 nonzeros
Model fingerprint: 0x2be8b47b
Model has 375 general constraints
Variable types: 319 continuous, 196 integer (196 binary)
Coefficient statistics:
  Matrix range     [2e-01, 2e+00]
  Objective range  [0e+00, 0e+00]
  Bounds range     [1e+00, 1e+00]
  RHS range        [1e-02, 5e+00]
Presolve removed 194 rows and 228 columns
Presolve time: 0.00s

Explored 0 nodes (0 simplex iterations) in 0.00 seconds
Thread count was 1 (of 128 available processors)

Solution count 0

Model is infeasible
Best objective -, best bound -, gap -
Discarded solution information
Parameter FuncPieces unchanged
   Value: -1  Min: -2  Max: 200000000  Default: 0
Parameter FuncPieceLength unchanged
   Value: 1e-05  Min: 1e-05  Max: 1000000.0  Default: 0.01
Parameter FuncPieceError unchanged
   Value: 1e-06  Min: 1e-06  Max: 1000000.0  Default: 0.001
Parameter IntFeasTol unchanged
   Value: 1e-09  Min: 1e-09  Max: 0.1  Default: 1e-05
Gurobi Optimizer version 9.1.2 build v9.1.2rc0 (linux64)
Thread count: 64 physical cores, 128 logical processors, using up to 32 threads
Optimize a model with 327 rows, 515 columns and 797 nonzeros
Model fingerprint: 0x09eeb3cd
Model has 375 general constraints
Variable types: 319 continuous, 196 integer (196 binary)
Coefficient statistics:
  Matrix range     [2e-01, 2e+00]
  Objective range  [0e+00, 0e+00]
  Bounds range     [1e+00, 1e+00]
  RHS range        [1e-02, 5e+00]
Presolve removed 211 rows and 288 columns
Presolve time: 0.01s
Presolved: 116 rows, 227 columns, 627 nonzeros
Presolved model has 49 SOS constraint(s)
Variable types: 190 continuous, 37 integer (34 binary)

Explored 0 nodes (0 simplex iterations) in 0.01 seconds
Thread count was 32 (of 128 available processors)

Solution count 0

Model is infeasible
Best objective -, best bound -, gap -
Discarded solution information
Parameter FuncPieces unchanged
   Value: -1  Min: -2  Max: 200000000  Default: 0
Parameter FuncPieceLength unchanged
   Value: 1e-05  Min: 1e-05  Max: 1000000.0  Default: 0.01
Parameter FuncPieceError unchanged
   Value: 1e-06  Min: 1e-06  Max: 1000000.0  Default: 0.001
Parameter IntFeasTol unchanged
   Value: 1e-09  Min: 1e-09  Max: 0.1  Default: 1e-05
Gurobi Optimizer version 9.1.2 build v9.1.2rc0 (linux64)
Thread count: 64 physical cores, 128 logical processors, using up to 32 threads
Optimize a model with 322 rows, 515 columns and 792 nonzeros
Model fingerprint: 0xb7a27244
Model has 375 general constraints
Variable types: 319 continuous, 196 integer (196 binary)
Coefficient statistics:
  Matrix range     [2e-01, 2e+00]
  Objective range  [0e+00, 0e+00]
  Bounds range     [1e+00, 1e+00]
  RHS range        [1e-02, 5e+00]
Presolve removed 174 rows and 173 columns
Presolve time: 0.00s

Explored 0 nodes (0 simplex iterations) in 0.00 seconds
Thread count was 1 (of 128 available processors)

Solution count 0

Model is infeasible
Best objective -, best bound -, gap -
Discarded solution information
Parameter FuncPieces unchanged
   Value: -1  Min: -2  Max: 200000000  Default: 0
Parameter FuncPieceLength unchanged
   Value: 1e-05  Min: 1e-05  Max: 1000000.0  Default: 0.01
Parameter FuncPieceError unchanged
   Value: 1e-06  Min: 1e-06  Max: 1000000.0  Default: 0.001
Parameter IntFeasTol unchanged
   Value: 1e-09  Min: 1e-09  Max: 0.1  Default: 1e-05
Gurobi Optimizer version 9.1.2 build v9.1.2rc0 (linux64)
Thread count: 64 physical cores, 128 logical processors, using up to 32 threads
Optimize a model with 326 rows, 515 columns and 796 nonzeros
Model fingerprint: 0xaca63b76
Model has 375 general constraints
Variable types: 319 continuous, 196 integer (196 binary)
Coefficient statistics:
  Matrix range     [2e-01, 2e+00]
  Objective range  [0e+00, 0e+00]
  Bounds range     [1e+00, 1e+00]
  RHS range        [1e-02, 5e+00]
Presolve removed 193 rows and 228 columns
Presolve time: 0.00s

Explored 0 nodes (0 simplex iterations) in 0.00 seconds
Thread count was 1 (of 128 available processors)

Solution count 0

Model is infeasible
Best objective -, best bound -, gap -
Discarded solution information
Parameter FuncPieces unchanged
   Value: -1  Min: -2  Max: 200000000  Default: 0
Parameter FuncPieceLength unchanged
   Value: 1e-05  Min: 1e-05  Max: 1000000.0  Default: 0.01
Parameter FuncPieceError unchanged
   Value: 1e-06  Min: 1e-06  Max: 1000000.0  Default: 0.001
Parameter IntFeasTol unchanged
   Value: 1e-09  Min: 1e-09  Max: 0.1  Default: 1e-05
Gurobi Optimizer version 9.1.2 build v9.1.2rc0 (linux64)
Thread count: 64 physical cores, 128 logical processors, using up to 32 threads
Optimize a model with 326 rows, 515 columns and 796 nonzeros
Model fingerprint: 0x9bf6a2b1
Model has 375 general constraints
Variable types: 319 continuous, 196 integer (196 binary)
Coefficient statistics:
  Matrix range     [2e-01, 2e+00]
  Objective range  [0e+00, 0e+00]
  Bounds range     [1e+00, 1e+00]
  RHS range        [1e-02, 5e+00]
Presolve removed 210 rows and 288 columns
Presolve time: 0.01s
Presolved: 116 rows, 227 columns, 627 nonzeros
Presolved model has 49 SOS constraint(s)
Variable types: 190 continuous, 37 integer (34 binary)

Explored 0 nodes (0 simplex iterations) in 0.01 seconds
Thread count was 32 (of 128 available processors)

Solution count 0

Model is infeasible
Best objective -, best bound -, gap -
Discarded solution information
Parameter FuncPieces unchanged
   Value: -1  Min: -2  Max: 200000000  Default: 0
Parameter FuncPieceLength unchanged
   Value: 1e-05  Min: 1e-05  Max: 1000000.0  Default: 0.01
Parameter FuncPieceError unchanged
   Value: 1e-06  Min: 1e-06  Max: 1000000.0  Default: 0.001
Parameter IntFeasTol unchanged
   Value: 1e-09  Min: 1e-09  Max: 0.1  Default: 1e-05
Gurobi Optimizer version 9.1.2 build v9.1.2rc0 (linux64)
Thread count: 64 physical cores, 128 logical processors, using up to 32 threads
Optimize a model with 328 rows, 515 columns and 798 nonzeros
Model fingerprint: 0x07eea062
Model has 375 general constraints
Variable types: 319 continuous, 196 integer (196 binary)
Coefficient statistics:
  Matrix range     [2e-01, 2e+00]
  Objective range  [0e+00, 0e+00]
  Bounds range     [1e+00, 1e+00]
  RHS range        [1e-02, 5e+00]
Presolve removed 136 rows and 221 columns
Presolve time: 0.00s

Explored 0 nodes (0 simplex iterations) in 0.01 seconds
Thread count was 1 (of 128 available processors)

Solution count 0

Model is infeasible
Best objective -, best bound -, gap -
Discarded solution information
Parameter FuncPieces unchanged
   Value: -1  Min: -2  Max: 200000000  Default: 0
Parameter FuncPieceLength unchanged
   Value: 1e-05  Min: 1e-05  Max: 1000000.0  Default: 0.01
Parameter FuncPieceError unchanged
   Value: 1e-06  Min: 1e-06  Max: 1000000.0  Default: 0.001
Parameter IntFeasTol unchanged
   Value: 1e-09  Min: 1e-09  Max: 0.1  Default: 1e-05
Gurobi Optimizer version 9.1.2 build v9.1.2rc0 (linux64)
Thread count: 64 physical cores, 128 logical processors, using up to 32 threads
Optimize a model with 321 rows, 515 columns and 791 nonzeros
Model fingerprint: 0xa1a341e8
Model has 375 general constraints
Variable types: 319 continuous, 196 integer (196 binary)
Coefficient statistics:
  Matrix range     [2e-01, 2e+00]
  Objective range  [0e+00, 0e+00]
  Bounds range     [1e+00, 1e+00]
  RHS range        [1e-02, 5e+00]
Presolve removed 173 rows and 173 columns
Presolve time: 0.01s

Explored 0 nodes (0 simplex iterations) in 0.01 seconds
Thread count was 1 (of 128 available processors)

Solution count 0

Model is infeasible
Best objective -, best bound -, gap -
Discarded solution information
Parameter FuncPieces unchanged
   Value: -1  Min: -2  Max: 200000000  Default: 0
Parameter FuncPieceLength unchanged
   Value: 1e-05  Min: 1e-05  Max: 1000000.0  Default: 0.01
Parameter FuncPieceError unchanged
   Value: 1e-06  Min: 1e-06  Max: 1000000.0  Default: 0.001
Parameter IntFeasTol unchanged
   Value: 1e-09  Min: 1e-09  Max: 0.1  Default: 1e-05
Gurobi Optimizer version 9.1.2 build v9.1.2rc0 (linux64)
Thread count: 64 physical cores, 128 logical processors, using up to 32 threads
Optimize a model with 325 rows, 515 columns and 795 nonzeros
Model fingerprint: 0xda34edf4
Model has 375 general constraints
Variable types: 319 continuous, 196 integer (196 binary)
Coefficient statistics:
  Matrix range     [2e-01, 2e+00]
  Objective range  [0e+00, 0e+00]
  Bounds range     [1e+00, 1e+00]
  RHS range        [1e-02, 5e+00]
Presolve removed 192 rows and 228 columns
Presolve time: 0.00s

Explored 0 nodes (0 simplex iterations) in 0.00 seconds
Thread count was 1 (of 128 available processors)

Solution count 0

Model is infeasible
Best objective -, best bound -, gap -
Discarded solution information
Parameter FuncPieces unchanged
   Value: -1  Min: -2  Max: 200000000  Default: 0
Parameter FuncPieceLength unchanged
   Value: 1e-05  Min: 1e-05  Max: 1000000.0  Default: 0.01
Parameter FuncPieceError unchanged
   Value: 1e-06  Min: 1e-06  Max: 1000000.0  Default: 0.001
Parameter IntFeasTol unchanged
   Value: 1e-09  Min: 1e-09  Max: 0.1  Default: 1e-05
Gurobi Optimizer version 9.1.2 build v9.1.2rc0 (linux64)
Thread count: 64 physical cores, 128 logical processors, using up to 32 threads
Optimize a model with 325 rows, 515 columns and 795 nonzeros
Model fingerprint: 0x1311ec53
Model has 375 general constraints
Variable types: 319 continuous, 196 integer (196 binary)
Coefficient statistics:
  Matrix range     [2e-01, 2e+00]
  Objective range  [0e+00, 0e+00]
  Bounds range     [1e+00, 1e+00]
  RHS range        [1e-02, 5e+00]
Presolve removed 209 rows and 288 columns
Presolve time: 0.01s
Presolved: 116 rows, 227 columns, 627 nonzeros
Presolved model has 49 SOS constraint(s)
Variable types: 190 continuous, 37 integer (34 binary)

Explored 0 nodes (0 simplex iterations) in 0.01 seconds
Thread count was 32 (of 128 available processors)

Solution count 0

Model is infeasible
Best objective -, best bound -, gap -
Discarded solution information
Parameter FuncPieces unchanged
   Value: -1  Min: -2  Max: 200000000  Default: 0
Parameter FuncPieceLength unchanged
   Value: 1e-05  Min: 1e-05  Max: 1000000.0  Default: 0.01
Parameter FuncPieceError unchanged
   Value: 1e-06  Min: 1e-06  Max: 1000000.0  Default: 0.001
Parameter IntFeasTol unchanged
   Value: 1e-09  Min: 1e-09  Max: 0.1  Default: 1e-05
Gurobi Optimizer version 9.1.2 build v9.1.2rc0 (linux64)
Thread count: 64 physical cores, 128 logical processors, using up to 32 threads
Optimize a model with 327 rows, 515 columns and 797 nonzeros
Model fingerprint: 0x75b73fc1
Model has 375 general constraints
Variable types: 319 continuous, 196 integer (196 binary)
Coefficient statistics:
  Matrix range     [2e-01, 2e+00]
  Objective range  [0e+00, 0e+00]
  Bounds range     [1e+00, 1e+00]
  RHS range        [1e-02, 5e+00]
Presolve removed 135 rows and 221 columns
Presolve time: 0.00s

Explored 0 nodes (0 simplex iterations) in 0.01 seconds
Thread count was 1 (of 128 available processors)

Solution count 0

Model is infeasible
Best objective -, best bound -, gap -
Discarded solution information
Parameter FuncPieces unchanged
   Value: -1  Min: -2  Max: 200000000  Default: 0
Parameter FuncPieceLength unchanged
   Value: 1e-05  Min: 1e-05  Max: 1000000.0  Default: 0.01
Parameter FuncPieceError unchanged
   Value: 1e-06  Min: 1e-06  Max: 1000000.0  Default: 0.001
Parameter IntFeasTol unchanged
   Value: 1e-09  Min: 1e-09  Max: 0.1  Default: 1e-05
Gurobi Optimizer version 9.1.2 build v9.1.2rc0 (linux64)
Thread count: 64 physical cores, 128 logical processors, using up to 32 threads
Optimize a model with 328 rows, 515 columns and 798 nonzeros
Model fingerprint: 0x8feecb85
Model has 375 general constraints
Variable types: 319 continuous, 196 integer (196 binary)
Coefficient statistics:
  Matrix range     [2e-01, 2e+00]
  Objective range  [0e+00, 0e+00]
  Bounds range     [1e+00, 1e+00]
  RHS range        [1e-02, 5e+00]
Presolve removed 156 rows and 225 columns
Presolve time: 0.00s

Explored 0 nodes (0 simplex iterations) in 0.01 seconds
Thread count was 1 (of 128 available processors)

Solution count 0

Model is infeasible
Best objective -, best bound -, gap -
Discarded solution information
Parameter FuncPieces unchanged
   Value: -1  Min: -2  Max: 200000000  Default: 0
Parameter FuncPieceLength unchanged
   Value: 1e-05  Min: 1e-05  Max: 1000000.0  Default: 0.01
Parameter FuncPieceError unchanged
   Value: 1e-06  Min: 1e-06  Max: 1000000.0  Default: 0.001
Parameter IntFeasTol unchanged
   Value: 1e-09  Min: 1e-09  Max: 0.1  Default: 1e-05
Gurobi Optimizer version 9.1.2 build v9.1.2rc0 (linux64)
Thread count: 64 physical cores, 128 logical processors, using up to 32 threads
Optimize a model with 328 rows, 515 columns and 798 nonzeros
Model fingerprint: 0x5fda6bfa
Model has 375 general constraints
Variable types: 319 continuous, 196 integer (196 binary)
Coefficient statistics:
  Matrix range     [2e-01, 2e+00]
  Objective range  [0e+00, 0e+00]
  Bounds range     [1e+00, 1e+00]
  RHS range        [1e-02, 5e+00]
Presolve removed 129 rows and 219 columns
Presolve time: 0.00s

Explored 0 nodes (0 simplex iterations) in 0.01 seconds
Thread count was 1 (of 128 available processors)

Solution count 0

Model is infeasible
Best objective -, best bound -, gap -
Discarded solution information
Parameter FuncPieces unchanged
   Value: -1  Min: -2  Max: 200000000  Default: 0
Parameter FuncPieceLength unchanged
   Value: 1e-05  Min: 1e-05  Max: 1000000.0  Default: 0.01
Parameter FuncPieceError unchanged
   Value: 1e-06  Min: 1e-06  Max: 1000000.0  Default: 0.001
Parameter IntFeasTol unchanged
   Value: 1e-09  Min: 1e-09  Max: 0.1  Default: 1e-05
Gurobi Optimizer version 9.1.2 build v9.1.2rc0 (linux64)
Thread count: 64 physical cores, 128 logical processors, using up to 32 threads
Optimize a model with 320 rows, 515 columns and 790 nonzeros
Model fingerprint: 0x16527b1b
Model has 375 general constraints
Variable types: 319 continuous, 196 integer (196 binary)
Coefficient statistics:
  Matrix range     [2e-01, 2e+00]
  Objective range  [0e+00, 0e+00]
  Bounds range     [1e+00, 1e+00]
  RHS range        [1e-02, 5e+00]
Presolve removed 172 rows and 173 columns
Presolve time: 0.00s

Explored 0 nodes (0 simplex iterations) in 0.00 seconds
Thread count was 1 (of 128 available processors)

Solution count 0

Model is infeasible
Best objective -, best bound -, gap -
Discarded solution information
Parameter FuncPieces unchanged
   Value: -1  Min: -2  Max: 200000000  Default: 0
Parameter FuncPieceLength unchanged
   Value: 1e-05  Min: 1e-05  Max: 1000000.0  Default: 0.01
Parameter FuncPieceError unchanged
   Value: 1e-06  Min: 1e-06  Max: 1000000.0  Default: 0.001
Parameter IntFeasTol unchanged
   Value: 1e-09  Min: 1e-09  Max: 0.1  Default: 1e-05
Gurobi Optimizer version 9.1.2 build v9.1.2rc0 (linux64)
Thread count: 64 physical cores, 128 logical processors, using up to 32 threads
Optimize a model with 324 rows, 515 columns and 794 nonzeros
Model fingerprint: 0x93fcc246
Model has 375 general constraints
Variable types: 319 continuous, 196 integer (196 binary)
Coefficient statistics:
  Matrix range     [2e-01, 2e+00]
  Objective range  [0e+00, 0e+00]
  Bounds range     [1e+00, 1e+00]
  RHS range        [1e-02, 5e+00]
Presolve removed 191 rows and 228 columns
Presolve time: 0.00s

Explored 0 nodes (0 simplex iterations) in 0.00 seconds
Thread count was 1 (of 128 available processors)

Solution count 0

Model is infeasible
Best objective -, best bound -, gap -
Discarded solution information
Parameter FuncPieces unchanged
   Value: -1  Min: -2  Max: 200000000  Default: 0
Parameter FuncPieceLength unchanged
   Value: 1e-05  Min: 1e-05  Max: 1000000.0  Default: 0.01
Parameter FuncPieceError unchanged
   Value: 1e-06  Min: 1e-06  Max: 1000000.0  Default: 0.001
Parameter IntFeasTol unchanged
   Value: 1e-09  Min: 1e-09  Max: 0.1  Default: 1e-05
Gurobi Optimizer version 9.1.2 build v9.1.2rc0 (linux64)
Thread count: 64 physical cores, 128 logical processors, using up to 32 threads
Optimize a model with 324 rows, 515 columns and 794 nonzeros
Model fingerprint: 0x312cb26f
Model has 375 general constraints
Variable types: 319 continuous, 196 integer (196 binary)
Coefficient statistics:
  Matrix range     [2e-01, 2e+00]
  Objective range  [0e+00, 0e+00]
  Bounds range     [1e+00, 1e+00]
  RHS range        [1e-02, 5e+00]
Presolve removed 209 rows and 289 columns
Presolve time: 0.01s
Presolved: 115 rows, 226 columns, 612 nonzeros
Presolved model has 49 SOS constraint(s)
Variable types: 190 continuous, 36 integer (34 binary)

Root relaxation: objective 0.000000e+00, 81 iterations, 0.00 seconds

    Nodes    |    Current Node    |     Objective Bounds      |     Work
 Expl Unexpl |  Obj  Depth IntInf | Incumbent    BestBd   Gap | It/Node Time

     0     0 infeasible    0               - infeasible      -     -    0s

Explored 0 nodes (81 simplex iterations) in 0.01 seconds
Thread count was 32 (of 128 available processors)

Solution count 0

Model is infeasible
Best objective -, best bound -, gap -
Discarded solution information
Parameter FuncPieces unchanged
   Value: -1  Min: -2  Max: 200000000  Default: 0
Parameter FuncPieceLength unchanged
   Value: 1e-05  Min: 1e-05  Max: 1000000.0  Default: 0.01
Parameter FuncPieceError unchanged
   Value: 1e-06  Min: 1e-06  Max: 1000000.0  Default: 0.001
Parameter IntFeasTol unchanged
   Value: 1e-09  Min: 1e-09  Max: 0.1  Default: 1e-05
Gurobi Optimizer version 9.1.2 build v9.1.2rc0 (linux64)
Thread count: 64 physical cores, 128 logical processors, using up to 32 threads
Optimize a model with 326 rows, 515 columns and 796 nonzeros
Model fingerprint: 0x16be3d65
Model has 375 general constraints
Variable types: 319 continuous, 196 integer (196 binary)
Coefficient statistics:
  Matrix range     [2e-01, 2e+00]
  Objective range  [0e+00, 0e+00]
  Bounds range     [1e+00, 1e+00]
  RHS range        [1e-02, 5e+00]
Presolve removed 134 rows and 221 columns
Presolve time: 0.00s

Explored 0 nodes (0 simplex iterations) in 0.01 seconds
Thread count was 1 (of 128 available processors)

Solution count 0

Model is infeasible
Best objective -, best bound -, gap -
Discarded solution information
Parameter FuncPieces unchanged
   Value: -1  Min: -2  Max: 200000000  Default: 0
Parameter FuncPieceLength unchanged
   Value: 1e-05  Min: 1e-05  Max: 1000000.0  Default: 0.01
Parameter FuncPieceError unchanged
   Value: 1e-06  Min: 1e-06  Max: 1000000.0  Default: 0.001
Parameter IntFeasTol unchanged
   Value: 1e-09  Min: 1e-09  Max: 0.1  Default: 1e-05
Gurobi Optimizer version 9.1.2 build v9.1.2rc0 (linux64)
Thread count: 64 physical cores, 128 logical processors, using up to 32 threads
Optimize a model with 327 rows, 515 columns and 797 nonzeros
Model fingerprint: 0xf761ba80
Model has 375 general constraints
Variable types: 319 continuous, 196 integer (196 binary)
Coefficient statistics:
  Matrix range     [2e-01, 2e+00]
  Objective range  [0e+00, 0e+00]
  Bounds range     [1e+00, 1e+00]
  RHS range        [1e-02, 5e+00]
Presolve removed 155 rows and 225 columns
Presolve time: 0.00s

Explored 0 nodes (0 simplex iterations) in 0.01 seconds
Thread count was 1 (of 128 available processors)

Solution count 0

Model is infeasible
Best objective -, best bound -, gap -
Discarded solution information
Parameter FuncPieces unchanged
   Value: -1  Min: -2  Max: 200000000  Default: 0
Parameter FuncPieceLength unchanged
   Value: 1e-05  Min: 1e-05  Max: 1000000.0  Default: 0.01
Parameter FuncPieceError unchanged
   Value: 1e-06  Min: 1e-06  Max: 1000000.0  Default: 0.001
Parameter IntFeasTol unchanged
   Value: 1e-09  Min: 1e-09  Max: 0.1  Default: 1e-05
Gurobi Optimizer version 9.1.2 build v9.1.2rc0 (linux64)
Thread count: 64 physical cores, 128 logical processors, using up to 32 threads
Optimize a model with 327 rows, 515 columns and 797 nonzeros
Model fingerprint: 0x416b17bb
Model has 375 general constraints
Variable types: 319 continuous, 196 integer (196 binary)
Coefficient statistics:
  Matrix range     [2e-01, 2e+00]
  Objective range  [0e+00, 0e+00]
  Bounds range     [1e+00, 1e+00]
  RHS range        [1e-02, 5e+00]
Presolve removed 128 rows and 219 columns
Presolve time: 0.00s

Explored 0 nodes (0 simplex iterations) in 0.01 seconds
Thread count was 1 (of 128 available processors)

Solution count 0

Model is infeasible
Best objective -, best bound -, gap -
Discarded solution information
Parameter FuncPieces unchanged
   Value: -1  Min: -2  Max: 200000000  Default: 0
Parameter FuncPieceLength unchanged
   Value: 1e-05  Min: 1e-05  Max: 1000000.0  Default: 0.01
Parameter FuncPieceError unchanged
   Value: 1e-06  Min: 1e-06  Max: 1000000.0  Default: 0.001
Parameter IntFeasTol unchanged
   Value: 1e-09  Min: 1e-09  Max: 0.1  Default: 1e-05
Gurobi Optimizer version 9.1.2 build v9.1.2rc0 (linux64)
Thread count: 64 physical cores, 128 logical processors, using up to 32 threads
Optimize a model with 319 rows, 515 columns and 789 nonzeros
Model fingerprint: 0x5156389e
Model has 375 general constraints
Variable types: 319 continuous, 196 integer (196 binary)
Coefficient statistics:
  Matrix range     [2e-01, 2e+00]
  Objective range  [0e+00, 0e+00]
  Bounds range     [1e+00, 1e+00]
  RHS range        [1e-02, 5e+00]
Presolve removed 171 rows and 173 columns
Presolve time: 0.00s

Explored 0 nodes (0 simplex iterations) in 0.00 seconds
Thread count was 1 (of 128 available processors)

Solution count 0

Model is infeasible
Best objective -, best bound -, gap -
Discarded solution information
Parameter FuncPieces unchanged
   Value: -1  Min: -2  Max: 200000000  Default: 0
Parameter FuncPieceLength unchanged
   Value: 1e-05  Min: 1e-05  Max: 1000000.0  Default: 0.01
Parameter FuncPieceError unchanged
   Value: 1e-06  Min: 1e-06  Max: 1000000.0  Default: 0.001
Parameter IntFeasTol unchanged
   Value: 1e-09  Min: 1e-09  Max: 0.1  Default: 1e-05
Gurobi Optimizer version 9.1.2 build v9.1.2rc0 (linux64)
Thread count: 64 physical cores, 128 logical processors, using up to 32 threads
Optimize a model with 323 rows, 515 columns and 793 nonzeros
Model fingerprint: 0x0e37863c
Model has 375 general constraints
Variable types: 319 continuous, 196 integer (196 binary)
Coefficient statistics:
  Matrix range     [2e-01, 2e+00]
  Objective range  [0e+00, 0e+00]
  Bounds range     [1e+00, 1e+00]
  RHS range        [1e-02, 5e+00]
Presolve removed 190 rows and 228 columns
Presolve time: 0.00s

Explored 0 nodes (0 simplex iterations) in 0.00 seconds
Thread count was 1 (of 128 available processors)

Solution count 0

Model is infeasible
Best objective -, best bound -, gap -
Discarded solution information
Parameter FuncPieces unchanged
   Value: -1  Min: -2  Max: 200000000  Default: 0
Parameter FuncPieceLength unchanged
   Value: 1e-05  Min: 1e-05  Max: 1000000.0  Default: 0.01
Parameter FuncPieceError unchanged
   Value: 1e-06  Min: 1e-06  Max: 1000000.0  Default: 0.001
Parameter IntFeasTol unchanged
   Value: 1e-09  Min: 1e-09  Max: 0.1  Default: 1e-05
Gurobi Optimizer version 9.1.2 build v9.1.2rc0 (linux64)
Thread count: 64 physical cores, 128 logical processors, using up to 32 threads
Optimize a model with 323 rows, 515 columns and 793 nonzeros
Model fingerprint: 0xbd371853
Model has 375 general constraints
Variable types: 319 continuous, 196 integer (196 binary)
Coefficient statistics:
  Matrix range     [2e-01, 2e+00]
  Objective range  [0e+00, 0e+00]
  Bounds range     [1e+00, 1e+00]
  RHS range        [1e-02, 5e+00]
Presolve removed 208 rows and 289 columns
Presolve time: 0.01s
Presolved: 115 rows, 226 columns, 612 nonzeros
Presolved model has 49 SOS constraint(s)
Variable types: 190 continuous, 36 integer (34 binary)

Root relaxation: objective 0.000000e+00, 81 iterations, 0.00 seconds

    Nodes    |    Current Node    |     Objective Bounds      |     Work
 Expl Unexpl |  Obj  Depth IntInf | Incumbent    BestBd   Gap | It/Node Time

     0     0 infeasible    0               - infeasible      -     -    0s

Explored 0 nodes (81 simplex iterations) in 0.01 seconds
Thread count was 32 (of 128 available processors)

Solution count 0

Model is infeasible
Best objective -, best bound -, gap -
Discarded solution information
Parameter FuncPieces unchanged
   Value: -1  Min: -2  Max: 200000000  Default: 0
Parameter FuncPieceLength unchanged
   Value: 1e-05  Min: 1e-05  Max: 1000000.0  Default: 0.01
Parameter FuncPieceError unchanged
   Value: 1e-06  Min: 1e-06  Max: 1000000.0  Default: 0.001
Parameter IntFeasTol unchanged
   Value: 1e-09  Min: 1e-09  Max: 0.1  Default: 1e-05
Gurobi Optimizer version 9.1.2 build v9.1.2rc0 (linux64)
Thread count: 64 physical cores, 128 logical processors, using up to 32 threads
Optimize a model with 325 rows, 515 columns and 795 nonzeros
Model fingerprint: 0xf687b836
Model has 375 general constraints
Variable types: 319 continuous, 196 integer (196 binary)
Coefficient statistics:
  Matrix range     [2e-01, 2e+00]
  Objective range  [0e+00, 0e+00]
  Bounds range     [1e+00, 1e+00]
  RHS range        [1e-02, 5e+00]
Presolve removed 133 rows and 221 columns
Presolve time: 0.00s

Explored 0 nodes (0 simplex iterations) in 0.01 seconds
Thread count was 1 (of 128 available processors)

Solution count 0

Model is infeasible
Best objective -, best bound -, gap -
Discarded solution information
Parameter FuncPieces unchanged
   Value: -1  Min: -2  Max: 200000000  Default: 0
Parameter FuncPieceLength unchanged
   Value: 1e-05  Min: 1e-05  Max: 1000000.0  Default: 0.01
Parameter FuncPieceError unchanged
   Value: 1e-06  Min: 1e-06  Max: 1000000.0  Default: 0.001
Parameter IntFeasTol unchanged
   Value: 1e-09  Min: 1e-09  Max: 0.1  Default: 1e-05
Gurobi Optimizer version 9.1.2 build v9.1.2rc0 (linux64)
Thread count: 64 physical cores, 128 logical processors, using up to 32 threads
Optimize a model with 326 rows, 515 columns and 796 nonzeros
Model fingerprint: 0x7d5f6a5d
Model has 375 general constraints
Variable types: 319 continuous, 196 integer (196 binary)
Coefficient statistics:
  Matrix range     [2e-01, 2e+00]
  Objective range  [0e+00, 0e+00]
  Bounds range     [1e+00, 1e+00]
  RHS range        [1e-02, 5e+00]
Presolve removed 154 rows and 225 columns
Presolve time: 0.00s

Explored 0 nodes (0 simplex iterations) in 0.01 seconds
Thread count was 1 (of 128 available processors)

Solution count 0

Model is infeasible
Best objective -, best bound -, gap -
Discarded solution information
Parameter FuncPieces unchanged
   Value: -1  Min: -2  Max: 200000000  Default: 0
Parameter FuncPieceLength unchanged
   Value: 1e-05  Min: 1e-05  Max: 1000000.0  Default: 0.01
Parameter FuncPieceError unchanged
   Value: 1e-06  Min: 1e-06  Max: 1000000.0  Default: 0.001
Parameter IntFeasTol unchanged
   Value: 1e-09  Min: 1e-09  Max: 0.1  Default: 1e-05
Gurobi Optimizer version 9.1.2 build v9.1.2rc0 (linux64)
Thread count: 64 physical cores, 128 logical processors, using up to 32 threads
Optimize a model with 326 rows, 515 columns and 796 nonzeros
Model fingerprint: 0x87bb4c69
Model has 375 general constraints
Variable types: 319 continuous, 196 integer (196 binary)
Coefficient statistics:
  Matrix range     [2e-01, 2e+00]
  Objective range  [0e+00, 0e+00]
  Bounds range     [1e+00, 1e+00]
  RHS range        [1e-02, 5e+00]
Presolve removed 127 rows and 219 columns
Presolve time: 0.00s

Explored 0 nodes (0 simplex iterations) in 0.01 seconds
Thread count was 1 (of 128 available processors)

Solution count 0

Model is infeasible
Best objective -, best bound -, gap -
Discarded solution information
Parameter FuncPieces unchanged
   Value: -1  Min: -2  Max: 200000000  Default: 0
Parameter FuncPieceLength unchanged
   Value: 1e-05  Min: 1e-05  Max: 1000000.0  Default: 0.01
Parameter FuncPieceError unchanged
   Value: 1e-06  Min: 1e-06  Max: 1000000.0  Default: 0.001
Parameter IntFeasTol unchanged
   Value: 1e-09  Min: 1e-09  Max: 0.1  Default: 1e-05
Gurobi Optimizer version 9.1.2 build v9.1.2rc0 (linux64)
Thread count: 64 physical cores, 128 logical processors, using up to 32 threads
Optimize a model with 318 rows, 515 columns and 788 nonzeros
Model fingerprint: 0x7437b789
Model has 375 general constraints
Variable types: 319 continuous, 196 integer (196 binary)
Coefficient statistics:
  Matrix range     [2e-01, 2e+00]
  Objective range  [0e+00, 0e+00]
  Bounds range     [1e+00, 1e+00]
  RHS range        [1e-02, 5e+00]
Presolve removed 170 rows and 173 columns
Presolve time: 0.00s

Explored 0 nodes (0 simplex iterations) in 0.00 seconds
Thread count was 1 (of 128 available processors)

Solution count 0

Model is infeasible
Best objective -, best bound -, gap -
Discarded solution information
Parameter FuncPieces unchanged
   Value: -1  Min: -2  Max: 200000000  Default: 0
Parameter FuncPieceLength unchanged
   Value: 1e-05  Min: 1e-05  Max: 1000000.0  Default: 0.01
Parameter FuncPieceError unchanged
   Value: 1e-06  Min: 1e-06  Max: 1000000.0  Default: 0.001
Parameter IntFeasTol unchanged
   Value: 1e-09  Min: 1e-09  Max: 0.1  Default: 1e-05
Gurobi Optimizer version 9.1.2 build v9.1.2rc0 (linux64)
Thread count: 64 physical cores, 128 logical processors, using up to 32 threads
Optimize a model with 322 rows, 515 columns and 792 nonzeros
Model fingerprint: 0x0ff18a39
Model has 375 general constraints
Variable types: 319 continuous, 196 integer (196 binary)
Coefficient statistics:
  Matrix range     [2e-01, 2e+00]
  Objective range  [0e+00, 0e+00]
  Bounds range     [1e+00, 1e+00]
  RHS range        [1e-02, 5e+00]
Presolve removed 189 rows and 228 columns
Presolve time: 0.00s

Explored 0 nodes (0 simplex iterations) in 0.00 seconds
Thread count was 1 (of 128 available processors)

Solution count 0

Model is infeasible
Best objective -, best bound -, gap -
Discarded solution information
Parameter FuncPieces unchanged
   Value: -1  Min: -2  Max: 200000000  Default: 0
Parameter FuncPieceLength unchanged
   Value: 1e-05  Min: 1e-05  Max: 1000000.0  Default: 0.01
Parameter FuncPieceError unchanged
   Value: 1e-06  Min: 1e-06  Max: 1000000.0  Default: 0.001
Parameter IntFeasTol unchanged
   Value: 1e-09  Min: 1e-09  Max: 0.1  Default: 1e-05
Gurobi Optimizer version 9.1.2 build v9.1.2rc0 (linux64)
Thread count: 64 physical cores, 128 logical processors, using up to 32 threads
Optimize a model with 322 rows, 515 columns and 792 nonzeros
Model fingerprint: 0x42b82fae
Model has 375 general constraints
Variable types: 319 continuous, 196 integer (196 binary)
Coefficient statistics:
  Matrix range     [2e-01, 2e+00]
  Objective range  [0e+00, 0e+00]
  Bounds range     [1e+00, 1e+00]
  RHS range        [1e-02, 5e+00]
Presolve removed 207 rows and 289 columns
Presolve time: 0.01s
Presolved: 115 rows, 226 columns, 612 nonzeros
Presolved model has 49 SOS constraint(s)
Variable types: 190 continuous, 36 integer (34 binary)

Root relaxation: objective 0.000000e+00, 81 iterations, 0.00 seconds

    Nodes    |    Current Node    |     Objective Bounds      |     Work
 Expl Unexpl |  Obj  Depth IntInf | Incumbent    BestBd   Gap | It/Node Time

     0     0 infeasible    0               - infeasible      -     -    0s

Explored 0 nodes (81 simplex iterations) in 0.01 seconds
Thread count was 32 (of 128 available processors)

Solution count 0

Model is infeasible
Best objective -, best bound -, gap -
Discarded solution information
Parameter FuncPieces unchanged
   Value: -1  Min: -2  Max: 200000000  Default: 0
Parameter FuncPieceLength unchanged
   Value: 1e-05  Min: 1e-05  Max: 1000000.0  Default: 0.01
Parameter FuncPieceError unchanged
   Value: 1e-06  Min: 1e-06  Max: 1000000.0  Default: 0.001
Parameter IntFeasTol unchanged
   Value: 1e-09  Min: 1e-09  Max: 0.1  Default: 1e-05
Gurobi Optimizer version 9.1.2 build v9.1.2rc0 (linux64)
Thread count: 64 physical cores, 128 logical processors, using up to 32 threads
Optimize a model with 324 rows, 515 columns and 794 nonzeros
Model fingerprint: 0x22d46651
Model has 375 general constraints
Variable types: 319 continuous, 196 integer (196 binary)
Coefficient statistics:
  Matrix range     [2e-01, 2e+00]
  Objective range  [0e+00, 0e+00]
  Bounds range     [1e+00, 1e+00]
  RHS range        [1e-02, 5e+00]
Presolve removed 132 rows and 221 columns
Presolve time: 0.00s

Explored 0 nodes (0 simplex iterations) in 0.01 seconds
Thread count was 1 (of 128 available processors)

Solution count 0

Model is infeasible
Best objective -, best bound -, gap -
Discarded solution information
Parameter FuncPieces unchanged
   Value: -1  Min: -2  Max: 200000000  Default: 0
Parameter FuncPieceLength unchanged
   Value: 1e-05  Min: 1e-05  Max: 1000000.0  Default: 0.01
Parameter FuncPieceError unchanged
   Value: 1e-06  Min: 1e-06  Max: 1000000.0  Default: 0.001
Parameter IntFeasTol unchanged
   Value: 1e-09  Min: 1e-09  Max: 0.1  Default: 1e-05
Gurobi Optimizer version 9.1.2 build v9.1.2rc0 (linux64)
Thread count: 64 physical cores, 128 logical processors, using up to 32 threads
Optimize a model with 325 rows, 515 columns and 795 nonzeros
Model fingerprint: 0x84249784
Model has 375 general constraints
Variable types: 319 continuous, 196 integer (196 binary)
Coefficient statistics:
  Matrix range     [2e-01, 2e+00]
  Objective range  [0e+00, 0e+00]
  Bounds range     [1e+00, 1e+00]
  RHS range        [1e-02, 5e+00]
Presolve removed 153 rows and 225 columns
Presolve time: 0.00s

Explored 0 nodes (0 simplex iterations) in 0.01 seconds
Thread count was 1 (of 128 available processors)

Solution count 0

Model is infeasible
Best objective -, best bound -, gap -
Discarded solution information
Parameter FuncPieces unchanged
   Value: -1  Min: -2  Max: 200000000  Default: 0
Parameter FuncPieceLength unchanged
   Value: 1e-05  Min: 1e-05  Max: 1000000.0  Default: 0.01
Parameter FuncPieceError unchanged
   Value: 1e-06  Min: 1e-06  Max: 1000000.0  Default: 0.001
Parameter IntFeasTol unchanged
   Value: 1e-09  Min: 1e-09  Max: 0.1  Default: 1e-05
Gurobi Optimizer version 9.1.2 build v9.1.2rc0 (linux64)
Thread count: 64 physical cores, 128 logical processors, using up to 32 threads
Optimize a model with 325 rows, 515 columns and 795 nonzeros
Model fingerprint: 0xe2dbb20f
Model has 375 general constraints
Variable types: 319 continuous, 196 integer (196 binary)
Coefficient statistics:
  Matrix range     [2e-01, 2e+00]
  Objective range  [0e+00, 0e+00]
  Bounds range     [1e+00, 1e+00]
  RHS range        [1e-02, 5e+00]
Presolve removed 126 rows and 219 columns
Presolve time: 0.00s

Explored 0 nodes (0 simplex iterations) in 0.01 seconds
Thread count was 1 (of 128 available processors)

Solution count 0

Model is infeasible
Best objective -, best bound -, gap -
Discarded solution information
Parameter FuncPieces unchanged
   Value: -1  Min: -2  Max: 200000000  Default: 0
Parameter FuncPieceLength unchanged
   Value: 1e-05  Min: 1e-05  Max: 1000000.0  Default: 0.01
Parameter FuncPieceError unchanged
   Value: 1e-06  Min: 1e-06  Max: 1000000.0  Default: 0.001
Parameter IntFeasTol unchanged
   Value: 1e-09  Min: 1e-09  Max: 0.1  Default: 1e-05
Gurobi Optimizer version 9.1.2 build v9.1.2rc0 (linux64)
Thread count: 64 physical cores, 128 logical processors, using up to 32 threads
Optimize a model with 317 rows, 515 columns and 787 nonzeros
Model fingerprint: 0xf46725a7
Model has 375 general constraints
Variable types: 319 continuous, 196 integer (196 binary)
Coefficient statistics:
  Matrix range     [2e-01, 2e+00]
  Objective range  [0e+00, 0e+00]
  Bounds range     [1e+00, 1e+00]
  RHS range        [1e-02, 5e+00]
Presolve removed 169 rows and 173 columns
Presolve time: 0.00s

Explored 0 nodes (0 simplex iterations) in 0.00 seconds
Thread count was 1 (of 128 available processors)

Solution count 0

Model is infeasible
Best objective -, best bound -, gap -
Discarded solution information
Parameter FuncPieces unchanged
   Value: -1  Min: -2  Max: 200000000  Default: 0
Parameter FuncPieceLength unchanged
   Value: 1e-05  Min: 1e-05  Max: 1000000.0  Default: 0.01
Parameter FuncPieceError unchanged
   Value: 1e-06  Min: 1e-06  Max: 1000000.0  Default: 0.001
Parameter IntFeasTol unchanged
   Value: 1e-09  Min: 1e-09  Max: 0.1  Default: 1e-05
Gurobi Optimizer version 9.1.2 build v9.1.2rc0 (linux64)
Thread count: 64 physical cores, 128 logical processors, using up to 32 threads
Optimize a model with 321 rows, 515 columns and 791 nonzeros
Model fingerprint: 0x13d60ba2
Model has 375 general constraints
Variable types: 319 continuous, 196 integer (196 binary)
Coefficient statistics:
  Matrix range     [2e-01, 2e+00]
  Objective range  [0e+00, 0e+00]
  Bounds range     [1e+00, 1e+00]
  RHS range        [1e-02, 5e+00]
Presolve removed 188 rows and 228 columns
Presolve time: 0.00s

Explored 0 nodes (0 simplex iterations) in 0.00 seconds
Thread count was 1 (of 128 available processors)

Solution count 0

Model is infeasible
Best objective -, best bound -, gap -
Discarded solution information
Parameter FuncPieces unchanged
   Value: -1  Min: -2  Max: 200000000  Default: 0
Parameter FuncPieceLength unchanged
   Value: 1e-05  Min: 1e-05  Max: 1000000.0  Default: 0.01
Parameter FuncPieceError unchanged
   Value: 1e-06  Min: 1e-06  Max: 1000000.0  Default: 0.001
Parameter IntFeasTol unchanged
   Value: 1e-09  Min: 1e-09  Max: 0.1  Default: 1e-05
Gurobi Optimizer version 9.1.2 build v9.1.2rc0 (linux64)
Thread count: 64 physical cores, 128 logical processors, using up to 32 threads
Optimize a model with 321 rows, 515 columns and 791 nonzeros
Model fingerprint: 0x32b98794
Model has 375 general constraints
Variable types: 319 continuous, 196 integer (196 binary)
Coefficient statistics:
  Matrix range     [2e-01, 2e+00]
  Objective range  [0e+00, 0e+00]
  Bounds range     [1e+00, 1e+00]
  RHS range        [1e-02, 5e+00]
Presolve removed 206 rows and 289 columns
Presolve time: 0.01s
Presolved: 115 rows, 226 columns, 612 nonzeros
Presolved model has 49 SOS constraint(s)
Variable types: 190 continuous, 36 integer (34 binary)

Root relaxation: objective 0.000000e+00, 81 iterations, 0.00 seconds

    Nodes    |    Current Node    |     Objective Bounds      |     Work
 Expl Unexpl |  Obj  Depth IntInf | Incumbent    BestBd   Gap | It/Node Time

     0     0 infeasible    0               - infeasible      -     -    0s

Explored 0 nodes (81 simplex iterations) in 0.01 seconds
Thread count was 32 (of 128 available processors)

Solution count 0

Model is infeasible
Best objective -, best bound -, gap -
Discarded solution information
Parameter FuncPieces unchanged
   Value: -1  Min: -2  Max: 200000000  Default: 0
Parameter FuncPieceLength unchanged
   Value: 1e-05  Min: 1e-05  Max: 1000000.0  Default: 0.01
Parameter FuncPieceError unchanged
   Value: 1e-06  Min: 1e-06  Max: 1000000.0  Default: 0.001
Parameter IntFeasTol unchanged
   Value: 1e-09  Min: 1e-09  Max: 0.1  Default: 1e-05
Gurobi Optimizer version 9.1.2 build v9.1.2rc0 (linux64)
Thread count: 64 physical cores, 128 logical processors, using up to 32 threads
Optimize a model with 323 rows, 515 columns and 793 nonzeros
Model fingerprint: 0x3a977d80
Model has 375 general constraints
Variable types: 319 continuous, 196 integer (196 binary)
Coefficient statistics:
  Matrix range     [2e-01, 2e+00]
  Objective range  [0e+00, 0e+00]
  Bounds range     [1e+00, 1e+00]
  RHS range        [1e-02, 5e+00]
Presolve removed 131 rows and 221 columns
Presolve time: 0.00s

Explored 0 nodes (0 simplex iterations) in 0.01 seconds
Thread count was 1 (of 128 available processors)

Solution count 0

Model is infeasible
Best objective -, best bound -, gap -
Discarded solution information
Parameter FuncPieces unchanged
   Value: -1  Min: -2  Max: 200000000  Default: 0
Parameter FuncPieceLength unchanged
   Value: 1e-05  Min: 1e-05  Max: 1000000.0  Default: 0.01
Parameter FuncPieceError unchanged
   Value: 1e-06  Min: 1e-06  Max: 1000000.0  Default: 0.001
Parameter IntFeasTol unchanged
   Value: 1e-09  Min: 1e-09  Max: 0.1  Default: 1e-05
Gurobi Optimizer version 9.1.2 build v9.1.2rc0 (linux64)
Thread count: 64 physical cores, 128 logical processors, using up to 32 threads
Optimize a model with 324 rows, 515 columns and 794 nonzeros
Model fingerprint: 0x156b3a6c
Model has 375 general constraints
Variable types: 319 continuous, 196 integer (196 binary)
Coefficient statistics:
  Matrix range     [2e-01, 2e+00]
  Objective range  [0e+00, 0e+00]
  Bounds range     [1e+00, 1e+00]
  RHS range        [1e-02, 5e+00]
Presolve removed 152 rows and 225 columns
Presolve time: 0.00s

Explored 0 nodes (0 simplex iterations) in 0.01 seconds
Thread count was 1 (of 128 available processors)

Solution count 0

Model is infeasible
Best objective -, best bound -, gap -
Discarded solution information
Parameter FuncPieces unchanged
   Value: -1  Min: -2  Max: 200000000  Default: 0
Parameter FuncPieceLength unchanged
   Value: 1e-05  Min: 1e-05  Max: 1000000.0  Default: 0.01
Parameter FuncPieceError unchanged
   Value: 1e-06  Min: 1e-06  Max: 1000000.0  Default: 0.001
Parameter IntFeasTol unchanged
   Value: 1e-09  Min: 1e-09  Max: 0.1  Default: 1e-05
Gurobi Optimizer version 9.1.2 build v9.1.2rc0 (linux64)
Thread count: 64 physical cores, 128 logical processors, using up to 32 threads
Optimize a model with 324 rows, 515 columns and 794 nonzeros
Model fingerprint: 0x98c2390b
Model has 375 general constraints
Variable types: 319 continuous, 196 integer (196 binary)
Coefficient statistics:
  Matrix range     [2e-01, 2e+00]
  Objective range  [0e+00, 0e+00]
  Bounds range     [1e+00, 1e+00]
  RHS range        [1e-02, 5e+00]
Presolve removed 125 rows and 219 columns
Presolve time: 0.00s

Explored 0 nodes (0 simplex iterations) in 0.01 seconds
Thread count was 1 (of 128 available processors)

Solution count 0

Model is infeasible
Best objective -, best bound -, gap -
Discarded solution information
Parameter FuncPieces unchanged
   Value: -1  Min: -2  Max: 200000000  Default: 0
Parameter FuncPieceLength unchanged
   Value: 1e-05  Min: 1e-05  Max: 1000000.0  Default: 0.01
Parameter FuncPieceError unchanged
   Value: 1e-06  Min: 1e-06  Max: 1000000.0  Default: 0.001
Parameter IntFeasTol unchanged
   Value: 1e-09  Min: 1e-09  Max: 0.1  Default: 1e-05
Gurobi Optimizer version 9.1.2 build v9.1.2rc0 (linux64)
Thread count: 64 physical cores, 128 logical processors, using up to 32 threads
Optimize a model with 316 rows, 515 columns and 786 nonzeros
Model fingerprint: 0xc9e496b2
Model has 375 general constraints
Variable types: 319 continuous, 196 integer (196 binary)
Coefficient statistics:
  Matrix range     [2e-01, 2e+00]
  Objective range  [0e+00, 0e+00]
  Bounds range     [1e+00, 1e+00]
  RHS range        [1e-02, 5e+00]
Presolve removed 168 rows and 173 columns
Presolve time: 0.00s

Explored 0 nodes (0 simplex iterations) in 0.00 seconds
Thread count was 1 (of 128 available processors)

Solution count 0

Model is infeasible
Best objective -, best bound -, gap -
Discarded solution information
Parameter FuncPieces unchanged
   Value: -1  Min: -2  Max: 200000000  Default: 0
Parameter FuncPieceLength unchanged
   Value: 1e-05  Min: 1e-05  Max: 1000000.0  Default: 0.01
Parameter FuncPieceError unchanged
   Value: 1e-06  Min: 1e-06  Max: 1000000.0  Default: 0.001
Parameter IntFeasTol unchanged
   Value: 1e-09  Min: 1e-09  Max: 0.1  Default: 1e-05
Gurobi Optimizer version 9.1.2 build v9.1.2rc0 (linux64)
Thread count: 64 physical cores, 128 logical processors, using up to 32 threads
Optimize a model with 320 rows, 515 columns and 790 nonzeros
Model fingerprint: 0xe24c907a
Model has 375 general constraints
Variable types: 319 continuous, 196 integer (196 binary)
Coefficient statistics:
  Matrix range     [2e-01, 2e+00]
  Objective range  [0e+00, 0e+00]
  Bounds range     [1e+00, 1e+00]
  RHS range        [1e-02, 5e+00]
Presolve removed 187 rows and 228 columns
Presolve time: 0.00s

Explored 0 nodes (0 simplex iterations) in 0.00 seconds
Thread count was 1 (of 128 available processors)

Solution count 0

Model is infeasible
Best objective -, best bound -, gap -
Discarded solution information
Parameter FuncPieces unchanged
   Value: -1  Min: -2  Max: 200000000  Default: 0
Parameter FuncPieceLength unchanged
   Value: 1e-05  Min: 1e-05  Max: 1000000.0  Default: 0.01
Parameter FuncPieceError unchanged
   Value: 1e-06  Min: 1e-06  Max: 1000000.0  Default: 0.001
Parameter IntFeasTol unchanged
   Value: 1e-09  Min: 1e-09  Max: 0.1  Default: 1e-05
Gurobi Optimizer version 9.1.2 build v9.1.2rc0 (linux64)
Thread count: 64 physical cores, 128 logical processors, using up to 32 threads
Optimize a model with 320 rows, 515 columns and 790 nonzeros
Model fingerprint: 0x780ffc0a
Model has 375 general constraints
Variable types: 319 continuous, 196 integer (196 binary)
Coefficient statistics:
  Matrix range     [2e-01, 2e+00]
  Objective range  [0e+00, 0e+00]
  Bounds range     [1e+00, 1e+00]
  RHS range        [1e-02, 5e+00]
Presolve removed 205 rows and 289 columns
Presolve time: 0.01s
Presolved: 115 rows, 226 columns, 612 nonzeros
Presolved model has 49 SOS constraint(s)
Variable types: 190 continuous, 36 integer (34 binary)

Root relaxation: objective 0.000000e+00, 81 iterations, 0.00 seconds

    Nodes    |    Current Node    |     Objective Bounds      |     Work
 Expl Unexpl |  Obj  Depth IntInf | Incumbent    BestBd   Gap | It/Node Time

     0     0 infeasible    0               - infeasible      -     -    0s

Explored 0 nodes (81 simplex iterations) in 0.01 seconds
Thread count was 32 (of 128 available processors)

Solution count 0

Model is infeasible
Best objective -, best bound -, gap -
Discarded solution information
Parameter FuncPieces unchanged
   Value: -1  Min: -2  Max: 200000000  Default: 0
Parameter FuncPieceLength unchanged
   Value: 1e-05  Min: 1e-05  Max: 1000000.0  Default: 0.01
Parameter FuncPieceError unchanged
   Value: 1e-06  Min: 1e-06  Max: 1000000.0  Default: 0.001
Parameter IntFeasTol unchanged
   Value: 1e-09  Min: 1e-09  Max: 0.1  Default: 1e-05
Gurobi Optimizer version 9.1.2 build v9.1.2rc0 (linux64)
Thread count: 64 physical cores, 128 logical processors, using up to 32 threads
Optimize a model with 322 rows, 515 columns and 792 nonzeros
Model fingerprint: 0xf3c7c590
Model has 375 general constraints
Variable types: 319 continuous, 196 integer (196 binary)
Coefficient statistics:
  Matrix range     [2e-01, 2e+00]
  Objective range  [0e+00, 0e+00]
  Bounds range     [1e+00, 1e+00]
  RHS range        [1e-02, 5e+00]
Presolve removed 130 rows and 221 columns
Presolve time: 0.00s

Explored 0 nodes (0 simplex iterations) in 0.01 seconds
Thread count was 1 (of 128 available processors)

Solution count 0

Model is infeasible
Best objective -, best bound -, gap -
Discarded solution information
Parameter FuncPieces unchanged
   Value: -1  Min: -2  Max: 200000000  Default: 0
Parameter FuncPieceLength unchanged
   Value: 1e-05  Min: 1e-05  Max: 1000000.0  Default: 0.01
Parameter FuncPieceError unchanged
   Value: 1e-06  Min: 1e-06  Max: 1000000.0  Default: 0.001
Parameter IntFeasTol unchanged
   Value: 1e-09  Min: 1e-09  Max: 0.1  Default: 1e-05
Gurobi Optimizer version 9.1.2 build v9.1.2rc0 (linux64)
Thread count: 64 physical cores, 128 logical processors, using up to 32 threads
Optimize a model with 323 rows, 515 columns and 793 nonzeros
Model fingerprint: 0xdce8daa9
Model has 375 general constraints
Variable types: 319 continuous, 196 integer (196 binary)
Coefficient statistics:
  Matrix range     [2e-01, 2e+00]
  Objective range  [0e+00, 0e+00]
  Bounds range     [1e+00, 1e+00]
  RHS range        [1e-02, 5e+00]
Presolve removed 151 rows and 225 columns
Presolve time: 0.00s

Explored 0 nodes (0 simplex iterations) in 0.01 seconds
Thread count was 1 (of 128 available processors)

Solution count 0

Model is infeasible
Best objective -, best bound -, gap -
Discarded solution information
Parameter FuncPieces unchanged
   Value: -1  Min: -2  Max: 200000000  Default: 0
Parameter FuncPieceLength unchanged
   Value: 1e-05  Min: 1e-05  Max: 1000000.0  Default: 0.01
Parameter FuncPieceError unchanged
   Value: 1e-06  Min: 1e-06  Max: 1000000.0  Default: 0.001
Parameter IntFeasTol unchanged
   Value: 1e-09  Min: 1e-09  Max: 0.1  Default: 1e-05
Gurobi Optimizer version 9.1.2 build v9.1.2rc0 (linux64)
Thread count: 64 physical cores, 128 logical processors, using up to 32 threads
Optimize a model with 323 rows, 515 columns and 793 nonzeros
Model fingerprint: 0xba6e2847
Model has 375 general constraints
Variable types: 319 continuous, 196 integer (196 binary)
Coefficient statistics:
  Matrix range     [2e-01, 2e+00]
  Objective range  [0e+00, 0e+00]
  Bounds range     [1e+00, 1e+00]
  RHS range        [1e-02, 5e+00]
Presolve removed 124 rows and 219 columns
Presolve time: 0.00s

Explored 0 nodes (0 simplex iterations) in 0.01 seconds
Thread count was 1 (of 128 available processors)

Solution count 0

Model is infeasible
Best objective -, best bound -, gap -
Discarded solution information
Parameter FuncPieces unchanged
   Value: -1  Min: -2  Max: 200000000  Default: 0
Parameter FuncPieceLength unchanged
   Value: 1e-05  Min: 1e-05  Max: 1000000.0  Default: 0.01
Parameter FuncPieceError unchanged
   Value: 1e-06  Min: 1e-06  Max: 1000000.0  Default: 0.001
Parameter IntFeasTol unchanged
   Value: 1e-09  Min: 1e-09  Max: 0.1  Default: 1e-05
Gurobi Optimizer version 9.1.2 build v9.1.2rc0 (linux64)
Thread count: 64 physical cores, 128 logical processors, using up to 32 threads
Optimize a model with 315 rows, 515 columns and 785 nonzeros
Model fingerprint: 0xcf3581d4
Model has 375 general constraints
Variable types: 319 continuous, 196 integer (196 binary)
Coefficient statistics:
  Matrix range     [2e-01, 2e+00]
  Objective range  [0e+00, 0e+00]
  Bounds range     [1e+00, 1e+00]
  RHS range        [1e-02, 5e+00]
Presolve removed 167 rows and 173 columns
Presolve time: 0.00s

Explored 0 nodes (0 simplex iterations) in 0.00 seconds
Thread count was 1 (of 128 available processors)

Solution count 0

Model is infeasible
Best objective -, best bound -, gap -
Discarded solution information
Parameter FuncPieces unchanged
   Value: -1  Min: -2  Max: 200000000  Default: 0
Parameter FuncPieceLength unchanged
   Value: 1e-05  Min: 1e-05  Max: 1000000.0  Default: 0.01
Parameter FuncPieceError unchanged
   Value: 1e-06  Min: 1e-06  Max: 1000000.0  Default: 0.001
Parameter IntFeasTol unchanged
   Value: 1e-09  Min: 1e-09  Max: 0.1  Default: 1e-05
Gurobi Optimizer version 9.1.2 build v9.1.2rc0 (linux64)
Thread count: 64 physical cores, 128 logical processors, using up to 32 threads
Optimize a model with 319 rows, 515 columns and 789 nonzeros
Model fingerprint: 0x44c958c5
Model has 375 general constraints
Variable types: 319 continuous, 196 integer (196 binary)
Coefficient statistics:
  Matrix range     [2e-01, 2e+00]
  Objective range  [0e+00, 0e+00]
  Bounds range     [1e+00, 1e+00]
  RHS range        [1e-02, 5e+00]
Presolve removed 186 rows and 228 columns
Presolve time: 0.00s

Explored 0 nodes (0 simplex iterations) in 0.00 seconds
Thread count was 1 (of 128 available processors)

Solution count 0

Model is infeasible
Best objective -, best bound -, gap -
Discarded solution information
Parameter FuncPieces unchanged
   Value: -1  Min: -2  Max: 200000000  Default: 0
Parameter FuncPieceLength unchanged
   Value: 1e-05  Min: 1e-05  Max: 1000000.0  Default: 0.01
Parameter FuncPieceError unchanged
   Value: 1e-06  Min: 1e-06  Max: 1000000.0  Default: 0.001
Parameter IntFeasTol unchanged
   Value: 1e-09  Min: 1e-09  Max: 0.1  Default: 1e-05
Gurobi Optimizer version 9.1.2 build v9.1.2rc0 (linux64)
Thread count: 64 physical cores, 128 logical processors, using up to 32 threads
Optimize a model with 319 rows, 515 columns and 789 nonzeros
Model fingerprint: 0x2a6dc526
Model has 375 general constraints
Variable types: 319 continuous, 196 integer (196 binary)
Coefficient statistics:
  Matrix range     [2e-01, 2e+00]
  Objective range  [0e+00, 0e+00]
  Bounds range     [1e+00, 1e+00]
  RHS range        [1e-02, 5e+00]
Presolve removed 204 rows and 289 columns
Presolve time: 0.01s
Presolved: 115 rows, 226 columns, 612 nonzeros
Presolved model has 49 SOS constraint(s)
Variable types: 190 continuous, 36 integer (34 binary)

Root relaxation: objective 0.000000e+00, 81 iterations, 0.00 seconds

    Nodes    |    Current Node    |     Objective Bounds      |     Work
 Expl Unexpl |  Obj  Depth IntInf | Incumbent    BestBd   Gap | It/Node Time

     0     0 infeasible    0               - infeasible      -     -    0s

Explored 0 nodes (81 simplex iterations) in 0.01 seconds
Thread count was 32 (of 128 available processors)

Solution count 0

Model is infeasible
Best objective -, best bound -, gap -
Discarded solution information
Parameter FuncPieces unchanged
   Value: -1  Min: -2  Max: 200000000  Default: 0
Parameter FuncPieceLength unchanged
   Value: 1e-05  Min: 1e-05  Max: 1000000.0  Default: 0.01
Parameter FuncPieceError unchanged
   Value: 1e-06  Min: 1e-06  Max: 1000000.0  Default: 0.001
Parameter IntFeasTol unchanged
   Value: 1e-09  Min: 1e-09  Max: 0.1  Default: 1e-05
Gurobi Optimizer version 9.1.2 build v9.1.2rc0 (linux64)
Thread count: 64 physical cores, 128 logical processors, using up to 32 threads
Optimize a model with 321 rows, 515 columns and 791 nonzeros
Model fingerprint: 0xb9fa4b47
Model has 375 general constraints
Variable types: 319 continuous, 196 integer (196 binary)
Coefficient statistics:
  Matrix range     [2e-01, 2e+00]
  Objective range  [0e+00, 0e+00]
  Bounds range     [1e+00, 1e+00]
  RHS range        [1e-02, 5e+00]
Presolve removed 129 rows and 221 columns
Presolve time: 0.00s

Explored 0 nodes (0 simplex iterations) in 0.01 seconds
Thread count was 1 (of 128 available processors)

Solution count 0

Model is infeasible
Best objective -, best bound -, gap -
Discarded solution information
Parameter FuncPieces unchanged
   Value: -1  Min: -2  Max: 200000000  Default: 0
Parameter FuncPieceLength unchanged
   Value: 1e-05  Min: 1e-05  Max: 1000000.0  Default: 0.01
Parameter FuncPieceError unchanged
   Value: 1e-06  Min: 1e-06  Max: 1000000.0  Default: 0.001
Parameter IntFeasTol unchanged
   Value: 1e-09  Min: 1e-09  Max: 0.1  Default: 1e-05
Gurobi Optimizer version 9.1.2 build v9.1.2rc0 (linux64)
Thread count: 64 physical cores, 128 logical processors, using up to 32 threads
Optimize a model with 322 rows, 515 columns and 792 nonzeros
Model fingerprint: 0x229df7ac
Model has 375 general constraints
Variable types: 319 continuous, 196 integer (196 binary)
Coefficient statistics:
  Matrix range     [2e-01, 2e+00]
  Objective range  [0e+00, 0e+00]
  Bounds range     [1e+00, 1e+00]
  RHS range        [1e-02, 5e+00]
Presolve removed 150 rows and 225 columns
Presolve time: 0.00s

Explored 0 nodes (0 simplex iterations) in 0.01 seconds
Thread count was 1 (of 128 available processors)

Solution count 0

Model is infeasible
Best objective -, best bound -, gap -
Discarded solution information
Parameter FuncPieces unchanged
   Value: -1  Min: -2  Max: 200000000  Default: 0
Parameter FuncPieceLength unchanged
   Value: 1e-05  Min: 1e-05  Max: 1000000.0  Default: 0.01
Parameter FuncPieceError unchanged
   Value: 1e-06  Min: 1e-06  Max: 1000000.0  Default: 0.001
Parameter IntFeasTol unchanged
   Value: 1e-09  Min: 1e-09  Max: 0.1  Default: 1e-05
Gurobi Optimizer version 9.1.2 build v9.1.2rc0 (linux64)
Thread count: 64 physical cores, 128 logical processors, using up to 32 threads
Optimize a model with 322 rows, 515 columns and 792 nonzeros
Model fingerprint: 0xb5256539
Model has 375 general constraints
Variable types: 319 continuous, 196 integer (196 binary)
Coefficient statistics:
  Matrix range     [2e-01, 2e+00]
  Objective range  [0e+00, 0e+00]
  Bounds range     [1e+00, 1e+00]
  RHS range        [1e-02, 5e+00]
Presolve removed 123 rows and 219 columns
Presolve time: 0.00s

Explored 0 nodes (0 simplex iterations) in 0.01 seconds
Thread count was 1 (of 128 available processors)

Solution count 0

Model is infeasible
Best objective -, best bound -, gap -
Discarded solution information
