
Gurobi 9.1.2 (linux64) logging started Sun May 21 08:52:50 2023

Changed value of parameter LogFile to ./logs/blocks-nblk3-seed1914988565-seq3-20230521-085250.log
   Prev:   Default: 
Changed value of parameter FuncPieces to -1
   Prev: 0  Min: -2  Max: 200000000  Default: 0
Changed value of parameter FuncPieceLength to 1e-05
   Prev: 0.01  Min: 1e-05  Max: 1000000.0  Default: 0.01
Changed value of parameter FuncPieceError to 1e-06
   Prev: 0.001  Min: 1e-06  Max: 1000000.0  Default: 0.001
Changed value of parameter IntFeasTol to 1e-09
   Prev: 1e-05  Min: 1e-09  Max: 0.1  Default: 1e-05
Gurobi Optimizer version 9.1.2 build v9.1.2rc0 (linux64)
Thread count: 64 physical cores, 128 logical processors, using up to 32 threads
Optimize a model with 300 rows, 443 columns and 770 nonzeros
Model fingerprint: 0x3a91b771
Model has 231 general constraints
Variable types: 319 continuous, 124 integer (124 binary)
Coefficient statistics:
  Matrix range     [2e-01, 2e+00]
  Objective range  [0e+00, 0e+00]
  Bounds range     [1e+00, 1e+00]
  RHS range        [1e-02, 5e+00]
Presolve added 30 rows and 139 columns
Presolve time: 0.02s
Presolved: 330 rows, 582 columns, 1754 nonzeros
Presolved model has 83 SOS constraint(s)
Variable types: 477 continuous, 105 integer (99 binary)

Root relaxation: objective 0.000000e+00, 232 iterations, 0.00 seconds

    Nodes    |    Current Node    |     Objective Bounds      |     Work
 Expl Unexpl |  Obj  Depth IntInf | Incumbent    BestBd   Gap | It/Node Time

     0     0    0.00000    0   18          -    0.00000      -     -    0s
     0     0    0.00000    0   24          -    0.00000      -     -    0s
     0     0    0.00000    0   24          -    0.00000      -     -    0s
     0     0    0.00000    0   22          -    0.00000      -     -    0s
     0     0    0.00000    0   40          -    0.00000      -     -    0s
     0     0    0.00000    0   20          -    0.00000      -     -    0s
     0     0    0.00000    0   18          -    0.00000      -     -    0s
     0     0    0.00000    0   25          -    0.00000      -     -    0s
     0     0    0.00000    0   17          -    0.00000      -     -    0s
     0     0    0.00000    0   13          -    0.00000      -     -    0s
     0     0    0.00000    0   13          -    0.00000      -     -    0s
     0     2    0.00000    0   13          -    0.00000      -     -    0s
H  970  1272                       0.0000000    0.00000  0.00%   6.5    0s

Cutting planes:
  Gomory: 2
  Cover: 7
  Implied bound: 49
  Clique: 1
  MIR: 2
  Flow cover: 3
  RLT: 1
  Relax-and-lift: 1

Explored 2962 nodes (20024 simplex iterations) in 0.18 seconds
Thread count was 32 (of 128 available processors)

Solution count 1: 0 

Optimal solution found (tolerance 1.00e-04)
Warning: max constraint violation (1.1572e-02) exceeds tolerance
Warning: max general constraint violation (1.1572e-02) exceeds tolerance
         (model may be infeasible or unbounded - try turning presolve off)
Best objective 0.000000000000e+00, best bound 0.000000000000e+00, gap 0.0000%
Discarded solution information
Parameter FuncPieces unchanged
   Value: -1  Min: -2  Max: 200000000  Default: 0
Parameter FuncPieceLength unchanged
   Value: 1e-05  Min: 1e-05  Max: 1000000.0  Default: 0.01
Parameter FuncPieceError unchanged
   Value: 1e-06  Min: 1e-06  Max: 1000000.0  Default: 0.001
Parameter IntFeasTol unchanged
   Value: 1e-09  Min: 1e-09  Max: 0.1  Default: 1e-05
Gurobi Optimizer version 9.1.2 build v9.1.2rc0 (linux64)
Thread count: 64 physical cores, 128 logical processors, using up to 32 threads
Optimize a model with 331 rows, 515 columns and 801 nonzeros
Model fingerprint: 0x8811b275
Model has 375 general constraints
Variable types: 319 continuous, 196 integer (196 binary)
Coefficient statistics:
  Matrix range     [2e-01, 2e+00]
  Objective range  [0e+00, 0e+00]
  Bounds range     [1e+00, 1e+00]
  RHS range        [1e-02, 5e+00]
Presolve removed 191 rows and 294 columns
Presolve time: 0.01s

Explored 0 nodes (0 simplex iterations) in 0.01 seconds
Thread count was 1 (of 128 available processors)

Solution count 0

Model is infeasible
Best objective -, best bound -, gap -
Discarded solution information
Parameter FuncPieces unchanged
   Value: -1  Min: -2  Max: 200000000  Default: 0
Parameter FuncPieceLength unchanged
   Value: 1e-05  Min: 1e-05  Max: 1000000.0  Default: 0.01
Parameter FuncPieceError unchanged
   Value: 1e-06  Min: 1e-06  Max: 1000000.0  Default: 0.001
Parameter IntFeasTol unchanged
   Value: 1e-09  Min: 1e-09  Max: 0.1  Default: 1e-05
Gurobi Optimizer version 9.1.2 build v9.1.2rc0 (linux64)
Thread count: 64 physical cores, 128 logical processors, using up to 32 threads
Optimize a model with 331 rows, 515 columns and 801 nonzeros
Model fingerprint: 0x823ed04a
Model has 375 general constraints
Variable types: 319 continuous, 196 integer (196 binary)
Coefficient statistics:
  Matrix range     [2e-01, 2e+00]
  Objective range  [0e+00, 0e+00]
  Bounds range     [1e+00, 1e+00]
  RHS range        [1e-02, 5e+00]
Presolve removed 191 rows and 294 columns
Presolve time: 0.01s

Explored 0 nodes (0 simplex iterations) in 0.01 seconds
Thread count was 1 (of 128 available processors)

Solution count 0

Model is infeasible
Best objective -, best bound -, gap -
Discarded solution information
Parameter FuncPieces unchanged
   Value: -1  Min: -2  Max: 200000000  Default: 0
Parameter FuncPieceLength unchanged
   Value: 1e-05  Min: 1e-05  Max: 1000000.0  Default: 0.01
Parameter FuncPieceError unchanged
   Value: 1e-06  Min: 1e-06  Max: 1000000.0  Default: 0.001
Parameter IntFeasTol unchanged
   Value: 1e-09  Min: 1e-09  Max: 0.1  Default: 1e-05
Gurobi Optimizer version 9.1.2 build v9.1.2rc0 (linux64)
Thread count: 64 physical cores, 128 logical processors, using up to 32 threads
Optimize a model with 330 rows, 515 columns and 800 nonzeros
Model fingerprint: 0xd2f81615
Model has 375 general constraints
Variable types: 319 continuous, 196 integer (196 binary)
Coefficient statistics:
  Matrix range     [2e-01, 2e+00]
  Objective range  [0e+00, 0e+00]
  Bounds range     [1e+00, 1e+00]
  RHS range        [1e-02, 5e+00]
Presolve removed 208 rows and 278 columns
Presolve time: 0.01s
Presolved: 122 rows, 237 columns, 634 nonzeros
Presolved model has 50 SOS constraint(s)
Variable types: 199 continuous, 38 integer (34 binary)

Explored 0 nodes (0 simplex iterations) in 0.01 seconds
Thread count was 32 (of 128 available processors)

Solution count 0

Model is infeasible
Best objective -, best bound -, gap -
Discarded solution information
Parameter FuncPieces unchanged
   Value: -1  Min: -2  Max: 200000000  Default: 0
Parameter FuncPieceLength unchanged
   Value: 1e-05  Min: 1e-05  Max: 1000000.0  Default: 0.01
Parameter FuncPieceError unchanged
   Value: 1e-06  Min: 1e-06  Max: 1000000.0  Default: 0.001
Parameter IntFeasTol unchanged
   Value: 1e-09  Min: 1e-09  Max: 0.1  Default: 1e-05
Gurobi Optimizer version 9.1.2 build v9.1.2rc0 (linux64)
Thread count: 64 physical cores, 128 logical processors, using up to 32 threads
Optimize a model with 330 rows, 515 columns and 800 nonzeros
Model fingerprint: 0xaeccfccb
Model has 375 general constraints
Variable types: 319 continuous, 196 integer (196 binary)
Coefficient statistics:
  Matrix range     [2e-01, 2e+00]
  Objective range  [0e+00, 0e+00]
  Bounds range     [1e+00, 1e+00]
  RHS range        [1e-02, 5e+00]
Presolve removed 212 rows and 286 columns
Presolve time: 0.01s
Presolved: 118 rows, 229 columns, 633 nonzeros
Presolved model has 50 SOS constraint(s)
Variable types: 191 continuous, 38 integer (35 binary)

Explored 0 nodes (0 simplex iterations) in 0.01 seconds
Thread count was 32 (of 128 available processors)

Solution count 0

Model is infeasible
Best objective -, best bound -, gap -
Discarded solution information
Parameter FuncPieces unchanged
   Value: -1  Min: -2  Max: 200000000  Default: 0
Parameter FuncPieceLength unchanged
   Value: 1e-05  Min: 1e-05  Max: 1000000.0  Default: 0.01
Parameter FuncPieceError unchanged
   Value: 1e-06  Min: 1e-06  Max: 1000000.0  Default: 0.001
Parameter IntFeasTol unchanged
   Value: 1e-09  Min: 1e-09  Max: 0.1  Default: 1e-05
Gurobi Optimizer version 9.1.2 build v9.1.2rc0 (linux64)
Thread count: 64 physical cores, 128 logical processors, using up to 32 threads
Optimize a model with 329 rows, 515 columns and 799 nonzeros
Model fingerprint: 0x9f488cfd
Model has 375 general constraints
Variable types: 319 continuous, 196 integer (196 binary)
Coefficient statistics:
  Matrix range     [2e-01, 2e+00]
  Objective range  [0e+00, 0e+00]
  Bounds range     [1e+00, 1e+00]
  RHS range        [1e-02, 5e+00]
Presolve removed 187 rows and 290 columns
Presolve time: 0.01s

Explored 0 nodes (0 simplex iterations) in 0.01 seconds
Thread count was 1 (of 128 available processors)

Solution count 0

Model is infeasible
Best objective -, best bound -, gap -
Discarded solution information
Parameter FuncPieces unchanged
   Value: -1  Min: -2  Max: 200000000  Default: 0
Parameter FuncPieceLength unchanged
   Value: 1e-05  Min: 1e-05  Max: 1000000.0  Default: 0.01
Parameter FuncPieceError unchanged
   Value: 1e-06  Min: 1e-06  Max: 1000000.0  Default: 0.001
Parameter IntFeasTol unchanged
   Value: 1e-09  Min: 1e-09  Max: 0.1  Default: 1e-05
Gurobi Optimizer version 9.1.2 build v9.1.2rc0 (linux64)
Thread count: 64 physical cores, 128 logical processors, using up to 32 threads
Optimize a model with 329 rows, 515 columns and 799 nonzeros
Model fingerprint: 0x47b8037e
Model has 375 general constraints
Variable types: 319 continuous, 196 integer (196 binary)
Coefficient statistics:
  Matrix range     [2e-01, 2e+00]
  Objective range  [0e+00, 0e+00]
  Bounds range     [1e+00, 1e+00]
  RHS range        [1e-02, 5e+00]
Presolve removed 200 rows and 273 columns
Presolve time: 0.01s
Presolved: 129 rows, 242 columns, 656 nonzeros
Presolved model has 50 SOS constraint(s)
Variable types: 203 continuous, 39 integer (37 binary)

Root relaxation: objective 0.000000e+00, 93 iterations, 0.00 seconds

    Nodes    |    Current Node    |     Objective Bounds      |     Work
 Expl Unexpl |  Obj  Depth IntInf | Incumbent    BestBd   Gap | It/Node Time

     0     0    0.00000    0    7          -    0.00000      -     -    0s

Explored 1 nodes (159 simplex iterations) in 0.02 seconds
Thread count was 32 (of 128 available processors)

Solution count 0

Model is infeasible
Best objective -, best bound -, gap -
Discarded solution information
Parameter FuncPieces unchanged
   Value: -1  Min: -2  Max: 200000000  Default: 0
Parameter FuncPieceLength unchanged
   Value: 1e-05  Min: 1e-05  Max: 1000000.0  Default: 0.01
Parameter FuncPieceError unchanged
   Value: 1e-06  Min: 1e-06  Max: 1000000.0  Default: 0.001
Parameter IntFeasTol unchanged
   Value: 1e-09  Min: 1e-09  Max: 0.1  Default: 1e-05
Gurobi Optimizer version 9.1.2 build v9.1.2rc0 (linux64)
Thread count: 64 physical cores, 128 logical processors, using up to 32 threads
Optimize a model with 329 rows, 515 columns and 799 nonzeros
Model fingerprint: 0x6d8246c3
Model has 375 general constraints
Variable types: 319 continuous, 196 integer (196 binary)
Coefficient statistics:
  Matrix range     [2e-01, 2e+00]
  Objective range  [0e+00, 0e+00]
  Bounds range     [1e+00, 1e+00]
  RHS range        [1e-02, 5e+00]
Presolve removed 279 rows and 388 columns
Presolve time: 0.01s
Presolved: 50 rows, 127 columns, 334 nonzeros
Presolved model has 12 SOS constraint(s)
Variable types: 120 continuous, 7 integer (6 binary)

Root relaxation: objective 0.000000e+00, 24 iterations, 0.00 seconds

    Nodes    |    Current Node    |     Objective Bounds      |     Work
 Expl Unexpl |  Obj  Depth IntInf | Incumbent    BestBd   Gap | It/Node Time

     0     0    0.00000    0    2          -    0.00000      -     -    0s
H    0     0                       0.0000000    0.00000  0.00%     -    0s
     0     0    0.00000    0    2    0.00000    0.00000  0.00%     -    0s

Explored 1 nodes (91 simplex iterations) in 0.01 seconds
Thread count was 32 (of 128 available processors)

Solution count 1: 0 

Optimal solution found (tolerance 1.00e-04)
Warning: max constraint violation (6.9277e-02) exceeds tolerance
Warning: max general constraint violation (6.9277e-02) exceeds tolerance
         (model may be infeasible or unbounded - try turning presolve off)
Best objective 0.000000000000e+00, best bound 0.000000000000e+00, gap 0.0000%
Discarded solution information
Parameter FuncPieces unchanged
   Value: -1  Min: -2  Max: 200000000  Default: 0
Parameter FuncPieceLength unchanged
   Value: 1e-05  Min: 1e-05  Max: 1000000.0  Default: 0.01
Parameter FuncPieceError unchanged
   Value: 1e-06  Min: 1e-06  Max: 1000000.0  Default: 0.001
Parameter IntFeasTol unchanged
   Value: 1e-09  Min: 1e-09  Max: 0.1  Default: 1e-05
Gurobi Optimizer version 9.1.2 build v9.1.2rc0 (linux64)
Thread count: 64 physical cores, 128 logical processors, using up to 32 threads
Optimize a model with 329 rows, 515 columns and 799 nonzeros
Model fingerprint: 0x554e0f98
Model has 375 general constraints
Variable types: 319 continuous, 196 integer (196 binary)
Coefficient statistics:
  Matrix range     [2e-01, 2e+00]
  Objective range  [0e+00, 0e+00]
  Bounds range     [1e+00, 1e+00]
  RHS range        [1e-02, 5e+00]
Presolve removed 271 rows and 393 columns
Presolve time: 0.01s
Presolved: 58 rows, 122 columns, 331 nonzeros
Presolved model has 11 SOS constraint(s)
Variable types: 112 continuous, 10 integer (9 binary)

Root relaxation: objective 0.000000e+00, 32 iterations, 0.00 seconds

    Nodes    |    Current Node    |     Objective Bounds      |     Work
 Expl Unexpl |  Obj  Depth IntInf | Incumbent    BestBd   Gap | It/Node Time

     0     0    0.00000    0    2          -    0.00000      -     -    0s
H    0     0                       0.0000000    0.00000  0.00%     -    0s
     0     0    0.00000    0    2    0.00000    0.00000  0.00%     -    0s

Explored 1 nodes (94 simplex iterations) in 0.01 seconds
Thread count was 32 (of 128 available processors)

Solution count 1: 0 

Optimal solution found (tolerance 1.00e-04)
Warning: max constraint violation (3.4748e-02) exceeds tolerance
Warning: max bound violation (2.3306e-04) exceeds tolerance
Warning: max general constraint violation (3.4748e-02) exceeds tolerance
         (model may be infeasible or unbounded - try turning presolve off)
Best objective 0.000000000000e+00, best bound 0.000000000000e+00, gap 0.0000%
Discarded solution information
Parameter FuncPieces unchanged
   Value: -1  Min: -2  Max: 200000000  Default: 0
Parameter FuncPieceLength unchanged
   Value: 1e-05  Min: 1e-05  Max: 1000000.0  Default: 0.01
Parameter FuncPieceError unchanged
   Value: 1e-06  Min: 1e-06  Max: 1000000.0  Default: 0.001
Parameter IntFeasTol unchanged
   Value: 1e-09  Min: 1e-09  Max: 0.1  Default: 1e-05
Gurobi Optimizer version 9.1.2 build v9.1.2rc0 (linux64)
Thread count: 64 physical cores, 128 logical processors, using up to 32 threads
Optimize a model with 329 rows, 515 columns and 799 nonzeros
Model fingerprint: 0x06e8bd94
Model has 375 general constraints
Variable types: 319 continuous, 196 integer (196 binary)
Coefficient statistics:
  Matrix range     [2e-01, 2e+00]
  Objective range  [0e+00, 0e+00]
  Bounds range     [1e+00, 1e+00]
  RHS range        [1e-02, 5e+00]
Presolve removed 189 rows and 294 columns
Presolve time: 0.01s

Explored 0 nodes (0 simplex iterations) in 0.01 seconds
Thread count was 1 (of 128 available processors)

Solution count 0

Model is infeasible
Best objective -, best bound -, gap -
Discarded solution information
Parameter FuncPieces unchanged
   Value: -1  Min: -2  Max: 200000000  Default: 0
Parameter FuncPieceLength unchanged
   Value: 1e-05  Min: 1e-05  Max: 1000000.0  Default: 0.01
Parameter FuncPieceError unchanged
   Value: 1e-06  Min: 1e-06  Max: 1000000.0  Default: 0.001
Parameter IntFeasTol unchanged
   Value: 1e-09  Min: 1e-09  Max: 0.1  Default: 1e-05
Gurobi Optimizer version 9.1.2 build v9.1.2rc0 (linux64)
Thread count: 64 physical cores, 128 logical processors, using up to 32 threads
Optimize a model with 329 rows, 515 columns and 799 nonzeros
Model fingerprint: 0xca441419
Model has 375 general constraints
Variable types: 319 continuous, 196 integer (196 binary)
Coefficient statistics:
  Matrix range     [2e-01, 2e+00]
  Objective range  [0e+00, 0e+00]
  Bounds range     [1e+00, 1e+00]
  RHS range        [1e-02, 5e+00]
Presolve removed 207 rows and 278 columns
Presolve time: 0.01s
Presolved: 122 rows, 237 columns, 634 nonzeros
Presolved model has 50 SOS constraint(s)
Variable types: 199 continuous, 38 integer (34 binary)

Explored 0 nodes (0 simplex iterations) in 0.01 seconds
Thread count was 32 (of 128 available processors)

Solution count 0

Model is infeasible
Best objective -, best bound -, gap -
Discarded solution information
Parameter FuncPieces unchanged
   Value: -1  Min: -2  Max: 200000000  Default: 0
Parameter FuncPieceLength unchanged
   Value: 1e-05  Min: 1e-05  Max: 1000000.0  Default: 0.01
Parameter FuncPieceError unchanged
   Value: 1e-06  Min: 1e-06  Max: 1000000.0  Default: 0.001
Parameter IntFeasTol unchanged
   Value: 1e-09  Min: 1e-09  Max: 0.1  Default: 1e-05
Gurobi Optimizer version 9.1.2 build v9.1.2rc0 (linux64)
Thread count: 64 physical cores, 128 logical processors, using up to 32 threads
Optimize a model with 329 rows, 515 columns and 799 nonzeros
Model fingerprint: 0xf25ca5e7
Model has 375 general constraints
Variable types: 319 continuous, 196 integer (196 binary)
Coefficient statistics:
  Matrix range     [2e-01, 2e+00]
  Objective range  [0e+00, 0e+00]
  Bounds range     [1e+00, 1e+00]
  RHS range        [1e-02, 5e+00]
Presolve removed 211 rows and 286 columns
Presolve time: 0.01s
Presolved: 118 rows, 229 columns, 633 nonzeros
Presolved model has 50 SOS constraint(s)
Variable types: 191 continuous, 38 integer (35 binary)

Explored 0 nodes (0 simplex iterations) in 0.01 seconds
Thread count was 32 (of 128 available processors)

Solution count 0

Model is infeasible
Best objective -, best bound -, gap -
Discarded solution information
Parameter FuncPieces unchanged
   Value: -1  Min: -2  Max: 200000000  Default: 0
Parameter FuncPieceLength unchanged
   Value: 1e-05  Min: 1e-05  Max: 1000000.0  Default: 0.01
Parameter FuncPieceError unchanged
   Value: 1e-06  Min: 1e-06  Max: 1000000.0  Default: 0.001
Parameter IntFeasTol unchanged
   Value: 1e-09  Min: 1e-09  Max: 0.1  Default: 1e-05
Gurobi Optimizer version 9.1.2 build v9.1.2rc0 (linux64)
Thread count: 64 physical cores, 128 logical processors, using up to 32 threads
Optimize a model with 330 rows, 515 columns and 800 nonzeros
Model fingerprint: 0x41726da7
Model has 375 general constraints
Variable types: 319 continuous, 196 integer (196 binary)
Coefficient statistics:
  Matrix range     [2e-01, 2e+00]
  Objective range  [0e+00, 0e+00]
  Bounds range     [1e+00, 1e+00]
  RHS range        [1e-02, 5e+00]
Presolve removed 138 rows and 221 columns
Presolve time: 0.00s

Explored 0 nodes (0 simplex iterations) in 0.01 seconds
Thread count was 1 (of 128 available processors)

Solution count 0

Model is infeasible
Best objective -, best bound -, gap -
Discarded solution information
Parameter FuncPieces unchanged
   Value: -1  Min: -2  Max: 200000000  Default: 0
Parameter FuncPieceLength unchanged
   Value: 1e-05  Min: 1e-05  Max: 1000000.0  Default: 0.01
Parameter FuncPieceError unchanged
   Value: 1e-06  Min: 1e-06  Max: 1000000.0  Default: 0.001
Parameter IntFeasTol unchanged
   Value: 1e-09  Min: 1e-09  Max: 0.1  Default: 1e-05
Gurobi Optimizer version 9.1.2 build v9.1.2rc0 (linux64)
Thread count: 64 physical cores, 128 logical processors, using up to 32 threads
Optimize a model with 328 rows, 515 columns and 798 nonzeros
Model fingerprint: 0x08da9162
Model has 375 general constraints
Variable types: 319 continuous, 196 integer (196 binary)
Coefficient statistics:
  Matrix range     [2e-01, 2e+00]
  Objective range  [0e+00, 0e+00]
  Bounds range     [1e+00, 1e+00]
  RHS range        [1e-02, 5e+00]
Presolve removed 188 rows and 294 columns
Presolve time: 0.01s

Explored 0 nodes (0 simplex iterations) in 0.01 seconds
Thread count was 1 (of 128 available processors)

Solution count 0

Model is infeasible
Best objective -, best bound -, gap -
Discarded solution information
Parameter FuncPieces unchanged
   Value: -1  Min: -2  Max: 200000000  Default: 0
Parameter FuncPieceLength unchanged
   Value: 1e-05  Min: 1e-05  Max: 1000000.0  Default: 0.01
Parameter FuncPieceError unchanged
   Value: 1e-06  Min: 1e-06  Max: 1000000.0  Default: 0.001
Parameter IntFeasTol unchanged
   Value: 1e-09  Min: 1e-09  Max: 0.1  Default: 1e-05
Gurobi Optimizer version 9.1.2 build v9.1.2rc0 (linux64)
Thread count: 64 physical cores, 128 logical processors, using up to 32 threads
Optimize a model with 328 rows, 515 columns and 798 nonzeros
Model fingerprint: 0x440c9660
Model has 375 general constraints
Variable types: 319 continuous, 196 integer (196 binary)
Coefficient statistics:
  Matrix range     [2e-01, 2e+00]
  Objective range  [0e+00, 0e+00]
  Bounds range     [1e+00, 1e+00]
  RHS range        [1e-02, 5e+00]
Presolve removed 206 rows and 278 columns
Presolve time: 0.01s
Presolved: 122 rows, 237 columns, 634 nonzeros
Presolved model has 50 SOS constraint(s)
Variable types: 199 continuous, 38 integer (34 binary)

Explored 0 nodes (0 simplex iterations) in 0.01 seconds
Thread count was 32 (of 128 available processors)

Solution count 0

Model is infeasible
Best objective -, best bound -, gap -
Discarded solution information
Parameter FuncPieces unchanged
   Value: -1  Min: -2  Max: 200000000  Default: 0
Parameter FuncPieceLength unchanged
   Value: 1e-05  Min: 1e-05  Max: 1000000.0  Default: 0.01
Parameter FuncPieceError unchanged
   Value: 1e-06  Min: 1e-06  Max: 1000000.0  Default: 0.001
Parameter IntFeasTol unchanged
   Value: 1e-09  Min: 1e-09  Max: 0.1  Default: 1e-05
Gurobi Optimizer version 9.1.2 build v9.1.2rc0 (linux64)
Thread count: 64 physical cores, 128 logical processors, using up to 32 threads
Optimize a model with 328 rows, 515 columns and 798 nonzeros
Model fingerprint: 0xf700e1e4
Model has 375 general constraints
Variable types: 319 continuous, 196 integer (196 binary)
Coefficient statistics:
  Matrix range     [2e-01, 2e+00]
  Objective range  [0e+00, 0e+00]
  Bounds range     [1e+00, 1e+00]
  RHS range        [1e-02, 5e+00]
Presolve removed 210 rows and 286 columns
Presolve time: 0.01s
Presolved: 118 rows, 229 columns, 633 nonzeros
Presolved model has 50 SOS constraint(s)
Variable types: 191 continuous, 38 integer (35 binary)

Explored 0 nodes (0 simplex iterations) in 0.01 seconds
Thread count was 32 (of 128 available processors)

Solution count 0

Model is infeasible
Best objective -, best bound -, gap -
Discarded solution information
Parameter FuncPieces unchanged
   Value: -1  Min: -2  Max: 200000000  Default: 0
Parameter FuncPieceLength unchanged
   Value: 1e-05  Min: 1e-05  Max: 1000000.0  Default: 0.01
Parameter FuncPieceError unchanged
   Value: 1e-06  Min: 1e-06  Max: 1000000.0  Default: 0.001
Parameter IntFeasTol unchanged
   Value: 1e-09  Min: 1e-09  Max: 0.1  Default: 1e-05
Gurobi Optimizer version 9.1.2 build v9.1.2rc0 (linux64)
Thread count: 64 physical cores, 128 logical processors, using up to 32 threads
Optimize a model with 329 rows, 515 columns and 799 nonzeros
Model fingerprint: 0x9a699b29
Model has 375 general constraints
Variable types: 319 continuous, 196 integer (196 binary)
Coefficient statistics:
  Matrix range     [2e-01, 2e+00]
  Objective range  [0e+00, 0e+00]
  Bounds range     [1e+00, 1e+00]
  RHS range        [1e-02, 5e+00]
Presolve removed 137 rows and 221 columns
Presolve time: 0.00s

Explored 0 nodes (0 simplex iterations) in 0.01 seconds
Thread count was 1 (of 128 available processors)

Solution count 0

Model is infeasible
Best objective -, best bound -, gap -
Discarded solution information
Parameter FuncPieces unchanged
   Value: -1  Min: -2  Max: 200000000  Default: 0
Parameter FuncPieceLength unchanged
   Value: 1e-05  Min: 1e-05  Max: 1000000.0  Default: 0.01
Parameter FuncPieceError unchanged
   Value: 1e-06  Min: 1e-06  Max: 1000000.0  Default: 0.001
Parameter IntFeasTol unchanged
   Value: 1e-09  Min: 1e-09  Max: 0.1  Default: 1e-05
Gurobi Optimizer version 9.1.2 build v9.1.2rc0 (linux64)
Thread count: 64 physical cores, 128 logical processors, using up to 32 threads
Optimize a model with 330 rows, 515 columns and 800 nonzeros
Model fingerprint: 0x06befd4f
Model has 375 general constraints
Variable types: 319 continuous, 196 integer (196 binary)
Coefficient statistics:
  Matrix range     [2e-01, 2e+00]
  Objective range  [0e+00, 0e+00]
  Bounds range     [1e+00, 1e+00]
  RHS range        [1e-02, 5e+00]
Presolve removed 158 rows and 224 columns
Presolve time: 0.00s

Explored 0 nodes (0 simplex iterations) in 0.01 seconds
Thread count was 1 (of 128 available processors)

Solution count 0

Model is infeasible
Best objective -, best bound -, gap -
Discarded solution information
Parameter FuncPieces unchanged
   Value: -1  Min: -2  Max: 200000000  Default: 0
Parameter FuncPieceLength unchanged
   Value: 1e-05  Min: 1e-05  Max: 1000000.0  Default: 0.01
Parameter FuncPieceError unchanged
   Value: 1e-06  Min: 1e-06  Max: 1000000.0  Default: 0.001
Parameter IntFeasTol unchanged
   Value: 1e-09  Min: 1e-09  Max: 0.1  Default: 1e-05
Gurobi Optimizer version 9.1.2 build v9.1.2rc0 (linux64)
Thread count: 64 physical cores, 128 logical processors, using up to 32 threads
Optimize a model with 330 rows, 515 columns and 800 nonzeros
Model fingerprint: 0x7241cb78
Model has 375 general constraints
Variable types: 319 continuous, 196 integer (196 binary)
Coefficient statistics:
  Matrix range     [2e-01, 2e+00]
  Objective range  [0e+00, 0e+00]
  Bounds range     [1e+00, 1e+00]
  RHS range        [1e-02, 5e+00]
Presolve removed 131 rows and 206 columns
Presolve time: 0.00s

Explored 0 nodes (0 simplex iterations) in 0.01 seconds
Thread count was 1 (of 128 available processors)

Solution count 0

Model is infeasible
Best objective -, best bound -, gap -
Discarded solution information
Parameter FuncPieces unchanged
   Value: -1  Min: -2  Max: 200000000  Default: 0
Parameter FuncPieceLength unchanged
   Value: 1e-05  Min: 1e-05  Max: 1000000.0  Default: 0.01
Parameter FuncPieceError unchanged
   Value: 1e-06  Min: 1e-06  Max: 1000000.0  Default: 0.001
Parameter IntFeasTol unchanged
   Value: 1e-09  Min: 1e-09  Max: 0.1  Default: 1e-05
Gurobi Optimizer version 9.1.2 build v9.1.2rc0 (linux64)
Thread count: 64 physical cores, 128 logical processors, using up to 32 threads
Optimize a model with 327 rows, 515 columns and 797 nonzeros
Model fingerprint: 0xd5963064
Model has 375 general constraints
Variable types: 319 continuous, 196 integer (196 binary)
Coefficient statistics:
  Matrix range     [2e-01, 2e+00]
  Objective range  [0e+00, 0e+00]
  Bounds range     [1e+00, 1e+00]
  RHS range        [1e-02, 5e+00]
Presolve removed 187 rows and 294 columns
Presolve time: 0.01s

Explored 0 nodes (0 simplex iterations) in 0.01 seconds
Thread count was 1 (of 128 available processors)

Solution count 0

Model is infeasible
Best objective -, best bound -, gap -
Discarded solution information
Parameter FuncPieces unchanged
   Value: -1  Min: -2  Max: 200000000  Default: 0
Parameter FuncPieceLength unchanged
   Value: 1e-05  Min: 1e-05  Max: 1000000.0  Default: 0.01
Parameter FuncPieceError unchanged
   Value: 1e-06  Min: 1e-06  Max: 1000000.0  Default: 0.001
Parameter IntFeasTol unchanged
   Value: 1e-09  Min: 1e-09  Max: 0.1  Default: 1e-05
Gurobi Optimizer version 9.1.2 build v9.1.2rc0 (linux64)
Thread count: 64 physical cores, 128 logical processors, using up to 32 threads
Optimize a model with 327 rows, 515 columns and 797 nonzeros
Model fingerprint: 0xd4a25994
Model has 375 general constraints
Variable types: 319 continuous, 196 integer (196 binary)
Coefficient statistics:
  Matrix range     [2e-01, 2e+00]
  Objective range  [0e+00, 0e+00]
  Bounds range     [1e+00, 1e+00]
  RHS range        [1e-02, 5e+00]
Presolve removed 205 rows and 278 columns
Presolve time: 0.01s
Presolved: 122 rows, 237 columns, 634 nonzeros
Presolved model has 50 SOS constraint(s)
Variable types: 199 continuous, 38 integer (34 binary)

Explored 0 nodes (0 simplex iterations) in 0.01 seconds
Thread count was 32 (of 128 available processors)

Solution count 0

Model is infeasible
Best objective -, best bound -, gap -
Discarded solution information
Parameter FuncPieces unchanged
   Value: -1  Min: -2  Max: 200000000  Default: 0
Parameter FuncPieceLength unchanged
   Value: 1e-05  Min: 1e-05  Max: 1000000.0  Default: 0.01
Parameter FuncPieceError unchanged
   Value: 1e-06  Min: 1e-06  Max: 1000000.0  Default: 0.001
Parameter IntFeasTol unchanged
   Value: 1e-09  Min: 1e-09  Max: 0.1  Default: 1e-05
Gurobi Optimizer version 9.1.2 build v9.1.2rc0 (linux64)
Thread count: 64 physical cores, 128 logical processors, using up to 32 threads
Optimize a model with 327 rows, 515 columns and 797 nonzeros
Model fingerprint: 0x2cd2330a
Model has 375 general constraints
Variable types: 319 continuous, 196 integer (196 binary)
Coefficient statistics:
  Matrix range     [2e-01, 2e+00]
  Objective range  [0e+00, 0e+00]
  Bounds range     [1e+00, 1e+00]
  RHS range        [1e-02, 5e+00]
Presolve removed 209 rows and 286 columns
Presolve time: 0.01s
Presolved: 118 rows, 229 columns, 633 nonzeros
Presolved model has 50 SOS constraint(s)
Variable types: 191 continuous, 38 integer (35 binary)

Explored 0 nodes (0 simplex iterations) in 0.01 seconds
Thread count was 32 (of 128 available processors)

Solution count 0

Model is infeasible
Best objective -, best bound -, gap -
Discarded solution information
Parameter FuncPieces unchanged
   Value: -1  Min: -2  Max: 200000000  Default: 0
Parameter FuncPieceLength unchanged
   Value: 1e-05  Min: 1e-05  Max: 1000000.0  Default: 0.01
Parameter FuncPieceError unchanged
   Value: 1e-06  Min: 1e-06  Max: 1000000.0  Default: 0.001
Parameter IntFeasTol unchanged
   Value: 1e-09  Min: 1e-09  Max: 0.1  Default: 1e-05
Gurobi Optimizer version 9.1.2 build v9.1.2rc0 (linux64)
Thread count: 64 physical cores, 128 logical processors, using up to 32 threads
Optimize a model with 328 rows, 515 columns and 798 nonzeros
Model fingerprint: 0x570dac1f
Model has 375 general constraints
Variable types: 319 continuous, 196 integer (196 binary)
Coefficient statistics:
  Matrix range     [2e-01, 2e+00]
  Objective range  [0e+00, 0e+00]
  Bounds range     [1e+00, 1e+00]
  RHS range        [1e-02, 5e+00]
Presolve removed 136 rows and 221 columns
Presolve time: 0.00s

Explored 0 nodes (0 simplex iterations) in 0.01 seconds
Thread count was 1 (of 128 available processors)

Solution count 0

Model is infeasible
Best objective -, best bound -, gap -
Discarded solution information
Parameter FuncPieces unchanged
   Value: -1  Min: -2  Max: 200000000  Default: 0
Parameter FuncPieceLength unchanged
   Value: 1e-05  Min: 1e-05  Max: 1000000.0  Default: 0.01
Parameter FuncPieceError unchanged
   Value: 1e-06  Min: 1e-06  Max: 1000000.0  Default: 0.001
Parameter IntFeasTol unchanged
   Value: 1e-09  Min: 1e-09  Max: 0.1  Default: 1e-05
Gurobi Optimizer version 9.1.2 build v9.1.2rc0 (linux64)
Thread count: 64 physical cores, 128 logical processors, using up to 32 threads
Optimize a model with 329 rows, 515 columns and 799 nonzeros
Model fingerprint: 0xa1471429
Model has 375 general constraints
Variable types: 319 continuous, 196 integer (196 binary)
Coefficient statistics:
  Matrix range     [2e-01, 2e+00]
  Objective range  [0e+00, 0e+00]
  Bounds range     [1e+00, 1e+00]
  RHS range        [1e-02, 5e+00]
Presolve removed 157 rows and 224 columns
Presolve time: 0.00s

Explored 0 nodes (0 simplex iterations) in 0.01 seconds
Thread count was 1 (of 128 available processors)

Solution count 0

Model is infeasible
Best objective -, best bound -, gap -
Discarded solution information
Parameter FuncPieces unchanged
   Value: -1  Min: -2  Max: 200000000  Default: 0
Parameter FuncPieceLength unchanged
   Value: 1e-05  Min: 1e-05  Max: 1000000.0  Default: 0.01
Parameter FuncPieceError unchanged
   Value: 1e-06  Min: 1e-06  Max: 1000000.0  Default: 0.001
Parameter IntFeasTol unchanged
   Value: 1e-09  Min: 1e-09  Max: 0.1  Default: 1e-05
Gurobi Optimizer version 9.1.2 build v9.1.2rc0 (linux64)
Thread count: 64 physical cores, 128 logical processors, using up to 32 threads
Optimize a model with 329 rows, 515 columns and 799 nonzeros
Model fingerprint: 0x98fbdc0f
Model has 375 general constraints
Variable types: 319 continuous, 196 integer (196 binary)
Coefficient statistics:
  Matrix range     [2e-01, 2e+00]
  Objective range  [0e+00, 0e+00]
  Bounds range     [1e+00, 1e+00]
  RHS range        [1e-02, 5e+00]
Presolve removed 130 rows and 206 columns
Presolve time: 0.00s

Explored 0 nodes (0 simplex iterations) in 0.01 seconds
Thread count was 1 (of 128 available processors)

Solution count 0

Model is infeasible
Best objective -, best bound -, gap -
Discarded solution information
Parameter FuncPieces unchanged
   Value: -1  Min: -2  Max: 200000000  Default: 0
Parameter FuncPieceLength unchanged
   Value: 1e-05  Min: 1e-05  Max: 1000000.0  Default: 0.01
Parameter FuncPieceError unchanged
   Value: 1e-06  Min: 1e-06  Max: 1000000.0  Default: 0.001
Parameter IntFeasTol unchanged
   Value: 1e-09  Min: 1e-09  Max: 0.1  Default: 1e-05
Gurobi Optimizer version 9.1.2 build v9.1.2rc0 (linux64)
Thread count: 64 physical cores, 128 logical processors, using up to 32 threads
Optimize a model with 326 rows, 515 columns and 796 nonzeros
Model fingerprint: 0xb2a14c89
Model has 375 general constraints
Variable types: 319 continuous, 196 integer (196 binary)
Coefficient statistics:
  Matrix range     [2e-01, 2e+00]
  Objective range  [0e+00, 0e+00]
  Bounds range     [1e+00, 1e+00]
  RHS range        [1e-02, 5e+00]
Presolve removed 186 rows and 294 columns
Presolve time: 0.01s

Explored 0 nodes (0 simplex iterations) in 0.01 seconds
Thread count was 1 (of 128 available processors)

Solution count 0

Model is infeasible
Best objective -, best bound -, gap -
Discarded solution information
Parameter FuncPieces unchanged
   Value: -1  Min: -2  Max: 200000000  Default: 0
Parameter FuncPieceLength unchanged
   Value: 1e-05  Min: 1e-05  Max: 1000000.0  Default: 0.01
Parameter FuncPieceError unchanged
   Value: 1e-06  Min: 1e-06  Max: 1000000.0  Default: 0.001
Parameter IntFeasTol unchanged
   Value: 1e-09  Min: 1e-09  Max: 0.1  Default: 1e-05
Gurobi Optimizer version 9.1.2 build v9.1.2rc0 (linux64)
Thread count: 64 physical cores, 128 logical processors, using up to 32 threads
Optimize a model with 326 rows, 515 columns and 796 nonzeros
Model fingerprint: 0x47472ea4
Model has 375 general constraints
Variable types: 319 continuous, 196 integer (196 binary)
Coefficient statistics:
  Matrix range     [2e-01, 2e+00]
  Objective range  [0e+00, 0e+00]
  Bounds range     [1e+00, 1e+00]
  RHS range        [1e-02, 5e+00]
Presolve removed 204 rows and 278 columns
Presolve time: 0.01s
Presolved: 122 rows, 237 columns, 634 nonzeros
Presolved model has 50 SOS constraint(s)
Variable types: 199 continuous, 38 integer (34 binary)

Explored 0 nodes (0 simplex iterations) in 0.01 seconds
Thread count was 32 (of 128 available processors)

Solution count 0

Model is infeasible
Best objective -, best bound -, gap -
Discarded solution information
Parameter FuncPieces unchanged
   Value: -1  Min: -2  Max: 200000000  Default: 0
Parameter FuncPieceLength unchanged
   Value: 1e-05  Min: 1e-05  Max: 1000000.0  Default: 0.01
Parameter FuncPieceError unchanged
   Value: 1e-06  Min: 1e-06  Max: 1000000.0  Default: 0.001
Parameter IntFeasTol unchanged
   Value: 1e-09  Min: 1e-09  Max: 0.1  Default: 1e-05
Gurobi Optimizer version 9.1.2 build v9.1.2rc0 (linux64)
Thread count: 64 physical cores, 128 logical processors, using up to 32 threads
Optimize a model with 325 rows, 515 columns and 795 nonzeros
Model fingerprint: 0x8a17be12
Model has 375 general constraints
Variable types: 319 continuous, 196 integer (196 binary)
Coefficient statistics:
  Matrix range     [2e-01, 2e+00]
  Objective range  [0e+00, 0e+00]
  Bounds range     [1e+00, 1e+00]
  RHS range        [1e-02, 5e+00]
Presolve removed 185 rows and 294 columns
Presolve time: 0.01s

Explored 0 nodes (0 simplex iterations) in 0.01 seconds
Thread count was 1 (of 128 available processors)

Solution count 0

Model is infeasible
Best objective -, best bound -, gap -
Discarded solution information
Parameter FuncPieces unchanged
   Value: -1  Min: -2  Max: 200000000  Default: 0
Parameter FuncPieceLength unchanged
   Value: 1e-05  Min: 1e-05  Max: 1000000.0  Default: 0.01
Parameter FuncPieceError unchanged
   Value: 1e-06  Min: 1e-06  Max: 1000000.0  Default: 0.001
Parameter IntFeasTol unchanged
   Value: 1e-09  Min: 1e-09  Max: 0.1  Default: 1e-05
Gurobi Optimizer version 9.1.2 build v9.1.2rc0 (linux64)
Thread count: 64 physical cores, 128 logical processors, using up to 32 threads
Optimize a model with 325 rows, 515 columns and 795 nonzeros
Model fingerprint: 0xeab6aa37
Model has 375 general constraints
Variable types: 319 continuous, 196 integer (196 binary)
Coefficient statistics:
  Matrix range     [2e-01, 2e+00]
  Objective range  [0e+00, 0e+00]
  Bounds range     [1e+00, 1e+00]
  RHS range        [1e-02, 5e+00]
Presolve removed 203 rows and 278 columns
Presolve time: 0.01s
Presolved: 122 rows, 237 columns, 634 nonzeros
Presolved model has 50 SOS constraint(s)
Variable types: 199 continuous, 38 integer (34 binary)

Explored 0 nodes (0 simplex iterations) in 0.01 seconds
Thread count was 32 (of 128 available processors)

Solution count 0

Model is infeasible
Best objective -, best bound -, gap -
Discarded solution information
Parameter FuncPieces unchanged
   Value: -1  Min: -2  Max: 200000000  Default: 0
Parameter FuncPieceLength unchanged
   Value: 1e-05  Min: 1e-05  Max: 1000000.0  Default: 0.01
Parameter FuncPieceError unchanged
   Value: 1e-06  Min: 1e-06  Max: 1000000.0  Default: 0.001
Parameter IntFeasTol unchanged
   Value: 1e-09  Min: 1e-09  Max: 0.1  Default: 1e-05
Gurobi Optimizer version 9.1.2 build v9.1.2rc0 (linux64)
Thread count: 64 physical cores, 128 logical processors, using up to 32 threads
Optimize a model with 326 rows, 515 columns and 796 nonzeros
Model fingerprint: 0xe21b3426
Model has 375 general constraints
Variable types: 319 continuous, 196 integer (196 binary)
Coefficient statistics:
  Matrix range     [2e-01, 2e+00]
  Objective range  [0e+00, 0e+00]
  Bounds range     [1e+00, 1e+00]
  RHS range        [1e-02, 5e+00]
Presolve removed 208 rows and 286 columns
Presolve time: 0.01s
Presolved: 118 rows, 229 columns, 633 nonzeros
Presolved model has 50 SOS constraint(s)
Variable types: 191 continuous, 38 integer (35 binary)

Explored 0 nodes (0 simplex iterations) in 0.01 seconds
Thread count was 32 (of 128 available processors)

Solution count 0

Model is infeasible
Best objective -, best bound -, gap -
Discarded solution information
Parameter FuncPieces unchanged
   Value: -1  Min: -2  Max: 200000000  Default: 0
Parameter FuncPieceLength unchanged
   Value: 1e-05  Min: 1e-05  Max: 1000000.0  Default: 0.01
Parameter FuncPieceError unchanged
   Value: 1e-06  Min: 1e-06  Max: 1000000.0  Default: 0.001
Parameter IntFeasTol unchanged
   Value: 1e-09  Min: 1e-09  Max: 0.1  Default: 1e-05
Gurobi Optimizer version 9.1.2 build v9.1.2rc0 (linux64)
Thread count: 64 physical cores, 128 logical processors, using up to 32 threads
Optimize a model with 327 rows, 515 columns and 797 nonzeros
Model fingerprint: 0x1ce2ca06
Model has 375 general constraints
Variable types: 319 continuous, 196 integer (196 binary)
Coefficient statistics:
  Matrix range     [2e-01, 2e+00]
  Objective range  [0e+00, 0e+00]
  Bounds range     [1e+00, 1e+00]
  RHS range        [1e-02, 5e+00]
Presolve removed 135 rows and 221 columns
Presolve time: 0.00s

Explored 0 nodes (0 simplex iterations) in 0.01 seconds
Thread count was 1 (of 128 available processors)

Solution count 0

Model is infeasible
Best objective -, best bound -, gap -
Discarded solution information
Parameter FuncPieces unchanged
   Value: -1  Min: -2  Max: 200000000  Default: 0
Parameter FuncPieceLength unchanged
   Value: 1e-05  Min: 1e-05  Max: 1000000.0  Default: 0.01
Parameter FuncPieceError unchanged
   Value: 1e-06  Min: 1e-06  Max: 1000000.0  Default: 0.001
Parameter IntFeasTol unchanged
   Value: 1e-09  Min: 1e-09  Max: 0.1  Default: 1e-05
Gurobi Optimizer version 9.1.2 build v9.1.2rc0 (linux64)
Thread count: 64 physical cores, 128 logical processors, using up to 32 threads
Optimize a model with 328 rows, 515 columns and 798 nonzeros
Model fingerprint: 0x71d51cc3
Model has 375 general constraints
Variable types: 319 continuous, 196 integer (196 binary)
Coefficient statistics:
  Matrix range     [2e-01, 2e+00]
  Objective range  [0e+00, 0e+00]
  Bounds range     [1e+00, 1e+00]
  RHS range        [1e-02, 5e+00]
Presolve removed 156 rows and 224 columns
Presolve time: 0.00s

Explored 0 nodes (0 simplex iterations) in 0.01 seconds
Thread count was 1 (of 128 available processors)

Solution count 0

Model is infeasible
Best objective -, best bound -, gap -
Discarded solution information
Parameter FuncPieces unchanged
   Value: -1  Min: -2  Max: 200000000  Default: 0
Parameter FuncPieceLength unchanged
   Value: 1e-05  Min: 1e-05  Max: 1000000.0  Default: 0.01
Parameter FuncPieceError unchanged
   Value: 1e-06  Min: 1e-06  Max: 1000000.0  Default: 0.001
Parameter IntFeasTol unchanged
   Value: 1e-09  Min: 1e-09  Max: 0.1  Default: 1e-05
Gurobi Optimizer version 9.1.2 build v9.1.2rc0 (linux64)
Thread count: 64 physical cores, 128 logical processors, using up to 32 threads
Optimize a model with 328 rows, 515 columns and 798 nonzeros
Model fingerprint: 0xb3502e8b
Model has 375 general constraints
Variable types: 319 continuous, 196 integer (196 binary)
Coefficient statistics:
  Matrix range     [2e-01, 2e+00]
  Objective range  [0e+00, 0e+00]
  Bounds range     [1e+00, 1e+00]
  RHS range        [1e-02, 5e+00]
Presolve removed 129 rows and 206 columns
Presolve time: 0.00s

Explored 0 nodes (0 simplex iterations) in 0.01 seconds
Thread count was 1 (of 128 available processors)

Solution count 0

Model is infeasible
Best objective -, best bound -, gap -
Discarded solution information
Parameter FuncPieces unchanged
   Value: -1  Min: -2  Max: 200000000  Default: 0
Parameter FuncPieceLength unchanged
   Value: 1e-05  Min: 1e-05  Max: 1000000.0  Default: 0.01
Parameter FuncPieceError unchanged
   Value: 1e-06  Min: 1e-06  Max: 1000000.0  Default: 0.001
Parameter IntFeasTol unchanged
   Value: 1e-09  Min: 1e-09  Max: 0.1  Default: 1e-05
Gurobi Optimizer version 9.1.2 build v9.1.2rc0 (linux64)
Thread count: 64 physical cores, 128 logical processors, using up to 32 threads
Optimize a model with 324 rows, 515 columns and 794 nonzeros
Model fingerprint: 0x4503b200
Model has 375 general constraints
Variable types: 319 continuous, 196 integer (196 binary)
Coefficient statistics:
  Matrix range     [2e-01, 2e+00]
  Objective range  [0e+00, 0e+00]
  Bounds range     [1e+00, 1e+00]
  RHS range        [1e-02, 5e+00]
Presolve removed 184 rows and 294 columns
Presolve time: 0.01s

Explored 0 nodes (0 simplex iterations) in 0.01 seconds
Thread count was 1 (of 128 available processors)

Solution count 0

Model is infeasible
Best objective -, best bound -, gap -
Discarded solution information
Parameter FuncPieces unchanged
   Value: -1  Min: -2  Max: 200000000  Default: 0
Parameter FuncPieceLength unchanged
   Value: 1e-05  Min: 1e-05  Max: 1000000.0  Default: 0.01
Parameter FuncPieceError unchanged
   Value: 1e-06  Min: 1e-06  Max: 1000000.0  Default: 0.001
Parameter IntFeasTol unchanged
   Value: 1e-09  Min: 1e-09  Max: 0.1  Default: 1e-05
Gurobi Optimizer version 9.1.2 build v9.1.2rc0 (linux64)
Thread count: 64 physical cores, 128 logical processors, using up to 32 threads
Optimize a model with 324 rows, 515 columns and 794 nonzeros
Model fingerprint: 0xf59079a5
Model has 375 general constraints
Variable types: 319 continuous, 196 integer (196 binary)
Coefficient statistics:
  Matrix range     [2e-01, 2e+00]
  Objective range  [0e+00, 0e+00]
  Bounds range     [1e+00, 1e+00]
  RHS range        [1e-02, 5e+00]
Presolve removed 202 rows and 278 columns
Presolve time: 0.01s
Presolved: 122 rows, 237 columns, 634 nonzeros
Presolved model has 50 SOS constraint(s)
Variable types: 199 continuous, 38 integer (34 binary)

Explored 0 nodes (0 simplex iterations) in 0.01 seconds
Thread count was 32 (of 128 available processors)

Solution count 0

Model is infeasible
Best objective -, best bound -, gap -
Discarded solution information
Parameter FuncPieces unchanged
   Value: -1  Min: -2  Max: 200000000  Default: 0
Parameter FuncPieceLength unchanged
   Value: 1e-05  Min: 1e-05  Max: 1000000.0  Default: 0.01
Parameter FuncPieceError unchanged
   Value: 1e-06  Min: 1e-06  Max: 1000000.0  Default: 0.001
Parameter IntFeasTol unchanged
   Value: 1e-09  Min: 1e-09  Max: 0.1  Default: 1e-05
Gurobi Optimizer version 9.1.2 build v9.1.2rc0 (linux64)
Thread count: 64 physical cores, 128 logical processors, using up to 32 threads
Optimize a model with 325 rows, 515 columns and 795 nonzeros
Model fingerprint: 0x01d6f39a
Model has 375 general constraints
Variable types: 319 continuous, 196 integer (196 binary)
Coefficient statistics:
  Matrix range     [2e-01, 2e+00]
  Objective range  [0e+00, 0e+00]
  Bounds range     [1e+00, 1e+00]
  RHS range        [1e-02, 5e+00]
Presolve removed 207 rows and 286 columns
Presolve time: 0.01s
Presolved: 118 rows, 229 columns, 633 nonzeros
Presolved model has 50 SOS constraint(s)
Variable types: 191 continuous, 38 integer (35 binary)

Explored 0 nodes (0 simplex iterations) in 0.01 seconds
Thread count was 32 (of 128 available processors)

Solution count 0

Model is infeasible
Best objective -, best bound -, gap -
Discarded solution information
Parameter FuncPieces unchanged
   Value: -1  Min: -2  Max: 200000000  Default: 0
Parameter FuncPieceLength unchanged
   Value: 1e-05  Min: 1e-05  Max: 1000000.0  Default: 0.01
Parameter FuncPieceError unchanged
   Value: 1e-06  Min: 1e-06  Max: 1000000.0  Default: 0.001
Parameter IntFeasTol unchanged
   Value: 1e-09  Min: 1e-09  Max: 0.1  Default: 1e-05
Gurobi Optimizer version 9.1.2 build v9.1.2rc0 (linux64)
Thread count: 64 physical cores, 128 logical processors, using up to 32 threads
Optimize a model with 326 rows, 515 columns and 796 nonzeros
Model fingerprint: 0x63db5fa8
Model has 375 general constraints
Variable types: 319 continuous, 196 integer (196 binary)
Coefficient statistics:
  Matrix range     [2e-01, 2e+00]
  Objective range  [0e+00, 0e+00]
  Bounds range     [1e+00, 1e+00]
  RHS range        [1e-02, 5e+00]
Presolve removed 134 rows and 221 columns
Presolve time: 0.00s

Explored 0 nodes (0 simplex iterations) in 0.01 seconds
Thread count was 1 (of 128 available processors)

Solution count 0

Model is infeasible
Best objective -, best bound -, gap -
Discarded solution information
Parameter FuncPieces unchanged
   Value: -1  Min: -2  Max: 200000000  Default: 0
Parameter FuncPieceLength unchanged
   Value: 1e-05  Min: 1e-05  Max: 1000000.0  Default: 0.01
Parameter FuncPieceError unchanged
   Value: 1e-06  Min: 1e-06  Max: 1000000.0  Default: 0.001
Parameter IntFeasTol unchanged
   Value: 1e-09  Min: 1e-09  Max: 0.1  Default: 1e-05
Gurobi Optimizer version 9.1.2 build v9.1.2rc0 (linux64)
Thread count: 64 physical cores, 128 logical processors, using up to 32 threads
Optimize a model with 327 rows, 515 columns and 797 nonzeros
Model fingerprint: 0x5f3e5895
Model has 375 general constraints
Variable types: 319 continuous, 196 integer (196 binary)
Coefficient statistics:
  Matrix range     [2e-01, 2e+00]
  Objective range  [0e+00, 0e+00]
  Bounds range     [1e+00, 1e+00]
  RHS range        [1e-02, 5e+00]
Presolve removed 155 rows and 224 columns
Presolve time: 0.00s

Explored 0 nodes (0 simplex iterations) in 0.01 seconds
Thread count was 1 (of 128 available processors)

Solution count 0

Model is infeasible
Best objective -, best bound -, gap -
Discarded solution information
Parameter FuncPieces unchanged
   Value: -1  Min: -2  Max: 200000000  Default: 0
Parameter FuncPieceLength unchanged
   Value: 1e-05  Min: 1e-05  Max: 1000000.0  Default: 0.01
Parameter FuncPieceError unchanged
   Value: 1e-06  Min: 1e-06  Max: 1000000.0  Default: 0.001
Parameter IntFeasTol unchanged
   Value: 1e-09  Min: 1e-09  Max: 0.1  Default: 1e-05
Gurobi Optimizer version 9.1.2 build v9.1.2rc0 (linux64)
Thread count: 64 physical cores, 128 logical processors, using up to 32 threads
Optimize a model with 327 rows, 515 columns and 797 nonzeros
Model fingerprint: 0xf1c22316
Model has 375 general constraints
Variable types: 319 continuous, 196 integer (196 binary)
Coefficient statistics:
  Matrix range     [2e-01, 2e+00]
  Objective range  [0e+00, 0e+00]
  Bounds range     [1e+00, 1e+00]
  RHS range        [1e-02, 5e+00]
Presolve removed 128 rows and 206 columns
Presolve time: 0.00s

Explored 0 nodes (0 simplex iterations) in 0.01 seconds
Thread count was 1 (of 128 available processors)

Solution count 0

Model is infeasible
Best objective -, best bound -, gap -
Discarded solution information
Parameter FuncPieces unchanged
   Value: -1  Min: -2  Max: 200000000  Default: 0
Parameter FuncPieceLength unchanged
   Value: 1e-05  Min: 1e-05  Max: 1000000.0  Default: 0.01
Parameter FuncPieceError unchanged
   Value: 1e-06  Min: 1e-06  Max: 1000000.0  Default: 0.001
Parameter IntFeasTol unchanged
   Value: 1e-09  Min: 1e-09  Max: 0.1  Default: 1e-05
Gurobi Optimizer version 9.1.2 build v9.1.2rc0 (linux64)
Thread count: 64 physical cores, 128 logical processors, using up to 32 threads
Optimize a model with 323 rows, 515 columns and 793 nonzeros
Model fingerprint: 0x2310f2c6
Model has 375 general constraints
Variable types: 319 continuous, 196 integer (196 binary)
Coefficient statistics:
  Matrix range     [2e-01, 2e+00]
  Objective range  [0e+00, 0e+00]
  Bounds range     [1e+00, 1e+00]
  RHS range        [1e-02, 5e+00]
Presolve removed 183 rows and 294 columns
Presolve time: 0.01s

Explored 0 nodes (0 simplex iterations) in 0.01 seconds
Thread count was 1 (of 128 available processors)

Solution count 0

Model is infeasible
Best objective -, best bound -, gap -
Discarded solution information
Parameter FuncPieces unchanged
   Value: -1  Min: -2  Max: 200000000  Default: 0
Parameter FuncPieceLength unchanged
   Value: 1e-05  Min: 1e-05  Max: 1000000.0  Default: 0.01
Parameter FuncPieceError unchanged
   Value: 1e-06  Min: 1e-06  Max: 1000000.0  Default: 0.001
Parameter IntFeasTol unchanged
   Value: 1e-09  Min: 1e-09  Max: 0.1  Default: 1e-05
Gurobi Optimizer version 9.1.2 build v9.1.2rc0 (linux64)
Thread count: 64 physical cores, 128 logical processors, using up to 32 threads
Optimize a model with 323 rows, 515 columns and 793 nonzeros
Model fingerprint: 0x9ea933bc
Model has 375 general constraints
Variable types: 319 continuous, 196 integer (196 binary)
Coefficient statistics:
  Matrix range     [2e-01, 2e+00]
  Objective range  [0e+00, 0e+00]
  Bounds range     [1e+00, 1e+00]
  RHS range        [1e-02, 5e+00]
Presolve removed 201 rows and 278 columns
Presolve time: 0.01s
Presolved: 122 rows, 237 columns, 634 nonzeros
Presolved model has 50 SOS constraint(s)
Variable types: 199 continuous, 38 integer (34 binary)

Explored 0 nodes (0 simplex iterations) in 0.01 seconds
Thread count was 32 (of 128 available processors)

Solution count 0

Model is infeasible
Best objective -, best bound -, gap -
Discarded solution information
Parameter FuncPieces unchanged
   Value: -1  Min: -2  Max: 200000000  Default: 0
Parameter FuncPieceLength unchanged
   Value: 1e-05  Min: 1e-05  Max: 1000000.0  Default: 0.01
Parameter FuncPieceError unchanged
   Value: 1e-06  Min: 1e-06  Max: 1000000.0  Default: 0.001
Parameter IntFeasTol unchanged
   Value: 1e-09  Min: 1e-09  Max: 0.1  Default: 1e-05
Gurobi Optimizer version 9.1.2 build v9.1.2rc0 (linux64)
Thread count: 64 physical cores, 128 logical processors, using up to 32 threads
Optimize a model with 324 rows, 515 columns and 794 nonzeros
Model fingerprint: 0x981c5b90
Model has 375 general constraints
Variable types: 319 continuous, 196 integer (196 binary)
Coefficient statistics:
  Matrix range     [2e-01, 2e+00]
  Objective range  [0e+00, 0e+00]
  Bounds range     [1e+00, 1e+00]
  RHS range        [1e-02, 5e+00]
Presolve removed 207 rows and 287 columns
Presolve time: 0.01s
Presolved: 117 rows, 228 columns, 618 nonzeros
Presolved model has 50 SOS constraint(s)
Variable types: 191 continuous, 37 integer (35 binary)

Root relaxation: objective 0.000000e+00, 80 iterations, 0.00 seconds

    Nodes    |    Current Node    |     Objective Bounds      |     Work
 Expl Unexpl |  Obj  Depth IntInf | Incumbent    BestBd   Gap | It/Node Time

     0     0 infeasible    0               - infeasible      -     -    0s

Explored 0 nodes (115 simplex iterations) in 0.01 seconds
Thread count was 32 (of 128 available processors)

Solution count 0

Model is infeasible
Best objective -, best bound -, gap -
Discarded solution information
Parameter FuncPieces unchanged
   Value: -1  Min: -2  Max: 200000000  Default: 0
Parameter FuncPieceLength unchanged
   Value: 1e-05  Min: 1e-05  Max: 1000000.0  Default: 0.01
Parameter FuncPieceError unchanged
   Value: 1e-06  Min: 1e-06  Max: 1000000.0  Default: 0.001
Parameter IntFeasTol unchanged
   Value: 1e-09  Min: 1e-09  Max: 0.1  Default: 1e-05
Gurobi Optimizer version 9.1.2 build v9.1.2rc0 (linux64)
Thread count: 64 physical cores, 128 logical processors, using up to 32 threads
Optimize a model with 325 rows, 515 columns and 795 nonzeros
Model fingerprint: 0x45e2f1c4
Model has 375 general constraints
Variable types: 319 continuous, 196 integer (196 binary)
Coefficient statistics:
  Matrix range     [2e-01, 2e+00]
  Objective range  [0e+00, 0e+00]
  Bounds range     [1e+00, 1e+00]
  RHS range        [1e-02, 5e+00]
Presolve removed 133 rows and 221 columns
Presolve time: 0.00s

Explored 0 nodes (0 simplex iterations) in 0.01 seconds
Thread count was 1 (of 128 available processors)

Solution count 0

Model is infeasible
Best objective -, best bound -, gap -
Discarded solution information
Parameter FuncPieces unchanged
   Value: -1  Min: -2  Max: 200000000  Default: 0
Parameter FuncPieceLength unchanged
   Value: 1e-05  Min: 1e-05  Max: 1000000.0  Default: 0.01
Parameter FuncPieceError unchanged
   Value: 1e-06  Min: 1e-06  Max: 1000000.0  Default: 0.001
Parameter IntFeasTol unchanged
   Value: 1e-09  Min: 1e-09  Max: 0.1  Default: 1e-05
Gurobi Optimizer version 9.1.2 build v9.1.2rc0 (linux64)
Thread count: 64 physical cores, 128 logical processors, using up to 32 threads
Optimize a model with 326 rows, 515 columns and 796 nonzeros
Model fingerprint: 0x3c4da08d
Model has 375 general constraints
Variable types: 319 continuous, 196 integer (196 binary)
Coefficient statistics:
  Matrix range     [2e-01, 2e+00]
  Objective range  [0e+00, 0e+00]
  Bounds range     [1e+00, 1e+00]
  RHS range        [1e-02, 5e+00]
Presolve removed 154 rows and 224 columns
Presolve time: 0.00s

Explored 0 nodes (0 simplex iterations) in 0.01 seconds
Thread count was 1 (of 128 available processors)

Solution count 0

Model is infeasible
Best objective -, best bound -, gap -
Discarded solution information
Parameter FuncPieces unchanged
   Value: -1  Min: -2  Max: 200000000  Default: 0
Parameter FuncPieceLength unchanged
   Value: 1e-05  Min: 1e-05  Max: 1000000.0  Default: 0.01
Parameter FuncPieceError unchanged
   Value: 1e-06  Min: 1e-06  Max: 1000000.0  Default: 0.001
Parameter IntFeasTol unchanged
   Value: 1e-09  Min: 1e-09  Max: 0.1  Default: 1e-05
Gurobi Optimizer version 9.1.2 build v9.1.2rc0 (linux64)
Thread count: 64 physical cores, 128 logical processors, using up to 32 threads
Optimize a model with 326 rows, 515 columns and 796 nonzeros
Model fingerprint: 0xb5092bda
Model has 375 general constraints
Variable types: 319 continuous, 196 integer (196 binary)
Coefficient statistics:
  Matrix range     [2e-01, 2e+00]
  Objective range  [0e+00, 0e+00]
  Bounds range     [1e+00, 1e+00]
  RHS range        [1e-02, 5e+00]
Presolve removed 127 rows and 206 columns
Presolve time: 0.00s

Explored 0 nodes (0 simplex iterations) in 0.01 seconds
Thread count was 1 (of 128 available processors)

Solution count 0

Model is infeasible
Best objective -, best bound -, gap -
Discarded solution information
Parameter FuncPieces unchanged
   Value: -1  Min: -2  Max: 200000000  Default: 0
Parameter FuncPieceLength unchanged
   Value: 1e-05  Min: 1e-05  Max: 1000000.0  Default: 0.01
Parameter FuncPieceError unchanged
   Value: 1e-06  Min: 1e-06  Max: 1000000.0  Default: 0.001
Parameter IntFeasTol unchanged
   Value: 1e-09  Min: 1e-09  Max: 0.1  Default: 1e-05
Gurobi Optimizer version 9.1.2 build v9.1.2rc0 (linux64)
Thread count: 64 physical cores, 128 logical processors, using up to 32 threads
Optimize a model with 322 rows, 515 columns and 792 nonzeros
Model fingerprint: 0x61dd5b44
Model has 375 general constraints
Variable types: 319 continuous, 196 integer (196 binary)
Coefficient statistics:
  Matrix range     [2e-01, 2e+00]
  Objective range  [0e+00, 0e+00]
  Bounds range     [1e+00, 1e+00]
  RHS range        [1e-02, 5e+00]
Presolve removed 182 rows and 294 columns
Presolve time: 0.01s

Explored 0 nodes (0 simplex iterations) in 0.01 seconds
Thread count was 1 (of 128 available processors)

Solution count 0

Model is infeasible
Best objective -, best bound -, gap -
Discarded solution information
Parameter FuncPieces unchanged
   Value: -1  Min: -2  Max: 200000000  Default: 0
Parameter FuncPieceLength unchanged
   Value: 1e-05  Min: 1e-05  Max: 1000000.0  Default: 0.01
Parameter FuncPieceError unchanged
   Value: 1e-06  Min: 1e-06  Max: 1000000.0  Default: 0.001
Parameter IntFeasTol unchanged
   Value: 1e-09  Min: 1e-09  Max: 0.1  Default: 1e-05
Gurobi Optimizer version 9.1.2 build v9.1.2rc0 (linux64)
Thread count: 64 physical cores, 128 logical processors, using up to 32 threads
Optimize a model with 322 rows, 515 columns and 792 nonzeros
Model fingerprint: 0x3ab459d7
Model has 375 general constraints
Variable types: 319 continuous, 196 integer (196 binary)
Coefficient statistics:
  Matrix range     [2e-01, 2e+00]
  Objective range  [0e+00, 0e+00]
  Bounds range     [1e+00, 1e+00]
  RHS range        [1e-02, 5e+00]
Presolve removed 200 rows and 278 columns
Presolve time: 0.01s
Presolved: 122 rows, 237 columns, 634 nonzeros
Presolved model has 50 SOS constraint(s)
Variable types: 199 continuous, 38 integer (34 binary)

Explored 0 nodes (0 simplex iterations) in 0.01 seconds
Thread count was 32 (of 128 available processors)

Solution count 0

Model is infeasible
Best objective -, best bound -, gap -
Discarded solution information
Parameter FuncPieces unchanged
   Value: -1  Min: -2  Max: 200000000  Default: 0
Parameter FuncPieceLength unchanged
   Value: 1e-05  Min: 1e-05  Max: 1000000.0  Default: 0.01
Parameter FuncPieceError unchanged
   Value: 1e-06  Min: 1e-06  Max: 1000000.0  Default: 0.001
Parameter IntFeasTol unchanged
   Value: 1e-09  Min: 1e-09  Max: 0.1  Default: 1e-05
Gurobi Optimizer version 9.1.2 build v9.1.2rc0 (linux64)
Thread count: 64 physical cores, 128 logical processors, using up to 32 threads
Optimize a model with 323 rows, 515 columns and 793 nonzeros
Model fingerprint: 0x5d4c32de
Model has 375 general constraints
Variable types: 319 continuous, 196 integer (196 binary)
Coefficient statistics:
  Matrix range     [2e-01, 2e+00]
  Objective range  [0e+00, 0e+00]
  Bounds range     [1e+00, 1e+00]
  RHS range        [1e-02, 5e+00]
Presolve removed 206 rows and 287 columns
Presolve time: 0.01s
Presolved: 117 rows, 228 columns, 618 nonzeros
Presolved model has 50 SOS constraint(s)
Variable types: 191 continuous, 37 integer (35 binary)

Root relaxation: objective 0.000000e+00, 80 iterations, 0.00 seconds

    Nodes    |    Current Node    |     Objective Bounds      |     Work
 Expl Unexpl |  Obj  Depth IntInf | Incumbent    BestBd   Gap | It/Node Time

     0     0 infeasible    0               - infeasible      -     -    0s

Explored 0 nodes (115 simplex iterations) in 0.01 seconds
Thread count was 32 (of 128 available processors)

Solution count 0

Model is infeasible
Best objective -, best bound -, gap -
Discarded solution information
Parameter FuncPieces unchanged
   Value: -1  Min: -2  Max: 200000000  Default: 0
Parameter FuncPieceLength unchanged
   Value: 1e-05  Min: 1e-05  Max: 1000000.0  Default: 0.01
Parameter FuncPieceError unchanged
   Value: 1e-06  Min: 1e-06  Max: 1000000.0  Default: 0.001
Parameter IntFeasTol unchanged
   Value: 1e-09  Min: 1e-09  Max: 0.1  Default: 1e-05
Gurobi Optimizer version 9.1.2 build v9.1.2rc0 (linux64)
Thread count: 64 physical cores, 128 logical processors, using up to 32 threads
Optimize a model with 324 rows, 515 columns and 794 nonzeros
Model fingerprint: 0x51bdee46
Model has 375 general constraints
Variable types: 319 continuous, 196 integer (196 binary)
Coefficient statistics:
  Matrix range     [2e-01, 2e+00]
  Objective range  [0e+00, 0e+00]
  Bounds range     [1e+00, 1e+00]
  RHS range        [1e-02, 5e+00]
Presolve removed 132 rows and 221 columns
Presolve time: 0.00s

Explored 0 nodes (0 simplex iterations) in 0.01 seconds
Thread count was 1 (of 128 available processors)

Solution count 0

Model is infeasible
Best objective -, best bound -, gap -
Discarded solution information
Parameter FuncPieces unchanged
   Value: -1  Min: -2  Max: 200000000  Default: 0
Parameter FuncPieceLength unchanged
   Value: 1e-05  Min: 1e-05  Max: 1000000.0  Default: 0.01
Parameter FuncPieceError unchanged
   Value: 1e-06  Min: 1e-06  Max: 1000000.0  Default: 0.001
Parameter IntFeasTol unchanged
   Value: 1e-09  Min: 1e-09  Max: 0.1  Default: 1e-05
Gurobi Optimizer version 9.1.2 build v9.1.2rc0 (linux64)
Thread count: 64 physical cores, 128 logical processors, using up to 32 threads
Optimize a model with 325 rows, 515 columns and 795 nonzeros
Model fingerprint: 0x8149e2ff
Model has 375 general constraints
Variable types: 319 continuous, 196 integer (196 binary)
Coefficient statistics:
  Matrix range     [2e-01, 2e+00]
  Objective range  [0e+00, 0e+00]
  Bounds range     [1e+00, 1e+00]
  RHS range        [1e-02, 5e+00]
Presolve removed 153 rows and 224 columns
Presolve time: 0.00s

Explored 0 nodes (0 simplex iterations) in 0.01 seconds
Thread count was 1 (of 128 available processors)

Solution count 0

Model is infeasible
Best objective -, best bound -, gap -
Discarded solution information
Parameter FuncPieces unchanged
   Value: -1  Min: -2  Max: 200000000  Default: 0
Parameter FuncPieceLength unchanged
   Value: 1e-05  Min: 1e-05  Max: 1000000.0  Default: 0.01
Parameter FuncPieceError unchanged
   Value: 1e-06  Min: 1e-06  Max: 1000000.0  Default: 0.001
Parameter IntFeasTol unchanged
   Value: 1e-09  Min: 1e-09  Max: 0.1  Default: 1e-05
Gurobi Optimizer version 9.1.2 build v9.1.2rc0 (linux64)
Thread count: 64 physical cores, 128 logical processors, using up to 32 threads
Optimize a model with 325 rows, 515 columns and 795 nonzeros
Model fingerprint: 0x49b14462
Model has 375 general constraints
Variable types: 319 continuous, 196 integer (196 binary)
Coefficient statistics:
  Matrix range     [2e-01, 2e+00]
  Objective range  [0e+00, 0e+00]
  Bounds range     [1e+00, 1e+00]
  RHS range        [1e-02, 5e+00]
Presolve removed 126 rows and 206 columns
Presolve time: 0.00s

Explored 0 nodes (0 simplex iterations) in 0.01 seconds
Thread count was 1 (of 128 available processors)

Solution count 0

Model is infeasible
Best objective -, best bound -, gap -
Discarded solution information
Parameter FuncPieces unchanged
   Value: -1  Min: -2  Max: 200000000  Default: 0
Parameter FuncPieceLength unchanged
   Value: 1e-05  Min: 1e-05  Max: 1000000.0  Default: 0.01
Parameter FuncPieceError unchanged
   Value: 1e-06  Min: 1e-06  Max: 1000000.0  Default: 0.001
Parameter IntFeasTol unchanged
   Value: 1e-09  Min: 1e-09  Max: 0.1  Default: 1e-05
Gurobi Optimizer version 9.1.2 build v9.1.2rc0 (linux64)
Thread count: 64 physical cores, 128 logical processors, using up to 32 threads
Optimize a model with 321 rows, 515 columns and 791 nonzeros
Model fingerprint: 0x9de20453
Model has 375 general constraints
Variable types: 319 continuous, 196 integer (196 binary)
Coefficient statistics:
  Matrix range     [2e-01, 2e+00]
  Objective range  [0e+00, 0e+00]
  Bounds range     [1e+00, 1e+00]
  RHS range        [1e-02, 5e+00]
Presolve removed 181 rows and 294 columns
Presolve time: 0.01s

Explored 0 nodes (0 simplex iterations) in 0.01 seconds
Thread count was 1 (of 128 available processors)

Solution count 0

Model is infeasible
Best objective -, best bound -, gap -
Discarded solution information
Parameter FuncPieces unchanged
   Value: -1  Min: -2  Max: 200000000  Default: 0
Parameter FuncPieceLength unchanged
   Value: 1e-05  Min: 1e-05  Max: 1000000.0  Default: 0.01
Parameter FuncPieceError unchanged
   Value: 1e-06  Min: 1e-06  Max: 1000000.0  Default: 0.001
Parameter IntFeasTol unchanged
   Value: 1e-09  Min: 1e-09  Max: 0.1  Default: 1e-05
Gurobi Optimizer version 9.1.2 build v9.1.2rc0 (linux64)
Thread count: 64 physical cores, 128 logical processors, using up to 32 threads
Optimize a model with 321 rows, 515 columns and 791 nonzeros
Model fingerprint: 0x1ad44932
Model has 375 general constraints
Variable types: 319 continuous, 196 integer (196 binary)
Coefficient statistics:
  Matrix range     [2e-01, 2e+00]
  Objective range  [0e+00, 0e+00]
  Bounds range     [1e+00, 1e+00]
  RHS range        [1e-02, 5e+00]
Presolve removed 199 rows and 278 columns
Presolve time: 0.01s
Presolved: 122 rows, 237 columns, 634 nonzeros
Presolved model has 50 SOS constraint(s)
Variable types: 199 continuous, 38 integer (34 binary)

Explored 0 nodes (0 simplex iterations) in 0.01 seconds
Thread count was 32 (of 128 available processors)

Solution count 0

Model is infeasible
Best objective -, best bound -, gap -
Discarded solution information
Parameter FuncPieces unchanged
   Value: -1  Min: -2  Max: 200000000  Default: 0
Parameter FuncPieceLength unchanged
   Value: 1e-05  Min: 1e-05  Max: 1000000.0  Default: 0.01
Parameter FuncPieceError unchanged
   Value: 1e-06  Min: 1e-06  Max: 1000000.0  Default: 0.001
Parameter IntFeasTol unchanged
   Value: 1e-09  Min: 1e-09  Max: 0.1  Default: 1e-05
Gurobi Optimizer version 9.1.2 build v9.1.2rc0 (linux64)
Thread count: 64 physical cores, 128 logical processors, using up to 32 threads
Optimize a model with 322 rows, 515 columns and 792 nonzeros
Model fingerprint: 0x1a7c7969
Model has 375 general constraints
Variable types: 319 continuous, 196 integer (196 binary)
Coefficient statistics:
  Matrix range     [2e-01, 2e+00]
  Objective range  [0e+00, 0e+00]
  Bounds range     [1e+00, 1e+00]
  RHS range        [1e-02, 5e+00]
Presolve removed 205 rows and 287 columns
Presolve time: 0.01s
Presolved: 117 rows, 228 columns, 618 nonzeros
Presolved model has 50 SOS constraint(s)
Variable types: 191 continuous, 37 integer (35 binary)

Root relaxation: objective 0.000000e+00, 80 iterations, 0.00 seconds

    Nodes    |    Current Node    |     Objective Bounds      |     Work
 Expl Unexpl |  Obj  Depth IntInf | Incumbent    BestBd   Gap | It/Node Time

     0     0 infeasible    0               - infeasible      -     -    0s

Explored 0 nodes (115 simplex iterations) in 0.01 seconds
Thread count was 32 (of 128 available processors)

Solution count 0

Model is infeasible
Best objective -, best bound -, gap -
Discarded solution information
Parameter FuncPieces unchanged
   Value: -1  Min: -2  Max: 200000000  Default: 0
Parameter FuncPieceLength unchanged
   Value: 1e-05  Min: 1e-05  Max: 1000000.0  Default: 0.01
Parameter FuncPieceError unchanged
   Value: 1e-06  Min: 1e-06  Max: 1000000.0  Default: 0.001
Parameter IntFeasTol unchanged
   Value: 1e-09  Min: 1e-09  Max: 0.1  Default: 1e-05
Gurobi Optimizer version 9.1.2 build v9.1.2rc0 (linux64)
Thread count: 64 physical cores, 128 logical processors, using up to 32 threads
Optimize a model with 323 rows, 515 columns and 793 nonzeros
Model fingerprint: 0x0cea8762
Model has 375 general constraints
Variable types: 319 continuous, 196 integer (196 binary)
Coefficient statistics:
  Matrix range     [2e-01, 2e+00]
  Objective range  [0e+00, 0e+00]
  Bounds range     [1e+00, 1e+00]
  RHS range        [1e-02, 5e+00]
Presolve removed 131 rows and 221 columns
Presolve time: 0.00s

Explored 0 nodes (0 simplex iterations) in 0.01 seconds
Thread count was 1 (of 128 available processors)

Solution count 0

Model is infeasible
Best objective -, best bound -, gap -
Discarded solution information
Parameter FuncPieces unchanged
   Value: -1  Min: -2  Max: 200000000  Default: 0
Parameter FuncPieceLength unchanged
   Value: 1e-05  Min: 1e-05  Max: 1000000.0  Default: 0.01
Parameter FuncPieceError unchanged
   Value: 1e-06  Min: 1e-06  Max: 1000000.0  Default: 0.001
Parameter IntFeasTol unchanged
   Value: 1e-09  Min: 1e-09  Max: 0.1  Default: 1e-05
Gurobi Optimizer version 9.1.2 build v9.1.2rc0 (linux64)
Thread count: 64 physical cores, 128 logical processors, using up to 32 threads
Optimize a model with 324 rows, 515 columns and 794 nonzeros
Model fingerprint: 0x4add245a
Model has 375 general constraints
Variable types: 319 continuous, 196 integer (196 binary)
Coefficient statistics:
  Matrix range     [2e-01, 2e+00]
  Objective range  [0e+00, 0e+00]
  Bounds range     [1e+00, 1e+00]
  RHS range        [1e-02, 5e+00]
Presolve removed 152 rows and 224 columns
Presolve time: 0.00s

Explored 0 nodes (0 simplex iterations) in 0.01 seconds
Thread count was 1 (of 128 available processors)

Solution count 0

Model is infeasible
Best objective -, best bound -, gap -
Discarded solution information
Parameter FuncPieces unchanged
   Value: -1  Min: -2  Max: 200000000  Default: 0
Parameter FuncPieceLength unchanged
   Value: 1e-05  Min: 1e-05  Max: 1000000.0  Default: 0.01
Parameter FuncPieceError unchanged
   Value: 1e-06  Min: 1e-06  Max: 1000000.0  Default: 0.001
Parameter IntFeasTol unchanged
   Value: 1e-09  Min: 1e-09  Max: 0.1  Default: 1e-05
Gurobi Optimizer version 9.1.2 build v9.1.2rc0 (linux64)
Thread count: 64 physical cores, 128 logical processors, using up to 32 threads
Optimize a model with 324 rows, 515 columns and 794 nonzeros
Model fingerprint: 0xbfc2784d
Model has 375 general constraints
Variable types: 319 continuous, 196 integer (196 binary)
Coefficient statistics:
  Matrix range     [2e-01, 2e+00]
  Objective range  [0e+00, 0e+00]
  Bounds range     [1e+00, 1e+00]
  RHS range        [1e-02, 5e+00]
Presolve removed 125 rows and 206 columns
Presolve time: 0.00s

Explored 0 nodes (0 simplex iterations) in 0.01 seconds
Thread count was 1 (of 128 available processors)

Solution count 0

Model is infeasible
Best objective -, best bound -, gap -
Discarded solution information
Parameter FuncPieces unchanged
   Value: -1  Min: -2  Max: 200000000  Default: 0
Parameter FuncPieceLength unchanged
   Value: 1e-05  Min: 1e-05  Max: 1000000.0  Default: 0.01
Parameter FuncPieceError unchanged
   Value: 1e-06  Min: 1e-06  Max: 1000000.0  Default: 0.001
Parameter IntFeasTol unchanged
   Value: 1e-09  Min: 1e-09  Max: 0.1  Default: 1e-05
Gurobi Optimizer version 9.1.2 build v9.1.2rc0 (linux64)
Thread count: 64 physical cores, 128 logical processors, using up to 32 threads
Optimize a model with 320 rows, 515 columns and 790 nonzeros
Model fingerprint: 0x1e4ab663
Model has 375 general constraints
Variable types: 319 continuous, 196 integer (196 binary)
Coefficient statistics:
  Matrix range     [2e-01, 2e+00]
  Objective range  [0e+00, 0e+00]
  Bounds range     [1e+00, 1e+00]
  RHS range        [1e-02, 5e+00]
Presolve removed 306 rows and 504 columns
Presolve time: 0.01s
Presolved: 14 rows, 11 columns, 39 nonzeros
Variable types: 10 continuous, 1 integer (1 binary)

Root relaxation: objective 0.000000e+00, 6 iterations, 0.00 seconds

    Nodes    |    Current Node    |     Objective Bounds      |     Work
 Expl Unexpl |  Obj  Depth IntInf | Incumbent    BestBd   Gap | It/Node Time

*    0     0               0       0.0000000    0.00000  0.00%     -    0s

Explored 0 nodes (6 simplex iterations) in 0.01 seconds
Thread count was 32 (of 128 available processors)

Solution count 1: 0 

Optimal solution found (tolerance 1.00e-04)
Warning: max constraint violation (6.9280e-02) exceeds tolerance
Warning: max general constraint violation (6.9280e-02) exceeds tolerance
         (model may be infeasible or unbounded - try turning presolve off)
Best objective 0.000000000000e+00, best bound 0.000000000000e+00, gap 0.0000%
Discarded solution information
Parameter FuncPieces unchanged
   Value: -1  Min: -2  Max: 200000000  Default: 0
Parameter FuncPieceLength unchanged
   Value: 1e-05  Min: 1e-05  Max: 1000000.0  Default: 0.01
Parameter FuncPieceError unchanged
   Value: 1e-06  Min: 1e-06  Max: 1000000.0  Default: 0.001
Parameter IntFeasTol unchanged
   Value: 1e-09  Min: 1e-09  Max: 0.1  Default: 1e-05
Gurobi Optimizer version 9.1.2 build v9.1.2rc0 (linux64)
Thread count: 64 physical cores, 128 logical processors, using up to 32 threads
Optimize a model with 320 rows, 515 columns and 790 nonzeros
Model fingerprint: 0x00817888
Model has 375 general constraints
Variable types: 319 continuous, 196 integer (196 binary)
Coefficient statistics:
  Matrix range     [2e-01, 2e+00]
  Objective range  [0e+00, 0e+00]
  Bounds range     [1e+00, 1e+00]
  RHS range        [1e-02, 5e+00]
Presolve removed 180 rows and 294 columns
Presolve time: 0.01s

Explored 0 nodes (0 simplex iterations) in 0.01 seconds
Thread count was 1 (of 128 available processors)

Solution count 0

Model is infeasible
Best objective -, best bound -, gap -
Discarded solution information
Parameter FuncPieces unchanged
   Value: -1  Min: -2  Max: 200000000  Default: 0
Parameter FuncPieceLength unchanged
   Value: 1e-05  Min: 1e-05  Max: 1000000.0  Default: 0.01
Parameter FuncPieceError unchanged
   Value: 1e-06  Min: 1e-06  Max: 1000000.0  Default: 0.001
Parameter IntFeasTol unchanged
   Value: 1e-09  Min: 1e-09  Max: 0.1  Default: 1e-05
Gurobi Optimizer version 9.1.2 build v9.1.2rc0 (linux64)
Thread count: 64 physical cores, 128 logical processors, using up to 32 threads
Optimize a model with 319 rows, 515 columns and 789 nonzeros
Model fingerprint: 0x1a2e8a9b
Model has 375 general constraints
Variable types: 319 continuous, 196 integer (196 binary)
Coefficient statistics:
  Matrix range     [2e-01, 2e+00]
  Objective range  [0e+00, 0e+00]
  Bounds range     [1e+00, 1e+00]
  RHS range        [1e-02, 5e+00]
Presolve removed 179 rows and 294 columns
Presolve time: 0.01s

Explored 0 nodes (0 simplex iterations) in 0.01 seconds
Thread count was 1 (of 128 available processors)

Solution count 0

Model is infeasible
Best objective -, best bound -, gap -
Discarded solution information
Parameter FuncPieces unchanged
   Value: -1  Min: -2  Max: 200000000  Default: 0
Parameter FuncPieceLength unchanged
   Value: 1e-05  Min: 1e-05  Max: 1000000.0  Default: 0.01
Parameter FuncPieceError unchanged
   Value: 1e-06  Min: 1e-06  Max: 1000000.0  Default: 0.001
Parameter IntFeasTol unchanged
   Value: 1e-09  Min: 1e-09  Max: 0.1  Default: 1e-05
Gurobi Optimizer version 9.1.2 build v9.1.2rc0 (linux64)
Thread count: 64 physical cores, 128 logical processors, using up to 32 threads
Optimize a model with 320 rows, 515 columns and 790 nonzeros
Model fingerprint: 0xa9e699c9
Model has 375 general constraints
Variable types: 319 continuous, 196 integer (196 binary)
Coefficient statistics:
  Matrix range     [2e-01, 2e+00]
  Objective range  [0e+00, 0e+00]
  Bounds range     [1e+00, 1e+00]
  RHS range        [1e-02, 5e+00]
Presolve removed 198 rows and 278 columns
Presolve time: 0.01s
Presolved: 122 rows, 237 columns, 634 nonzeros
Presolved model has 50 SOS constraint(s)
Variable types: 199 continuous, 38 integer (34 binary)

Explored 0 nodes (0 simplex iterations) in 0.01 seconds
Thread count was 32 (of 128 available processors)

Solution count 0

Model is infeasible
Best objective -, best bound -, gap -
Discarded solution information
Parameter FuncPieces unchanged
   Value: -1  Min: -2  Max: 200000000  Default: 0
Parameter FuncPieceLength unchanged
   Value: 1e-05  Min: 1e-05  Max: 1000000.0  Default: 0.01
Parameter FuncPieceError unchanged
   Value: 1e-06  Min: 1e-06  Max: 1000000.0  Default: 0.001
Parameter IntFeasTol unchanged
   Value: 1e-09  Min: 1e-09  Max: 0.1  Default: 1e-05
Gurobi Optimizer version 9.1.2 build v9.1.2rc0 (linux64)
Thread count: 64 physical cores, 128 logical processors, using up to 32 threads
Optimize a model with 321 rows, 515 columns and 791 nonzeros
Model fingerprint: 0x5924b2b3
Model has 375 general constraints
Variable types: 319 continuous, 196 integer (196 binary)
Coefficient statistics:
  Matrix range     [2e-01, 2e+00]
  Objective range  [0e+00, 0e+00]
  Bounds range     [1e+00, 1e+00]
  RHS range        [1e-02, 5e+00]
Presolve removed 204 rows and 287 columns
Presolve time: 0.01s
Presolved: 117 rows, 228 columns, 618 nonzeros
Presolved model has 50 SOS constraint(s)
Variable types: 191 continuous, 37 integer (35 binary)

Root relaxation: objective 0.000000e+00, 80 iterations, 0.00 seconds

    Nodes    |    Current Node    |     Objective Bounds      |     Work
 Expl Unexpl |  Obj  Depth IntInf | Incumbent    BestBd   Gap | It/Node Time

     0     0 infeasible    0               - infeasible      -     -    0s

Explored 0 nodes (115 simplex iterations) in 0.01 seconds
Thread count was 32 (of 128 available processors)

Solution count 0

Model is infeasible
Best objective -, best bound -, gap -
Discarded solution information
Parameter FuncPieces unchanged
   Value: -1  Min: -2  Max: 200000000  Default: 0
Parameter FuncPieceLength unchanged
   Value: 1e-05  Min: 1e-05  Max: 1000000.0  Default: 0.01
Parameter FuncPieceError unchanged
   Value: 1e-06  Min: 1e-06  Max: 1000000.0  Default: 0.001
Parameter IntFeasTol unchanged
   Value: 1e-09  Min: 1e-09  Max: 0.1  Default: 1e-05
Gurobi Optimizer version 9.1.2 build v9.1.2rc0 (linux64)
Thread count: 64 physical cores, 128 logical processors, using up to 32 threads
Optimize a model with 318 rows, 515 columns and 788 nonzeros
Model fingerprint: 0x282f3bf9
Model has 375 general constraints
Variable types: 319 continuous, 196 integer (196 binary)
Coefficient statistics:
  Matrix range     [2e-01, 2e+00]
  Objective range  [0e+00, 0e+00]
  Bounds range     [1e+00, 1e+00]
  RHS range        [1e-02, 5e+00]
Presolve removed 178 rows and 294 columns
Presolve time: 0.01s

Explored 0 nodes (0 simplex iterations) in 0.01 seconds
Thread count was 1 (of 128 available processors)

Solution count 0

Model is infeasible
Best objective -, best bound -, gap -
Discarded solution information
Parameter FuncPieces unchanged
   Value: -1  Min: -2  Max: 200000000  Default: 0
Parameter FuncPieceLength unchanged
   Value: 1e-05  Min: 1e-05  Max: 1000000.0  Default: 0.01
Parameter FuncPieceError unchanged
   Value: 1e-06  Min: 1e-06  Max: 1000000.0  Default: 0.001
Parameter IntFeasTol unchanged
   Value: 1e-09  Min: 1e-09  Max: 0.1  Default: 1e-05
Gurobi Optimizer version 9.1.2 build v9.1.2rc0 (linux64)
Thread count: 64 physical cores, 128 logical processors, using up to 32 threads
Optimize a model with 319 rows, 515 columns and 789 nonzeros
Model fingerprint: 0x041c96f3
Model has 375 general constraints
Variable types: 319 continuous, 196 integer (196 binary)
Coefficient statistics:
  Matrix range     [2e-01, 2e+00]
  Objective range  [0e+00, 0e+00]
  Bounds range     [1e+00, 1e+00]
  RHS range        [1e-02, 5e+00]
Presolve removed 197 rows and 278 columns
Presolve time: 0.01s
Presolved: 122 rows, 237 columns, 634 nonzeros
Presolved model has 50 SOS constraint(s)
Variable types: 199 continuous, 38 integer (34 binary)

Explored 0 nodes (0 simplex iterations) in 0.01 seconds
Thread count was 32 (of 128 available processors)

Solution count 0

Model is infeasible
Best objective -, best bound -, gap -
Discarded solution information
Parameter FuncPieces unchanged
   Value: -1  Min: -2  Max: 200000000  Default: 0
Parameter FuncPieceLength unchanged
   Value: 1e-05  Min: 1e-05  Max: 1000000.0  Default: 0.01
Parameter FuncPieceError unchanged
   Value: 1e-06  Min: 1e-06  Max: 1000000.0  Default: 0.001
Parameter IntFeasTol unchanged
   Value: 1e-09  Min: 1e-09  Max: 0.1  Default: 1e-05
Gurobi Optimizer version 9.1.2 build v9.1.2rc0 (linux64)
Thread count: 64 physical cores, 128 logical processors, using up to 32 threads
Optimize a model with 320 rows, 515 columns and 790 nonzeros
Model fingerprint: 0x4d29fe60
Model has 375 general constraints
Variable types: 319 continuous, 196 integer (196 binary)
Coefficient statistics:
  Matrix range     [2e-01, 2e+00]
  Objective range  [0e+00, 0e+00]
  Bounds range     [1e+00, 1e+00]
  RHS range        [1e-02, 5e+00]
Presolve removed 203 rows and 287 columns
Presolve time: 0.01s
Presolved: 117 rows, 228 columns, 618 nonzeros
Presolved model has 50 SOS constraint(s)
Variable types: 191 continuous, 37 integer (35 binary)

Root relaxation: objective 0.000000e+00, 80 iterations, 0.00 seconds

    Nodes    |    Current Node    |     Objective Bounds      |     Work
 Expl Unexpl |  Obj  Depth IntInf | Incumbent    BestBd   Gap | It/Node Time

     0     0 infeasible    0               - infeasible      -     -    0s

Explored 0 nodes (115 simplex iterations) in 0.01 seconds
Thread count was 32 (of 128 available processors)

Solution count 0

Model is infeasible
Best objective -, best bound -, gap -
Discarded solution information
Parameter FuncPieces unchanged
   Value: -1  Min: -2  Max: 200000000  Default: 0
Parameter FuncPieceLength unchanged
   Value: 1e-05  Min: 1e-05  Max: 1000000.0  Default: 0.01
Parameter FuncPieceError unchanged
   Value: 1e-06  Min: 1e-06  Max: 1000000.0  Default: 0.001
Parameter IntFeasTol unchanged
   Value: 1e-09  Min: 1e-09  Max: 0.1  Default: 1e-05
Gurobi Optimizer version 9.1.2 build v9.1.2rc0 (linux64)
Thread count: 64 physical cores, 128 logical processors, using up to 32 threads
Optimize a model with 322 rows, 515 columns and 792 nonzeros
Model fingerprint: 0xeebec5b7
Model has 375 general constraints
Variable types: 319 continuous, 196 integer (196 binary)
Coefficient statistics:
  Matrix range     [2e-01, 2e+00]
  Objective range  [0e+00, 0e+00]
  Bounds range     [1e+00, 1e+00]
  RHS range        [1e-02, 5e+00]
Presolve removed 130 rows and 221 columns
Presolve time: 0.00s

Explored 0 nodes (0 simplex iterations) in 0.01 seconds
Thread count was 1 (of 128 available processors)

Solution count 0

Model is infeasible
Best objective -, best bound -, gap -
Discarded solution information
Parameter FuncPieces unchanged
   Value: -1  Min: -2  Max: 200000000  Default: 0
Parameter FuncPieceLength unchanged
   Value: 1e-05  Min: 1e-05  Max: 1000000.0  Default: 0.01
Parameter FuncPieceError unchanged
   Value: 1e-06  Min: 1e-06  Max: 1000000.0  Default: 0.001
Parameter IntFeasTol unchanged
   Value: 1e-09  Min: 1e-09  Max: 0.1  Default: 1e-05
Gurobi Optimizer version 9.1.2 build v9.1.2rc0 (linux64)
Thread count: 64 physical cores, 128 logical processors, using up to 32 threads
Optimize a model with 323 rows, 515 columns and 793 nonzeros
Model fingerprint: 0xfd487b95
Model has 375 general constraints
Variable types: 319 continuous, 196 integer (196 binary)
Coefficient statistics:
  Matrix range     [2e-01, 2e+00]
  Objective range  [0e+00, 0e+00]
  Bounds range     [1e+00, 1e+00]
  RHS range        [1e-02, 5e+00]
Presolve removed 151 rows and 224 columns
Presolve time: 0.00s

Explored 0 nodes (0 simplex iterations) in 0.01 seconds
Thread count was 1 (of 128 available processors)

Solution count 0

Model is infeasible
Best objective -, best bound -, gap -
Discarded solution information
Parameter FuncPieces unchanged
   Value: -1  Min: -2  Max: 200000000  Default: 0
Parameter FuncPieceLength unchanged
   Value: 1e-05  Min: 1e-05  Max: 1000000.0  Default: 0.01
Parameter FuncPieceError unchanged
   Value: 1e-06  Min: 1e-06  Max: 1000000.0  Default: 0.001
Parameter IntFeasTol unchanged
   Value: 1e-09  Min: 1e-09  Max: 0.1  Default: 1e-05
Gurobi Optimizer version 9.1.2 build v9.1.2rc0 (linux64)
Thread count: 64 physical cores, 128 logical processors, using up to 32 threads
Optimize a model with 317 rows, 515 columns and 787 nonzeros
Model fingerprint: 0x05485626
Model has 375 general constraints
Variable types: 319 continuous, 196 integer (196 binary)
Coefficient statistics:
  Matrix range     [2e-01, 2e+00]
  Objective range  [0e+00, 0e+00]
  Bounds range     [1e+00, 1e+00]
  RHS range        [1e-02, 5e+00]
Presolve removed 177 rows and 294 columns
Presolve time: 0.01s

Explored 0 nodes (0 simplex iterations) in 0.01 seconds
Thread count was 1 (of 128 available processors)

Solution count 0

Model is infeasible
Best objective -, best bound -, gap -
Discarded solution information
Parameter FuncPieces unchanged
   Value: -1  Min: -2  Max: 200000000  Default: 0
Parameter FuncPieceLength unchanged
   Value: 1e-05  Min: 1e-05  Max: 1000000.0  Default: 0.01
Parameter FuncPieceError unchanged
   Value: 1e-06  Min: 1e-06  Max: 1000000.0  Default: 0.001
Parameter IntFeasTol unchanged
   Value: 1e-09  Min: 1e-09  Max: 0.1  Default: 1e-05
Gurobi Optimizer version 9.1.2 build v9.1.2rc0 (linux64)
Thread count: 64 physical cores, 128 logical processors, using up to 32 threads
Optimize a model with 316 rows, 515 columns and 786 nonzeros
Model fingerprint: 0xb73b1b8c
Model has 375 general constraints
Variable types: 319 continuous, 196 integer (196 binary)
Coefficient statistics:
  Matrix range     [2e-01, 2e+00]
  Objective range  [0e+00, 0e+00]
  Bounds range     [1e+00, 1e+00]
  RHS range        [1e-02, 5e+00]
Presolve removed 176 rows and 294 columns
Presolve time: 0.01s

Explored 0 nodes (0 simplex iterations) in 0.01 seconds
Thread count was 1 (of 128 available processors)

Solution count 0

Model is infeasible
Best objective -, best bound -, gap -
Discarded solution information
Parameter FuncPieces unchanged
   Value: -1  Min: -2  Max: 200000000  Default: 0
Parameter FuncPieceLength unchanged
   Value: 1e-05  Min: 1e-05  Max: 1000000.0  Default: 0.01
Parameter FuncPieceError unchanged
   Value: 1e-06  Min: 1e-06  Max: 1000000.0  Default: 0.001
Parameter IntFeasTol unchanged
   Value: 1e-09  Min: 1e-09  Max: 0.1  Default: 1e-05
Gurobi Optimizer version 9.1.2 build v9.1.2rc0 (linux64)
Thread count: 64 physical cores, 128 logical processors, using up to 32 threads
Optimize a model with 318 rows, 515 columns and 788 nonzeros
Model fingerprint: 0xb819275c
Model has 375 general constraints
Variable types: 319 continuous, 196 integer (196 binary)
Coefficient statistics:
  Matrix range     [2e-01, 2e+00]
  Objective range  [0e+00, 0e+00]
  Bounds range     [1e+00, 1e+00]
  RHS range        [1e-02, 5e+00]
Presolve removed 196 rows and 278 columns
Presolve time: 0.01s
Presolved: 122 rows, 237 columns, 634 nonzeros
Presolved model has 50 SOS constraint(s)
Variable types: 199 continuous, 38 integer (34 binary)

Explored 0 nodes (0 simplex iterations) in 0.01 seconds
Thread count was 32 (of 128 available processors)

Solution count 0

Model is infeasible
Best objective -, best bound -, gap -
Discarded solution information
Parameter FuncPieces unchanged
   Value: -1  Min: -2  Max: 200000000  Default: 0
Parameter FuncPieceLength unchanged
   Value: 1e-05  Min: 1e-05  Max: 1000000.0  Default: 0.01
Parameter FuncPieceError unchanged
   Value: 1e-06  Min: 1e-06  Max: 1000000.0  Default: 0.001
Parameter IntFeasTol unchanged
   Value: 1e-09  Min: 1e-09  Max: 0.1  Default: 1e-05
Gurobi Optimizer version 9.1.2 build v9.1.2rc0 (linux64)
Thread count: 64 physical cores, 128 logical processors, using up to 32 threads
Optimize a model with 319 rows, 515 columns and 789 nonzeros
Model fingerprint: 0x5cd68025
Model has 375 general constraints
Variable types: 319 continuous, 196 integer (196 binary)
Coefficient statistics:
  Matrix range     [2e-01, 2e+00]
  Objective range  [0e+00, 0e+00]
  Bounds range     [1e+00, 1e+00]
  RHS range        [1e-02, 5e+00]
Presolve removed 202 rows and 287 columns
Presolve time: 0.01s
Presolved: 117 rows, 228 columns, 618 nonzeros
Presolved model has 50 SOS constraint(s)
Variable types: 191 continuous, 37 integer (35 binary)

Root relaxation: objective 0.000000e+00, 80 iterations, 0.00 seconds

    Nodes    |    Current Node    |     Objective Bounds      |     Work
 Expl Unexpl |  Obj  Depth IntInf | Incumbent    BestBd   Gap | It/Node Time

     0     0 infeasible    0               - infeasible      -     -    0s

Explored 0 nodes (115 simplex iterations) in 0.01 seconds
Thread count was 32 (of 128 available processors)

Solution count 0

Model is infeasible
Best objective -, best bound -, gap -
Discarded solution information
Parameter FuncPieces unchanged
   Value: -1  Min: -2  Max: 200000000  Default: 0
Parameter FuncPieceLength unchanged
   Value: 1e-05  Min: 1e-05  Max: 1000000.0  Default: 0.01
Parameter FuncPieceError unchanged
   Value: 1e-06  Min: 1e-06  Max: 1000000.0  Default: 0.001
Parameter IntFeasTol unchanged
   Value: 1e-09  Min: 1e-09  Max: 0.1  Default: 1e-05
Gurobi Optimizer version 9.1.2 build v9.1.2rc0 (linux64)
Thread count: 64 physical cores, 128 logical processors, using up to 32 threads
Optimize a model with 321 rows, 515 columns and 791 nonzeros
Model fingerprint: 0xf02846f5
Model has 375 general constraints
Variable types: 319 continuous, 196 integer (196 binary)
Coefficient statistics:
  Matrix range     [2e-01, 2e+00]
  Objective range  [0e+00, 0e+00]
  Bounds range     [1e+00, 1e+00]
  RHS range        [1e-02, 5e+00]
Presolve removed 129 rows and 221 columns
Presolve time: 0.00s

Explored 0 nodes (0 simplex iterations) in 0.01 seconds
Thread count was 1 (of 128 available processors)

Solution count 0

Model is infeasible
Best objective -, best bound -, gap -
Discarded solution information
Parameter FuncPieces unchanged
   Value: -1  Min: -2  Max: 200000000  Default: 0
Parameter FuncPieceLength unchanged
   Value: 1e-05  Min: 1e-05  Max: 1000000.0  Default: 0.01
Parameter FuncPieceError unchanged
   Value: 1e-06  Min: 1e-06  Max: 1000000.0  Default: 0.001
Parameter IntFeasTol unchanged
   Value: 1e-09  Min: 1e-09  Max: 0.1  Default: 1e-05
Gurobi Optimizer version 9.1.2 build v9.1.2rc0 (linux64)
Thread count: 64 physical cores, 128 logical processors, using up to 32 threads
Optimize a model with 322 rows, 515 columns and 792 nonzeros
Model fingerprint: 0x1bc3733f
Model has 375 general constraints
Variable types: 319 continuous, 196 integer (196 binary)
Coefficient statistics:
  Matrix range     [2e-01, 2e+00]
  Objective range  [0e+00, 0e+00]
  Bounds range     [1e+00, 1e+00]
  RHS range        [1e-02, 5e+00]
Presolve removed 150 rows and 224 columns
Presolve time: 0.00s

Explored 0 nodes (0 simplex iterations) in 0.01 seconds
Thread count was 1 (of 128 available processors)

Solution count 0

Model is infeasible
Best objective -, best bound -, gap -
Discarded solution information
Parameter FuncPieces unchanged
   Value: -1  Min: -2  Max: 200000000  Default: 0
Parameter FuncPieceLength unchanged
   Value: 1e-05  Min: 1e-05  Max: 1000000.0  Default: 0.01
Parameter FuncPieceError unchanged
   Value: 1e-06  Min: 1e-06  Max: 1000000.0  Default: 0.001
Parameter IntFeasTol unchanged
   Value: 1e-09  Min: 1e-09  Max: 0.1  Default: 1e-05
Gurobi Optimizer version 9.1.2 build v9.1.2rc0 (linux64)
Thread count: 64 physical cores, 128 logical processors, using up to 32 threads
Optimize a model with 315 rows, 515 columns and 785 nonzeros
Model fingerprint: 0xc53ef702
Model has 375 general constraints
Variable types: 319 continuous, 196 integer (196 binary)
Coefficient statistics:
  Matrix range     [2e-01, 2e+00]
  Objective range  [0e+00, 0e+00]
  Bounds range     [1e+00, 1e+00]
  RHS range        [1e-02, 5e+00]
Presolve removed 175 rows and 294 columns
Presolve time: 0.01s

Explored 0 nodes (0 simplex iterations) in 0.01 seconds
Thread count was 1 (of 128 available processors)

Solution count 0

Model is infeasible
Best objective -, best bound -, gap -
Discarded solution information
