
Gurobi 9.1.2 (linux64) logging started Mon May 22 16:03:14 2023

Changed value of parameter LogFile to ./logs/parking-4-2-20230522-160314.log
   Prev:   Default: 
Changed value of parameter FuncPieces to -1
   Prev: 0  Min: -2  Max: 200000000  Default: 0
Changed value of parameter FuncPieceLength to 1e-05
   Prev: 0.01  Min: 1e-05  Max: 1000000.0  Default: 0.01
Changed value of parameter FuncPieceError to 1e-06
   Prev: 0.001  Min: 1e-06  Max: 1000000.0  Default: 0.001
Changed value of parameter IntFeasTol to 1e-09
   Prev: 1e-05  Min: 1e-09  Max: 0.1  Default: 1e-05
Gurobi Optimizer version 9.1.2 build v9.1.2rc0 (linux64)
Thread count: 64 physical cores, 128 logical processors, using up to 32 threads
Optimize a model with 792 rows, 1071 columns and 2119 nonzeros
Model fingerprint: 0x81d7a1cb
Model has 584 general constraints
Variable types: 783 continuous, 288 integer (288 binary)
Coefficient statistics:
  Matrix range     [4e-02, 3e+00]
  Objective range  [0e+00, 0e+00]
  Bounds range     [1e+00, 1e+00]
  RHS range        [2e-02, 3e+00]
Presolve added 47 rows and 8 columns
Presolve time: 0.05s
Presolved: 839 rows, 1079 columns, 3324 nonzeros
Presolved model has 247 SOS constraint(s)
Variable types: 808 continuous, 271 integer (271 binary)

Root relaxation: objective 0.000000e+00, 513 iterations, 0.02 seconds

    Nodes    |    Current Node    |     Objective Bounds      |     Work
 Expl Unexpl |  Obj  Depth IntInf | Incumbent    BestBd   Gap | It/Node Time

     0     0    0.00000    0   25          -    0.00000      -     -    0s
     0     0    0.00000    0   25          -    0.00000      -     -    0s
     0     2    0.00000    0   25          -    0.00000      -     -    0s
* 7582  4202              69       0.0000000    0.00000  0.00%   4.1    1s

Explored 8917 nodes (82110 simplex iterations) in 1.45 seconds
Thread count was 32 (of 128 available processors)

Solution count 1: 0 

Optimal solution found (tolerance 1.00e-04)
Warning: max constraint violation (6.9390e-02) exceeds tolerance
Warning: max general constraint violation (6.9390e-02) exceeds tolerance
         (model may be infeasible or unbounded - try turning presolve off)
Best objective 0.000000000000e+00, best bound 0.000000000000e+00, gap 0.0000%
Discarded solution information
Parameter FuncPieces unchanged
   Value: -1  Min: -2  Max: 200000000  Default: 0
Parameter FuncPieceLength unchanged
   Value: 1e-05  Min: 1e-05  Max: 1000000.0  Default: 0.01
Parameter FuncPieceError unchanged
   Value: 1e-06  Min: 1e-06  Max: 1000000.0  Default: 0.001
Parameter IntFeasTol unchanged
   Value: 1e-09  Min: 1e-09  Max: 0.1  Default: 1e-05
Gurobi Optimizer version 9.1.2 build v9.1.2rc0 (linux64)
Thread count: 64 physical cores, 128 logical processors, using up to 32 threads
Optimize a model with 822 rows, 1287 columns and 2149 nonzeros
Model fingerprint: 0x9f382338
Model has 1016 general constraints
Variable types: 783 continuous, 504 integer (504 binary)
Coefficient statistics:
  Matrix range     [4e-02, 3e+00]
  Objective range  [0e+00, 0e+00]
  Bounds range     [1e+00, 1e+00]
  RHS range        [2e-02, 3e+00]
Presolve removed 667 rows and 958 columns
Presolve time: 0.04s
Presolved: 155 rows, 329 columns, 865 nonzeros
Presolved model has 81 SOS constraint(s)
Variable types: 268 continuous, 61 integer (61 binary)

Root relaxation: objective 0.000000e+00, 123 iterations, 0.00 seconds

    Nodes    |    Current Node    |     Objective Bounds      |     Work
 Expl Unexpl |  Obj  Depth IntInf | Incumbent    BestBd   Gap | It/Node Time

     0     0    0.00000    0    2          -    0.00000      -     -    0s
     0     0    0.00000    0    2          -    0.00000      -     -    0s
     0     0    0.00000    0    1          -    0.00000      -     -    0s
     0     0    0.00000    0    1          -    0.00000      -     -    0s
     0     2    0.00000    0    1          -    0.00000      -     -    0s

Explored 31 nodes (186 simplex iterations) in 0.10 seconds
Thread count was 32 (of 128 available processors)

Solution count 0

Model is infeasible
Best objective -, best bound -, gap -
Discarded solution information
Parameter FuncPieces unchanged
   Value: -1  Min: -2  Max: 200000000  Default: 0
Parameter FuncPieceLength unchanged
   Value: 1e-05  Min: 1e-05  Max: 1000000.0  Default: 0.01
Parameter FuncPieceError unchanged
   Value: 1e-06  Min: 1e-06  Max: 1000000.0  Default: 0.001
Parameter IntFeasTol unchanged
   Value: 1e-09  Min: 1e-09  Max: 0.1  Default: 1e-05
Gurobi Optimizer version 9.1.2 build v9.1.2rc0 (linux64)
Thread count: 64 physical cores, 128 logical processors, using up to 32 threads
Optimize a model with 822 rows, 1287 columns and 2149 nonzeros
Model fingerprint: 0xb60f5e9b
Model has 1016 general constraints
Variable types: 783 continuous, 504 integer (504 binary)
Coefficient statistics:
  Matrix range     [4e-02, 3e+00]
  Objective range  [0e+00, 0e+00]
  Bounds range     [1e+00, 1e+00]
  RHS range        [2e-02, 3e+00]
Presolve removed 667 rows and 958 columns
Presolve time: 0.04s
Presolved: 155 rows, 329 columns, 865 nonzeros
Presolved model has 81 SOS constraint(s)
Variable types: 268 continuous, 61 integer (61 binary)

Root relaxation: objective 0.000000e+00, 123 iterations, 0.00 seconds

    Nodes    |    Current Node    |     Objective Bounds      |     Work
 Expl Unexpl |  Obj  Depth IntInf | Incumbent    BestBd   Gap | It/Node Time

     0     0    0.00000    0    2          -    0.00000      -     -    0s
     0     0    0.00000    0    2          -    0.00000      -     -    0s
     0     0    0.00000    0    1          -    0.00000      -     -    0s
     0     0    0.00000    0    1          -    0.00000      -     -    0s
     0     2    0.00000    0    1          -    0.00000      -     -    0s

Explored 31 nodes (186 simplex iterations) in 0.10 seconds
Thread count was 32 (of 128 available processors)

Solution count 0

Model is infeasible
Best objective -, best bound -, gap -
Discarded solution information
Parameter FuncPieces unchanged
   Value: -1  Min: -2  Max: 200000000  Default: 0
Parameter FuncPieceLength unchanged
   Value: 1e-05  Min: 1e-05  Max: 1000000.0  Default: 0.01
Parameter FuncPieceError unchanged
   Value: 1e-06  Min: 1e-06  Max: 1000000.0  Default: 0.001
Parameter IntFeasTol unchanged
   Value: 1e-09  Min: 1e-09  Max: 0.1  Default: 1e-05
Gurobi Optimizer version 9.1.2 build v9.1.2rc0 (linux64)
Thread count: 64 physical cores, 128 logical processors, using up to 32 threads
Optimize a model with 821 rows, 1287 columns and 2148 nonzeros
Model fingerprint: 0x85714aa6
Model has 1016 general constraints
Variable types: 783 continuous, 504 integer (504 binary)
Coefficient statistics:
  Matrix range     [4e-02, 3e+00]
  Objective range  [0e+00, 0e+00]
  Bounds range     [1e+00, 1e+00]
  RHS range        [2e-02, 3e+00]
Presolve removed 575 rows and 702 columns
Presolve time: 0.02s

Explored 0 nodes (0 simplex iterations) in 0.02 seconds
Thread count was 1 (of 128 available processors)

Solution count 0

Model is infeasible
Best objective -, best bound -, gap -
Discarded solution information
Parameter FuncPieces unchanged
   Value: -1  Min: -2  Max: 200000000  Default: 0
Parameter FuncPieceLength unchanged
   Value: 1e-05  Min: 1e-05  Max: 1000000.0  Default: 0.01
Parameter FuncPieceError unchanged
   Value: 1e-06  Min: 1e-06  Max: 1000000.0  Default: 0.001
Parameter IntFeasTol unchanged
   Value: 1e-09  Min: 1e-09  Max: 0.1  Default: 1e-05
Gurobi Optimizer version 9.1.2 build v9.1.2rc0 (linux64)
Thread count: 64 physical cores, 128 logical processors, using up to 32 threads
Optimize a model with 820 rows, 1287 columns and 2147 nonzeros
Model fingerprint: 0x7ad75523
Model has 1016 general constraints
Variable types: 783 continuous, 504 integer (504 binary)
Coefficient statistics:
  Matrix range     [4e-02, 3e+00]
  Objective range  [0e+00, 0e+00]
  Bounds range     [1e+00, 1e+00]
  RHS range        [2e-02, 3e+00]
Presolve removed 665 rows and 958 columns
Presolve time: 0.04s
Presolved: 155 rows, 329 columns, 865 nonzeros
Presolved model has 81 SOS constraint(s)
Variable types: 268 continuous, 61 integer (61 binary)

Root relaxation: objective 0.000000e+00, 123 iterations, 0.00 seconds

    Nodes    |    Current Node    |     Objective Bounds      |     Work
 Expl Unexpl |  Obj  Depth IntInf | Incumbent    BestBd   Gap | It/Node Time

     0     0    0.00000    0    2          -    0.00000      -     -    0s
     0     0    0.00000    0    2          -    0.00000      -     -    0s
     0     0    0.00000    0    1          -    0.00000      -     -    0s
     0     0    0.00000    0    1          -    0.00000      -     -    0s
     0     2    0.00000    0    1          -    0.00000      -     -    0s

Explored 31 nodes (186 simplex iterations) in 0.10 seconds
Thread count was 32 (of 128 available processors)

Solution count 0

Model is infeasible
Best objective -, best bound -, gap -
Discarded solution information
Parameter FuncPieces unchanged
   Value: -1  Min: -2  Max: 200000000  Default: 0
Parameter FuncPieceLength unchanged
   Value: 1e-05  Min: 1e-05  Max: 1000000.0  Default: 0.01
Parameter FuncPieceError unchanged
   Value: 1e-06  Min: 1e-06  Max: 1000000.0  Default: 0.001
Parameter IntFeasTol unchanged
   Value: 1e-09  Min: 1e-09  Max: 0.1  Default: 1e-05
Gurobi Optimizer version 9.1.2 build v9.1.2rc0 (linux64)
Thread count: 64 physical cores, 128 logical processors, using up to 32 threads
Optimize a model with 819 rows, 1287 columns and 2146 nonzeros
Model fingerprint: 0xdede5b3f
Model has 1016 general constraints
Variable types: 783 continuous, 504 integer (504 binary)
Coefficient statistics:
  Matrix range     [4e-02, 3e+00]
  Objective range  [0e+00, 0e+00]
  Bounds range     [1e+00, 1e+00]
  RHS range        [2e-02, 3e+00]
Presolve removed 664 rows and 958 columns
Presolve time: 0.04s
Presolved: 155 rows, 329 columns, 865 nonzeros
Presolved model has 81 SOS constraint(s)
Variable types: 268 continuous, 61 integer (61 binary)

Root relaxation: objective 0.000000e+00, 123 iterations, 0.00 seconds

    Nodes    |    Current Node    |     Objective Bounds      |     Work
 Expl Unexpl |  Obj  Depth IntInf | Incumbent    BestBd   Gap | It/Node Time

     0     0    0.00000    0    2          -    0.00000      -     -    0s
     0     0    0.00000    0    2          -    0.00000      -     -    0s
     0     0    0.00000    0    1          -    0.00000      -     -    0s
     0     0    0.00000    0    1          -    0.00000      -     -    0s
     0     2    0.00000    0    1          -    0.00000      -     -    0s

Explored 31 nodes (186 simplex iterations) in 0.11 seconds
Thread count was 32 (of 128 available processors)

Solution count 0

Model is infeasible
Best objective -, best bound -, gap -
Discarded solution information
Parameter FuncPieces unchanged
   Value: -1  Min: -2  Max: 200000000  Default: 0
Parameter FuncPieceLength unchanged
   Value: 1e-05  Min: 1e-05  Max: 1000000.0  Default: 0.01
Parameter FuncPieceError unchanged
   Value: 1e-06  Min: 1e-06  Max: 1000000.0  Default: 0.001
Parameter IntFeasTol unchanged
   Value: 1e-09  Min: 1e-09  Max: 0.1  Default: 1e-05
Gurobi Optimizer version 9.1.2 build v9.1.2rc0 (linux64)
Thread count: 64 physical cores, 128 logical processors, using up to 32 threads
Optimize a model with 820 rows, 1287 columns and 2147 nonzeros
Model fingerprint: 0x4ccd8c75
Model has 1016 general constraints
Variable types: 783 continuous, 504 integer (504 binary)
Coefficient statistics:
  Matrix range     [4e-02, 3e+00]
  Objective range  [0e+00, 0e+00]
  Bounds range     [1e+00, 1e+00]
  RHS range        [2e-02, 3e+00]
Presolve removed 574 rows and 702 columns
Presolve time: 0.02s

Explored 0 nodes (0 simplex iterations) in 0.02 seconds
Thread count was 1 (of 128 available processors)

Solution count 0

Model is infeasible
Best objective -, best bound -, gap -
Discarded solution information
Parameter FuncPieces unchanged
   Value: -1  Min: -2  Max: 200000000  Default: 0
Parameter FuncPieceLength unchanged
   Value: 1e-05  Min: 1e-05  Max: 1000000.0  Default: 0.01
Parameter FuncPieceError unchanged
   Value: 1e-06  Min: 1e-06  Max: 1000000.0  Default: 0.001
Parameter IntFeasTol unchanged
   Value: 1e-09  Min: 1e-09  Max: 0.1  Default: 1e-05
Gurobi Optimizer version 9.1.2 build v9.1.2rc0 (linux64)
Thread count: 64 physical cores, 128 logical processors, using up to 32 threads
Optimize a model with 818 rows, 1287 columns and 2145 nonzeros
Model fingerprint: 0xf5137d23
Model has 1016 general constraints
Variable types: 783 continuous, 504 integer (504 binary)
Coefficient statistics:
  Matrix range     [4e-02, 3e+00]
  Objective range  [0e+00, 0e+00]
  Bounds range     [1e+00, 1e+00]
  RHS range        [2e-02, 3e+00]
Presolve removed 663 rows and 958 columns
Presolve time: 0.04s
Presolved: 155 rows, 329 columns, 865 nonzeros
Presolved model has 81 SOS constraint(s)
Variable types: 268 continuous, 61 integer (61 binary)

Root relaxation: objective 0.000000e+00, 123 iterations, 0.00 seconds

    Nodes    |    Current Node    |     Objective Bounds      |     Work
 Expl Unexpl |  Obj  Depth IntInf | Incumbent    BestBd   Gap | It/Node Time

     0     0    0.00000    0    2          -    0.00000      -     -    0s
     0     0    0.00000    0    2          -    0.00000      -     -    0s
     0     0    0.00000    0    1          -    0.00000      -     -    0s
     0     0    0.00000    0    1          -    0.00000      -     -    0s
     0     2    0.00000    0    1          -    0.00000      -     -    0s

Explored 31 nodes (186 simplex iterations) in 0.10 seconds
Thread count was 32 (of 128 available processors)

Solution count 0

Model is infeasible
Best objective -, best bound -, gap -
Discarded solution information
Parameter FuncPieces unchanged
   Value: -1  Min: -2  Max: 200000000  Default: 0
Parameter FuncPieceLength unchanged
   Value: 1e-05  Min: 1e-05  Max: 1000000.0  Default: 0.01
Parameter FuncPieceError unchanged
   Value: 1e-06  Min: 1e-06  Max: 1000000.0  Default: 0.001
Parameter IntFeasTol unchanged
   Value: 1e-09  Min: 1e-09  Max: 0.1  Default: 1e-05
Gurobi Optimizer version 9.1.2 build v9.1.2rc0 (linux64)
Thread count: 64 physical cores, 128 logical processors, using up to 32 threads
Optimize a model with 819 rows, 1287 columns and 2146 nonzeros
Model fingerprint: 0x1d526ca4
Model has 1016 general constraints
Variable types: 783 continuous, 504 integer (504 binary)
Coefficient statistics:
  Matrix range     [4e-02, 3e+00]
  Objective range  [0e+00, 0e+00]
  Bounds range     [1e+00, 1e+00]
  RHS range        [2e-02, 3e+00]
Presolve removed 573 rows and 702 columns
Presolve time: 0.02s

Explored 0 nodes (0 simplex iterations) in 0.02 seconds
Thread count was 1 (of 128 available processors)

Solution count 0

Model is infeasible
Best objective -, best bound -, gap -
Discarded solution information
Parameter FuncPieces unchanged
   Value: -1  Min: -2  Max: 200000000  Default: 0
Parameter FuncPieceLength unchanged
   Value: 1e-05  Min: 1e-05  Max: 1000000.0  Default: 0.01
Parameter FuncPieceError unchanged
   Value: 1e-06  Min: 1e-06  Max: 1000000.0  Default: 0.001
Parameter IntFeasTol unchanged
   Value: 1e-09  Min: 1e-09  Max: 0.1  Default: 1e-05
Gurobi Optimizer version 9.1.2 build v9.1.2rc0 (linux64)
Thread count: 64 physical cores, 128 logical processors, using up to 32 threads
Optimize a model with 817 rows, 1287 columns and 2144 nonzeros
Model fingerprint: 0xc316e2c8
Model has 1016 general constraints
Variable types: 783 continuous, 504 integer (504 binary)
Coefficient statistics:
  Matrix range     [4e-02, 3e+00]
  Objective range  [0e+00, 0e+00]
  Bounds range     [1e+00, 1e+00]
  RHS range        [2e-02, 3e+00]
Presolve removed 662 rows and 958 columns
Presolve time: 0.03s
Presolved: 155 rows, 329 columns, 865 nonzeros
Presolved model has 81 SOS constraint(s)
Variable types: 268 continuous, 61 integer (61 binary)

Root relaxation: objective 0.000000e+00, 123 iterations, 0.00 seconds

    Nodes    |    Current Node    |     Objective Bounds      |     Work
 Expl Unexpl |  Obj  Depth IntInf | Incumbent    BestBd   Gap | It/Node Time

     0     0    0.00000    0    2          -    0.00000      -     -    0s
     0     0    0.00000    0    2          -    0.00000      -     -    0s
     0     0    0.00000    0    1          -    0.00000      -     -    0s
     0     0    0.00000    0    1          -    0.00000      -     -    0s
     0     2    0.00000    0    1          -    0.00000      -     -    0s

Explored 31 nodes (186 simplex iterations) in 0.07 seconds
Thread count was 32 (of 128 available processors)

Solution count 0

Model is infeasible
Best objective -, best bound -, gap -
Discarded solution information
Parameter FuncPieces unchanged
   Value: -1  Min: -2  Max: 200000000  Default: 0
Parameter FuncPieceLength unchanged
   Value: 1e-05  Min: 1e-05  Max: 1000000.0  Default: 0.01
Parameter FuncPieceError unchanged
   Value: 1e-06  Min: 1e-06  Max: 1000000.0  Default: 0.001
Parameter IntFeasTol unchanged
   Value: 1e-09  Min: 1e-09  Max: 0.1  Default: 1e-05
Gurobi Optimizer version 9.1.2 build v9.1.2rc0 (linux64)
Thread count: 64 physical cores, 128 logical processors, using up to 32 threads
Optimize a model with 818 rows, 1287 columns and 2145 nonzeros
Model fingerprint: 0xb8ff7307
Model has 1016 general constraints
Variable types: 783 continuous, 504 integer (504 binary)
Coefficient statistics:
  Matrix range     [4e-02, 3e+00]
  Objective range  [0e+00, 0e+00]
  Bounds range     [1e+00, 1e+00]
  RHS range        [2e-02, 3e+00]
Presolve removed 572 rows and 702 columns
Presolve time: 0.02s

Explored 0 nodes (0 simplex iterations) in 0.02 seconds
Thread count was 1 (of 128 available processors)

Solution count 0

Model is infeasible
Best objective -, best bound -, gap -
Discarded solution information
Parameter FuncPieces unchanged
   Value: -1  Min: -2  Max: 200000000  Default: 0
Parameter FuncPieceLength unchanged
   Value: 1e-05  Min: 1e-05  Max: 1000000.0  Default: 0.01
Parameter FuncPieceError unchanged
   Value: 1e-06  Min: 1e-06  Max: 1000000.0  Default: 0.001
Parameter IntFeasTol unchanged
   Value: 1e-09  Min: 1e-09  Max: 0.1  Default: 1e-05
Gurobi Optimizer version 9.1.2 build v9.1.2rc0 (linux64)
Thread count: 64 physical cores, 128 logical processors, using up to 32 threads
Optimize a model with 816 rows, 1287 columns and 2143 nonzeros
Model fingerprint: 0x3e493eeb
Model has 1016 general constraints
Variable types: 783 continuous, 504 integer (504 binary)
Coefficient statistics:
  Matrix range     [4e-02, 3e+00]
  Objective range  [0e+00, 0e+00]
  Bounds range     [1e+00, 1e+00]
  RHS range        [2e-02, 3e+00]
Presolve removed 661 rows and 958 columns
Presolve time: 0.03s
Presolved: 155 rows, 329 columns, 865 nonzeros
Presolved model has 81 SOS constraint(s)
Variable types: 268 continuous, 61 integer (61 binary)

Root relaxation: objective 0.000000e+00, 123 iterations, 0.00 seconds

    Nodes    |    Current Node    |     Objective Bounds      |     Work
 Expl Unexpl |  Obj  Depth IntInf | Incumbent    BestBd   Gap | It/Node Time

     0     0    0.00000    0    2          -    0.00000      -     -    0s
     0     0    0.00000    0    2          -    0.00000      -     -    0s
     0     0    0.00000    0    1          -    0.00000      -     -    0s
     0     0    0.00000    0    1          -    0.00000      -     -    0s
     0     2    0.00000    0    1          -    0.00000      -     -    0s

Explored 31 nodes (186 simplex iterations) in 0.10 seconds
Thread count was 32 (of 128 available processors)

Solution count 0

Model is infeasible
Best objective -, best bound -, gap -
Discarded solution information
Parameter FuncPieces unchanged
   Value: -1  Min: -2  Max: 200000000  Default: 0
Parameter FuncPieceLength unchanged
   Value: 1e-05  Min: 1e-05  Max: 1000000.0  Default: 0.01
Parameter FuncPieceError unchanged
   Value: 1e-06  Min: 1e-06  Max: 1000000.0  Default: 0.001
Parameter IntFeasTol unchanged
   Value: 1e-09  Min: 1e-09  Max: 0.1  Default: 1e-05
Gurobi Optimizer version 9.1.2 build v9.1.2rc0 (linux64)
Thread count: 64 physical cores, 128 logical processors, using up to 32 threads
Optimize a model with 817 rows, 1287 columns and 2144 nonzeros
Model fingerprint: 0x7ddef6a9
Model has 1016 general constraints
Variable types: 783 continuous, 504 integer (504 binary)
Coefficient statistics:
  Matrix range     [4e-02, 3e+00]
  Objective range  [0e+00, 0e+00]
  Bounds range     [1e+00, 1e+00]
  RHS range        [2e-02, 3e+00]
Presolve removed 571 rows and 702 columns
Presolve time: 0.02s

Explored 0 nodes (0 simplex iterations) in 0.02 seconds
Thread count was 1 (of 128 available processors)

Solution count 0

Model is infeasible
Best objective -, best bound -, gap -
Discarded solution information
Parameter FuncPieces unchanged
   Value: -1  Min: -2  Max: 200000000  Default: 0
Parameter FuncPieceLength unchanged
   Value: 1e-05  Min: 1e-05  Max: 1000000.0  Default: 0.01
Parameter FuncPieceError unchanged
   Value: 1e-06  Min: 1e-06  Max: 1000000.0  Default: 0.001
Parameter IntFeasTol unchanged
   Value: 1e-09  Min: 1e-09  Max: 0.1  Default: 1e-05
Gurobi Optimizer version 9.1.2 build v9.1.2rc0 (linux64)
Thread count: 64 physical cores, 128 logical processors, using up to 32 threads
Optimize a model with 815 rows, 1287 columns and 2142 nonzeros
Model fingerprint: 0xb22f35be
Model has 1016 general constraints
Variable types: 783 continuous, 504 integer (504 binary)
Coefficient statistics:
  Matrix range     [4e-02, 3e+00]
  Objective range  [0e+00, 0e+00]
  Bounds range     [1e+00, 1e+00]
  RHS range        [2e-02, 3e+00]
Presolve removed 651 rows and 969 columns
Presolve time: 0.03s
Presolved: 164 rows, 318 columns, 826 nonzeros
Presolved model has 88 SOS constraint(s)
Variable types: 248 continuous, 70 integer (70 binary)

Root relaxation: objective 0.000000e+00, 117 iterations, 0.00 seconds

    Nodes    |    Current Node    |     Objective Bounds      |     Work
 Expl Unexpl |  Obj  Depth IntInf | Incumbent    BestBd   Gap | It/Node Time

     0     0    0.00000    0    3          -    0.00000      -     -    0s
     0     0    0.00000    0    3          -    0.00000      -     -    0s
H    0     0                       0.0000000    0.00000  0.00%     -    0s
     0     0    0.00000    0    3    0.00000    0.00000  0.00%     -    0s

Explored 1 nodes (117 simplex iterations) in 0.04 seconds
Thread count was 32 (of 128 available processors)

Solution count 1: 0 

Optimal solution found (tolerance 1.00e-04)
Warning: max constraint violation (6.8225e-02) exceeds tolerance
Warning: max general constraint violation (6.8225e-02) exceeds tolerance
         (model may be infeasible or unbounded - try turning presolve off)
Best objective 0.000000000000e+00, best bound 0.000000000000e+00, gap 0.0000%
Discarded solution information
Parameter FuncPieces unchanged
   Value: -1  Min: -2  Max: 200000000  Default: 0
Parameter FuncPieceLength unchanged
   Value: 1e-05  Min: 1e-05  Max: 1000000.0  Default: 0.01
Parameter FuncPieceError unchanged
   Value: 1e-06  Min: 1e-06  Max: 1000000.0  Default: 0.001
Parameter IntFeasTol unchanged
   Value: 1e-09  Min: 1e-09  Max: 0.1  Default: 1e-05
Gurobi Optimizer version 9.1.2 build v9.1.2rc0 (linux64)
Thread count: 64 physical cores, 128 logical processors, using up to 32 threads
Optimize a model with 815 rows, 1287 columns and 2142 nonzeros
Model fingerprint: 0x2d183590
Model has 1016 general constraints
Variable types: 783 continuous, 504 integer (504 binary)
Coefficient statistics:
  Matrix range     [4e-02, 3e+00]
  Objective range  [0e+00, 0e+00]
  Bounds range     [1e+00, 1e+00]
  RHS range        [2e-02, 3e+00]
Presolve removed 583 rows and 972 columns
Presolve time: 0.03s
Presolved: 232 rows, 315 columns, 938 nonzeros
Presolved model has 56 SOS constraint(s)
Variable types: 172 continuous, 143 integer (143 binary)

Root relaxation: objective 0.000000e+00, 132 iterations, 0.00 seconds

    Nodes    |    Current Node    |     Objective Bounds      |     Work
 Expl Unexpl |  Obj  Depth IntInf | Incumbent    BestBd   Gap | It/Node Time

     0     0    0.00000    0    1          -    0.00000      -     -    0s
     0     0    0.00000    0    1          -    0.00000      -     -    0s
     0     0    0.00000    0    2          -    0.00000      -     -    0s
     0     0    0.00000    0    7          -    0.00000      -     -    0s
     0     0    0.00000    0    5          -    0.00000      -     -    0s
     0     0    0.00000    0    5          -    0.00000      -     -    0s
     0     2    0.00000    0    5          -    0.00000      -     -    0s

Cutting planes:
  MIR: 1

Explored 33 nodes (222 simplex iterations) in 0.09 seconds
Thread count was 32 (of 128 available processors)

Solution count 0

Model is infeasible
Best objective -, best bound -, gap -
Discarded solution information
Parameter FuncPieces unchanged
   Value: -1  Min: -2  Max: 200000000  Default: 0
Parameter FuncPieceLength unchanged
   Value: 1e-05  Min: 1e-05  Max: 1000000.0  Default: 0.01
Parameter FuncPieceError unchanged
   Value: 1e-06  Min: 1e-06  Max: 1000000.0  Default: 0.001
Parameter IntFeasTol unchanged
   Value: 1e-09  Min: 1e-09  Max: 0.1  Default: 1e-05
Gurobi Optimizer version 9.1.2 build v9.1.2rc0 (linux64)
Thread count: 64 physical cores, 128 logical processors, using up to 32 threads
Optimize a model with 816 rows, 1287 columns and 2143 nonzeros
Model fingerprint: 0xfdfcb914
Model has 1016 general constraints
Variable types: 783 continuous, 504 integer (504 binary)
Coefficient statistics:
  Matrix range     [4e-02, 3e+00]
  Objective range  [0e+00, 0e+00]
  Bounds range     [1e+00, 1e+00]
  RHS range        [2e-02, 3e+00]
Presolve added 0 rows and 69 columns
Presolve removed 66 rows and 0 columns
Presolve time: 0.02s

Explored 0 nodes (0 simplex iterations) in 0.02 seconds
Thread count was 1 (of 128 available processors)

Solution count 0

Model is infeasible
Best objective -, best bound -, gap -
Discarded solution information
Parameter FuncPieces unchanged
   Value: -1  Min: -2  Max: 200000000  Default: 0
Parameter FuncPieceLength unchanged
   Value: 1e-05  Min: 1e-05  Max: 1000000.0  Default: 0.01
Parameter FuncPieceError unchanged
   Value: 1e-06  Min: 1e-06  Max: 1000000.0  Default: 0.001
Parameter IntFeasTol unchanged
   Value: 1e-09  Min: 1e-09  Max: 0.1  Default: 1e-05
Gurobi Optimizer version 9.1.2 build v9.1.2rc0 (linux64)
Thread count: 64 physical cores, 128 logical processors, using up to 32 threads
Optimize a model with 814 rows, 1287 columns and 2141 nonzeros
Model fingerprint: 0x5769244f
Model has 1016 general constraints
Variable types: 783 continuous, 504 integer (504 binary)
Coefficient statistics:
  Matrix range     [4e-02, 3e+00]
  Objective range  [0e+00, 0e+00]
  Bounds range     [1e+00, 1e+00]
  RHS range        [2e-02, 3e+00]
Presolve removed 582 rows and 972 columns
Presolve time: 0.03s
Presolved: 232 rows, 315 columns, 938 nonzeros
Presolved model has 56 SOS constraint(s)
Variable types: 172 continuous, 143 integer (143 binary)

Root relaxation: objective 0.000000e+00, 132 iterations, 0.00 seconds

    Nodes    |    Current Node    |     Objective Bounds      |     Work
 Expl Unexpl |  Obj  Depth IntInf | Incumbent    BestBd   Gap | It/Node Time

     0     0    0.00000    0    1          -    0.00000      -     -    0s
     0     0    0.00000    0    1          -    0.00000      -     -    0s
     0     0    0.00000    0    2          -    0.00000      -     -    0s
     0     0    0.00000    0    7          -    0.00000      -     -    0s
     0     0    0.00000    0    5          -    0.00000      -     -    0s
     0     0    0.00000    0    5          -    0.00000      -     -    0s
     0     2    0.00000    0    5          -    0.00000      -     -    0s

Cutting planes:
  MIR: 1

Explored 33 nodes (222 simplex iterations) in 0.08 seconds
Thread count was 32 (of 128 available processors)

Solution count 0

Model is infeasible
Best objective -, best bound -, gap -
Discarded solution information
Parameter FuncPieces unchanged
   Value: -1  Min: -2  Max: 200000000  Default: 0
Parameter FuncPieceLength unchanged
   Value: 1e-05  Min: 1e-05  Max: 1000000.0  Default: 0.01
Parameter FuncPieceError unchanged
   Value: 1e-06  Min: 1e-06  Max: 1000000.0  Default: 0.001
Parameter IntFeasTol unchanged
   Value: 1e-09  Min: 1e-09  Max: 0.1  Default: 1e-05
Gurobi Optimizer version 9.1.2 build v9.1.2rc0 (linux64)
Thread count: 64 physical cores, 128 logical processors, using up to 32 threads
Optimize a model with 815 rows, 1287 columns and 2142 nonzeros
Model fingerprint: 0x9f212fbf
Model has 1016 general constraints
Variable types: 783 continuous, 504 integer (504 binary)
Coefficient statistics:
  Matrix range     [4e-02, 3e+00]
  Objective range  [0e+00, 0e+00]
  Bounds range     [1e+00, 1e+00]
  RHS range        [2e-02, 3e+00]
Presolve added 0 rows and 69 columns
Presolve removed 65 rows and 0 columns
Presolve time: 0.02s

Explored 0 nodes (0 simplex iterations) in 0.02 seconds
Thread count was 1 (of 128 available processors)

Solution count 0

Model is infeasible
Best objective -, best bound -, gap -
Discarded solution information
Parameter FuncPieces unchanged
   Value: -1  Min: -2  Max: 200000000  Default: 0
Parameter FuncPieceLength unchanged
   Value: 1e-05  Min: 1e-05  Max: 1000000.0  Default: 0.01
Parameter FuncPieceError unchanged
   Value: 1e-06  Min: 1e-06  Max: 1000000.0  Default: 0.001
Parameter IntFeasTol unchanged
   Value: 1e-09  Min: 1e-09  Max: 0.1  Default: 1e-05
Gurobi Optimizer version 9.1.2 build v9.1.2rc0 (linux64)
Thread count: 64 physical cores, 128 logical processors, using up to 32 threads
Optimize a model with 813 rows, 1287 columns and 2140 nonzeros
Model fingerprint: 0x177f803b
Model has 1016 general constraints
Variable types: 783 continuous, 504 integer (504 binary)
Coefficient statistics:
  Matrix range     [4e-02, 3e+00]
  Objective range  [0e+00, 0e+00]
  Bounds range     [1e+00, 1e+00]
  RHS range        [2e-02, 3e+00]
Presolve removed 576 rows and 967 columns
Presolve time: 0.03s
Presolved: 237 rows, 320 columns, 953 nonzeros
Presolved model has 58 SOS constraint(s)
Variable types: 174 continuous, 146 integer (146 binary)

Root relaxation: objective 0.000000e+00, 156 iterations, 0.00 seconds

    Nodes    |    Current Node    |     Objective Bounds      |     Work
 Expl Unexpl |  Obj  Depth IntInf | Incumbent    BestBd   Gap | It/Node Time

     0     0    0.00000    0    1          -    0.00000      -     -    0s
     0     0    0.00000    0    1          -    0.00000      -     -    0s
     0     0    0.00000    0    2          -    0.00000      -     -    0s
     0     0    0.00000    0    9          -    0.00000      -     -    0s
     0     0    0.00000    0    7          -    0.00000      -     -    0s
     0     0    0.00000    0    7          -    0.00000      -     -    0s
     0     2    0.00000    0    7          -    0.00000      -     -    0s

Cutting planes:
  Gomory: 1

Explored 83 nodes (303 simplex iterations) in 0.16 seconds
Thread count was 32 (of 128 available processors)

Solution count 0

Model is infeasible
Best objective -, best bound -, gap -
Discarded solution information
Parameter FuncPieces unchanged
   Value: -1  Min: -2  Max: 200000000  Default: 0
Parameter FuncPieceLength unchanged
   Value: 1e-05  Min: 1e-05  Max: 1000000.0  Default: 0.01
Parameter FuncPieceError unchanged
   Value: 1e-06  Min: 1e-06  Max: 1000000.0  Default: 0.001
Parameter IntFeasTol unchanged
   Value: 1e-09  Min: 1e-09  Max: 0.1  Default: 1e-05
Gurobi Optimizer version 9.1.2 build v9.1.2rc0 (linux64)
Thread count: 64 physical cores, 128 logical processors, using up to 32 threads
Optimize a model with 814 rows, 1287 columns and 2141 nonzeros
Model fingerprint: 0x8765ddd4
Model has 1016 general constraints
Variable types: 783 continuous, 504 integer (504 binary)
Coefficient statistics:
  Matrix range     [4e-02, 3e+00]
  Objective range  [0e+00, 0e+00]
  Bounds range     [1e+00, 1e+00]
  RHS range        [2e-02, 3e+00]
Presolve removed 727 rows and 1085 columns
Presolve time: 0.03s
Presolved: 87 rows, 202 columns, 517 nonzeros
Presolved model has 43 SOS constraint(s)
Variable types: 173 continuous, 29 integer (29 binary)

Root relaxation: objective 0.000000e+00, 41 iterations, 0.00 seconds

    Nodes    |    Current Node    |     Objective Bounds      |     Work
 Expl Unexpl |  Obj  Depth IntInf | Incumbent    BestBd   Gap | It/Node Time

*    0     0               0       0.0000000    0.00000  0.00%     -    0s

Explored 0 nodes (47 simplex iterations) in 0.03 seconds
Thread count was 32 (of 128 available processors)

Solution count 1: 0 

Optimal solution found (tolerance 1.00e-04)
Warning: max constraint violation (5.9098e-02) exceeds tolerance
Warning: max general constraint violation (5.9098e-02) exceeds tolerance
         (model may be infeasible or unbounded - try turning presolve off)
Best objective 0.000000000000e+00, best bound 0.000000000000e+00, gap 0.0000%
Discarded solution information
Parameter FuncPieces unchanged
   Value: -1  Min: -2  Max: 200000000  Default: 0
Parameter FuncPieceLength unchanged
   Value: 1e-05  Min: 1e-05  Max: 1000000.0  Default: 0.01
Parameter FuncPieceError unchanged
   Value: 1e-06  Min: 1e-06  Max: 1000000.0  Default: 0.001
Parameter IntFeasTol unchanged
   Value: 1e-09  Min: 1e-09  Max: 0.1  Default: 1e-05
Gurobi Optimizer version 9.1.2 build v9.1.2rc0 (linux64)
Thread count: 64 physical cores, 128 logical processors, using up to 32 threads
Optimize a model with 813 rows, 1287 columns and 2140 nonzeros
Model fingerprint: 0x7e2a08cd
Model has 1016 general constraints
Variable types: 783 continuous, 504 integer (504 binary)
Coefficient statistics:
  Matrix range     [4e-02, 3e+00]
  Objective range  [0e+00, 0e+00]
  Bounds range     [1e+00, 1e+00]
  RHS range        [2e-02, 3e+00]
Presolve removed 581 rows and 972 columns
Presolve time: 0.04s
Presolved: 232 rows, 315 columns, 938 nonzeros
Presolved model has 56 SOS constraint(s)
Variable types: 172 continuous, 143 integer (143 binary)

Root relaxation: objective 0.000000e+00, 132 iterations, 0.00 seconds

    Nodes    |    Current Node    |     Objective Bounds      |     Work
 Expl Unexpl |  Obj  Depth IntInf | Incumbent    BestBd   Gap | It/Node Time

     0     0    0.00000    0    1          -    0.00000      -     -    0s
     0     0    0.00000    0    1          -    0.00000      -     -    0s
     0     0    0.00000    0    2          -    0.00000      -     -    0s
     0     0    0.00000    0    7          -    0.00000      -     -    0s
     0     0    0.00000    0    5          -    0.00000      -     -    0s
     0     0    0.00000    0    5          -    0.00000      -     -    0s
     0     2    0.00000    0    5          -    0.00000      -     -    0s

Cutting planes:
  MIR: 1

Explored 33 nodes (222 simplex iterations) in 0.09 seconds
Thread count was 32 (of 128 available processors)

Solution count 0

Model is infeasible
Best objective -, best bound -, gap -
Discarded solution information
Parameter FuncPieces unchanged
   Value: -1  Min: -2  Max: 200000000  Default: 0
Parameter FuncPieceLength unchanged
   Value: 1e-05  Min: 1e-05  Max: 1000000.0  Default: 0.01
Parameter FuncPieceError unchanged
   Value: 1e-06  Min: 1e-06  Max: 1000000.0  Default: 0.001
Parameter IntFeasTol unchanged
   Value: 1e-09  Min: 1e-09  Max: 0.1  Default: 1e-05
Gurobi Optimizer version 9.1.2 build v9.1.2rc0 (linux64)
Thread count: 64 physical cores, 128 logical processors, using up to 32 threads
Optimize a model with 814 rows, 1287 columns and 2141 nonzeros
Model fingerprint: 0x4be35aed
Model has 1016 general constraints
Variable types: 783 continuous, 504 integer (504 binary)
Coefficient statistics:
  Matrix range     [4e-02, 3e+00]
  Objective range  [0e+00, 0e+00]
  Bounds range     [1e+00, 1e+00]
  RHS range        [2e-02, 3e+00]
Presolve added 0 rows and 69 columns
Presolve removed 64 rows and 0 columns
Presolve time: 0.02s

Explored 0 nodes (0 simplex iterations) in 0.02 seconds
Thread count was 1 (of 128 available processors)

Solution count 0

Model is infeasible
Best objective -, best bound -, gap -
Discarded solution information
Parameter FuncPieces unchanged
   Value: -1  Min: -2  Max: 200000000  Default: 0
Parameter FuncPieceLength unchanged
   Value: 1e-05  Min: 1e-05  Max: 1000000.0  Default: 0.01
Parameter FuncPieceError unchanged
   Value: 1e-06  Min: 1e-06  Max: 1000000.0  Default: 0.001
Parameter IntFeasTol unchanged
   Value: 1e-09  Min: 1e-09  Max: 0.1  Default: 1e-05
Gurobi Optimizer version 9.1.2 build v9.1.2rc0 (linux64)
Thread count: 64 physical cores, 128 logical processors, using up to 32 threads
Optimize a model with 812 rows, 1287 columns and 2139 nonzeros
Model fingerprint: 0x524105a8
Model has 1016 general constraints
Variable types: 783 continuous, 504 integer (504 binary)
Coefficient statistics:
  Matrix range     [4e-02, 3e+00]
  Objective range  [0e+00, 0e+00]
  Bounds range     [1e+00, 1e+00]
  RHS range        [2e-02, 3e+00]
Presolve removed 579 rows and 935 columns
Presolve time: 0.03s
Presolved: 233 rows, 352 columns, 904 nonzeros
Presolved model has 114 SOS constraint(s)
Variable types: 251 continuous, 101 integer (99 binary)

Root relaxation: objective 0.000000e+00, 112 iterations, 0.00 seconds

    Nodes    |    Current Node    |     Objective Bounds      |     Work
 Expl Unexpl |  Obj  Depth IntInf | Incumbent    BestBd   Gap | It/Node Time

     0     0    0.00000    0    6          -    0.00000      -     -    0s
     0     0    0.00000    0    6          -    0.00000      -     -    0s
H    0     0                       0.0000000    0.00000  0.00%     -    0s
     0     0    0.00000    0    6    0.00000    0.00000  0.00%     -    0s

Explored 1 nodes (126 simplex iterations) in 0.04 seconds
Thread count was 32 (of 128 available processors)

Solution count 1: 0 

Optimal solution found (tolerance 1.00e-04)
Warning: max constraint violation (6.3720e-02) exceeds tolerance
Warning: max general constraint violation (6.3720e-02) exceeds tolerance
         (model may be infeasible or unbounded - try turning presolve off)
Best objective 0.000000000000e+00, best bound 0.000000000000e+00, gap 0.0000%
Discarded solution information
Parameter FuncPieces unchanged
   Value: -1  Min: -2  Max: 200000000  Default: 0
Parameter FuncPieceLength unchanged
   Value: 1e-05  Min: 1e-05  Max: 1000000.0  Default: 0.01
Parameter FuncPieceError unchanged
   Value: 1e-06  Min: 1e-06  Max: 1000000.0  Default: 0.001
Parameter IntFeasTol unchanged
   Value: 1e-09  Min: 1e-09  Max: 0.1  Default: 1e-05
Gurobi Optimizer version 9.1.2 build v9.1.2rc0 (linux64)
Thread count: 64 physical cores, 128 logical processors, using up to 32 threads
Optimize a model with 812 rows, 1287 columns and 2139 nonzeros
Model fingerprint: 0xbac99ec4
Model has 1016 general constraints
Variable types: 783 continuous, 504 integer (504 binary)
Coefficient statistics:
  Matrix range     [4e-02, 3e+00]
  Objective range  [0e+00, 0e+00]
  Bounds range     [1e+00, 1e+00]
  RHS range        [2e-02, 3e+00]
Presolve removed 580 rows and 972 columns
Presolve time: 0.03s
Presolved: 232 rows, 315 columns, 938 nonzeros
Presolved model has 56 SOS constraint(s)
Variable types: 172 continuous, 143 integer (143 binary)

Root relaxation: objective 0.000000e+00, 132 iterations, 0.00 seconds

    Nodes    |    Current Node    |     Objective Bounds      |     Work
 Expl Unexpl |  Obj  Depth IntInf | Incumbent    BestBd   Gap | It/Node Time

     0     0    0.00000    0    1          -    0.00000      -     -    0s
     0     0    0.00000    0    1          -    0.00000      -     -    0s
     0     0    0.00000    0    2          -    0.00000      -     -    0s
     0     0    0.00000    0    7          -    0.00000      -     -    0s
     0     0    0.00000    0    5          -    0.00000      -     -    0s
     0     0    0.00000    0    5          -    0.00000      -     -    0s
     0     2    0.00000    0    5          -    0.00000      -     -    0s

Cutting planes:
  MIR: 1

Explored 33 nodes (222 simplex iterations) in 0.08 seconds
Thread count was 32 (of 128 available processors)

Solution count 0

Model is infeasible
Best objective -, best bound -, gap -
Discarded solution information
Parameter FuncPieces unchanged
   Value: -1  Min: -2  Max: 200000000  Default: 0
Parameter FuncPieceLength unchanged
   Value: 1e-05  Min: 1e-05  Max: 1000000.0  Default: 0.01
Parameter FuncPieceError unchanged
   Value: 1e-06  Min: 1e-06  Max: 1000000.0  Default: 0.001
Parameter IntFeasTol unchanged
   Value: 1e-09  Min: 1e-09  Max: 0.1  Default: 1e-05
Gurobi Optimizer version 9.1.2 build v9.1.2rc0 (linux64)
Thread count: 64 physical cores, 128 logical processors, using up to 32 threads
Optimize a model with 813 rows, 1287 columns and 2140 nonzeros
Model fingerprint: 0xe81b15ae
Model has 1016 general constraints
Variable types: 783 continuous, 504 integer (504 binary)
Coefficient statistics:
  Matrix range     [4e-02, 3e+00]
  Objective range  [0e+00, 0e+00]
  Bounds range     [1e+00, 1e+00]
  RHS range        [2e-02, 3e+00]
Presolve added 0 rows and 69 columns
Presolve removed 63 rows and 0 columns
Presolve time: 0.02s

Explored 0 nodes (0 simplex iterations) in 0.02 seconds
Thread count was 1 (of 128 available processors)

Solution count 0

Model is infeasible
Best objective -, best bound -, gap -
Discarded solution information
Parameter FuncPieces unchanged
   Value: -1  Min: -2  Max: 200000000  Default: 0
Parameter FuncPieceLength unchanged
   Value: 1e-05  Min: 1e-05  Max: 1000000.0  Default: 0.01
Parameter FuncPieceError unchanged
   Value: 1e-06  Min: 1e-06  Max: 1000000.0  Default: 0.001
Parameter IntFeasTol unchanged
   Value: 1e-09  Min: 1e-09  Max: 0.1  Default: 1e-05
Gurobi Optimizer version 9.1.2 build v9.1.2rc0 (linux64)
Thread count: 64 physical cores, 128 logical processors, using up to 32 threads
Optimize a model with 811 rows, 1287 columns and 2138 nonzeros
Model fingerprint: 0xda83c034
Model has 1016 general constraints
Variable types: 783 continuous, 504 integer (504 binary)
Coefficient statistics:
  Matrix range     [4e-02, 3e+00]
  Objective range  [0e+00, 0e+00]
  Bounds range     [1e+00, 1e+00]
  RHS range        [2e-02, 3e+00]
Presolve removed 579 rows and 972 columns
Presolve time: 0.03s
Presolved: 232 rows, 315 columns, 938 nonzeros
Presolved model has 56 SOS constraint(s)
Variable types: 172 continuous, 143 integer (143 binary)

Root relaxation: objective 0.000000e+00, 132 iterations, 0.00 seconds

    Nodes    |    Current Node    |     Objective Bounds      |     Work
 Expl Unexpl |  Obj  Depth IntInf | Incumbent    BestBd   Gap | It/Node Time

     0     0    0.00000    0    1          -    0.00000      -     -    0s
     0     0    0.00000    0    1          -    0.00000      -     -    0s
     0     0    0.00000    0    2          -    0.00000      -     -    0s
     0     0    0.00000    0    7          -    0.00000      -     -    0s
     0     0    0.00000    0    5          -    0.00000      -     -    0s
     0     0    0.00000    0    5          -    0.00000      -     -    0s
     0     2    0.00000    0    5          -    0.00000      -     -    0s

Cutting planes:
  MIR: 1

Explored 33 nodes (222 simplex iterations) in 0.09 seconds
Thread count was 32 (of 128 available processors)

Solution count 0

Model is infeasible
Best objective -, best bound -, gap -
Discarded solution information
Parameter FuncPieces unchanged
   Value: -1  Min: -2  Max: 200000000  Default: 0
Parameter FuncPieceLength unchanged
   Value: 1e-05  Min: 1e-05  Max: 1000000.0  Default: 0.01
Parameter FuncPieceError unchanged
   Value: 1e-06  Min: 1e-06  Max: 1000000.0  Default: 0.001
Parameter IntFeasTol unchanged
   Value: 1e-09  Min: 1e-09  Max: 0.1  Default: 1e-05
Gurobi Optimizer version 9.1.2 build v9.1.2rc0 (linux64)
Thread count: 64 physical cores, 128 logical processors, using up to 32 threads
Optimize a model with 812 rows, 1287 columns and 2139 nonzeros
Model fingerprint: 0xb6c64f30
Model has 1016 general constraints
Variable types: 783 continuous, 504 integer (504 binary)
Coefficient statistics:
  Matrix range     [4e-02, 3e+00]
  Objective range  [0e+00, 0e+00]
  Bounds range     [1e+00, 1e+00]
  RHS range        [2e-02, 3e+00]
Presolve added 0 rows and 69 columns
Presolve removed 62 rows and 0 columns
Presolve time: 0.01s

Explored 0 nodes (0 simplex iterations) in 0.02 seconds
Thread count was 1 (of 128 available processors)

Solution count 0

Model is infeasible
Best objective -, best bound -, gap -
Discarded solution information
Parameter FuncPieces unchanged
   Value: -1  Min: -2  Max: 200000000  Default: 0
Parameter FuncPieceLength unchanged
   Value: 1e-05  Min: 1e-05  Max: 1000000.0  Default: 0.01
Parameter FuncPieceError unchanged
   Value: 1e-06  Min: 1e-06  Max: 1000000.0  Default: 0.001
Parameter IntFeasTol unchanged
   Value: 1e-09  Min: 1e-09  Max: 0.1  Default: 1e-05
Gurobi Optimizer version 9.1.2 build v9.1.2rc0 (linux64)
Thread count: 64 physical cores, 128 logical processors, using up to 32 threads
Optimize a model with 810 rows, 1287 columns and 2137 nonzeros
Model fingerprint: 0xb16758e9
Model has 1016 general constraints
Variable types: 783 continuous, 504 integer (504 binary)
Coefficient statistics:
  Matrix range     [4e-02, 3e+00]
  Objective range  [0e+00, 0e+00]
  Bounds range     [1e+00, 1e+00]
  RHS range        [2e-02, 3e+00]
Presolve removed 632 rows and 1047 columns
Presolve time: 0.04s
Presolved: 178 rows, 240 columns, 687 nonzeros
Presolved model has 54 SOS constraint(s)
Variable types: 130 continuous, 110 integer (110 binary)

Root relaxation: objective 0.000000e+00, 123 iterations, 0.00 seconds

    Nodes    |    Current Node    |     Objective Bounds      |     Work
 Expl Unexpl |  Obj  Depth IntInf | Incumbent    BestBd   Gap | It/Node Time

     0     0    0.00000    0    1          -    0.00000      -     -    0s
     0     0    0.00000    0    1          -    0.00000      -     -    0s
     0     0    0.00000    0    1          -    0.00000      -     -    0s
     0     0    0.00000    0    1          -    0.00000      -     -    0s
     0     2    0.00000    0    1          -    0.00000      -     -    0s

Explored 31 nodes (186 simplex iterations) in 0.14 seconds
Thread count was 32 (of 128 available processors)

Solution count 0

Model is infeasible
Best objective -, best bound -, gap -
Discarded solution information
Parameter FuncPieces unchanged
   Value: -1  Min: -2  Max: 200000000  Default: 0
Parameter FuncPieceLength unchanged
   Value: 1e-05  Min: 1e-05  Max: 1000000.0  Default: 0.01
Parameter FuncPieceError unchanged
   Value: 1e-06  Min: 1e-06  Max: 1000000.0  Default: 0.001
Parameter IntFeasTol unchanged
   Value: 1e-09  Min: 1e-09  Max: 0.1  Default: 1e-05
Gurobi Optimizer version 9.1.2 build v9.1.2rc0 (linux64)
Thread count: 64 physical cores, 128 logical processors, using up to 32 threads
Optimize a model with 811 rows, 1287 columns and 2138 nonzeros
Model fingerprint: 0xbd3fa32d
Model has 1016 general constraints
Variable types: 783 continuous, 504 integer (504 binary)
Coefficient statistics:
  Matrix range     [4e-02, 3e+00]
  Objective range  [0e+00, 0e+00]
  Bounds range     [1e+00, 1e+00]
  RHS range        [2e-02, 3e+00]
Presolve added 0 rows and 77 columns
Presolve removed 49 rows and 0 columns
Presolve time: 0.02s

Explored 0 nodes (0 simplex iterations) in 0.02 seconds
Thread count was 1 (of 128 available processors)

Solution count 0

Model is infeasible
Best objective -, best bound -, gap -
Discarded solution information
Parameter FuncPieces unchanged
   Value: -1  Min: -2  Max: 200000000  Default: 0
Parameter FuncPieceLength unchanged
   Value: 1e-05  Min: 1e-05  Max: 1000000.0  Default: 0.01
Parameter FuncPieceError unchanged
   Value: 1e-06  Min: 1e-06  Max: 1000000.0  Default: 0.001
Parameter IntFeasTol unchanged
   Value: 1e-09  Min: 1e-09  Max: 0.1  Default: 1e-05
Gurobi Optimizer version 9.1.2 build v9.1.2rc0 (linux64)
Thread count: 64 physical cores, 128 logical processors, using up to 32 threads
Optimize a model with 809 rows, 1287 columns and 2136 nonzeros
Model fingerprint: 0x06ad2fa5
Model has 1016 general constraints
Variable types: 783 continuous, 504 integer (504 binary)
Coefficient statistics:
  Matrix range     [4e-02, 3e+00]
  Objective range  [0e+00, 0e+00]
  Bounds range     [1e+00, 1e+00]
  RHS range        [2e-02, 3e+00]
Presolve removed 375 rows and 700 columns
Presolve time: 0.07s
Presolved: 434 rows, 587 columns, 1496 nonzeros
Presolved model has 202 SOS constraint(s)
Variable types: 385 continuous, 202 integer (200 binary)

Root relaxation: objective 0.000000e+00, 279 iterations, 0.00 seconds

    Nodes    |    Current Node    |     Objective Bounds      |     Work
 Expl Unexpl |  Obj  Depth IntInf | Incumbent    BestBd   Gap | It/Node Time

     0     0    0.00000    0   28          -    0.00000      -     -    0s
     0     0    0.00000    0   28          -    0.00000      -     -    0s
H    0     0                       0.0000000    0.00000  0.00%     -    0s
     0     0    0.00000    0   28    0.00000    0.00000  0.00%     -    0s

Explored 1 nodes (281 simplex iterations) in 0.10 seconds
Thread count was 32 (of 128 available processors)

Solution count 1: 0 

Optimal solution found (tolerance 1.00e-04)
Warning: max constraint violation (6.8376e-02) exceeds tolerance
Warning: max general constraint violation (6.8376e-02) exceeds tolerance
         (model may be infeasible or unbounded - try turning presolve off)
Best objective 0.000000000000e+00, best bound 0.000000000000e+00, gap 0.0000%
Discarded solution information
Parameter FuncPieces unchanged
   Value: -1  Min: -2  Max: 200000000  Default: 0
Parameter FuncPieceLength unchanged
   Value: 1e-05  Min: 1e-05  Max: 1000000.0  Default: 0.01
Parameter FuncPieceError unchanged
   Value: 1e-06  Min: 1e-06  Max: 1000000.0  Default: 0.001
Parameter IntFeasTol unchanged
   Value: 1e-09  Min: 1e-09  Max: 0.1  Default: 1e-05
Gurobi Optimizer version 9.1.2 build v9.1.2rc0 (linux64)
Thread count: 64 physical cores, 128 logical processors, using up to 32 threads
Optimize a model with 809 rows, 1287 columns and 2136 nonzeros
Model fingerprint: 0x0b4a6a80
Model has 1016 general constraints
Variable types: 783 continuous, 504 integer (504 binary)
Coefficient statistics:
  Matrix range     [4e-02, 3e+00]
  Objective range  [0e+00, 0e+00]
  Bounds range     [1e+00, 1e+00]
  RHS range        [2e-02, 3e+00]
Presolve removed 598 rows and 1005 columns
Presolve time: 0.04s
Presolved: 211 rows, 282 columns, 848 nonzeros
Presolved model has 56 SOS constraint(s)
Variable types: 152 continuous, 130 integer (130 binary)

Root relaxation: objective 0.000000e+00, 118 iterations, 0.00 seconds

    Nodes    |    Current Node    |     Objective Bounds      |     Work
 Expl Unexpl |  Obj  Depth IntInf | Incumbent    BestBd   Gap | It/Node Time

     0     0    0.00000    0    3          -    0.00000      -     -    0s
     0     0    0.00000    0    3          -    0.00000      -     -    0s
     0     0    0.00000    0    1          -    0.00000      -     -    0s
     0     0    0.00000    0    1          -    0.00000      -     -    0s
     0     2    0.00000    0    1          -    0.00000      -     -    0s

Explored 31 nodes (181 simplex iterations) in 0.12 seconds
Thread count was 32 (of 128 available processors)

Solution count 0

Model is infeasible
Best objective -, best bound -, gap -
Discarded solution information
Parameter FuncPieces unchanged
   Value: -1  Min: -2  Max: 200000000  Default: 0
Parameter FuncPieceLength unchanged
   Value: 1e-05  Min: 1e-05  Max: 1000000.0  Default: 0.01
Parameter FuncPieceError unchanged
   Value: 1e-06  Min: 1e-06  Max: 1000000.0  Default: 0.001
Parameter IntFeasTol unchanged
   Value: 1e-09  Min: 1e-09  Max: 0.1  Default: 1e-05
Gurobi Optimizer version 9.1.2 build v9.1.2rc0 (linux64)
Thread count: 64 physical cores, 128 logical processors, using up to 32 threads
Optimize a model with 810 rows, 1287 columns and 2137 nonzeros
Model fingerprint: 0xc76a6b64
Model has 1016 general constraints
Variable types: 783 continuous, 504 integer (504 binary)
Coefficient statistics:
  Matrix range     [4e-02, 3e+00]
  Objective range  [0e+00, 0e+00]
  Bounds range     [1e+00, 1e+00]
  RHS range        [2e-02, 3e+00]
Presolve added 0 rows and 141 columns
Presolve removed 1 rows and 0 columns
Presolve time: 0.02s

Explored 0 nodes (0 simplex iterations) in 0.02 seconds
Thread count was 1 (of 128 available processors)

Solution count 0

Model is infeasible
Best objective -, best bound -, gap -
Discarded solution information
Parameter FuncPieces unchanged
   Value: -1  Min: -2  Max: 200000000  Default: 0
Parameter FuncPieceLength unchanged
   Value: 1e-05  Min: 1e-05  Max: 1000000.0  Default: 0.01
Parameter FuncPieceError unchanged
   Value: 1e-06  Min: 1e-06  Max: 1000000.0  Default: 0.001
Parameter IntFeasTol unchanged
   Value: 1e-09  Min: 1e-09  Max: 0.1  Default: 1e-05
Gurobi Optimizer version 9.1.2 build v9.1.2rc0 (linux64)
Thread count: 64 physical cores, 128 logical processors, using up to 32 threads
Optimize a model with 808 rows, 1287 columns and 2135 nonzeros
Model fingerprint: 0x5a4e3856
Model has 1016 general constraints
Variable types: 783 continuous, 504 integer (504 binary)
Coefficient statistics:
  Matrix range     [4e-02, 3e+00]
  Objective range  [0e+00, 0e+00]
  Bounds range     [1e+00, 1e+00]
  RHS range        [2e-02, 3e+00]
Presolve removed 544 rows and 831 columns
Presolve time: 0.07s
Presolved: 264 rows, 456 columns, 1301 nonzeros
Presolved model has 102 SOS constraint(s)
Variable types: 353 continuous, 103 integer (100 binary)

Root relaxation: objective 0.000000e+00, 169 iterations, 0.00 seconds

    Nodes    |    Current Node    |     Objective Bounds      |     Work
 Expl Unexpl |  Obj  Depth IntInf | Incumbent    BestBd   Gap | It/Node Time

     0     0    0.00000    0    7          -    0.00000      -     -    0s
     0     0    0.00000    0    7          -    0.00000      -     -    0s
     0     0    0.00000    0    7          -    0.00000      -     -    0s
     0     0    0.00000    0    7          -    0.00000      -     -    0s
H    0     0                       0.0000000    0.00000  0.00%     -    0s
     0     0    0.00000    0    7    0.00000    0.00000  0.00%     -    0s

Explored 1 nodes (242 simplex iterations) in 0.16 seconds
Thread count was 32 (of 128 available processors)

Solution count 1: 0 

Optimal solution found (tolerance 1.00e-04)
Warning: max constraint violation (6.8376e-02) exceeds tolerance
Warning: max general constraint violation (6.8376e-02) exceeds tolerance
         (model may be infeasible or unbounded - try turning presolve off)
Best objective 0.000000000000e+00, best bound 0.000000000000e+00, gap 0.0000%
Discarded solution information
