
Gurobi 9.1.2 (linux64) logging started Mon May 22 16:03:18 2023

Changed value of parameter LogFile to ./logs/parking-4-2-20230522-160318.log
   Prev:   Default: 
Changed value of parameter FuncPieces to -1
   Prev: 0  Min: -2  Max: 200000000  Default: 0
Changed value of parameter FuncPieceLength to 1e-05
   Prev: 0.01  Min: 1e-05  Max: 1000000.0  Default: 0.01
Changed value of parameter FuncPieceError to 1e-06
   Prev: 0.001  Min: 1e-06  Max: 1000000.0  Default: 0.001
Changed value of parameter IntFeasTol to 1e-09
   Prev: 1e-05  Min: 1e-09  Max: 0.1  Default: 1e-05
Gurobi Optimizer version 9.1.2 build v9.1.2rc0 (linux64)
Thread count: 64 physical cores, 128 logical processors, using up to 32 threads
Optimize a model with 792 rows, 1071 columns and 2119 nonzeros
Model fingerprint: 0x81d7a1cb
Model has 584 general constraints
Variable types: 783 continuous, 288 integer (288 binary)
Coefficient statistics:
  Matrix range     [4e-02, 3e+00]
  Objective range  [0e+00, 0e+00]
  Bounds range     [1e+00, 1e+00]
  RHS range        [2e-02, 3e+00]
Presolve added 47 rows and 8 columns
Presolve time: 0.05s
Presolved: 839 rows, 1079 columns, 3324 nonzeros
Presolved model has 247 SOS constraint(s)
Variable types: 808 continuous, 271 integer (271 binary)

Root relaxation: objective 0.000000e+00, 513 iterations, 0.01 seconds

    Nodes    |    Current Node    |     Objective Bounds      |     Work
 Expl Unexpl |  Obj  Depth IntInf | Incumbent    BestBd   Gap | It/Node Time

     0     0    0.00000    0   25          -    0.00000      -     -    0s
     0     0    0.00000    0   25          -    0.00000      -     -    0s
     0     2    0.00000    0   25          -    0.00000      -     -    0s
* 7582  4202              69       0.0000000    0.00000  0.00%   4.1    1s

Explored 8917 nodes (82110 simplex iterations) in 1.39 seconds
Thread count was 32 (of 128 available processors)

Solution count 1: 0 

Optimal solution found (tolerance 1.00e-04)
Warning: max constraint violation (6.9390e-02) exceeds tolerance
Warning: max general constraint violation (6.9390e-02) exceeds tolerance
         (model may be infeasible or unbounded - try turning presolve off)
Best objective 0.000000000000e+00, best bound 0.000000000000e+00, gap 0.0000%
Discarded solution information
Parameter FuncPieces unchanged
   Value: -1  Min: -2  Max: 200000000  Default: 0
Parameter FuncPieceLength unchanged
   Value: 1e-05  Min: 1e-05  Max: 1000000.0  Default: 0.01
Parameter FuncPieceError unchanged
   Value: 1e-06  Min: 1e-06  Max: 1000000.0  Default: 0.001
Parameter IntFeasTol unchanged
   Value: 1e-09  Min: 1e-09  Max: 0.1  Default: 1e-05
Gurobi Optimizer version 9.1.2 build v9.1.2rc0 (linux64)
Thread count: 64 physical cores, 128 logical processors, using up to 32 threads
Optimize a model with 822 rows, 1287 columns and 2149 nonzeros
Model fingerprint: 0x9f382338
Model has 1016 general constraints
Variable types: 783 continuous, 504 integer (504 binary)
Coefficient statistics:
  Matrix range     [4e-02, 3e+00]
  Objective range  [0e+00, 0e+00]
  Bounds range     [1e+00, 1e+00]
  RHS range        [2e-02, 3e+00]
Presolve removed 667 rows and 958 columns
Presolve time: 0.05s
Presolved: 155 rows, 329 columns, 865 nonzeros
Presolved model has 81 SOS constraint(s)
Variable types: 268 continuous, 61 integer (61 binary)

Root relaxation: objective 0.000000e+00, 123 iterations, 0.00 seconds

    Nodes    |    Current Node    |     Objective Bounds      |     Work
 Expl Unexpl |  Obj  Depth IntInf | Incumbent    BestBd   Gap | It/Node Time

     0     0    0.00000    0    2          -    0.00000      -     -    0s
     0     0    0.00000    0    2          -    0.00000      -     -    0s
     0     0    0.00000    0    1          -    0.00000      -     -    0s
     0     0    0.00000    0    1          -    0.00000      -     -    0s
     0     2    0.00000    0    1          -    0.00000      -     -    0s

Explored 31 nodes (186 simplex iterations) in 0.11 seconds
Thread count was 32 (of 128 available processors)

Solution count 0

Model is infeasible
Best objective -, best bound -, gap -
Discarded solution information
Parameter FuncPieces unchanged
   Value: -1  Min: -2  Max: 200000000  Default: 0
Parameter FuncPieceLength unchanged
   Value: 1e-05  Min: 1e-05  Max: 1000000.0  Default: 0.01
Parameter FuncPieceError unchanged
   Value: 1e-06  Min: 1e-06  Max: 1000000.0  Default: 0.001
Parameter IntFeasTol unchanged
   Value: 1e-09  Min: 1e-09  Max: 0.1  Default: 1e-05
Gurobi Optimizer version 9.1.2 build v9.1.2rc0 (linux64)
Thread count: 64 physical cores, 128 logical processors, using up to 32 threads
Optimize a model with 822 rows, 1287 columns and 2149 nonzeros
Model fingerprint: 0x1572dad2
Model has 1016 general constraints
Variable types: 783 continuous, 504 integer (504 binary)
Coefficient statistics:
  Matrix range     [4e-02, 3e+00]
  Objective range  [0e+00, 0e+00]
  Bounds range     [1e+00, 1e+00]
  RHS range        [2e-02, 3e+00]
Presolve removed 651 rows and 951 columns
Presolve time: 0.05s
Presolved: 171 rows, 336 columns, 882 nonzeros
Presolved model has 82 SOS constraint(s)
Variable types: 266 continuous, 70 integer (68 binary)

Root relaxation: objective 0.000000e+00, 107 iterations, 0.00 seconds

    Nodes    |    Current Node    |     Objective Bounds      |     Work
 Expl Unexpl |  Obj  Depth IntInf | Incumbent    BestBd   Gap | It/Node Time

     0     0    0.00000    0    2          -    0.00000      -     -    0s
     0     0    0.00000    0    2          -    0.00000      -     -    0s
     0     0    0.00000    0    1          -    0.00000      -     -    0s
     0     0    0.00000    0    1          -    0.00000      -     -    0s
     0     2    0.00000    0    1          -    0.00000      -     -    0s

Explored 35 nodes (194 simplex iterations) in 0.13 seconds
Thread count was 32 (of 128 available processors)

Solution count 0

Model is infeasible
Best objective -, best bound -, gap -
Discarded solution information
Parameter FuncPieces unchanged
   Value: -1  Min: -2  Max: 200000000  Default: 0
Parameter FuncPieceLength unchanged
   Value: 1e-05  Min: 1e-05  Max: 1000000.0  Default: 0.01
Parameter FuncPieceError unchanged
   Value: 1e-06  Min: 1e-06  Max: 1000000.0  Default: 0.001
Parameter IntFeasTol unchanged
   Value: 1e-09  Min: 1e-09  Max: 0.1  Default: 1e-05
Gurobi Optimizer version 9.1.2 build v9.1.2rc0 (linux64)
Thread count: 64 physical cores, 128 logical processors, using up to 32 threads
Optimize a model with 821 rows, 1287 columns and 2148 nonzeros
Model fingerprint: 0x6d9fcd71
Model has 1016 general constraints
Variable types: 783 continuous, 504 integer (504 binary)
Coefficient statistics:
  Matrix range     [4e-02, 3e+00]
  Objective range  [0e+00, 0e+00]
  Bounds range     [1e+00, 1e+00]
  RHS range        [2e-02, 3e+00]
Presolve removed 591 rows and 753 columns
Presolve time: 0.03s

Explored 0 nodes (0 simplex iterations) in 0.03 seconds
Thread count was 1 (of 128 available processors)

Solution count 0

Model is infeasible
Best objective -, best bound -, gap -
Discarded solution information
Parameter FuncPieces unchanged
   Value: -1  Min: -2  Max: 200000000  Default: 0
Parameter FuncPieceLength unchanged
   Value: 1e-05  Min: 1e-05  Max: 1000000.0  Default: 0.01
Parameter FuncPieceError unchanged
   Value: 1e-06  Min: 1e-06  Max: 1000000.0  Default: 0.001
Parameter IntFeasTol unchanged
   Value: 1e-09  Min: 1e-09  Max: 0.1  Default: 1e-05
Gurobi Optimizer version 9.1.2 build v9.1.2rc0 (linux64)
Thread count: 64 physical cores, 128 logical processors, using up to 32 threads
Optimize a model with 820 rows, 1287 columns and 2147 nonzeros
Model fingerprint: 0xc7bf352b
Model has 1016 general constraints
Variable types: 783 continuous, 504 integer (504 binary)
Coefficient statistics:
  Matrix range     [4e-02, 3e+00]
  Objective range  [0e+00, 0e+00]
  Bounds range     [1e+00, 1e+00]
  RHS range        [2e-02, 3e+00]
Presolve removed 667 rows and 1014 columns
Presolve time: 0.05s
Presolved: 153 rows, 273 columns, 711 nonzeros
Presolved model has 74 SOS constraint(s)
Variable types: 204 continuous, 69 integer (67 binary)

Root relaxation: objective 0.000000e+00, 93 iterations, 0.00 seconds

    Nodes    |    Current Node    |     Objective Bounds      |     Work
 Expl Unexpl |  Obj  Depth IntInf | Incumbent    BestBd   Gap | It/Node Time

     0     0    0.00000    0    2          -    0.00000      -     -    0s
     0     0    0.00000    0    2          -    0.00000      -     -    0s
     0     0    0.00000    0    6          -    0.00000      -     -    0s
     0     0    0.00000    0    6          -    0.00000      -     -    0s
     0     2    0.00000    0    6          -    0.00000      -     -    0s

Explored 225 nodes (432 simplex iterations) in 0.15 seconds
Thread count was 32 (of 128 available processors)

Solution count 0

Model is infeasible
Best objective -, best bound -, gap -
Discarded solution information
Parameter FuncPieces unchanged
   Value: -1  Min: -2  Max: 200000000  Default: 0
Parameter FuncPieceLength unchanged
   Value: 1e-05  Min: 1e-05  Max: 1000000.0  Default: 0.01
Parameter FuncPieceError unchanged
   Value: 1e-06  Min: 1e-06  Max: 1000000.0  Default: 0.001
Parameter IntFeasTol unchanged
   Value: 1e-09  Min: 1e-09  Max: 0.1  Default: 1e-05
Gurobi Optimizer version 9.1.2 build v9.1.2rc0 (linux64)
Thread count: 64 physical cores, 128 logical processors, using up to 32 threads
Optimize a model with 820 rows, 1287 columns and 2147 nonzeros
Model fingerprint: 0x592a5cbf
Model has 1016 general constraints
Variable types: 783 continuous, 504 integer (504 binary)
Coefficient statistics:
  Matrix range     [4e-02, 3e+00]
  Objective range  [0e+00, 0e+00]
  Bounds range     [1e+00, 1e+00]
  RHS range        [2e-02, 3e+00]
Presolve removed 625 rows and 837 columns
Presolve time: 0.03s

Explored 0 nodes (0 simplex iterations) in 0.03 seconds
Thread count was 1 (of 128 available processors)

Solution count 0

Model is infeasible
Best objective -, best bound -, gap -
Discarded solution information
Parameter FuncPieces unchanged
   Value: -1  Min: -2  Max: 200000000  Default: 0
Parameter FuncPieceLength unchanged
   Value: 1e-05  Min: 1e-05  Max: 1000000.0  Default: 0.01
Parameter FuncPieceError unchanged
   Value: 1e-06  Min: 1e-06  Max: 1000000.0  Default: 0.001
Parameter IntFeasTol unchanged
   Value: 1e-09  Min: 1e-09  Max: 0.1  Default: 1e-05
Gurobi Optimizer version 9.1.2 build v9.1.2rc0 (linux64)
Thread count: 64 physical cores, 128 logical processors, using up to 32 threads
Optimize a model with 819 rows, 1287 columns and 2146 nonzeros
Model fingerprint: 0x5f23c093
Model has 1016 general constraints
Variable types: 783 continuous, 504 integer (504 binary)
Coefficient statistics:
  Matrix range     [4e-02, 3e+00]
  Objective range  [0e+00, 0e+00]
  Bounds range     [1e+00, 1e+00]
  RHS range        [2e-02, 3e+00]
Presolve removed 630 rows and 967 columns
Presolve time: 0.03s
Presolved: 189 rows, 320 columns, 830 nonzeros
Presolved model has 87 SOS constraint(s)
Variable types: 232 continuous, 88 integer (84 binary)

Root relaxation: objective 0.000000e+00, 111 iterations, 0.00 seconds

    Nodes    |    Current Node    |     Objective Bounds      |     Work
 Expl Unexpl |  Obj  Depth IntInf | Incumbent    BestBd   Gap | It/Node Time

     0     0    0.00000    0    3          -    0.00000      -     -    0s
     0     0    0.00000    0    3          -    0.00000      -     -    0s
     0     0    0.00000    0    3          -    0.00000      -     -    0s
     0     0    0.00000    0    3          -    0.00000      -     -    0s
     0     2    0.00000    0    3          -    0.00000      -     -    0s
H   31    12                       0.0000000    0.00000  0.00%   2.3    0s

Explored 37 nodes (245 simplex iterations) in 0.12 seconds
Thread count was 32 (of 128 available processors)

Solution count 1: 0 

Optimal solution found (tolerance 1.00e-04)
Warning: max constraint violation (6.8225e-02) exceeds tolerance
Warning: max general constraint violation (6.8225e-02) exceeds tolerance
         (model may be infeasible or unbounded - try turning presolve off)
Best objective 0.000000000000e+00, best bound 0.000000000000e+00, gap 0.0000%
Discarded solution information
Parameter FuncPieces unchanged
   Value: -1  Min: -2  Max: 200000000  Default: 0
Parameter FuncPieceLength unchanged
   Value: 1e-05  Min: 1e-05  Max: 1000000.0  Default: 0.01
Parameter FuncPieceError unchanged
   Value: 1e-06  Min: 1e-06  Max: 1000000.0  Default: 0.001
Parameter IntFeasTol unchanged
   Value: 1e-09  Min: 1e-09  Max: 0.1  Default: 1e-05
Gurobi Optimizer version 9.1.2 build v9.1.2rc0 (linux64)
Thread count: 64 physical cores, 128 logical processors, using up to 32 threads
Optimize a model with 819 rows, 1287 columns and 2146 nonzeros
Model fingerprint: 0xe1455fd5
Model has 1016 general constraints
Variable types: 783 continuous, 504 integer (504 binary)
Coefficient statistics:
  Matrix range     [4e-02, 3e+00]
  Objective range  [0e+00, 0e+00]
  Bounds range     [1e+00, 1e+00]
  RHS range        [2e-02, 3e+00]
Presolve removed 652 rows and 991 columns
Presolve time: 0.03s
Presolved: 167 rows, 296 columns, 812 nonzeros
Presolved model has 76 SOS constraint(s)
Variable types: 224 continuous, 72 integer (70 binary)

Root relaxation: objective 0.000000e+00, 101 iterations, 0.00 seconds

    Nodes    |    Current Node    |     Objective Bounds      |     Work
 Expl Unexpl |  Obj  Depth IntInf | Incumbent    BestBd   Gap | It/Node Time

     0     0    0.00000    0   11          -    0.00000      -     -    0s
     0     0    0.00000    0   11          -    0.00000      -     -    0s
H    0     0                       0.0000000    0.00000  0.00%     -    0s
     0     0    0.00000    0   11    0.00000    0.00000  0.00%     -    0s

Explored 1 nodes (101 simplex iterations) in 0.05 seconds
Thread count was 32 (of 128 available processors)

Solution count 1: 0 

Optimal solution found (tolerance 1.00e-04)
Warning: max constraint violation (6.8225e-02) exceeds tolerance
Warning: max general constraint violation (6.8225e-02) exceeds tolerance
         (model may be infeasible or unbounded - try turning presolve off)
Best objective 0.000000000000e+00, best bound 0.000000000000e+00, gap 0.0000%
Discarded solution information
Parameter FuncPieces unchanged
   Value: -1  Min: -2  Max: 200000000  Default: 0
Parameter FuncPieceLength unchanged
   Value: 1e-05  Min: 1e-05  Max: 1000000.0  Default: 0.01
Parameter FuncPieceError unchanged
   Value: 1e-06  Min: 1e-06  Max: 1000000.0  Default: 0.001
Parameter IntFeasTol unchanged
   Value: 1e-09  Min: 1e-09  Max: 0.1  Default: 1e-05
Gurobi Optimizer version 9.1.2 build v9.1.2rc0 (linux64)
Thread count: 64 physical cores, 128 logical processors, using up to 32 threads
Optimize a model with 819 rows, 1287 columns and 2146 nonzeros
Model fingerprint: 0x6c30bf06
Model has 1016 general constraints
Variable types: 783 continuous, 504 integer (504 binary)
Coefficient statistics:
  Matrix range     [4e-02, 3e+00]
  Objective range  [0e+00, 0e+00]
  Bounds range     [1e+00, 1e+00]
  RHS range        [2e-02, 3e+00]
Presolve removed 666 rows and 1014 columns
Presolve time: 0.03s
Presolved: 153 rows, 273 columns, 711 nonzeros
Presolved model has 74 SOS constraint(s)
Variable types: 204 continuous, 69 integer (67 binary)

Root relaxation: objective 0.000000e+00, 93 iterations, 0.00 seconds

    Nodes    |    Current Node    |     Objective Bounds      |     Work
 Expl Unexpl |  Obj  Depth IntInf | Incumbent    BestBd   Gap | It/Node Time

     0     0    0.00000    0    2          -    0.00000      -     -    0s
     0     0    0.00000    0    2          -    0.00000      -     -    0s
     0     0    0.00000    0    6          -    0.00000      -     -    0s
     0     0    0.00000    0    6          -    0.00000      -     -    0s
     0     2    0.00000    0    6          -    0.00000      -     -    0s

Explored 225 nodes (432 simplex iterations) in 0.13 seconds
Thread count was 32 (of 128 available processors)

Solution count 0

Model is infeasible
Best objective -, best bound -, gap -
Discarded solution information
Parameter FuncPieces unchanged
   Value: -1  Min: -2  Max: 200000000  Default: 0
Parameter FuncPieceLength unchanged
   Value: 1e-05  Min: 1e-05  Max: 1000000.0  Default: 0.01
Parameter FuncPieceError unchanged
   Value: 1e-06  Min: 1e-06  Max: 1000000.0  Default: 0.001
Parameter IntFeasTol unchanged
   Value: 1e-09  Min: 1e-09  Max: 0.1  Default: 1e-05
Gurobi Optimizer version 9.1.2 build v9.1.2rc0 (linux64)
Thread count: 64 physical cores, 128 logical processors, using up to 32 threads
Optimize a model with 819 rows, 1287 columns and 2146 nonzeros
Model fingerprint: 0x1ef18943
Model has 1016 general constraints
Variable types: 783 continuous, 504 integer (504 binary)
Coefficient statistics:
  Matrix range     [4e-02, 3e+00]
  Objective range  [0e+00, 0e+00]
  Bounds range     [1e+00, 1e+00]
  RHS range        [2e-02, 3e+00]
Presolve removed 624 rows and 837 columns
Presolve time: 0.02s

Explored 0 nodes (0 simplex iterations) in 0.02 seconds
Thread count was 1 (of 128 available processors)

Solution count 0

Model is infeasible
Best objective -, best bound -, gap -
Discarded solution information
Parameter FuncPieces unchanged
   Value: -1  Min: -2  Max: 200000000  Default: 0
Parameter FuncPieceLength unchanged
   Value: 1e-05  Min: 1e-05  Max: 1000000.0  Default: 0.01
Parameter FuncPieceError unchanged
   Value: 1e-06  Min: 1e-06  Max: 1000000.0  Default: 0.001
Parameter IntFeasTol unchanged
   Value: 1e-09  Min: 1e-09  Max: 0.1  Default: 1e-05
Gurobi Optimizer version 9.1.2 build v9.1.2rc0 (linux64)
Thread count: 64 physical cores, 128 logical processors, using up to 32 threads
Optimize a model with 818 rows, 1287 columns and 2145 nonzeros
Model fingerprint: 0xe2efed3d
Model has 1016 general constraints
Variable types: 783 continuous, 504 integer (504 binary)
Coefficient statistics:
  Matrix range     [4e-02, 3e+00]
  Objective range  [0e+00, 0e+00]
  Bounds range     [1e+00, 1e+00]
  RHS range        [2e-02, 3e+00]
Presolve removed 665 rows and 1014 columns
Presolve time: 0.03s
Presolved: 153 rows, 273 columns, 711 nonzeros
Presolved model has 74 SOS constraint(s)
Variable types: 204 continuous, 69 integer (67 binary)

Root relaxation: objective 0.000000e+00, 93 iterations, 0.00 seconds

    Nodes    |    Current Node    |     Objective Bounds      |     Work
 Expl Unexpl |  Obj  Depth IntInf | Incumbent    BestBd   Gap | It/Node Time

     0     0    0.00000    0    2          -    0.00000      -     -    0s
     0     0    0.00000    0    2          -    0.00000      -     -    0s
     0     0    0.00000    0    6          -    0.00000      -     -    0s
     0     0    0.00000    0    6          -    0.00000      -     -    0s
     0     2    0.00000    0    6          -    0.00000      -     -    0s

Explored 225 nodes (432 simplex iterations) in 0.13 seconds
Thread count was 32 (of 128 available processors)

Solution count 0

Model is infeasible
Best objective -, best bound -, gap -
Discarded solution information
Parameter FuncPieces unchanged
   Value: -1  Min: -2  Max: 200000000  Default: 0
Parameter FuncPieceLength unchanged
   Value: 1e-05  Min: 1e-05  Max: 1000000.0  Default: 0.01
Parameter FuncPieceError unchanged
   Value: 1e-06  Min: 1e-06  Max: 1000000.0  Default: 0.001
Parameter IntFeasTol unchanged
   Value: 1e-09  Min: 1e-09  Max: 0.1  Default: 1e-05
Gurobi Optimizer version 9.1.2 build v9.1.2rc0 (linux64)
Thread count: 64 physical cores, 128 logical processors, using up to 32 threads
Optimize a model with 818 rows, 1287 columns and 2145 nonzeros
Model fingerprint: 0x2bd37a96
Model has 1016 general constraints
Variable types: 783 continuous, 504 integer (504 binary)
Coefficient statistics:
  Matrix range     [4e-02, 3e+00]
  Objective range  [0e+00, 0e+00]
  Bounds range     [1e+00, 1e+00]
  RHS range        [2e-02, 3e+00]
Presolve removed 623 rows and 837 columns
Presolve time: 0.03s

Explored 0 nodes (0 simplex iterations) in 0.03 seconds
Thread count was 1 (of 128 available processors)

Solution count 0

Model is infeasible
Best objective -, best bound -, gap -
Discarded solution information
Parameter FuncPieces unchanged
   Value: -1  Min: -2  Max: 200000000  Default: 0
Parameter FuncPieceLength unchanged
   Value: 1e-05  Min: 1e-05  Max: 1000000.0  Default: 0.01
Parameter FuncPieceError unchanged
   Value: 1e-06  Min: 1e-06  Max: 1000000.0  Default: 0.001
Parameter IntFeasTol unchanged
   Value: 1e-09  Min: 1e-09  Max: 0.1  Default: 1e-05
Gurobi Optimizer version 9.1.2 build v9.1.2rc0 (linux64)
Thread count: 64 physical cores, 128 logical processors, using up to 32 threads
Optimize a model with 817 rows, 1287 columns and 2144 nonzeros
Model fingerprint: 0x864842a5
Model has 1016 general constraints
Variable types: 783 continuous, 504 integer (504 binary)
Coefficient statistics:
  Matrix range     [4e-02, 3e+00]
  Objective range  [0e+00, 0e+00]
  Bounds range     [1e+00, 1e+00]
  RHS range        [2e-02, 3e+00]
Presolve removed 552 rows and 905 columns
Presolve time: 0.06s
Presolved: 265 rows, 382 columns, 969 nonzeros
Presolved model has 116 SOS constraint(s)
Variable types: 264 continuous, 118 integer (114 binary)

Root relaxation: objective 0.000000e+00, 152 iterations, 0.00 seconds

    Nodes    |    Current Node    |     Objective Bounds      |     Work
 Expl Unexpl |  Obj  Depth IntInf | Incumbent    BestBd   Gap | It/Node Time

     0     0    0.00000    0    6          -    0.00000      -     -    0s
     0     0    0.00000    0    6          -    0.00000      -     -    0s
     0     0    0.00000    0   10          -    0.00000      -     -    0s
     0     0    0.00000    0    6          -    0.00000      -     -    0s
     0     0    0.00000    0    6          -    0.00000      -     -    0s
     0     0    0.00000    0   15          -    0.00000      -     -    0s
     0     0    0.00000    0   14          -    0.00000      -     -    0s
     0     0    0.00000    0   14          -    0.00000      -     -    0s
     0     2    0.00000    0   14          -    0.00000      -     -    0s
*  228    29              15       0.0000000    0.00000  0.00%   3.0    0s

Cutting planes:
  Gomory: 1
  Implied bound: 1
  MIR: 2
  Relax-and-lift: 4

Explored 276 nodes (1124 simplex iterations) in 0.20 seconds
Thread count was 32 (of 128 available processors)

Solution count 1: 0 

Optimal solution found (tolerance 1.00e-04)
Warning: max constraint violation (6.8225e-02) exceeds tolerance
Warning: max general constraint violation (6.8225e-02) exceeds tolerance
         (model may be infeasible or unbounded - try turning presolve off)
Best objective 0.000000000000e+00, best bound 0.000000000000e+00, gap 0.0000%
Discarded solution information
Parameter FuncPieces unchanged
   Value: -1  Min: -2  Max: 200000000  Default: 0
Parameter FuncPieceLength unchanged
   Value: 1e-05  Min: 1e-05  Max: 1000000.0  Default: 0.01
Parameter FuncPieceError unchanged
   Value: 1e-06  Min: 1e-06  Max: 1000000.0  Default: 0.001
Parameter IntFeasTol unchanged
   Value: 1e-09  Min: 1e-09  Max: 0.1  Default: 1e-05
Gurobi Optimizer version 9.1.2 build v9.1.2rc0 (linux64)
Thread count: 64 physical cores, 128 logical processors, using up to 32 threads
Optimize a model with 817 rows, 1287 columns and 2144 nonzeros
Model fingerprint: 0x823de516
Model has 1016 general constraints
Variable types: 783 continuous, 504 integer (504 binary)
Coefficient statistics:
  Matrix range     [4e-02, 3e+00]
  Objective range  [0e+00, 0e+00]
  Bounds range     [1e+00, 1e+00]
  RHS range        [2e-02, 3e+00]
Presolve removed 664 rows and 1014 columns
Presolve time: 0.05s
Presolved: 153 rows, 273 columns, 711 nonzeros
Presolved model has 74 SOS constraint(s)
Variable types: 204 continuous, 69 integer (67 binary)

Root relaxation: objective 0.000000e+00, 93 iterations, 0.00 seconds

    Nodes    |    Current Node    |     Objective Bounds      |     Work
 Expl Unexpl |  Obj  Depth IntInf | Incumbent    BestBd   Gap | It/Node Time

     0     0    0.00000    0    2          -    0.00000      -     -    0s
     0     0    0.00000    0    2          -    0.00000      -     -    0s
     0     0    0.00000    0    6          -    0.00000      -     -    0s
     0     0    0.00000    0    6          -    0.00000      -     -    0s
     0     2    0.00000    0    6          -    0.00000      -     -    0s

Explored 225 nodes (432 simplex iterations) in 0.12 seconds
Thread count was 32 (of 128 available processors)

Solution count 0

Model is infeasible
Best objective -, best bound -, gap -
Discarded solution information
Parameter FuncPieces unchanged
   Value: -1  Min: -2  Max: 200000000  Default: 0
Parameter FuncPieceLength unchanged
   Value: 1e-05  Min: 1e-05  Max: 1000000.0  Default: 0.01
Parameter FuncPieceError unchanged
   Value: 1e-06  Min: 1e-06  Max: 1000000.0  Default: 0.001
Parameter IntFeasTol unchanged
   Value: 1e-09  Min: 1e-09  Max: 0.1  Default: 1e-05
Gurobi Optimizer version 9.1.2 build v9.1.2rc0 (linux64)
Thread count: 64 physical cores, 128 logical processors, using up to 32 threads
Optimize a model with 817 rows, 1287 columns and 2144 nonzeros
Model fingerprint: 0x19747013
Model has 1016 general constraints
Variable types: 783 continuous, 504 integer (504 binary)
Coefficient statistics:
  Matrix range     [4e-02, 3e+00]
  Objective range  [0e+00, 0e+00]
  Bounds range     [1e+00, 1e+00]
  RHS range        [2e-02, 3e+00]
Presolve removed 622 rows and 837 columns
Presolve time: 0.03s

Explored 0 nodes (0 simplex iterations) in 0.03 seconds
Thread count was 1 (of 128 available processors)

Solution count 0

Model is infeasible
Best objective -, best bound -, gap -
Discarded solution information
Parameter FuncPieces unchanged
   Value: -1  Min: -2  Max: 200000000  Default: 0
Parameter FuncPieceLength unchanged
   Value: 1e-05  Min: 1e-05  Max: 1000000.0  Default: 0.01
Parameter FuncPieceError unchanged
   Value: 1e-06  Min: 1e-06  Max: 1000000.0  Default: 0.001
Parameter IntFeasTol unchanged
   Value: 1e-09  Min: 1e-09  Max: 0.1  Default: 1e-05
Gurobi Optimizer version 9.1.2 build v9.1.2rc0 (linux64)
Thread count: 64 physical cores, 128 logical processors, using up to 32 threads
Optimize a model with 816 rows, 1287 columns and 2143 nonzeros
Model fingerprint: 0xf4478c2f
Model has 1016 general constraints
Variable types: 783 continuous, 504 integer (504 binary)
Coefficient statistics:
  Matrix range     [4e-02, 3e+00]
  Objective range  [0e+00, 0e+00]
  Bounds range     [1e+00, 1e+00]
  RHS range        [2e-02, 3e+00]
Presolve removed 637 rows and 992 columns
Presolve time: 0.06s
Presolved: 179 rows, 295 columns, 783 nonzeros
Presolved model has 75 SOS constraint(s)
Variable types: 219 continuous, 76 integer (73 binary)

Root relaxation: objective 0.000000e+00, 122 iterations, 0.00 seconds

    Nodes    |    Current Node    |     Objective Bounds      |     Work
 Expl Unexpl |  Obj  Depth IntInf | Incumbent    BestBd   Gap | It/Node Time

     0     0    0.00000    0    6          -    0.00000      -     -    0s
     0     0    0.00000    0    3          -    0.00000      -     -    0s
     0     0    0.00000    0    1          -    0.00000      -     -    0s
     0     0    0.00000    0    1          -    0.00000      -     -    0s
     0     0    0.00000    0    1          -    0.00000      -     -    0s
     0     0    0.00000    0    1          -    0.00000      -     -    0s
     0     2    0.00000    0    1          -    0.00000      -     -    0s

Cutting planes:
  Implied bound: 3

Explored 59 nodes (361 simplex iterations) in 0.18 seconds
Thread count was 32 (of 128 available processors)

Solution count 0

Model is infeasible
Best objective -, best bound -, gap -
Discarded solution information
Parameter FuncPieces unchanged
   Value: -1  Min: -2  Max: 200000000  Default: 0
Parameter FuncPieceLength unchanged
   Value: 1e-05  Min: 1e-05  Max: 1000000.0  Default: 0.01
Parameter FuncPieceError unchanged
   Value: 1e-06  Min: 1e-06  Max: 1000000.0  Default: 0.001
Parameter IntFeasTol unchanged
   Value: 1e-09  Min: 1e-09  Max: 0.1  Default: 1e-05
Gurobi Optimizer version 9.1.2 build v9.1.2rc0 (linux64)
Thread count: 64 physical cores, 128 logical processors, using up to 32 threads
Optimize a model with 816 rows, 1287 columns and 2143 nonzeros
Model fingerprint: 0xff1686a5
Model has 1016 general constraints
Variable types: 783 continuous, 504 integer (504 binary)
Coefficient statistics:
  Matrix range     [4e-02, 3e+00]
  Objective range  [0e+00, 0e+00]
  Bounds range     [1e+00, 1e+00]
  RHS range        [2e-02, 3e+00]
Presolve removed 734 rows and 1091 columns
Presolve time: 0.04s
Presolved: 82 rows, 196 columns, 522 nonzeros
Presolved model has 39 SOS constraint(s)
Variable types: 170 continuous, 26 integer (26 binary)

Root relaxation: objective 0.000000e+00, 62 iterations, 0.00 seconds

    Nodes    |    Current Node    |     Objective Bounds      |     Work
 Expl Unexpl |  Obj  Depth IntInf | Incumbent    BestBd   Gap | It/Node Time

     0     0    0.00000    0    2          -    0.00000      -     -    0s
     0     0    0.00000    0    2          -    0.00000      -     -    0s
H    0     0                       0.0000000    0.00000  0.00%     -    0s
     0     0    0.00000    0    2    0.00000    0.00000  0.00%     -    0s

Explored 1 nodes (65 simplex iterations) in 0.05 seconds
Thread count was 32 (of 128 available processors)

Solution count 1: 0 

Optimal solution found (tolerance 1.00e-04)
Warning: max constraint violation (6.3057e-02) exceeds tolerance
Warning: max general constraint violation (6.3057e-02) exceeds tolerance
         (model may be infeasible or unbounded - try turning presolve off)
Best objective 0.000000000000e+00, best bound 0.000000000000e+00, gap 0.0000%
Discarded solution information
Parameter FuncPieces unchanged
   Value: -1  Min: -2  Max: 200000000  Default: 0
Parameter FuncPieceLength unchanged
   Value: 1e-05  Min: 1e-05  Max: 1000000.0  Default: 0.01
Parameter FuncPieceError unchanged
   Value: 1e-06  Min: 1e-06  Max: 1000000.0  Default: 0.001
Parameter IntFeasTol unchanged
   Value: 1e-09  Min: 1e-09  Max: 0.1  Default: 1e-05
Gurobi Optimizer version 9.1.2 build v9.1.2rc0 (linux64)
Thread count: 64 physical cores, 128 logical processors, using up to 32 threads
Optimize a model with 816 rows, 1287 columns and 2143 nonzeros
Model fingerprint: 0x53a16e34
Model has 1016 general constraints
Variable types: 783 continuous, 504 integer (504 binary)
Coefficient statistics:
  Matrix range     [4e-02, 3e+00]
  Objective range  [0e+00, 0e+00]
  Bounds range     [1e+00, 1e+00]
  RHS range        [2e-02, 3e+00]
Presolve removed 663 rows and 1014 columns
Presolve time: 0.03s
Presolved: 153 rows, 273 columns, 711 nonzeros
Presolved model has 74 SOS constraint(s)
Variable types: 204 continuous, 69 integer (67 binary)

Root relaxation: objective 0.000000e+00, 93 iterations, 0.00 seconds

    Nodes    |    Current Node    |     Objective Bounds      |     Work
 Expl Unexpl |  Obj  Depth IntInf | Incumbent    BestBd   Gap | It/Node Time

     0     0    0.00000    0    2          -    0.00000      -     -    0s
     0     0    0.00000    0    2          -    0.00000      -     -    0s
     0     0    0.00000    0    6          -    0.00000      -     -    0s
     0     0    0.00000    0    6          -    0.00000      -     -    0s
     0     2    0.00000    0    6          -    0.00000      -     -    0s

Explored 225 nodes (432 simplex iterations) in 0.17 seconds
Thread count was 32 (of 128 available processors)

Solution count 0

Model is infeasible
Best objective -, best bound -, gap -
Discarded solution information
Parameter FuncPieces unchanged
   Value: -1  Min: -2  Max: 200000000  Default: 0
Parameter FuncPieceLength unchanged
   Value: 1e-05  Min: 1e-05  Max: 1000000.0  Default: 0.01
Parameter FuncPieceError unchanged
   Value: 1e-06  Min: 1e-06  Max: 1000000.0  Default: 0.001
Parameter IntFeasTol unchanged
   Value: 1e-09  Min: 1e-09  Max: 0.1  Default: 1e-05
Gurobi Optimizer version 9.1.2 build v9.1.2rc0 (linux64)
Thread count: 64 physical cores, 128 logical processors, using up to 32 threads
Optimize a model with 816 rows, 1287 columns and 2143 nonzeros
Model fingerprint: 0x9bcc3b0f
Model has 1016 general constraints
Variable types: 783 continuous, 504 integer (504 binary)
Coefficient statistics:
  Matrix range     [4e-02, 3e+00]
  Objective range  [0e+00, 0e+00]
  Bounds range     [1e+00, 1e+00]
  RHS range        [2e-02, 3e+00]
Presolve removed 447 rows and 792 columns
Presolve time: 0.03s
Presolved: 369 rows, 495 columns, 1192 nonzeros
Presolved model has 162 SOS constraint(s)
Variable types: 262 continuous, 233 integer (233 binary)

Root relaxation: objective 0.000000e+00, 247 iterations, 0.00 seconds

    Nodes    |    Current Node    |     Objective Bounds      |     Work
 Expl Unexpl |  Obj  Depth IntInf | Incumbent    BestBd   Gap | It/Node Time

     0     0    0.00000    0   50          -    0.00000      -     -    0s
     0     0    0.00000    0   45          -    0.00000      -     -    0s
     0     0    0.00000    0   31          -    0.00000      -     -    0s
     0     0    0.00000    0   31          -    0.00000      -     -    0s
H    0     0                       0.0000000    0.00000  0.00%     -    0s
     0     0    0.00000    0   31    0.00000    0.00000  0.00%     -    0s

Explored 1 nodes (362 simplex iterations) in 0.11 seconds
Thread count was 32 (of 128 available processors)

Solution count 1: 0 

Optimal solution found (tolerance 1.00e-04)
Warning: max constraint violation (6.9475e-02) exceeds tolerance
Warning: max general constraint violation (6.9475e-02) exceeds tolerance
         (model may be infeasible or unbounded - try turning presolve off)
Best objective 0.000000000000e+00, best bound 0.000000000000e+00, gap 0.0000%
Discarded solution information
Parameter FuncPieces unchanged
   Value: -1  Min: -2  Max: 200000000  Default: 0
Parameter FuncPieceLength unchanged
   Value: 1e-05  Min: 1e-05  Max: 1000000.0  Default: 0.01
Parameter FuncPieceError unchanged
   Value: 1e-06  Min: 1e-06  Max: 1000000.0  Default: 0.001
Parameter IntFeasTol unchanged
   Value: 1e-09  Min: 1e-09  Max: 0.1  Default: 1e-05
Gurobi Optimizer version 9.1.2 build v9.1.2rc0 (linux64)
Thread count: 64 physical cores, 128 logical processors, using up to 32 threads
Optimize a model with 816 rows, 1287 columns and 2143 nonzeros
Model fingerprint: 0x3fb874b2
Model has 1016 general constraints
Variable types: 783 continuous, 504 integer (504 binary)
Coefficient statistics:
  Matrix range     [4e-02, 3e+00]
  Objective range  [0e+00, 0e+00]
  Bounds range     [1e+00, 1e+00]
  RHS range        [2e-02, 3e+00]
Presolve removed 655 rows and 980 columns
Presolve time: 0.04s
Presolved: 161 rows, 307 columns, 819 nonzeros
Presolved model has 76 SOS constraint(s)
Variable types: 242 continuous, 65 integer (64 binary)

Root relaxation: objective 0.000000e+00, 111 iterations, 0.00 seconds

    Nodes    |    Current Node    |     Objective Bounds      |     Work
 Expl Unexpl |  Obj  Depth IntInf | Incumbent    BestBd   Gap | It/Node Time

     0     0    0.00000    0    2          -    0.00000      -     -    0s
     0     0    0.00000    0    2          -    0.00000      -     -    0s
     0     0    0.00000    0    7          -    0.00000      -     -    0s
     0     0    0.00000    0    7          -    0.00000      -     -    0s
     0     2    0.00000    0    7          -    0.00000      -     -    0s

Explored 31 nodes (209 simplex iterations) in 0.13 seconds
Thread count was 32 (of 128 available processors)

Solution count 0

Model is infeasible
Best objective -, best bound -, gap -
Discarded solution information
Parameter FuncPieces unchanged
   Value: -1  Min: -2  Max: 200000000  Default: 0
Parameter FuncPieceLength unchanged
   Value: 1e-05  Min: 1e-05  Max: 1000000.0  Default: 0.01
Parameter FuncPieceError unchanged
   Value: 1e-06  Min: 1e-06  Max: 1000000.0  Default: 0.001
Parameter IntFeasTol unchanged
   Value: 1e-09  Min: 1e-09  Max: 0.1  Default: 1e-05
Gurobi Optimizer version 9.1.2 build v9.1.2rc0 (linux64)
Thread count: 64 physical cores, 128 logical processors, using up to 32 threads
Optimize a model with 816 rows, 1287 columns and 2143 nonzeros
Model fingerprint: 0x7a16bf3e
Model has 1016 general constraints
Variable types: 783 continuous, 504 integer (504 binary)
Coefficient statistics:
  Matrix range     [4e-02, 3e+00]
  Objective range  [0e+00, 0e+00]
  Bounds range     [1e+00, 1e+00]
  RHS range        [2e-02, 3e+00]
Presolve added 0 rows and 129 columns
Presolve removed 8 rows and 0 columns
Presolve time: 0.02s

Explored 0 nodes (0 simplex iterations) in 0.02 seconds
Thread count was 1 (of 128 available processors)

Solution count 0

Model is infeasible
Best objective -, best bound -, gap -
Discarded solution information
Parameter FuncPieces unchanged
   Value: -1  Min: -2  Max: 200000000  Default: 0
Parameter FuncPieceLength unchanged
   Value: 1e-05  Min: 1e-05  Max: 1000000.0  Default: 0.01
Parameter FuncPieceError unchanged
   Value: 1e-06  Min: 1e-06  Max: 1000000.0  Default: 0.001
Parameter IntFeasTol unchanged
   Value: 1e-09  Min: 1e-09  Max: 0.1  Default: 1e-05
Gurobi Optimizer version 9.1.2 build v9.1.2rc0 (linux64)
Thread count: 64 physical cores, 128 logical processors, using up to 32 threads
Optimize a model with 815 rows, 1287 columns and 2142 nonzeros
Model fingerprint: 0xdf90c9f0
Model has 1016 general constraints
Variable types: 783 continuous, 504 integer (504 binary)
Coefficient statistics:
  Matrix range     [4e-02, 3e+00]
  Objective range  [0e+00, 0e+00]
  Bounds range     [1e+00, 1e+00]
  RHS range        [2e-02, 3e+00]
Presolve removed 630 rows and 972 columns
Presolve time: 0.03s
Presolved: 185 rows, 315 columns, 862 nonzeros
Presolved model has 84 SOS constraint(s)
Variable types: 239 continuous, 76 integer (76 binary)

Root relaxation: objective 0.000000e+00, 120 iterations, 0.00 seconds

    Nodes    |    Current Node    |     Objective Bounds      |     Work
 Expl Unexpl |  Obj  Depth IntInf | Incumbent    BestBd   Gap | It/Node Time

     0     0    0.00000    0    3          -    0.00000      -     -    0s
     0     0    0.00000    0    3          -    0.00000      -     -    0s
     0     0    0.00000    0    3          -    0.00000      -     -    0s
     0     0    0.00000    0    3          -    0.00000      -     -    0s
     0     2    0.00000    0    3          -    0.00000      -     -    0s
H    5     6                       0.0000000    0.00000  0.00%   8.2    0s

Explored 7 nodes (234 simplex iterations) in 0.10 seconds
Thread count was 32 (of 128 available processors)

Solution count 1: 0 

Optimal solution found (tolerance 1.00e-04)
Warning: max constraint violation (6.8225e-02) exceeds tolerance
Warning: max general constraint violation (6.8225e-02) exceeds tolerance
         (model may be infeasible or unbounded - try turning presolve off)
Best objective 0.000000000000e+00, best bound 0.000000000000e+00, gap 0.0000%
Discarded solution information
Parameter FuncPieces unchanged
   Value: -1  Min: -2  Max: 200000000  Default: 0
Parameter FuncPieceLength unchanged
   Value: 1e-05  Min: 1e-05  Max: 1000000.0  Default: 0.01
Parameter FuncPieceError unchanged
   Value: 1e-06  Min: 1e-06  Max: 1000000.0  Default: 0.001
Parameter IntFeasTol unchanged
   Value: 1e-09  Min: 1e-09  Max: 0.1  Default: 1e-05
Gurobi Optimizer version 9.1.2 build v9.1.2rc0 (linux64)
Thread count: 64 physical cores, 128 logical processors, using up to 32 threads
Optimize a model with 815 rows, 1287 columns and 2142 nonzeros
Model fingerprint: 0x20135d19
Model has 1016 general constraints
Variable types: 783 continuous, 504 integer (504 binary)
Coefficient statistics:
  Matrix range     [4e-02, 3e+00]
  Objective range  [0e+00, 0e+00]
  Bounds range     [1e+00, 1e+00]
  RHS range        [2e-02, 3e+00]
Presolve removed 654 rows and 980 columns
Presolve time: 0.03s
Presolved: 161 rows, 307 columns, 819 nonzeros
Presolved model has 76 SOS constraint(s)
Variable types: 242 continuous, 65 integer (64 binary)

Root relaxation: objective 0.000000e+00, 111 iterations, 0.00 seconds

    Nodes    |    Current Node    |     Objective Bounds      |     Work
 Expl Unexpl |  Obj  Depth IntInf | Incumbent    BestBd   Gap | It/Node Time

     0     0    0.00000    0    2          -    0.00000      -     -    0s
     0     0    0.00000    0    2          -    0.00000      -     -    0s
     0     0    0.00000    0    7          -    0.00000      -     -    0s
     0     0    0.00000    0    7          -    0.00000      -     -    0s
     0     2    0.00000    0    7          -    0.00000      -     -    0s

Explored 31 nodes (209 simplex iterations) in 0.09 seconds
Thread count was 32 (of 128 available processors)

Solution count 0

Model is infeasible
Best objective -, best bound -, gap -
Discarded solution information
Parameter FuncPieces unchanged
   Value: -1  Min: -2  Max: 200000000  Default: 0
Parameter FuncPieceLength unchanged
   Value: 1e-05  Min: 1e-05  Max: 1000000.0  Default: 0.01
Parameter FuncPieceError unchanged
   Value: 1e-06  Min: 1e-06  Max: 1000000.0  Default: 0.001
Parameter IntFeasTol unchanged
   Value: 1e-09  Min: 1e-09  Max: 0.1  Default: 1e-05
Gurobi Optimizer version 9.1.2 build v9.1.2rc0 (linux64)
Thread count: 64 physical cores, 128 logical processors, using up to 32 threads
Optimize a model with 815 rows, 1287 columns and 2142 nonzeros
Model fingerprint: 0xe3de3889
Model has 1016 general constraints
Variable types: 783 continuous, 504 integer (504 binary)
Coefficient statistics:
  Matrix range     [4e-02, 3e+00]
  Objective range  [0e+00, 0e+00]
  Bounds range     [1e+00, 1e+00]
  RHS range        [2e-02, 3e+00]
Presolve added 0 rows and 129 columns
Presolve removed 7 rows and 0 columns
Presolve time: 0.02s

Explored 0 nodes (0 simplex iterations) in 0.02 seconds
Thread count was 1 (of 128 available processors)

Solution count 0

Model is infeasible
Best objective -, best bound -, gap -
Discarded solution information
Parameter FuncPieces unchanged
   Value: -1  Min: -2  Max: 200000000  Default: 0
Parameter FuncPieceLength unchanged
   Value: 1e-05  Min: 1e-05  Max: 1000000.0  Default: 0.01
Parameter FuncPieceError unchanged
   Value: 1e-06  Min: 1e-06  Max: 1000000.0  Default: 0.001
Parameter IntFeasTol unchanged
   Value: 1e-09  Min: 1e-09  Max: 0.1  Default: 1e-05
Gurobi Optimizer version 9.1.2 build v9.1.2rc0 (linux64)
Thread count: 64 physical cores, 128 logical processors, using up to 32 threads
Optimize a model with 814 rows, 1287 columns and 2141 nonzeros
Model fingerprint: 0x2898a62f
Model has 1016 general constraints
Variable types: 783 continuous, 504 integer (504 binary)
Coefficient statistics:
  Matrix range     [4e-02, 3e+00]
  Objective range  [0e+00, 0e+00]
  Bounds range     [1e+00, 1e+00]
  RHS range        [2e-02, 3e+00]
Presolve removed 653 rows and 980 columns
Presolve time: 0.03s
Presolved: 161 rows, 307 columns, 819 nonzeros
Presolved model has 76 SOS constraint(s)
Variable types: 242 continuous, 65 integer (64 binary)

Root relaxation: objective 0.000000e+00, 111 iterations, 0.00 seconds

    Nodes    |    Current Node    |     Objective Bounds      |     Work
 Expl Unexpl |  Obj  Depth IntInf | Incumbent    BestBd   Gap | It/Node Time

     0     0    0.00000    0    2          -    0.00000      -     -    0s
     0     0    0.00000    0    2          -    0.00000      -     -    0s
     0     0    0.00000    0    7          -    0.00000      -     -    0s
     0     0    0.00000    0    7          -    0.00000      -     -    0s
     0     2    0.00000    0    7          -    0.00000      -     -    0s

Explored 31 nodes (209 simplex iterations) in 0.09 seconds
Thread count was 32 (of 128 available processors)

Solution count 0

Model is infeasible
Best objective -, best bound -, gap -
Discarded solution information
Parameter FuncPieces unchanged
   Value: -1  Min: -2  Max: 200000000  Default: 0
Parameter FuncPieceLength unchanged
   Value: 1e-05  Min: 1e-05  Max: 1000000.0  Default: 0.01
Parameter FuncPieceError unchanged
   Value: 1e-06  Min: 1e-06  Max: 1000000.0  Default: 0.001
Parameter IntFeasTol unchanged
   Value: 1e-09  Min: 1e-09  Max: 0.1  Default: 1e-05
Gurobi Optimizer version 9.1.2 build v9.1.2rc0 (linux64)
Thread count: 64 physical cores, 128 logical processors, using up to 32 threads
Optimize a model with 814 rows, 1287 columns and 2141 nonzeros
Model fingerprint: 0xd32dd595
Model has 1016 general constraints
Variable types: 783 continuous, 504 integer (504 binary)
Coefficient statistics:
  Matrix range     [4e-02, 3e+00]
  Objective range  [0e+00, 0e+00]
  Bounds range     [1e+00, 1e+00]
  RHS range        [2e-02, 3e+00]
Presolve added 0 rows and 130 columns
Presolve removed 4 rows and 0 columns
Presolve time: 0.02s

Explored 0 nodes (0 simplex iterations) in 0.02 seconds
Thread count was 1 (of 128 available processors)

Solution count 0

Model is infeasible
Best objective -, best bound -, gap -
Discarded solution information
Parameter FuncPieces unchanged
   Value: -1  Min: -2  Max: 200000000  Default: 0
Parameter FuncPieceLength unchanged
   Value: 1e-05  Min: 1e-05  Max: 1000000.0  Default: 0.01
Parameter FuncPieceError unchanged
   Value: 1e-06  Min: 1e-06  Max: 1000000.0  Default: 0.001
Parameter IntFeasTol unchanged
   Value: 1e-09  Min: 1e-09  Max: 0.1  Default: 1e-05
Gurobi Optimizer version 9.1.2 build v9.1.2rc0 (linux64)
Thread count: 64 physical cores, 128 logical processors, using up to 32 threads
Optimize a model with 813 rows, 1287 columns and 2140 nonzeros
Model fingerprint: 0x2aaa6db6
Model has 1016 general constraints
Variable types: 783 continuous, 504 integer (504 binary)
Coefficient statistics:
  Matrix range     [4e-02, 3e+00]
  Objective range  [0e+00, 0e+00]
  Bounds range     [1e+00, 1e+00]
  RHS range        [2e-02, 3e+00]
Presolve removed 632 rows and 975 columns
Presolve time: 0.04s
Presolved: 181 rows, 312 columns, 855 nonzeros
Presolved model has 73 SOS constraint(s)
Variable types: 244 continuous, 68 integer (65 binary)

Root relaxation: objective 0.000000e+00, 123 iterations, 0.00 seconds

    Nodes    |    Current Node    |     Objective Bounds      |     Work
 Expl Unexpl |  Obj  Depth IntInf | Incumbent    BestBd   Gap | It/Node Time

     0     0    0.00000    0    5          -    0.00000      -     -    0s
     0     0    0.00000    0    3          -    0.00000      -     -    0s

Cutting planes:
  MIR: 1
  Relax-and-lift: 1

Explored 1 nodes (124 simplex iterations) in 0.08 seconds
Thread count was 32 (of 128 available processors)

Solution count 0

Model is infeasible
Best objective -, best bound -, gap -
Discarded solution information
Parameter FuncPieces unchanged
   Value: -1  Min: -2  Max: 200000000  Default: 0
Parameter FuncPieceLength unchanged
   Value: 1e-05  Min: 1e-05  Max: 1000000.0  Default: 0.01
Parameter FuncPieceError unchanged
   Value: 1e-06  Min: 1e-06  Max: 1000000.0  Default: 0.001
Parameter IntFeasTol unchanged
   Value: 1e-09  Min: 1e-09  Max: 0.1  Default: 1e-05
Gurobi Optimizer version 9.1.2 build v9.1.2rc0 (linux64)
Thread count: 64 physical cores, 128 logical processors, using up to 32 threads
Optimize a model with 813 rows, 1287 columns and 2140 nonzeros
Model fingerprint: 0xdc79950e
Model has 1016 general constraints
Variable types: 783 continuous, 504 integer (504 binary)
Coefficient statistics:
  Matrix range     [4e-02, 3e+00]
  Objective range  [0e+00, 0e+00]
  Bounds range     [1e+00, 1e+00]
  RHS range        [2e-02, 3e+00]
Presolve removed 644 rows and 1061 columns
Presolve time: 0.03s
Presolved: 169 rows, 226 columns, 657 nonzeros
Presolved model has 40 SOS constraint(s)
Variable types: 126 continuous, 100 integer (100 binary)

Root relaxation: objective 0.000000e+00, 135 iterations, 0.00 seconds

    Nodes    |    Current Node    |     Objective Bounds      |     Work
 Expl Unexpl |  Obj  Depth IntInf | Incumbent    BestBd   Gap | It/Node Time

     0     0    0.00000    0    1          -    0.00000      -     -    0s
H    0     0                       0.0000000    0.00000  0.00%     -    0s

Explored 1 nodes (135 simplex iterations) in 0.04 seconds
Thread count was 32 (of 128 available processors)

Solution count 1: 0 

Optimal solution found (tolerance 1.00e-04)
Warning: max constraint violation (6.9475e-02) exceeds tolerance
Warning: max general constraint violation (6.9475e-02) exceeds tolerance
         (model may be infeasible or unbounded - try turning presolve off)
Best objective 0.000000000000e+00, best bound 0.000000000000e+00, gap 0.0000%
Discarded solution information
Parameter FuncPieces unchanged
   Value: -1  Min: -2  Max: 200000000  Default: 0
Parameter FuncPieceLength unchanged
   Value: 1e-05  Min: 1e-05  Max: 1000000.0  Default: 0.01
Parameter FuncPieceError unchanged
   Value: 1e-06  Min: 1e-06  Max: 1000000.0  Default: 0.001
Parameter IntFeasTol unchanged
   Value: 1e-09  Min: 1e-09  Max: 0.1  Default: 1e-05
Gurobi Optimizer version 9.1.2 build v9.1.2rc0 (linux64)
Thread count: 64 physical cores, 128 logical processors, using up to 32 threads
Optimize a model with 813 rows, 1287 columns and 2140 nonzeros
Model fingerprint: 0xa37cffc4
Model has 1016 general constraints
Variable types: 783 continuous, 504 integer (504 binary)
Coefficient statistics:
  Matrix range     [4e-02, 3e+00]
  Objective range  [0e+00, 0e+00]
  Bounds range     [1e+00, 1e+00]
  RHS range        [2e-02, 3e+00]
Presolve removed 652 rows and 980 columns
Presolve time: 0.03s
Presolved: 161 rows, 307 columns, 819 nonzeros
Presolved model has 76 SOS constraint(s)
Variable types: 242 continuous, 65 integer (64 binary)

Root relaxation: objective 0.000000e+00, 111 iterations, 0.00 seconds

    Nodes    |    Current Node    |     Objective Bounds      |     Work
 Expl Unexpl |  Obj  Depth IntInf | Incumbent    BestBd   Gap | It/Node Time

     0     0    0.00000    0    2          -    0.00000      -     -    0s
     0     0    0.00000    0    2          -    0.00000      -     -    0s
     0     0    0.00000    0    7          -    0.00000      -     -    0s
     0     0    0.00000    0    7          -    0.00000      -     -    0s
     0     2    0.00000    0    7          -    0.00000      -     -    0s

Explored 31 nodes (209 simplex iterations) in 0.12 seconds
Thread count was 32 (of 128 available processors)

Solution count 0

Model is infeasible
Best objective -, best bound -, gap -
Discarded solution information
Parameter FuncPieces unchanged
   Value: -1  Min: -2  Max: 200000000  Default: 0
Parameter FuncPieceLength unchanged
   Value: 1e-05  Min: 1e-05  Max: 1000000.0  Default: 0.01
Parameter FuncPieceError unchanged
   Value: 1e-06  Min: 1e-06  Max: 1000000.0  Default: 0.001
Parameter IntFeasTol unchanged
   Value: 1e-09  Min: 1e-09  Max: 0.1  Default: 1e-05
Gurobi Optimizer version 9.1.2 build v9.1.2rc0 (linux64)
Thread count: 64 physical cores, 128 logical processors, using up to 32 threads
Optimize a model with 813 rows, 1287 columns and 2140 nonzeros
Model fingerprint: 0x6303b23e
Model has 1016 general constraints
Variable types: 783 continuous, 504 integer (504 binary)
Coefficient statistics:
  Matrix range     [4e-02, 3e+00]
  Objective range  [0e+00, 0e+00]
  Bounds range     [1e+00, 1e+00]
  RHS range        [2e-02, 3e+00]
Presolve added 0 rows and 130 columns
Presolve removed 3 rows and 0 columns
Presolve time: 0.02s

Explored 0 nodes (0 simplex iterations) in 0.02 seconds
Thread count was 1 (of 128 available processors)

Solution count 0

Model is infeasible
Best objective -, best bound -, gap -
Discarded solution information
Parameter FuncPieces unchanged
   Value: -1  Min: -2  Max: 200000000  Default: 0
Parameter FuncPieceLength unchanged
   Value: 1e-05  Min: 1e-05  Max: 1000000.0  Default: 0.01
Parameter FuncPieceError unchanged
   Value: 1e-06  Min: 1e-06  Max: 1000000.0  Default: 0.001
Parameter IntFeasTol unchanged
   Value: 1e-09  Min: 1e-09  Max: 0.1  Default: 1e-05
Gurobi Optimizer version 9.1.2 build v9.1.2rc0 (linux64)
Thread count: 64 physical cores, 128 logical processors, using up to 32 threads
Optimize a model with 812 rows, 1287 columns and 2139 nonzeros
Model fingerprint: 0xdc400ab7
Model has 1016 general constraints
Variable types: 783 continuous, 504 integer (504 binary)
Coefficient statistics:
  Matrix range     [4e-02, 3e+00]
  Objective range  [0e+00, 0e+00]
  Bounds range     [1e+00, 1e+00]
  RHS range        [2e-02, 3e+00]
Presolve removed 651 rows and 980 columns
Presolve time: 0.03s
Presolved: 161 rows, 307 columns, 819 nonzeros
Presolved model has 76 SOS constraint(s)
Variable types: 242 continuous, 65 integer (64 binary)

Root relaxation: objective 0.000000e+00, 111 iterations, 0.00 seconds

    Nodes    |    Current Node    |     Objective Bounds      |     Work
 Expl Unexpl |  Obj  Depth IntInf | Incumbent    BestBd   Gap | It/Node Time

     0     0    0.00000    0    2          -    0.00000      -     -    0s
     0     0    0.00000    0    2          -    0.00000      -     -    0s
     0     0    0.00000    0    7          -    0.00000      -     -    0s
     0     0    0.00000    0    7          -    0.00000      -     -    0s
     0     2    0.00000    0    7          -    0.00000      -     -    0s

Explored 31 nodes (209 simplex iterations) in 0.10 seconds
Thread count was 32 (of 128 available processors)

Solution count 0

Model is infeasible
Best objective -, best bound -, gap -
Discarded solution information
Parameter FuncPieces unchanged
   Value: -1  Min: -2  Max: 200000000  Default: 0
Parameter FuncPieceLength unchanged
   Value: 1e-05  Min: 1e-05  Max: 1000000.0  Default: 0.01
Parameter FuncPieceError unchanged
   Value: 1e-06  Min: 1e-06  Max: 1000000.0  Default: 0.001
Parameter IntFeasTol unchanged
   Value: 1e-09  Min: 1e-09  Max: 0.1  Default: 1e-05
Gurobi Optimizer version 9.1.2 build v9.1.2rc0 (linux64)
Thread count: 64 physical cores, 128 logical processors, using up to 32 threads
Optimize a model with 811 rows, 1287 columns and 2138 nonzeros
Model fingerprint: 0xd3c03e6b
Model has 1016 general constraints
Variable types: 783 continuous, 504 integer (504 binary)
Coefficient statistics:
  Matrix range     [4e-02, 3e+00]
  Objective range  [0e+00, 0e+00]
  Bounds range     [1e+00, 1e+00]
  RHS range        [2e-02, 3e+00]
Presolve removed 644 rows and 970 columns
Presolve time: 0.05s
Presolved: 167 rows, 317 columns, 841 nonzeros
Presolved model has 80 SOS constraint(s)
Variable types: 246 continuous, 71 integer (70 binary)

Root relaxation: objective 0.000000e+00, 108 iterations, 0.00 seconds

    Nodes    |    Current Node    |     Objective Bounds      |     Work
 Expl Unexpl |  Obj  Depth IntInf | Incumbent    BestBd   Gap | It/Node Time

     0     0    0.00000    0    2          -    0.00000      -     -    0s
     0     0    0.00000    0    2          -    0.00000      -     -    0s
     0     0    0.00000    0    9          -    0.00000      -     -    0s
     0     0    0.00000    0    9          -    0.00000      -     -    0s
     0     2    0.00000    0    9          -    0.00000      -     -    0s

Explored 323 nodes (617 simplex iterations) in 0.17 seconds
Thread count was 32 (of 128 available processors)

Solution count 0

Model is infeasible
Best objective -, best bound -, gap -
Discarded solution information
Parameter FuncPieces unchanged
   Value: -1  Min: -2  Max: 200000000  Default: 0
Parameter FuncPieceLength unchanged
   Value: 1e-05  Min: 1e-05  Max: 1000000.0  Default: 0.01
Parameter FuncPieceError unchanged
   Value: 1e-06  Min: 1e-06  Max: 1000000.0  Default: 0.001
Parameter IntFeasTol unchanged
   Value: 1e-09  Min: 1e-09  Max: 0.1  Default: 1e-05
Gurobi Optimizer version 9.1.2 build v9.1.2rc0 (linux64)
Thread count: 64 physical cores, 128 logical processors, using up to 32 threads
Optimize a model with 812 rows, 1287 columns and 2139 nonzeros
Model fingerprint: 0x510b4f36
Model has 1016 general constraints
Variable types: 783 continuous, 504 integer (504 binary)
Coefficient statistics:
  Matrix range     [4e-02, 3e+00]
  Objective range  [0e+00, 0e+00]
  Bounds range     [1e+00, 1e+00]
  RHS range        [2e-02, 3e+00]
Presolve added 10 rows and 157 columns
Presolve time: 0.02s

Explored 0 nodes (0 simplex iterations) in 0.02 seconds
Thread count was 1 (of 128 available processors)

Solution count 0

Model is infeasible
Best objective -, best bound -, gap -
Discarded solution information
