
Gurobi 9.1.2 (linux64) logging started Sun May 21 10:58:54 2023

Changed value of parameter LogFile to ./logs/parking-3-2-1-20230521-105854.log
   Prev:   Default: 
Changed value of parameter FuncPieces to -1
   Prev: 0  Min: -2  Max: 200000000  Default: 0
Changed value of parameter FuncPieceLength to 1e-05
   Prev: 0.01  Min: 1e-05  Max: 1000000.0  Default: 0.01
Changed value of parameter FuncPieceError to 1e-06
   Prev: 0.001  Min: 1e-06  Max: 1000000.0  Default: 0.001
Changed value of parameter IntFeasTol to 1e-09
   Prev: 1e-05  Min: 1e-09  Max: 0.1  Default: 1e-05
Gurobi Optimizer version 9.1.2 build v9.1.2rc0 (linux64)
Thread count: 64 physical cores, 128 logical processors, using up to 32 threads
Optimize a model with 552 rows, 758 columns and 1478 nonzeros
Model fingerprint: 0x5dcd0a30
Model has 412 general constraints
Variable types: 553 continuous, 205 integer (205 binary)
Coefficient statistics:
  Matrix range     [4e-02, 3e+00]
  Objective range  [0e+00, 0e+00]
  Bounds range     [1e+00, 1e+00]
  RHS range        [2e-02, 3e+00]
Presolve added 19 rows and 0 columns
Presolve removed 0 rows and 50 columns
Presolve time: 0.03s
Presolved: 571 rows, 708 columns, 2227 nonzeros
Presolved model has 151 SOS constraint(s)
Variable types: 528 continuous, 180 integer (180 binary)

Root relaxation: objective 0.000000e+00, 445 iterations, 0.01 seconds

    Nodes    |    Current Node    |     Objective Bounds      |     Work
 Expl Unexpl |  Obj  Depth IntInf | Incumbent    BestBd   Gap | It/Node Time

     0     0    0.00000    0    7          -    0.00000      -     -    0s
     0     0    0.00000    0    9          -    0.00000      -     -    0s
     0     0    0.00000    0    8          -    0.00000      -     -    0s
     0     0    0.00000    0    6          -    0.00000      -     -    0s
     0     0    0.00000    0    6          -    0.00000      -     -    0s
     0     2    0.00000    0    6          -    0.00000      -     -    0s
H 5003  2977                       0.0000000    0.00000  0.00%   1.2    0s

Cutting planes:
  Gomory: 1
  MIR: 2
  Flow cover: 2

Explored 5053 nodes (32618 simplex iterations) in 0.49 seconds
Thread count was 32 (of 128 available processors)

Solution count 1: 0 

Optimal solution found (tolerance 1.00e-04)
Warning: max constraint violation (6.9158e-02) exceeds tolerance
Warning: max general constraint violation (6.9158e-02) exceeds tolerance
         (model may be infeasible or unbounded - try turning presolve off)
Best objective 0.000000000000e+00, best bound 0.000000000000e+00, gap 0.0000%
Discarded solution information
Gurobi Optimizer version 9.1.2 build v9.1.2rc0 (linux64)
Thread count: 64 physical cores, 128 logical processors, using up to 32 threads
Optimize a model with 552 rows, 908 columns and 1478 nonzeros
Model fingerprint: 0x3db2b631
Model has 712 general constraints
Variable types: 553 continuous, 355 integer (355 binary)
Coefficient statistics:
  Matrix range     [4e-02, 3e+00]
  Objective range  [0e+00, 0e+00]
  Bounds range     [1e+00, 1e+00]
  RHS range        [2e-02, 3e+00]
Presolve added 295 rows and 34 columns
Presolve time: 0.05s
Presolved: 847 rows, 942 columns, 3271 nonzeros
Presolved model has 251 SOS constraint(s)
Variable types: 636 continuous, 306 integer (306 binary)

Root relaxation: objective 0.000000e+00, 610 iterations, 0.02 seconds

    Nodes    |    Current Node    |     Objective Bounds      |     Work
 Expl Unexpl |  Obj  Depth IntInf | Incumbent    BestBd   Gap | It/Node Time

     0     0    0.00000    0   39          -    0.00000      -     -    0s
     0     0    0.00000    0   39          -    0.00000      -     -    0s
     0     2    0.00000    0   39          -    0.00000      -     -    0s
* 3004  2918              92       0.0000000    0.00000  0.00%  20.1    0s

Cutting planes:
  Cover: 23
  Implied bound: 4

Explored 5543 nodes (73459 simplex iterations) in 0.31 seconds
Thread count was 32 (of 128 available processors)

Solution count 1: 0 

Optimal solution found (tolerance 1.00e-04)
Warning: max constraint violation (6.8376e-02) exceeds tolerance
Warning: max bound violation (9.8408e-05) exceeds tolerance
Warning: max general constraint violation (6.8376e-02) exceeds tolerance
         (model may be infeasible or unbounded - try turning presolve off)
Best objective 0.000000000000e+00, best bound 0.000000000000e+00, gap 0.0000%
Discarded solution information
Parameter FuncPieces unchanged
   Value: -1  Min: -2  Max: 200000000  Default: 0
Parameter FuncPieceLength unchanged
   Value: 1e-05  Min: 1e-05  Max: 1000000.0  Default: 0.01
Parameter FuncPieceError unchanged
   Value: 1e-06  Min: 1e-06  Max: 1000000.0  Default: 0.001
Parameter IntFeasTol unchanged
   Value: 1e-09  Min: 1e-09  Max: 0.1  Default: 1e-05
Gurobi Optimizer version 9.1.2 build v9.1.2rc0 (linux64)
Thread count: 64 physical cores, 128 logical processors, using up to 32 threads
Optimize a model with 577 rows, 908 columns and 1503 nonzeros
Model fingerprint: 0xe1b59ea4
Model has 712 general constraints
Variable types: 553 continuous, 355 integer (355 binary)
Coefficient statistics:
  Matrix range     [4e-02, 3e+00]
  Objective range  [0e+00, 0e+00]
  Bounds range     [1e+00, 1e+00]
  RHS range        [2e-02, 3e+00]
Presolve removed 371 rows and 631 columns
Presolve time: 0.02s
Presolved: 206 rows, 277 columns, 841 nonzeros
Presolved model has 45 SOS constraint(s)
Variable types: 152 continuous, 125 integer (125 binary)

Root relaxation: objective 0.000000e+00, 133 iterations, 0.00 seconds

    Nodes    |    Current Node    |     Objective Bounds      |     Work
 Expl Unexpl |  Obj  Depth IntInf | Incumbent    BestBd   Gap | It/Node Time

     0     0    0.00000    0    3          -    0.00000      -     -    0s
     0     0    0.00000    0    3          -    0.00000      -     -    0s

Explored 1 nodes (133 simplex iterations) in 0.03 seconds
Thread count was 32 (of 128 available processors)

Solution count 0

Model is infeasible
Best objective -, best bound -, gap -
Discarded solution information
Parameter FuncPieces unchanged
   Value: -1  Min: -2  Max: 200000000  Default: 0
Parameter FuncPieceLength unchanged
   Value: 1e-05  Min: 1e-05  Max: 1000000.0  Default: 0.01
Parameter FuncPieceError unchanged
   Value: 1e-06  Min: 1e-06  Max: 1000000.0  Default: 0.001
Parameter IntFeasTol unchanged
   Value: 1e-09  Min: 1e-09  Max: 0.1  Default: 1e-05
Gurobi Optimizer version 9.1.2 build v9.1.2rc0 (linux64)
Thread count: 64 physical cores, 128 logical processors, using up to 32 threads
Optimize a model with 577 rows, 908 columns and 1503 nonzeros
Model fingerprint: 0xbda819c4
Model has 712 general constraints
Variable types: 553 continuous, 355 integer (355 binary)
Coefficient statistics:
  Matrix range     [4e-02, 3e+00]
  Objective range  [0e+00, 0e+00]
  Bounds range     [1e+00, 1e+00]
  RHS range        [2e-02, 3e+00]
Presolve removed 371 rows and 631 columns
Presolve time: 0.02s
Presolved: 206 rows, 277 columns, 841 nonzeros
Presolved model has 45 SOS constraint(s)
Variable types: 152 continuous, 125 integer (125 binary)

Root relaxation: objective 0.000000e+00, 133 iterations, 0.00 seconds

    Nodes    |    Current Node    |     Objective Bounds      |     Work
 Expl Unexpl |  Obj  Depth IntInf | Incumbent    BestBd   Gap | It/Node Time

     0     0    0.00000    0    3          -    0.00000      -     -    0s
     0     0    0.00000    0    3          -    0.00000      -     -    0s

Explored 1 nodes (133 simplex iterations) in 0.03 seconds
Thread count was 32 (of 128 available processors)

Solution count 0

Model is infeasible
Best objective -, best bound -, gap -
Discarded solution information
Parameter FuncPieces unchanged
   Value: -1  Min: -2  Max: 200000000  Default: 0
Parameter FuncPieceLength unchanged
   Value: 1e-05  Min: 1e-05  Max: 1000000.0  Default: 0.01
Parameter FuncPieceError unchanged
   Value: 1e-06  Min: 1e-06  Max: 1000000.0  Default: 0.001
Parameter IntFeasTol unchanged
   Value: 1e-09  Min: 1e-09  Max: 0.1  Default: 1e-05
Gurobi Optimizer version 9.1.2 build v9.1.2rc0 (linux64)
Thread count: 64 physical cores, 128 logical processors, using up to 32 threads
Optimize a model with 576 rows, 908 columns and 1502 nonzeros
Model fingerprint: 0x17b71933
Model has 712 general constraints
Variable types: 553 continuous, 355 integer (355 binary)
Coefficient statistics:
  Matrix range     [4e-02, 3e+00]
  Objective range  [0e+00, 0e+00]
  Bounds range     [1e+00, 1e+00]
  RHS range        [2e-02, 3e+00]
Presolve removed 404 rows and 508 columns
Presolve time: 0.01s

Explored 0 nodes (0 simplex iterations) in 0.01 seconds
Thread count was 1 (of 128 available processors)

Solution count 0

Model is infeasible
Best objective -, best bound -, gap -
Discarded solution information
Parameter FuncPieces unchanged
   Value: -1  Min: -2  Max: 200000000  Default: 0
Parameter FuncPieceLength unchanged
   Value: 1e-05  Min: 1e-05  Max: 1000000.0  Default: 0.01
Parameter FuncPieceError unchanged
   Value: 1e-06  Min: 1e-06  Max: 1000000.0  Default: 0.001
Parameter IntFeasTol unchanged
   Value: 1e-09  Min: 1e-09  Max: 0.1  Default: 1e-05
Gurobi Optimizer version 9.1.2 build v9.1.2rc0 (linux64)
Thread count: 64 physical cores, 128 logical processors, using up to 32 threads
Optimize a model with 575 rows, 908 columns and 1501 nonzeros
Model fingerprint: 0xc310d924
Model has 712 general constraints
Variable types: 553 continuous, 355 integer (355 binary)
Coefficient statistics:
  Matrix range     [4e-02, 3e+00]
  Objective range  [0e+00, 0e+00]
  Bounds range     [1e+00, 1e+00]
  RHS range        [2e-02, 3e+00]
Presolve removed 369 rows and 631 columns
Presolve time: 0.02s
Presolved: 206 rows, 277 columns, 841 nonzeros
Presolved model has 45 SOS constraint(s)
Variable types: 152 continuous, 125 integer (125 binary)

Root relaxation: objective 0.000000e+00, 133 iterations, 0.00 seconds

    Nodes    |    Current Node    |     Objective Bounds      |     Work
 Expl Unexpl |  Obj  Depth IntInf | Incumbent    BestBd   Gap | It/Node Time

     0     0    0.00000    0    3          -    0.00000      -     -    0s
     0     0    0.00000    0    3          -    0.00000      -     -    0s

Explored 1 nodes (133 simplex iterations) in 0.04 seconds
Thread count was 32 (of 128 available processors)

Solution count 0

Model is infeasible
Best objective -, best bound -, gap -
Discarded solution information
Parameter FuncPieces unchanged
   Value: -1  Min: -2  Max: 200000000  Default: 0
Parameter FuncPieceLength unchanged
   Value: 1e-05  Min: 1e-05  Max: 1000000.0  Default: 0.01
Parameter FuncPieceError unchanged
   Value: 1e-06  Min: 1e-06  Max: 1000000.0  Default: 0.001
Parameter IntFeasTol unchanged
   Value: 1e-09  Min: 1e-09  Max: 0.1  Default: 1e-05
Gurobi Optimizer version 9.1.2 build v9.1.2rc0 (linux64)
Thread count: 64 physical cores, 128 logical processors, using up to 32 threads
Optimize a model with 574 rows, 908 columns and 1500 nonzeros
Model fingerprint: 0xf67827d8
Model has 712 general constraints
Variable types: 553 continuous, 355 integer (355 binary)
Coefficient statistics:
  Matrix range     [4e-02, 3e+00]
  Objective range  [0e+00, 0e+00]
  Bounds range     [1e+00, 1e+00]
  RHS range        [2e-02, 3e+00]
Presolve removed 368 rows and 631 columns
Presolve time: 0.02s
Presolved: 206 rows, 277 columns, 841 nonzeros
Presolved model has 45 SOS constraint(s)
Variable types: 152 continuous, 125 integer (125 binary)

Root relaxation: objective 0.000000e+00, 133 iterations, 0.00 seconds

    Nodes    |    Current Node    |     Objective Bounds      |     Work
 Expl Unexpl |  Obj  Depth IntInf | Incumbent    BestBd   Gap | It/Node Time

     0     0    0.00000    0    3          -    0.00000      -     -    0s
     0     0    0.00000    0    3          -    0.00000      -     -    0s

Explored 1 nodes (133 simplex iterations) in 0.03 seconds
Thread count was 32 (of 128 available processors)

Solution count 0

Model is infeasible
Best objective -, best bound -, gap -
Discarded solution information
Parameter FuncPieces unchanged
   Value: -1  Min: -2  Max: 200000000  Default: 0
Parameter FuncPieceLength unchanged
   Value: 1e-05  Min: 1e-05  Max: 1000000.0  Default: 0.01
Parameter FuncPieceError unchanged
   Value: 1e-06  Min: 1e-06  Max: 1000000.0  Default: 0.001
Parameter IntFeasTol unchanged
   Value: 1e-09  Min: 1e-09  Max: 0.1  Default: 1e-05
Gurobi Optimizer version 9.1.2 build v9.1.2rc0 (linux64)
Thread count: 64 physical cores, 128 logical processors, using up to 32 threads
Optimize a model with 575 rows, 908 columns and 1501 nonzeros
Model fingerprint: 0x0a2287da
Model has 712 general constraints
Variable types: 553 continuous, 355 integer (355 binary)
Coefficient statistics:
  Matrix range     [4e-02, 3e+00]
  Objective range  [0e+00, 0e+00]
  Bounds range     [1e+00, 1e+00]
  RHS range        [2e-02, 3e+00]
Presolve removed 403 rows and 508 columns
Presolve time: 0.01s

Explored 0 nodes (0 simplex iterations) in 0.01 seconds
Thread count was 1 (of 128 available processors)

Solution count 0

Model is infeasible
Best objective -, best bound -, gap -
Discarded solution information
Parameter FuncPieces unchanged
   Value: -1  Min: -2  Max: 200000000  Default: 0
Parameter FuncPieceLength unchanged
   Value: 1e-05  Min: 1e-05  Max: 1000000.0  Default: 0.01
Parameter FuncPieceError unchanged
   Value: 1e-06  Min: 1e-06  Max: 1000000.0  Default: 0.001
Parameter IntFeasTol unchanged
   Value: 1e-09  Min: 1e-09  Max: 0.1  Default: 1e-05
Gurobi Optimizer version 9.1.2 build v9.1.2rc0 (linux64)
Thread count: 64 physical cores, 128 logical processors, using up to 32 threads
Optimize a model with 573 rows, 908 columns and 1499 nonzeros
Model fingerprint: 0xb52e06f8
Model has 712 general constraints
Variable types: 553 continuous, 355 integer (355 binary)
Coefficient statistics:
  Matrix range     [4e-02, 3e+00]
  Objective range  [0e+00, 0e+00]
  Bounds range     [1e+00, 1e+00]
  RHS range        [2e-02, 3e+00]
Presolve removed 367 rows and 631 columns
Presolve time: 0.02s
Presolved: 206 rows, 277 columns, 841 nonzeros
Presolved model has 45 SOS constraint(s)
Variable types: 152 continuous, 125 integer (125 binary)

Root relaxation: objective 0.000000e+00, 133 iterations, 0.00 seconds

    Nodes    |    Current Node    |     Objective Bounds      |     Work
 Expl Unexpl |  Obj  Depth IntInf | Incumbent    BestBd   Gap | It/Node Time

     0     0    0.00000    0    3          -    0.00000      -     -    0s
     0     0    0.00000    0    3          -    0.00000      -     -    0s

Explored 1 nodes (133 simplex iterations) in 0.03 seconds
Thread count was 32 (of 128 available processors)

Solution count 0

Model is infeasible
Best objective -, best bound -, gap -
Discarded solution information
Parameter FuncPieces unchanged
   Value: -1  Min: -2  Max: 200000000  Default: 0
Parameter FuncPieceLength unchanged
   Value: 1e-05  Min: 1e-05  Max: 1000000.0  Default: 0.01
Parameter FuncPieceError unchanged
   Value: 1e-06  Min: 1e-06  Max: 1000000.0  Default: 0.001
Parameter IntFeasTol unchanged
   Value: 1e-09  Min: 1e-09  Max: 0.1  Default: 1e-05
Gurobi Optimizer version 9.1.2 build v9.1.2rc0 (linux64)
Thread count: 64 physical cores, 128 logical processors, using up to 32 threads
Optimize a model with 574 rows, 908 columns and 1500 nonzeros
Model fingerprint: 0x4c87d620
Model has 712 general constraints
Variable types: 553 continuous, 355 integer (355 binary)
Coefficient statistics:
  Matrix range     [4e-02, 3e+00]
  Objective range  [0e+00, 0e+00]
  Bounds range     [1e+00, 1e+00]
  RHS range        [2e-02, 3e+00]
Presolve removed 402 rows and 508 columns
Presolve time: 0.01s

Explored 0 nodes (0 simplex iterations) in 0.01 seconds
Thread count was 1 (of 128 available processors)

Solution count 0

Model is infeasible
Best objective -, best bound -, gap -
Discarded solution information
Parameter FuncPieces unchanged
   Value: -1  Min: -2  Max: 200000000  Default: 0
Parameter FuncPieceLength unchanged
   Value: 1e-05  Min: 1e-05  Max: 1000000.0  Default: 0.01
Parameter FuncPieceError unchanged
   Value: 1e-06  Min: 1e-06  Max: 1000000.0  Default: 0.001
Parameter IntFeasTol unchanged
   Value: 1e-09  Min: 1e-09  Max: 0.1  Default: 1e-05
Gurobi Optimizer version 9.1.2 build v9.1.2rc0 (linux64)
Thread count: 64 physical cores, 128 logical processors, using up to 32 threads
Optimize a model with 572 rows, 908 columns and 1498 nonzeros
Model fingerprint: 0xadff3bba
Model has 712 general constraints
Variable types: 553 continuous, 355 integer (355 binary)
Coefficient statistics:
  Matrix range     [4e-02, 3e+00]
  Objective range  [0e+00, 0e+00]
  Bounds range     [1e+00, 1e+00]
  RHS range        [2e-02, 3e+00]
Presolve removed 364 rows and 633 columns
Presolve time: 0.02s
Presolved: 208 rows, 275 columns, 821 nonzeros
Presolved model has 53 SOS constraint(s)
Variable types: 151 continuous, 124 integer (124 binary)

Root relaxation: objective 0.000000e+00, 139 iterations, 0.00 seconds

    Nodes    |    Current Node    |     Objective Bounds      |     Work
 Expl Unexpl |  Obj  Depth IntInf | Incumbent    BestBd   Gap | It/Node Time

     0     0    0.00000    0    3          -    0.00000      -     -    0s
     0     0    0.00000    0    3          -    0.00000      -     -    0s
H    0     0                       0.0000000    0.00000  0.00%     -    0s

Explored 1 nodes (139 simplex iterations) in 0.03 seconds
Thread count was 32 (of 128 available processors)

Solution count 1: 0 

Optimal solution found (tolerance 1.00e-04)
Warning: max constraint violation (6.8225e-02) exceeds tolerance
Warning: max general constraint violation (6.8225e-02) exceeds tolerance
         (model may be infeasible or unbounded - try turning presolve off)
Best objective 0.000000000000e+00, best bound 0.000000000000e+00, gap 0.0000%
Discarded solution information
Parameter FuncPieces unchanged
   Value: -1  Min: -2  Max: 200000000  Default: 0
Parameter FuncPieceLength unchanged
   Value: 1e-05  Min: 1e-05  Max: 1000000.0  Default: 0.01
Parameter FuncPieceError unchanged
   Value: 1e-06  Min: 1e-06  Max: 1000000.0  Default: 0.001
Parameter IntFeasTol unchanged
   Value: 1e-09  Min: 1e-09  Max: 0.1  Default: 1e-05
Gurobi Optimizer version 9.1.2 build v9.1.2rc0 (linux64)
Thread count: 64 physical cores, 128 logical processors, using up to 32 threads
Optimize a model with 572 rows, 908 columns and 1498 nonzeros
Model fingerprint: 0xeb8997f0
Model has 712 general constraints
Variable types: 553 continuous, 355 integer (355 binary)
Coefficient statistics:
  Matrix range     [4e-02, 3e+00]
  Objective range  [0e+00, 0e+00]
  Bounds range     [1e+00, 1e+00]
  RHS range        [2e-02, 3e+00]
Presolve removed 535 rows and 888 columns
Presolve time: 0.02s

Explored 0 nodes (0 simplex iterations) in 0.02 seconds
Thread count was 1 (of 128 available processors)

Solution count 0

Model is infeasible
Best objective -, best bound -, gap -
Discarded solution information
Parameter FuncPieces unchanged
   Value: -1  Min: -2  Max: 200000000  Default: 0
Parameter FuncPieceLength unchanged
   Value: 1e-05  Min: 1e-05  Max: 1000000.0  Default: 0.01
Parameter FuncPieceError unchanged
   Value: 1e-06  Min: 1e-06  Max: 1000000.0  Default: 0.001
Parameter IntFeasTol unchanged
   Value: 1e-09  Min: 1e-09  Max: 0.1  Default: 1e-05
Gurobi Optimizer version 9.1.2 build v9.1.2rc0 (linux64)
Thread count: 64 physical cores, 128 logical processors, using up to 32 threads
Optimize a model with 573 rows, 908 columns and 1499 nonzeros
Model fingerprint: 0x277398ea
Model has 712 general constraints
Variable types: 553 continuous, 355 integer (355 binary)
Coefficient statistics:
  Matrix range     [4e-02, 3e+00]
  Objective range  [0e+00, 0e+00]
  Bounds range     [1e+00, 1e+00]
  RHS range        [2e-02, 3e+00]
Presolve removed 86 rows and 42 columns
Presolve time: 0.01s

Explored 0 nodes (0 simplex iterations) in 0.01 seconds
Thread count was 1 (of 128 available processors)

Solution count 0

Model is infeasible
Best objective -, best bound -, gap -
Discarded solution information
Parameter FuncPieces unchanged
   Value: -1  Min: -2  Max: 200000000  Default: 0
Parameter FuncPieceLength unchanged
   Value: 1e-05  Min: 1e-05  Max: 1000000.0  Default: 0.01
Parameter FuncPieceError unchanged
   Value: 1e-06  Min: 1e-06  Max: 1000000.0  Default: 0.001
Parameter IntFeasTol unchanged
   Value: 1e-09  Min: 1e-09  Max: 0.1  Default: 1e-05
Gurobi Optimizer version 9.1.2 build v9.1.2rc0 (linux64)
Thread count: 64 physical cores, 128 logical processors, using up to 32 threads
Optimize a model with 571 rows, 908 columns and 1497 nonzeros
Model fingerprint: 0xd6c38d99
Model has 712 general constraints
Variable types: 553 continuous, 355 integer (355 binary)
Coefficient statistics:
  Matrix range     [4e-02, 3e+00]
  Objective range  [0e+00, 0e+00]
  Bounds range     [1e+00, 1e+00]
  RHS range        [2e-02, 3e+00]
Presolve removed 534 rows and 888 columns
Presolve time: 0.02s

Explored 0 nodes (0 simplex iterations) in 0.02 seconds
Thread count was 1 (of 128 available processors)

Solution count 0

Model is infeasible
Best objective -, best bound -, gap -
Discarded solution information
Parameter FuncPieces unchanged
   Value: -1  Min: -2  Max: 200000000  Default: 0
Parameter FuncPieceLength unchanged
   Value: 1e-05  Min: 1e-05  Max: 1000000.0  Default: 0.01
Parameter FuncPieceError unchanged
   Value: 1e-06  Min: 1e-06  Max: 1000000.0  Default: 0.001
Parameter IntFeasTol unchanged
   Value: 1e-09  Min: 1e-09  Max: 0.1  Default: 1e-05
Gurobi Optimizer version 9.1.2 build v9.1.2rc0 (linux64)
Thread count: 64 physical cores, 128 logical processors, using up to 32 threads
Optimize a model with 572 rows, 908 columns and 1498 nonzeros
Model fingerprint: 0xe072c84f
Model has 712 general constraints
Variable types: 553 continuous, 355 integer (355 binary)
Coefficient statistics:
  Matrix range     [4e-02, 3e+00]
  Objective range  [0e+00, 0e+00]
  Bounds range     [1e+00, 1e+00]
  RHS range        [2e-02, 3e+00]
Presolve removed 85 rows and 42 columns
Presolve time: 0.01s

Explored 0 nodes (0 simplex iterations) in 0.01 seconds
Thread count was 1 (of 128 available processors)

Solution count 0

Model is infeasible
Best objective -, best bound -, gap -
Discarded solution information
Parameter FuncPieces unchanged
   Value: -1  Min: -2  Max: 200000000  Default: 0
Parameter FuncPieceLength unchanged
   Value: 1e-05  Min: 1e-05  Max: 1000000.0  Default: 0.01
Parameter FuncPieceError unchanged
   Value: 1e-06  Min: 1e-06  Max: 1000000.0  Default: 0.001
Parameter IntFeasTol unchanged
   Value: 1e-09  Min: 1e-09  Max: 0.1  Default: 1e-05
Gurobi Optimizer version 9.1.2 build v9.1.2rc0 (linux64)
Thread count: 64 physical cores, 128 logical processors, using up to 32 threads
Optimize a model with 570 rows, 908 columns and 1496 nonzeros
Model fingerprint: 0x8c1b8e62
Model has 712 general constraints
Variable types: 553 continuous, 355 integer (355 binary)
Coefficient statistics:
  Matrix range     [4e-02, 3e+00]
  Objective range  [0e+00, 0e+00]
  Bounds range     [1e+00, 1e+00]
  RHS range        [2e-02, 3e+00]
Presolve removed 535 rows and 836 columns
Presolve time: 0.02s

Explored 0 nodes (0 simplex iterations) in 0.02 seconds
Thread count was 1 (of 128 available processors)

Solution count 0

Model is infeasible
Best objective -, best bound -, gap -
Discarded solution information
Parameter FuncPieces unchanged
   Value: -1  Min: -2  Max: 200000000  Default: 0
Parameter FuncPieceLength unchanged
   Value: 1e-05  Min: 1e-05  Max: 1000000.0  Default: 0.01
Parameter FuncPieceError unchanged
   Value: 1e-06  Min: 1e-06  Max: 1000000.0  Default: 0.001
Parameter IntFeasTol unchanged
   Value: 1e-09  Min: 1e-09  Max: 0.1  Default: 1e-05
Gurobi Optimizer version 9.1.2 build v9.1.2rc0 (linux64)
Thread count: 64 physical cores, 128 logical processors, using up to 32 threads
Optimize a model with 571 rows, 908 columns and 1497 nonzeros
Model fingerprint: 0x75e08e06
Model has 712 general constraints
Variable types: 553 continuous, 355 integer (355 binary)
Coefficient statistics:
  Matrix range     [4e-02, 3e+00]
  Objective range  [0e+00, 0e+00]
  Bounds range     [1e+00, 1e+00]
  RHS range        [2e-02, 3e+00]
Presolve removed 571 rows and 908 columns
Presolve time: 0.01s
Presolve: All rows and columns removed

Explored 0 nodes (0 simplex iterations) in 0.01 seconds
Thread count was 1 (of 128 available processors)

Solution count 1: 0 

Optimal solution found (tolerance 1.00e-04)
Warning: max constraint violation (5.9098e-02) exceeds tolerance
Warning: max general constraint violation (5.9098e-02) exceeds tolerance
         (model may be infeasible or unbounded - try turning presolve off)
Best objective 0.000000000000e+00, best bound 0.000000000000e+00, gap 0.0000%
Discarded solution information
Gurobi Optimizer version 9.1.2 build v9.1.2rc0 (linux64)
Thread count: 64 physical cores, 128 logical processors, using up to 32 threads
Optimize a model with 571 rows, 1058 columns and 1497 nonzeros
Model fingerprint: 0x0b33dfbe
Model has 1012 general constraints
Variable types: 553 continuous, 505 integer (505 binary)
Coefficient statistics:
  Matrix range     [4e-02, 3e+00]
  Objective range  [0e+00, 0e+00]
  Bounds range     [1e+00, 1e+00]
  RHS range        [2e-02, 3e+00]
Presolve removed 571 rows and 1058 columns
Presolve time: 0.01s
Presolve: All rows and columns removed

Explored 0 nodes (0 simplex iterations) in 0.01 seconds
Thread count was 1 (of 128 available processors)

Solution count 1: 0 

Optimal solution found (tolerance 1.00e-04)
Warning: max constraint violation (5.9098e-02) exceeds tolerance
Warning: max general constraint violation (5.9098e-02) exceeds tolerance
         (model may be infeasible or unbounded - try turning presolve off)
Best objective 0.000000000000e+00, best bound 0.000000000000e+00, gap 0.0000%
Discarded solution information
Parameter FuncPieces unchanged
   Value: -1  Min: -2  Max: 200000000  Default: 0
Parameter FuncPieceLength unchanged
   Value: 1e-05  Min: 1e-05  Max: 1000000.0  Default: 0.01
Parameter FuncPieceError unchanged
   Value: 1e-06  Min: 1e-06  Max: 1000000.0  Default: 0.001
Parameter IntFeasTol unchanged
   Value: 1e-09  Min: 1e-09  Max: 0.1  Default: 1e-05
Gurobi Optimizer version 9.1.2 build v9.1.2rc0 (linux64)
Thread count: 64 physical cores, 128 logical processors, using up to 32 threads
Optimize a model with 570 rows, 908 columns and 1496 nonzeros
Model fingerprint: 0xfdc633ab
Model has 412 general constraints
Variable types: 553 continuous, 355 integer (355 binary)
Coefficient statistics:
  Matrix range     [4e-02, 3e+00]
  Objective range  [0e+00, 0e+00]
  Bounds range     [1e+00, 1e+00]
  RHS range        [2e-02, 3e+00]
Presolve removed 493 rows and 801 columns
Presolve time: 0.01s
Presolved: 77 rows, 107 columns, 346 nonzeros
Presolved model has 7 SOS constraint(s)
Variable types: 60 continuous, 47 integer (47 binary)
Found heuristic solution: objective 0.0000000

Explored 0 nodes (0 simplex iterations) in 0.01 seconds
Thread count was 32 (of 128 available processors)

Solution count 1: 0 

Optimal solution found (tolerance 1.00e-04)
Warning: max constraint violation (6.8225e-02) exceeds tolerance
Warning: max general constraint violation (6.8225e-02) exceeds tolerance
         (model may be infeasible or unbounded - try turning presolve off)
Best objective 0.000000000000e+00, best bound 0.000000000000e+00, gap 0.0000%
Discarded solution information
Parameter FuncPieces unchanged
   Value: -1  Min: -2  Max: 200000000  Default: 0
Parameter FuncPieceLength unchanged
   Value: 1e-05  Min: 1e-05  Max: 1000000.0  Default: 0.01
Parameter FuncPieceError unchanged
   Value: 1e-06  Min: 1e-06  Max: 1000000.0  Default: 0.001
Parameter IntFeasTol unchanged
   Value: 1e-09  Min: 1e-09  Max: 0.1  Default: 1e-05
Gurobi Optimizer version 9.1.2 build v9.1.2rc0 (linux64)
Thread count: 64 physical cores, 128 logical processors, using up to 32 threads
Optimize a model with 570 rows, 908 columns and 1496 nonzeros
Model fingerprint: 0x2f7b7f93
Model has 412 general constraints
Variable types: 553 continuous, 355 integer (355 binary)
Coefficient statistics:
  Matrix range     [4e-02, 3e+00]
  Objective range  [0e+00, 0e+00]
  Bounds range     [1e+00, 1e+00]
  RHS range        [2e-02, 3e+00]
Presolve removed 570 rows and 908 columns
Presolve time: 0.01s
Presolve: All rows and columns removed

Explored 0 nodes (0 simplex iterations) in 0.01 seconds
Thread count was 1 (of 128 available processors)

Solution count 1: 0 

Optimal solution found (tolerance 1.00e-04)
Warning: max constraint violation (6.8225e-02) exceeds tolerance
Warning: max general constraint violation (6.8225e-02) exceeds tolerance
         (model may be infeasible or unbounded - try turning presolve off)
Best objective 0.000000000000e+00, best bound 0.000000000000e+00, gap 0.0000%
Discarded solution information
Parameter FuncPieces unchanged
   Value: -1  Min: -2  Max: 200000000  Default: 0
Parameter FuncPieceLength unchanged
   Value: 1e-05  Min: 1e-05  Max: 1000000.0  Default: 0.01
Parameter FuncPieceError unchanged
   Value: 1e-06  Min: 1e-06  Max: 1000000.0  Default: 0.001
Parameter IntFeasTol unchanged
   Value: 1e-09  Min: 1e-09  Max: 0.1  Default: 1e-05
Gurobi Optimizer version 9.1.2 build v9.1.2rc0 (linux64)
Thread count: 64 physical cores, 128 logical processors, using up to 32 threads
Optimize a model with 570 rows, 908 columns and 1496 nonzeros
Model fingerprint: 0xa7ee7529
Model has 412 general constraints
Variable types: 553 continuous, 355 integer (355 binary)
Coefficient statistics:
  Matrix range     [4e-02, 3e+00]
  Objective range  [0e+00, 0e+00]
  Bounds range     [1e+00, 1e+00]
  RHS range        [2e-02, 3e+00]
Presolve removed 493 rows and 801 columns
Presolve time: 0.01s
Presolved: 77 rows, 107 columns, 346 nonzeros
Presolved model has 7 SOS constraint(s)
Variable types: 60 continuous, 47 integer (47 binary)
Found heuristic solution: objective 0.0000000

Explored 0 nodes (0 simplex iterations) in 0.01 seconds
Thread count was 32 (of 128 available processors)

Solution count 1: 0 

Optimal solution found (tolerance 1.00e-04)
Warning: max constraint violation (6.8225e-02) exceeds tolerance
Warning: max general constraint violation (6.8225e-02) exceeds tolerance
         (model may be infeasible or unbounded - try turning presolve off)
Best objective 0.000000000000e+00, best bound 0.000000000000e+00, gap 0.0000%
Discarded solution information
Parameter FuncPieces unchanged
   Value: -1  Min: -2  Max: 200000000  Default: 0
Parameter FuncPieceLength unchanged
   Value: 1e-05  Min: 1e-05  Max: 1000000.0  Default: 0.01
Parameter FuncPieceError unchanged
   Value: 1e-06  Min: 1e-06  Max: 1000000.0  Default: 0.001
Parameter IntFeasTol unchanged
   Value: 1e-09  Min: 1e-09  Max: 0.1  Default: 1e-05
Gurobi Optimizer version 9.1.2 build v9.1.2rc0 (linux64)
Thread count: 64 physical cores, 128 logical processors, using up to 32 threads
Optimize a model with 570 rows, 908 columns and 1496 nonzeros
Model fingerprint: 0x288c1a01
Model has 412 general constraints
Variable types: 553 continuous, 355 integer (355 binary)
Coefficient statistics:
  Matrix range     [4e-02, 3e+00]
  Objective range  [0e+00, 0e+00]
  Bounds range     [1e+00, 1e+00]
  RHS range        [2e-02, 3e+00]
Presolve removed 493 rows and 801 columns
Presolve time: 0.01s
Presolved: 77 rows, 107 columns, 346 nonzeros
Presolved model has 7 SOS constraint(s)
Variable types: 60 continuous, 47 integer (47 binary)
Found heuristic solution: objective 0.0000000

Explored 0 nodes (0 simplex iterations) in 0.01 seconds
Thread count was 32 (of 128 available processors)

Solution count 1: 0 

Optimal solution found (tolerance 1.00e-04)
Warning: max constraint violation (6.8225e-02) exceeds tolerance
Warning: max general constraint violation (6.8225e-02) exceeds tolerance
         (model may be infeasible or unbounded - try turning presolve off)
Best objective 0.000000000000e+00, best bound 0.000000000000e+00, gap 0.0000%
Discarded solution information
Parameter FuncPieces unchanged
   Value: -1  Min: -2  Max: 200000000  Default: 0
Parameter FuncPieceLength unchanged
   Value: 1e-05  Min: 1e-05  Max: 1000000.0  Default: 0.01
Parameter FuncPieceError unchanged
   Value: 1e-06  Min: 1e-06  Max: 1000000.0  Default: 0.001
Parameter IntFeasTol unchanged
   Value: 1e-09  Min: 1e-09  Max: 0.1  Default: 1e-05
Gurobi Optimizer version 9.1.2 build v9.1.2rc0 (linux64)
Thread count: 64 physical cores, 128 logical processors, using up to 32 threads
Optimize a model with 570 rows, 908 columns and 1496 nonzeros
Model fingerprint: 0xf63e2daf
Model has 412 general constraints
Variable types: 553 continuous, 355 integer (355 binary)
Coefficient statistics:
  Matrix range     [4e-02, 3e+00]
  Objective range  [0e+00, 0e+00]
  Bounds range     [1e+00, 1e+00]
  RHS range        [2e-02, 3e+00]
Presolve removed 525 rows and 852 columns
Presolve time: 0.01s
Presolved: 45 rows, 56 columns, 185 nonzeros
Presolved model has 6 SOS constraint(s)
Variable types: 33 continuous, 23 integer (23 binary)

Root relaxation: objective 0.000000e+00, 23 iterations, 0.00 seconds

    Nodes    |    Current Node    |     Objective Bounds      |     Work
 Expl Unexpl |  Obj  Depth IntInf | Incumbent    BestBd   Gap | It/Node Time

     0     0    0.00000    0    3          -    0.00000      -     -    0s
H    0     0                       0.0000000    0.00000  0.00%     -    0s

Explored 1 nodes (23 simplex iterations) in 0.01 seconds
Thread count was 32 (of 128 available processors)

Solution count 1: 0 

Optimal solution found (tolerance 1.00e-04)
Warning: max constraint violation (6.8225e-02) exceeds tolerance
Warning: max general constraint violation (6.8225e-02) exceeds tolerance
         (model may be infeasible or unbounded - try turning presolve off)
Best objective 0.000000000000e+00, best bound 0.000000000000e+00, gap 0.0000%
Discarded solution information
Parameter FuncPieces unchanged
   Value: -1  Min: -2  Max: 200000000  Default: 0
Parameter FuncPieceLength unchanged
   Value: 1e-05  Min: 1e-05  Max: 1000000.0  Default: 0.01
Parameter FuncPieceError unchanged
   Value: 1e-06  Min: 1e-06  Max: 1000000.0  Default: 0.001
Parameter IntFeasTol unchanged
   Value: 1e-09  Min: 1e-09  Max: 0.1  Default: 1e-05
Gurobi Optimizer version 9.1.2 build v9.1.2rc0 (linux64)
Thread count: 64 physical cores, 128 logical processors, using up to 32 threads
Optimize a model with 570 rows, 908 columns and 1496 nonzeros
Model fingerprint: 0xc7e67c95
Model has 412 general constraints
Variable types: 553 continuous, 355 integer (355 binary)
Coefficient statistics:
  Matrix range     [4e-02, 3e+00]
  Objective range  [0e+00, 0e+00]
  Bounds range     [1e+00, 1e+00]
  RHS range        [2e-02, 3e+00]
Presolve removed 521 rows and 843 columns
Presolve time: 0.01s
Presolved: 49 rows, 65 columns, 198 nonzeros
Presolved model has 9 SOS constraint(s)
Variable types: 37 continuous, 28 integer (27 binary)

Root relaxation: objective 0.000000e+00, 19 iterations, 0.00 seconds

    Nodes    |    Current Node    |     Objective Bounds      |     Work
 Expl Unexpl |  Obj  Depth IntInf | Incumbent    BestBd   Gap | It/Node Time

     0     0    0.00000    0    1          -    0.00000      -     -    0s
H    0     0                       0.0000000    0.00000  0.00%     -    0s

Explored 1 nodes (19 simplex iterations) in 0.02 seconds
Thread count was 32 (of 128 available processors)

Solution count 1: 0 

Optimal solution found (tolerance 1.00e-04)
Warning: max constraint violation (4.5761e-01) exceeds tolerance
Warning: max general constraint violation (4.5761e-01) exceeds tolerance
         (model may be infeasible or unbounded - try turning presolve off)
Best objective 0.000000000000e+00, best bound 0.000000000000e+00, gap 0.0000%
Discarded solution information
Parameter FuncPieces unchanged
   Value: -1  Min: -2  Max: 200000000  Default: 0
Parameter FuncPieceLength unchanged
   Value: 1e-05  Min: 1e-05  Max: 1000000.0  Default: 0.01
Parameter FuncPieceError unchanged
   Value: 1e-06  Min: 1e-06  Max: 1000000.0  Default: 0.001
Parameter IntFeasTol unchanged
   Value: 1e-09  Min: 1e-09  Max: 0.1  Default: 1e-05
Gurobi Optimizer version 9.1.2 build v9.1.2rc0 (linux64)
Thread count: 64 physical cores, 128 logical processors, using up to 32 threads
Optimize a model with 570 rows, 908 columns and 1496 nonzeros
Model fingerprint: 0x893de1ad
Model has 412 general constraints
Variable types: 553 continuous, 355 integer (355 binary)
Coefficient statistics:
  Matrix range     [4e-02, 3e+00]
  Objective range  [0e+00, 0e+00]
  Bounds range     [1e+00, 1e+00]
  RHS range        [2e-02, 3e+00]
Presolve removed 504 rows and 756 columns
Presolve time: 0.02s
Presolved: 66 rows, 152 columns, 416 nonzeros
Presolved model has 24 SOS constraint(s)
Variable types: 134 continuous, 18 integer (17 binary)

Root relaxation: objective 0.000000e+00, 35 iterations, 0.00 seconds

    Nodes    |    Current Node    |     Objective Bounds      |     Work
 Expl Unexpl |  Obj  Depth IntInf | Incumbent    BestBd   Gap | It/Node Time

     0     0    0.00000    0    2          -    0.00000      -     -    0s
     0     0    0.00000    0    2          -    0.00000      -     -    0s
H    0     0                       0.0000000    0.00000  0.00%     -    0s
     0     0    0.00000    0    2    0.00000    0.00000  0.00%     -    0s

Explored 1 nodes (35 simplex iterations) in 0.02 seconds
Thread count was 32 (of 128 available processors)

Solution count 1: 0 

Optimal solution found (tolerance 1.00e-04)
Warning: max constraint violation (6.8376e-02) exceeds tolerance
Warning: max general constraint violation (6.8376e-02) exceeds tolerance
         (model may be infeasible or unbounded - try turning presolve off)
Best objective 0.000000000000e+00, best bound 0.000000000000e+00, gap 0.0000%
Discarded solution information
