INFO:root:Problem path: /home/asnets_user/shared/policy-explanations/experiments/experiment_problems/npuzzle/all-2puzzle/npuzzle2x2-02.pddl
INFO:root:Goal reached/Finished in time: 1
INFO:root:CPU Runtime: 2.022740323999999
INFO:root:Runtime: 1.8485818402841687
INFO:root:Plan length: 2
INFO:root:Size of explanation: 3
INFO:root:Size of input: 24
INFO:root:Number of calls: 43
INFO:root:Runtime for each network call: [0.27356410026550293, 0.008449077606201172, 0.00843191146850586, 0.008410930633544922, 0.008430004119873047, 0.00843501091003418, 0.00840306282043457, 0.008393049240112305, 0.008424043655395508, 0.008416175842285156, 0.008402109146118164, 0.008360862731933594, 0.00838780403137207, 0.011196136474609375, 0.008414983749389648, 0.008358001708984375, 0.008382081985473633, 0.008365869522094727, 0.008386850357055664, 0.008373022079467773, 0.008404970169067383, 0.008334875106811523, 0.008358955383300781, 0.008394956588745117, 0.008398056030273438, 0.012966156005859375, 0.008459091186523438, 0.008410930633544922, 0.00836801528930664, 0.008383035659790039, 0.008387088775634766, 0.008383035659790039, 0.008368968963623047, 0.008393049240112305, 0.008389949798583984, 0.00836801528930664, 0.008374929428100586, 0.008361101150512695, 0.00833892822265625, 0.008337020874023438, 0.034420013427734375, 0.008466958999633789, 0.008366107940673828]
INFO:root:Tiebreaks used: 0
INFO:root:Tiebreak runtime: [False, False, False, False, False, False, False, False, False, False, False, False, False, False, False, False, False, False, False, False, False, False, False, False, False, False, False, False, False, False, False, False, False, False, False, False, False, False, False, False, False, False, False]
INFO:root:Number of inner modules ASNets: 132
INFO:root:Number of Gurobi variables: 733 Constraints: 913
INFO:root:Explanation: at_t_3_p_2_1 = 1
at_t_1_p_2_2 = 0
empty_p_1_1 = 1

INFO:root:Problem path: /home/asnets_user/shared/policy-explanations/experiments/experiment_problems/npuzzle/all-2puzzle/npuzzle2x2-02.pddl
INFO:root:Goal reached/Finished in time: 1
INFO:root:CPU Runtime: 1.9204205530000014
INFO:root:Runtime: 1.0198182612657547
INFO:root:Plan length: 2
INFO:root:Size of explanation: 3
INFO:root:Size of input: 24
INFO:root:Number of calls: 43
INFO:root:Runtime for each network call: [0.2696669101715088, 0.008489131927490234, 0.008467912673950195, 0.008467912673950195, 0.008424997329711914, 0.008453845977783203, 0.008450031280517578, 0.008448123931884766, 0.008444070816040039, 0.00840902328491211, 0.008433103561401367, 0.008395910263061523, 0.008427858352661133, 0.008424043655395508, 0.008417844772338867, 0.008392095565795898, 0.00839686393737793, 0.008414030075073242, 0.008386850357055664, 0.008402109146118164, 0.008379936218261719, 0.008387088775634766, 0.00838613510131836, 0.00839996337890625, 0.008399009704589844, 0.008379936218261719, 0.008394002914428711, 0.008404016494750977, 0.007750034332275391, 0.008404970169067383, 0.007776975631713867, 0.012478828430175781, 0.007894039154052734, 0.008442163467407227, 0.00783681869506836, 0.007805824279785156, 0.008384943008422852, 0.013070106506347656, 0.008421897888183594, 0.008423089981079102, 0.012195110321044922, 0.008440971374511719, 0.008419036865234375]
INFO:root:Tiebreaks used: 0
INFO:root:Tiebreak runtime: [False, False, False, False, False, False, False, False, False, False, False, False, False, False, False, False, False, False, False, False, False, False, False, False, False, False, False, False, False, False, False, False, False, False, False, False, False, False, False, False, False, False, False]
INFO:root:Number of inner modules ASNets: 132
INFO:root:Number of Gurobi variables: 733 Constraints: 913
INFO:root:Explanation: at_t_2_p_1_1 = 0
at_t_1_p_1_2 = 1
at_t_3_p_2_1 = 1

