INFO:root:Problem path: /home/asnets_user/shared/policy-explanations/experiments/experiment_problems/npuzzle/all-2puzzle/npuzzle2x2-18.pddl
INFO:root:Goal reached/Finished in time: 1
INFO:root:CPU Runtime: 16.242354028999998
INFO:root:Runtime: 1.9813152272254229
INFO:root:Plan length: 5
INFO:root:Size of explanation: 3
INFO:root:Size of input: 24
INFO:root:Number of calls: 84
INFO:root:Runtime for each network call: [0.6137590408325195, 0.010111093521118164, 0.010041952133178711, 0.008901119232177734, 0.0076389312744140625, 0.008046865463256836, 0.010007858276367188, 0.009985923767089844, 0.00862884521484375, 0.007619142532348633, 0.008033990859985352, 0.009972095489501953, 0.009948968887329102, 0.008622169494628906, 0.007591962814331055, 0.00804901123046875, 0.010007143020629883, 0.00993204116821289, 0.008625030517578125, 0.010737180709838867, 0.009898185729980469, 0.008674860000610352, 0.010706901550292969, 0.009950876235961914, 0.008626937866210938, 0.0075910091400146484, 0.008033990859985352, 0.010695934295654297, 0.010725975036621094, 0.009949922561645508, 0.010679960250854492, 0.010005950927734375, 0.008610010147094727, 0.007575035095214844, 0.010644912719726562, 0.009926080703735352, 0.008617877960205078, 0.010691165924072266, 0.009933948516845703, 0.008611917495727539, 0.007584095001220703, 0.00801396369934082, 0.010720968246459961, 0.009959936141967773, 0.008619070053100586, 0.007592916488647461, 0.007954120635986328, 0.010658979415893555, 0.009909868240356445, 0.00860595703125, 0.007553815841674805, 0.007977008819580078, 0.010676860809326172, 0.009897947311401367, 0.008587121963500977, 0.007567882537841797, 0.007988929748535156, 0.01311492919921875, 0.010679006576538086, 0.009948968887329102, 0.009966135025024414, 0.009927988052368164, 0.009895086288452148, 0.00861215591430664, 0.007576942443847656, 0.008008003234863281, 0.009927034378051758, 0.009932994842529297, 0.008620023727416992, 0.007551908493041992, 0.007983922958374023, 0.009948015213012695, 0.009927988052368164, 0.008563041687011719, 0.007564067840576172, 0.007997989654541016, 0.009904861450195312, 0.009878873825073242, 0.00859689712524414, 0.007544994354248047, 0.008002996444702148, 0.00993800163269043, 0.011070013046264648, 0.027637004852294922]
INFO:root:Tiebreaks used: 0
INFO:root:Tiebreak runtime: [False, False, False, False, False, False, False, False, False, False, False, False, False, False, False, False, False, False, False, False, False, False, False, False, False, False, False, False, False, False, False, False, False, False, False, False, False, False, False, False, False, False, False, False, False, False, False, False, False, False, False, False, False, False, False, False, False, False, False, False, False, False, False, False, False, False, False, False, False, False, False, False, False, False, False, False, False, False, False, False, False, False, False, False]
INFO:root:Number of inner modules ASNets: 132
INFO:root:Number of Gurobi variables: 733 Constraints: 913
INFO:root:Explanation: at_t_1_p_2_2 = 1
at_t_3_p_1_2 = 1
at_t_2_p_2_1 = 0

INFO:root:Problem path: /home/asnets_user/shared/policy-explanations/experiments/experiment_problems/npuzzle/all-2puzzle/npuzzle2x2-18.pddl
INFO:root:Goal reached/Finished in time: 1
INFO:root:CPU Runtime: 16.604745956000002
INFO:root:Runtime: 1.9081608364358544
INFO:root:Plan length: 5
INFO:root:Size of explanation: 4
INFO:root:Size of input: 24
INFO:root:Number of calls: 79
INFO:root:Runtime for each network call: [0.6241929531097412, 0.01020503044128418, 0.010188817977905273, 0.01014399528503418, 0.010046958923339844, 0.008687973022460938, 0.007591962814331055, 0.008118867874145508, 0.010003089904785156, 0.009981155395507812, 0.009972095489501953, 0.008610963821411133, 0.0075359344482421875, 0.00801706314086914, 0.010008811950683594, 0.009977102279663086, 0.008624076843261719, 0.0075740814208984375, 0.008070945739746094, 0.009980916976928711, 0.009924888610839844, 0.008613109588623047, 0.007585048675537109, 0.008053064346313477, 0.009961128234863281, 0.009923219680786133, 0.008656024932861328, 0.007577180862426758, 0.008038043975830078, 0.009991884231567383, 0.010807037353515625, 0.009948968887329102, 0.0107269287109375, 0.010766983032226562, 0.009926080703735352, 0.008607149124145508, 0.007574796676635742, 0.008048057556152344, 0.010689020156860352, 0.009918212890625, 0.008602142333984375, 0.007564067840576172, 0.008029937744140625, 0.010738134384155273, 0.009958982467651367, 0.008625030517578125, 0.007594108581542969, 0.008010149002075195, 0.010737895965576172, 0.009924173355102539, 0.008629083633422852, 0.007666110992431641, 0.008183956146240234, 0.010869979858398438, 0.010036945343017578, 0.008599042892456055, 0.010741233825683594, 0.009932994842529297, 0.008621931076049805, 0.0076198577880859375, 0.010733842849731445, 0.009905815124511719, 0.018440961837768555, 0.012444019317626953, 0.010766029357910156, 0.00993490219116211, 0.00865793228149414, 0.03495001792907715, 0.008846044540405273, 0.009988069534301758, 0.008647918701171875, 0.007606029510498047, 0.008028984069824219, 0.012668848037719727, 0.0100250244140625, 0.009903907775878906, 0.008662939071655273, 0.0075969696044921875, 0.008026123046875]
INFO:root:Tiebreaks used: 0
INFO:root:Tiebreak runtime: [False, False, False, False, False, False, False, False, False, False, False, False, False, False, False, False, False, False, False, False, False, False, False, False, False, False, False, False, False, False, False, False, False, False, False, False, False, False, False, False, False, False, False, False, False, False, False, False, False, False, False, False, False, False, False, False, False, False, False, False, False, False, False, False, False, False, False, False, False, False, False, False, False, False, False, False, False, False, False]
INFO:root:Number of inner modules ASNets: 132
INFO:root:Number of Gurobi variables: 733 Constraints: 913
INFO:root:Explanation: at_t_1_p_1_2 = 0
at_t_1_p_2_1 = 0
at_t_3_p_2_1 = 0
at_t_2_p_1_1 = 1

