INFO:root:Problem path: /home/asnets_user/shared/policy-explanations/experiments/experiment_problems/npuzzle/all-2puzzle/npuzzle2x2-06.pddl
INFO:root:Goal reached/Finished in time: 1
INFO:root:CPU Runtime: 6.408614276999998
INFO:root:Runtime: 2.1459012674167752
INFO:root:Plan length: 6
INFO:root:Size of explanation: 3
INFO:root:Size of input: 24
INFO:root:Number of calls: 94
INFO:root:Runtime for each network call: [0.2806270122528076, 0.025907039642333984, 0.00979304313659668, 0.009571075439453125, 0.008837223052978516, 0.022917985916137695, 0.02248692512512207, 0.02331686019897461, 0.009776115417480469, 0.009604215621948242, 0.022736072540283203, 0.022693157196044922, 0.009612083435058594, 0.009484052658081055, 0.008785009384155273, 0.008553028106689453, 0.007745027542114258, 0.022815942764282227, 0.009588003158569336, 0.009497880935668945, 0.008798837661743164, 0.008528947830200195, 0.007739067077636719, 0.022694826126098633, 0.009620904922485352, 0.009497880935668945, 0.008803129196166992, 0.008550882339477539, 0.007753133773803711, 0.02262401580810547, 0.00960993766784668, 0.009531021118164062, 0.008812189102172852, 0.008527040481567383, 0.007750034332275391, 0.02270984649658203, 0.009634971618652344, 0.022561073303222656, 0.009646177291870117, 0.00954294204711914, 0.008819103240966797, 0.00851297378540039, 0.007735013961791992, 0.022827863693237305, 0.009591102600097656, 0.022901058197021484, 0.00968313217163086, 0.009532928466796875, 0.008805990219116211, 0.008543968200683594, 0.017533063888549805, 0.02198195457458496, 0.009674072265625, 0.021494150161743164, 0.009618043899536133, 0.009533882141113281, 0.00884103775024414, 0.008546113967895508, 0.007742881774902344, 0.02164292335510254, 0.009588003158569336, 0.009498119354248047, 0.00881195068359375, 0.008529901504516602, 0.0077631473541259766, 0.02184295654296875, 0.009617090225219727, 0.009517908096313477, 0.014548778533935547, 0.008466005325317383, 0.007713794708251953, 0.021652936935424805, 0.009593009948730469, 0.009495973587036133, 0.008772134780883789, 0.008529901504516602, 0.007748842239379883, 0.022608041763305664, 0.009585142135620117, 0.00949406623840332, 0.013110160827636719, 0.021235942840576172, 0.022901058197021484, 0.009608983993530273, 0.009530067443847656, 0.008809089660644531, 0.008588075637817383, 0.007792949676513672, 0.022608041763305664, 0.009749889373779297, 0.00963592529296875, 0.00885009765625, 0.008598089218139648, 0.007750988006591797]
INFO:root:Tiebreaks used: 0
INFO:root:Tiebreak runtime: [False, False, False, False, False, False, False, False, False, False, False, False, False, False, False, False, False, False, False, False, False, False, False, False, False, False, False, False, False, False, False, False, False, False, False, False, False, False, False, False, False, False, False, False, False, False, False, False, False, False, False, False, False, False, False, False, False, False, False, False, False, False, False, False, False, False, False, False, False, False, False, False, False, False, False, False, False, False, False, False, False, False, False, False, False, False, False, False, False, False, False, False, False, False]
INFO:root:Number of inner modules ASNets: 132
INFO:root:Number of Gurobi variables: 733 Constraints: 913
INFO:root:Explanation: empty_p_1_1 = 1
at_t_2_p_2_2 = 0
at_t_3_p_1_2 = 1

INFO:root:Problem path: /home/asnets_user/shared/policy-explanations/experiments/experiment_problems/npuzzle/all-2puzzle/npuzzle2x2-06.pddl
INFO:root:Goal reached/Finished in time: 1
INFO:root:CPU Runtime: 6.393465583000001
INFO:root:Runtime: 2.074848868884146
INFO:root:Plan length: 6
INFO:root:Size of explanation: 3
INFO:root:Size of input: 24
INFO:root:Number of calls: 100
INFO:root:Runtime for each network call: [0.27887988090515137, 0.022596120834350586, 0.009401082992553711, 0.00929403305053711, 0.00861978530883789, 0.008380889892578125, 0.007561922073364258, 0.022430896759033203, 0.009412050247192383, 0.009305953979492188, 0.008601903915405273, 0.008336782455444336, 0.007580995559692383, 0.022383928298950195, 0.009429931640625, 0.00941014289855957, 0.022426128387451172, 0.009429931640625, 0.00939798355102539, 0.008630990982055664, 0.00836181640625, 0.0075531005859375, 0.02320384979248047, 0.00939798355102539, 0.009407997131347656, 0.0224301815032959, 0.009501218795776367, 0.00954294204711914, 0.00864410400390625, 0.008424043655395508, 0.0076029300689697266, 0.022726058959960938, 0.009506940841674805, 0.009473085403442383, 0.008652925491333008, 0.008331060409545898, 0.007520914077758789, 0.022593021392822266, 0.009541988372802734, 0.009584903717041016, 0.008666038513183594, 0.00837397575378418, 0.007602214813232422, 0.022739887237548828, 0.009439945220947266, 0.009434938430786133, 0.008589982986450195, 0.008332014083862305, 0.007632017135620117, 0.02260613441467285, 0.00941920280456543, 0.011484861373901367, 0.022331953048706055, 0.009469032287597656, 0.009507179260253906, 0.008699893951416016, 0.00839996337890625, 0.02240610122680664, 0.009423017501831055, 0.02237391471862793, 0.009479045867919922, 0.009423017501831055, 0.008591890335083008, 0.008413076400756836, 0.007647991180419922, 0.022433042526245117, 0.00939798355102539, 0.022461891174316406, 0.009386062622070312, 0.009469032287597656, 0.008594989776611328, 0.008367061614990234, 0.007553815841674805, 0.022544145584106445, 0.009537935256958008, 0.009472846984863281, 0.008605003356933594, 0.008320093154907227, 0.007565975189208984, 0.02221512794494629, 0.009484052658081055, 0.009510040283203125, 0.008655071258544922, 0.008349895477294922, 0.0075528621673583984, 0.02225208282470703, 0.009424924850463867, 0.009396076202392578, 0.008567094802856445, 0.008385896682739258, 0.007570981979370117, 0.022568941116333008, 0.010688066482543945, 0.011647939682006836, 0.01916790008544922, 0.022378921508789062, 0.02268195152282715, 0.009540081024169922, 0.009414911270141602, 0.008621931076049805]
INFO:root:Tiebreaks used: 0
INFO:root:Tiebreak runtime: [False, False, False, False, False, False, False, False, False, False, False, False, False, False, False, False, False, False, False, False, False, False, False, False, False, False, False, False, False, False, False, False, False, False, False, False, False, False, False, False, False, False, False, False, False, False, False, False, False, False, False, False, False, False, False, False, False, False, False, False, False, False, False, False, False, False, False, False, False, False, False, False, False, False, False, False, False, False, False, False, False, False, False, False, False, False, False, False, False, False, False, False, False, False, False, False, False, False, False, False]
INFO:root:Number of inner modules ASNets: 132
INFO:root:Number of Gurobi variables: 733 Constraints: 913
INFO:root:Explanation: at_t_2_p_2_1 = 1
at_t_3_p_2_2 = 0
empty_p_1_1 = 1

