INFO:root:Problem path: /home/asnets_user/shared/policy-explanations/experiments/experiment_problems/npuzzle/all-2puzzle/npuzzle2x2-22.pddl
INFO:root:Goal reached/Finished in time: 1
INFO:root:CPU Runtime: 15.755171526000002
INFO:root:Runtime: 2.220907324925065
INFO:root:Plan length: 4
INFO:root:Size of explanation: 3
INFO:root:Size of input: 24
INFO:root:Number of calls: 74
INFO:root:Runtime for each network call: [0.4199259281158447, 0.010315895080566406, 0.009903907775878906, 0.008894920349121094, 0.0074160099029541016, 0.010149955749511719, 0.009824991226196289, 0.008808135986328125, 0.007366180419921875, 0.010140180587768555, 0.009774923324584961, 0.008809089660644531, 0.0073659420013427734, 0.010121822357177734, 0.009773015975952148, 0.010154962539672852, 0.009799003601074219, 0.01010584831237793, 0.009782075881958008, 0.008800983428955078, 0.007338047027587891, 0.010159015655517578, 0.009776115417480469, 0.008795976638793945, 0.010109901428222656, 0.010148048400878906, 0.009773015975952148, 0.008816003799438477, 0.010092973709106445, 0.009804964065551758, 0.010137081146240234, 0.009763002395629883, 0.00878596305847168, 0.007362842559814453, 0.010128021240234375, 0.009765863418579102, 0.008800983428955078, 0.00735783576965332, 0.01009988784790039, 0.009804964065551758, 0.008805990219116211, 0.007354021072387695, 0.010098934173583984, 0.00976109504699707, 0.0087890625, 0.0073430538177490234, 0.01016378402709961, 0.00979304313659668, 0.008784055709838867, 0.00731205940246582, 0.01013493537902832, 0.010127067565917969, 0.009763002395629883, 0.008742094039916992, 0.010143041610717773, 0.009741067886352539, 0.008790969848632812, 0.007318019866943359, 0.010135173797607422, 0.009776830673217773, 0.008831024169921875, 0.007355928421020508, 0.010128974914550781, 0.009774923324584961, 0.008816003799438477, 0.00736689567565918, 0.01015782356262207, 0.009778022766113281, 0.008780956268310547, 0.00735020637512207, 0.027106046676635742, 0.011075973510742188, 0.012836933135986328, 0.02893805503845215]
INFO:root:Tiebreaks used: 1
INFO:root:Tiebreak runtime: [0.4057331085205078, False, False, False, False, False, False, False, False, False, False, False, False, False, False, False, False, False, False, False, False, False, False, False, False, False, False, False, False, False, False, False, False, False, False, False, False, False, False, False, False, False, False, False, False, False, False, False, False, False, False, False, False, False, False, False, False, False, False, False, False, False, False, False, False, False, False, False, False, False, False, False, False, False]
INFO:root:Number of inner modules ASNets: 132
INFO:root:Number of Gurobi variables: 733 Constraints: 913
INFO:root:Explanation: at_t_3_p_1_2 = 0
at_t_2_p_2_1 = 1
empty_p_2_2 = 1

INFO:root:Problem path: /home/asnets_user/shared/policy-explanations/experiments/experiment_problems/npuzzle/all-2puzzle/npuzzle2x2-22.pddl
INFO:root:Goal reached/Finished in time: 1
INFO:root:CPU Runtime: 15.454421511
INFO:root:Runtime: 1.9358607428148389
INFO:root:Plan length: 4
INFO:root:Size of explanation: 4
INFO:root:Size of input: 24
INFO:root:Number of calls: 68
INFO:root:Runtime for each network call: [0.4106271266937256, 0.010460138320922852, 0.010365962982177734, 0.009824991226196289, 0.008769989013671875, 0.00730586051940918, 0.010059118270874023, 0.010056018829345703, 0.009696006774902344, 0.008704900741577148, 0.007266998291015625, 0.010092973709106445, 0.00970602035522461, 0.008677005767822266, 0.007281064987182617, 0.010030031204223633, 0.009640932083129883, 0.008686065673828125, 0.007236957550048828, 0.010018110275268555, 0.009670019149780273, 0.008725881576538086, 0.007328987121582031, 0.010031938552856445, 0.009711980819702148, 0.008687973022460938, 0.010091066360473633, 0.010087013244628906, 0.009685039520263672, 0.008708953857421875, 0.007258892059326172, 0.010062932968139648, 0.00964808464050293, 0.008699893951416016, 0.007288932800292969, 0.010057926177978516, 0.009659051895141602, 0.008738994598388672, 0.007317066192626953, 0.010087966918945312, 0.009642839431762695, 0.008701801300048828, 0.007266998291015625, 0.010083913803100586, 0.009650945663452148, 0.008691072463989258, 0.007252931594848633, 0.010071039199829102, 0.009640932083129883, 0.010059118270874023, 0.009649991989135742, 0.008682012557983398, 0.012120962142944336, 0.012096881866455078, 0.010104894638061523, 0.009653806686401367, 0.008679866790771484, 0.007261991500854492, 0.010049104690551758, 0.009634971618652344, 0.010118961334228516, 0.009682178497314453, 0.013618946075439453, 0.010066986083984375, 0.009694099426269531, 0.008733987808227539, 0.007266044616699219, 0.012649059295654297]
INFO:root:Tiebreaks used: 1
INFO:root:Tiebreak runtime: [0.4074070453643799, False, False, False, False, False, False, False, False, False, False, False, False, False, False, False, False, False, False, False, False, False, False, False, False, False, False, False, False, False, False, False, False, False, False, False, False, False, False, False, False, False, False, False, False, False, False, False, False, False, False, False, False, False, False, False, False, False, False, False, False, False, False, False, False, False, False, False]
INFO:root:Number of inner modules ASNets: 132
INFO:root:Number of Gurobi variables: 733 Constraints: 913
INFO:root:Explanation: at_t_2_p_2_2 = 0
at_t_3_p_2_2 = 0
at_t_2_p_1_1 = 0
at_t_1_p_1_2 = 1

