INFO:root:Problem path: /home/asnets_user/shared/policy-explanations/experiments/experiment_problems/npuzzle/all-2puzzle/npuzzle2x2-03.pddl
INFO:root:Goal reached/Finished in time: 1
INFO:root:CPU Runtime: 15.494887638999998
INFO:root:Runtime: 1.4107194254174829
INFO:root:Plan length: 2
INFO:root:Size of explanation: 3
INFO:root:Size of input: 24
INFO:root:Number of calls: 43
INFO:root:Runtime for each network call: [0.5814459323883057, 0.008446931838989258, 0.009155988693237305, 0.008137941360473633, 0.008836984634399414, 0.008090019226074219, 0.00829005241394043, 0.00880885124206543, 0.00811910629272461, 0.008101940155029297, 0.008765935897827148, 0.008095979690551758, 0.008826017379760742, 0.011862039566040039, 0.00813603401184082, 0.008821964263916016, 0.008197784423828125, 0.00812983512878418, 0.008771181106567383, 0.008130073547363281, 0.00878000259399414, 0.008176803588867188, 0.008777141571044922, 0.008147954940795898, 0.008799076080322266, 0.008177995681762695, 0.00879812240600586, 0.008062124252319336, 0.008771181106567383, 0.008068084716796875, 0.008765935897827148, 0.011669158935546875, 0.008138895034790039, 0.008767127990722656, 0.008107900619506836, 0.008806943893432617, 0.00809788703918457, 0.00875401496887207, 0.008108139038085938, 0.008854866027832031, 0.033290863037109375, 0.008141040802001953, 0.008814096450805664]
INFO:root:Tiebreaks used: 0
INFO:root:Tiebreak runtime: [False, False, False, False, False, False, False, False, False, False, False, False, False, False, False, False, False, False, False, False, False, False, False, False, False, False, False, False, False, False, False, False, False, False, False, False, False, False, False, False, False, False, False]
INFO:root:Number of inner modules ASNets: 132
INFO:root:Number of Gurobi variables: 733 Constraints: 913
INFO:root:Explanation: at_t_2_p_1_2 = 1
empty_p_1_1 = 1
at_t_1_p_2_2 = 0

INFO:root:Problem path: /home/asnets_user/shared/policy-explanations/experiments/experiment_problems/npuzzle/all-2puzzle/npuzzle2x2-03.pddl
INFO:root:Goal reached/Finished in time: 1
INFO:root:CPU Runtime: 15.187795759000004
INFO:root:Runtime: 1.3986166939139366
INFO:root:Plan length: 2
INFO:root:Size of explanation: 3
INFO:root:Size of input: 24
INFO:root:Number of calls: 43
INFO:root:Runtime for each network call: [0.5747029781341553, 0.00873708724975586, 0.008853912353515625, 0.008382081985473633, 0.008166074752807617, 0.008853912353515625, 0.008155107498168945, 0.008826017379760742, 0.008089780807495117, 0.00878286361694336, 0.008098840713500977, 0.00879812240600586, 0.008085012435913086, 0.00878596305847168, 0.008121013641357422, 0.00878000259399414, 0.008082866668701172, 0.008779048919677734, 0.00808095932006836, 0.00881195068359375, 0.008067131042480469, 0.008796930313110352, 0.008108139038085938, 0.008772134780883789, 0.00804901123046875, 0.008729934692382812, 0.008093833923339844, 0.008857965469360352, 0.007536888122558594, 0.0075190067291259766, 0.008799076080322266, 0.012627124786376953, 0.008411884307861328, 0.008907079696655273, 0.008460044860839844, 0.008830070495605469, 0.03506016731262207, 0.00812387466430664, 0.00885009765625, 0.038208961486816406, 0.012153863906860352, 0.008182048797607422, 0.008883953094482422]
INFO:root:Tiebreaks used: 0
INFO:root:Tiebreak runtime: [False, False, False, False, False, False, False, False, False, False, False, False, False, False, False, False, False, False, False, False, False, False, False, False, False, False, False, False, False, False, False, False, False, False, False, False, False, False, False, False, False, False, False]
INFO:root:Number of inner modules ASNets: 132
INFO:root:Number of Gurobi variables: 733 Constraints: 913
INFO:root:Explanation: at_t_1_p_2_1 = 1
at_t_2_p_1_2 = 1
at_t_3_p_1_1 = 0

