INFO:root:Problem path: /home/asnets_user/shared/policy-explanations/experiments/experiment_problems/npuzzle/all-2puzzle/npuzzle2x2-12.pddl
INFO:root:Goal reached/Finished in time: 1
INFO:root:CPU Runtime: 3.633121513999999
INFO:root:Runtime: 0.9458795413374901
INFO:root:Plan length: 1
INFO:root:Size of explanation: 3
INFO:root:Size of input: 24
INFO:root:Number of calls: 25
INFO:root:Runtime for each network call: [0.2923860549926758, 0.008263826370239258, 0.008227825164794922, 0.008212089538574219, 0.008176088333129883, 0.008188962936401367, 0.008253097534179688, 0.00822901725769043, 0.008198976516723633, 0.008177995681762695, 0.008183002471923828, 0.011572122573852539, 0.012270927429199219, 0.011488914489746094, 0.011482954025268555, 0.016206979751586914, 0.011574983596801758, 0.011501073837280273, 0.03385496139526367, 0.011548042297363281, 0.011477947235107422, 0.011464118957519531, 0.01153707504272461, 0.011512994766235352, 0.01149892807006836]
INFO:root:Tiebreaks used: 0
INFO:root:Tiebreak runtime: [False, False, False, False, False, False, False, False, False, False, False, False, False, False, False, False, False, False, False, False, False, False, False, False, False]
INFO:root:Number of inner modules ASNets: 132
INFO:root:Number of Gurobi variables: 733 Constraints: 913
INFO:root:Explanation: at_t_3_p_2_2 = 0
at_t_1_p_2_2 = 0
empty_p_1_2 = 1

INFO:root:Problem path: /home/asnets_user/shared/policy-explanations/experiments/experiment_problems/npuzzle/all-2puzzle/npuzzle2x2-12.pddl
INFO:root:Goal reached/Finished in time: 1
INFO:root:CPU Runtime: 3.222401482000002
INFO:root:Runtime: 0.8102929480373859
INFO:root:Plan length: 1
INFO:root:Size of explanation: 3
INFO:root:Size of input: 24
INFO:root:Number of calls: 25
INFO:root:Runtime for each network call: [0.2782931327819824, 0.008249998092651367, 0.0081939697265625, 0.008179903030395508, 0.008175849914550781, 0.008188009262084961, 0.008208036422729492, 0.008259057998657227, 0.008280038833618164, 0.00824594497680664, 0.008266925811767578, 0.008271932601928711, 0.008235931396484375, 0.008222103118896484, 0.008243083953857422, 0.012117147445678711, 0.008269071578979492, 0.008221149444580078, 0.008234977722167969, 0.008246898651123047, 0.01291799545288086, 0.008109092712402344, 0.008104085922241211, 0.013402938842773438, 0.008208036422729492]
INFO:root:Tiebreaks used: 0
INFO:root:Tiebreak runtime: [False, False, False, False, False, False, False, False, False, False, False, False, False, False, False, False, False, False, False, False, False, False, False, False, False]
INFO:root:Number of inner modules ASNets: 132
INFO:root:Number of Gurobi variables: 733 Constraints: 913
INFO:root:Explanation: at_t_2_p_2_2 = 1
at_t_3_p_2_1 = 1
at_t_1_p_1_1 = 1

