INFO:root:Problem path: /home/asnets_user/shared/policy-explanations/experiments/experiment_problems/npuzzle/all-2puzzle/npuzzle2x2-15.pddl
INFO:root:Goal reached/Finished in time: 1
INFO:root:CPU Runtime: 1.688176112999999
INFO:root:Runtime: 1.193102529272437
INFO:root:Plan length: 3
INFO:root:Size of explanation: 3
INFO:root:Size of input: 24
INFO:root:Number of calls: 58
INFO:root:Runtime for each network call: [0.17130303382873535, 0.008778095245361328, 0.007572174072265625, 0.007911205291748047, 0.008713960647583008, 0.007498979568481445, 0.007907867431640625, 0.008712053298950195, 0.007524967193603516, 0.007870912551879883, 0.008687019348144531, 0.00870513916015625, 0.00869894027709961, 0.00752711296081543, 0.007861852645874023, 0.008702993392944336, 0.007529020309448242, 0.010869026184082031, 0.008249998092651367, 0.010524988174438477, 0.008313179016113281, 0.008190155029296875, 0.007511138916015625, 0.007868051528930664, 0.00816798210144043, 0.007547140121459961, 0.007861852645874023, 0.008180856704711914, 0.007491111755371094, 0.00785207748413086, 0.008127927780151367, 0.007508993148803711, 0.007812023162841797, 0.008114814758300781, 0.007467985153198242, 0.007817983627319336, 0.012771129608154297, 0.008203983306884766, 0.007489919662475586, 0.008135080337524414, 0.007498979568481445, 0.007806062698364258, 0.008100032806396484, 0.00748896598815918, 0.007782936096191406, 0.008115053176879883, 0.007475137710571289, 0.007799863815307617, 0.008121967315673828, 0.007428884506225586, 0.007822990417480469, 0.008648872375488281, 0.007494926452636719, 0.007831096649169922, 0.012600898742675781, 0.008643865585327148, 0.011122941970825195, 0.014030933380126953]
INFO:root:Tiebreaks used: 0
INFO:root:Tiebreak runtime: [False, False, False, False, False, False, False, False, False, False, False, False, False, False, False, False, False, False, False, False, False, False, False, False, False, False, False, False, False, False, False, False, False, False, False, False, False, False, False, False, False, False, False, False, False, False, False, False, False, False, False, False, False, False, False, False, False, False]
INFO:root:Number of inner modules ASNets: 132
INFO:root:Number of Gurobi variables: 733 Constraints: 913
INFO:root:Explanation: at_t_2_p_2_2 = 1
empty_p_2_1 = 1
at_t_3_p_1_2 = 0

INFO:root:Problem path: /home/asnets_user/shared/policy-explanations/experiments/experiment_problems/npuzzle/all-2puzzle/npuzzle2x2-15.pddl
INFO:root:Goal reached/Finished in time: 1
INFO:root:CPU Runtime: 1.6341612209999994
INFO:root:Runtime: 1.1004972597584128
INFO:root:Plan length: 3
INFO:root:Size of explanation: 3
INFO:root:Size of input: 24
INFO:root:Number of calls: 58
INFO:root:Runtime for each network call: [0.17515802383422852, 0.008774042129516602, 0.007609844207763672, 0.007877111434936523, 0.008738040924072266, 0.007543087005615234, 0.007906913757324219, 0.00870203971862793, 0.007543087005615234, 0.00791788101196289, 0.008697986602783203, 0.007508993148803711, 0.007897138595581055, 0.008683919906616211, 0.007487058639526367, 0.007864952087402344, 0.008746147155761719, 0.00748896598815918, 0.007876873016357422, 0.008751869201660156, 0.0075380802154541016, 0.007886171340942383, 0.00871586799621582, 0.007517099380493164, 0.008248090744018555, 0.008263826370239258, 0.0075130462646484375, 0.007884979248046875, 0.008282899856567383, 0.0075778961181640625, 0.007875919342041016, 0.008291959762573242, 0.007512092590332031, 0.007898092269897461, 0.00824594497680664, 0.00755000114440918, 0.00789785385131836, 0.008268117904663086, 0.007497072219848633, 0.007884025573730469, 0.0082550048828125, 0.008265018463134766, 0.007536172866821289, 0.011927127838134766, 0.008723974227905273, 0.007478952407836914, 0.008718013763427734, 0.0075190067291259766, 0.007824897766113281, 0.00870513916015625, 0.03191494941711426, 0.012205123901367188, 0.008987188339233398, 0.007581949234008789, 0.007883071899414062, 0.008718013763427734, 0.007503986358642578, 0.007840871810913086]
INFO:root:Tiebreaks used: 0
INFO:root:Tiebreak runtime: [False, False, False, False, False, False, False, False, False, False, False, False, False, False, False, False, False, False, False, False, False, False, False, False, False, False, False, False, False, False, False, False, False, False, False, False, False, False, False, False, False, False, False, False, False, False, False, False, False, False, False, False, False, False, False, False, False, False]
INFO:root:Number of inner modules ASNets: 132
INFO:root:Number of Gurobi variables: 733 Constraints: 913
INFO:root:Explanation: at_t_3_p_1_1 = 1
at_t_1_p_2_1 = 0
at_t_2_p_2_2 = 1

