INFO:root:Problem path: /home/asnets_user/shared/policy-explanations/experiments/experiment_problems/npuzzle/all-2puzzle/npuzzle2x2-08.pddl
INFO:root:Goal reached/Finished in time: 1
INFO:root:CPU Runtime: 11.913000122000001
INFO:root:Runtime: 1.5243395576253533
INFO:root:Plan length: 3
INFO:root:Size of explanation: 3
INFO:root:Size of input: 24
INFO:root:Number of calls: 58
INFO:root:Runtime for each network call: [0.45196986198425293, 0.009367942810058594, 0.008713006973266602, 0.008456945419311523, 0.009313821792602539, 0.008634090423583984, 0.008457183837890625, 0.009335041046142578, 0.008642911911010742, 0.008462905883789062, 0.009325027465820312, 0.009315967559814453, 0.00931406021118164, 0.008633136749267578, 0.00844717025756836, 0.009260177612304688, 0.00864100456237793, 0.013276100158691406, 0.009387969970703125, 0.008652925491333008, 0.009294986724853516, 0.009325027465820312, 0.008627891540527344, 0.008385181427001953, 0.009324073791503906, 0.00861811637878418, 0.008405923843383789, 0.009285926818847656, 0.008625984191894531, 0.008421897888183594, 0.009376049041748047, 0.00860595703125, 0.008404016494750977, 0.00925898551940918, 0.008586883544921875, 0.008409976959228516, 0.013834953308105469, 0.009323835372924805, 0.008611917495727539, 0.009264945983886719, 0.008655071258544922, 0.008421897888183594, 0.00927114486694336, 0.008602142333984375, 0.008411169052124023, 0.009299993515014648, 0.008646011352539062, 0.008400917053222656, 0.009221076965332031, 0.008622169494628906, 0.008360862731933594, 0.009256124496459961, 0.008607864379882812, 0.008405923843383789, 0.012301921844482422, 0.009299039840698242, 0.00861501693725586, 0.008428812026977539]
INFO:root:Tiebreaks used: 0
INFO:root:Tiebreak runtime: [False, False, False, False, False, False, False, False, False, False, False, False, False, False, False, False, False, False, False, False, False, False, False, False, False, False, False, False, False, False, False, False, False, False, False, False, False, False, False, False, False, False, False, False, False, False, False, False, False, False, False, False, False, False, False, False, False, False]
INFO:root:Number of inner modules ASNets: 132
INFO:root:Number of Gurobi variables: 733 Constraints: 913
INFO:root:Explanation: empty_p_1_2 = 1
at_t_3_p_2_2 = 1
at_t_2_p_2_1 = 0

INFO:root:Problem path: /home/asnets_user/shared/policy-explanations/experiments/experiment_problems/npuzzle/all-2puzzle/npuzzle2x2-08.pddl
INFO:root:Goal reached/Finished in time: 1
INFO:root:CPU Runtime: 11.25066688
INFO:root:Runtime: 1.396809171885252
INFO:root:Plan length: 3
INFO:root:Size of explanation: 3
INFO:root:Size of input: 24
INFO:root:Number of calls: 58
INFO:root:Runtime for each network call: [0.42510199546813965, 0.009604930877685547, 0.008625984191894531, 0.00836491584777832, 0.009217977523803711, 0.00854182243347168, 0.00830698013305664, 0.009180068969726562, 0.008527994155883789, 0.008296966552734375, 0.009172916412353516, 0.008530855178833008, 0.00836801528930664, 0.009158849716186523, 0.0084991455078125, 0.00830698013305664, 0.009161949157714844, 0.008504867553710938, 0.008383035659790039, 0.009145021438598633, 0.008517026901245117, 0.008294105529785156, 0.009135007858276367, 0.008485794067382812, 0.00855398178100586, 0.008594989776611328, 0.008578062057495117, 0.008293867111206055, 0.00855112075805664, 0.008472919464111328, 0.008278131484985352, 0.008556842803955078, 0.008572101593017578, 0.008336067199707031, 0.008589029312133789, 0.00850987434387207, 0.00828099250793457, 0.008520126342773438, 0.008510828018188477, 0.008288145065307617, 0.008543968200683594, 0.008507966995239258, 0.008516073226928711, 0.012603044509887695, 0.00922703742980957, 0.008519172668457031, 0.009157896041870117, 0.008512020111083984, 0.008271932601928711, 0.009145021438598633, 0.03385496139526367, 0.009351968765258789, 0.008543014526367188, 0.00830698013305664, 0.011631011962890625, 0.009205102920532227, 0.008538007736206055, 0.008319854736328125]
INFO:root:Tiebreaks used: 0
INFO:root:Tiebreak runtime: [False, False, False, False, False, False, False, False, False, False, False, False, False, False, False, False, False, False, False, False, False, False, False, False, False, False, False, False, False, False, False, False, False, False, False, False, False, False, False, False, False, False, False, False, False, False, False, False, False, False, False, False, False, False, False, False, False, False]
INFO:root:Number of inner modules ASNets: 132
INFO:root:Number of Gurobi variables: 733 Constraints: 913
INFO:root:Explanation: at_t_3_p_2_2 = 1
at_t_2_p_1_1 = 1
at_t_1_p_1_2 = 0

