INFO:root:Problem path: /home/asnets_user/shared/policy-explanations/experiments/experiment_problems/npuzzle/all-2puzzle/npuzzle2x2-21.pddl
INFO:root:Goal reached/Finished in time: 1
INFO:root:CPU Runtime: 2.299659634000001
INFO:root:Runtime: 1.4800767991691828
INFO:root:Plan length: 4
INFO:root:Size of explanation: 3
INFO:root:Size of input: 24
INFO:root:Number of calls: 74
INFO:root:Runtime for each network call: [0.22598600387573242, 0.009130001068115234, 0.008991003036499023, 0.007979869842529297, 0.0083160400390625, 0.009093999862670898, 0.008934974670410156, 0.007910966873168945, 0.008259057998657227, 0.009035110473632812, 0.008894920349121094, 0.007855892181396484, 0.008282899856567383, 0.00904703140258789, 0.008873939514160156, 0.009099006652832031, 0.00886392593383789, 0.009032964706420898, 0.008869171142578125, 0.007910013198852539, 0.008233070373535156, 0.009052038192749023, 0.00886082649230957, 0.00786900520324707, 0.00904393196105957, 0.008064031600952148, 0.008940935134887695, 0.007946014404296875, 0.009057044982910156, 0.008957147598266602, 0.009010076522827148, 0.008913993835449219, 0.007850885391235352, 0.008235931396484375, 0.009054899215698242, 0.008938074111938477, 0.011541128158569336, 0.008254051208496094, 0.009102106094360352, 0.00893402099609375, 0.007855892181396484, 0.008239030838012695, 0.009083986282348633, 0.008971214294433594, 0.007897138595581055, 0.00821995735168457, 0.009037971496582031, 0.008944034576416016, 0.007898807525634766, 0.008232831954956055, 0.008997917175292969, 0.009001016616821289, 0.008918046951293945, 0.007863998413085938, 0.009106159210205078, 0.008944988250732422, 0.007942914962768555, 0.008270978927612305, 0.009001970291137695, 0.008917093276977539, 0.007843017578125, 0.008265972137451172, 0.009068965911865234, 0.008955955505371094, 0.007910966873168945, 0.008291006088256836, 0.009028911590576172, 0.008917808532714844, 0.00785684585571289, 0.008285045623779297, 0.02659296989440918, 0.011250972747802734, 0.012764930725097656, 0.024990081787109375]
INFO:root:Tiebreaks used: 0
INFO:root:Tiebreak runtime: [False, False, False, False, False, False, False, False, False, False, False, False, False, False, False, False, False, False, False, False, False, False, False, False, False, False, False, False, False, False, False, False, False, False, False, False, False, False, False, False, False, False, False, False, False, False, False, False, False, False, False, False, False, False, False, False, False, False, False, False, False, False, False, False, False, False, False, False, False, False, False, False, False, False]
INFO:root:Number of inner modules ASNets: 132
INFO:root:Number of Gurobi variables: 733 Constraints: 913
INFO:root:Explanation: at_t_2_p_2_1 = 0
at_t_3_p_1_2 = 1
empty_p_2_2 = 1

INFO:root:Problem path: /home/asnets_user/shared/policy-explanations/experiments/experiment_problems/npuzzle/all-2puzzle/npuzzle2x2-21.pddl
INFO:root:Goal reached/Finished in time: 1
INFO:root:CPU Runtime: 2.435542978999999
INFO:root:Runtime: 1.399971473030746
INFO:root:Plan length: 4
INFO:root:Size of explanation: 3
INFO:root:Size of input: 24
INFO:root:Number of calls: 72
INFO:root:Runtime for each network call: [0.23849797248840332, 0.009178876876831055, 0.009107112884521484, 0.008944034576416016, 0.007920026779174805, 0.008344173431396484, 0.009032011032104492, 0.009052038192749023, 0.008894205093383789, 0.007882833480834961, 0.008262872695922852, 0.009077072143554688, 0.00886988639831543, 0.007899999618530273, 0.008298873901367188, 0.009067773818969727, 0.008865833282470703, 0.007873058319091797, 0.008259057998657227, 0.009036064147949219, 0.008900880813598633, 0.007877826690673828, 0.008221864700317383, 0.009060859680175781, 0.008861780166625977, 0.007855892181396484, 0.008038043975830078, 0.008062124252319336, 0.008849143981933594, 0.007890939712524414, 0.008296966552734375, 0.008054018020629883, 0.00884699821472168, 0.007834911346435547, 0.008270025253295898, 0.00803995132446289, 0.008819818496704102, 0.007883787155151367, 0.008243799209594727, 0.008028030395507812, 0.008887052536010742, 0.007883071899414062, 0.008234024047851562, 0.008102178573608398, 0.008825063705444336, 0.007884025573730469, 0.008240938186645508, 0.008074045181274414, 0.008840084075927734, 0.008068084716796875, 0.008861780166625977, 0.007863044738769531, 0.011538028717041016, 0.010818004608154297, 0.008873224258422852, 0.00789499282836914, 0.012686967849731445, 0.00889897346496582, 0.007879972457885742, 0.008236885070800781, 0.012719869613647461, 0.008926153182983398, 0.0489659309387207, 0.012917041778564453, 0.008932113647460938, 0.007919073104858398, 0.008271932601928711, 0.023209095001220703, 0.012809038162231445, 0.00895380973815918, 0.007884979248046875, 0.008271932601928711]
INFO:root:Tiebreaks used: 0
INFO:root:Tiebreak runtime: [False, False, False, False, False, False, False, False, False, False, False, False, False, False, False, False, False, False, False, False, False, False, False, False, False, False, False, False, False, False, False, False, False, False, False, False, False, False, False, False, False, False, False, False, False, False, False, False, False, False, False, False, False, False, False, False, False, False, False, False, False, False, False, False, False, False, False, False, False, False, False, False]
INFO:root:Number of inner modules ASNets: 132
INFO:root:Number of Gurobi variables: 733 Constraints: 913
INFO:root:Explanation: at_t_2_p_1_1 = 1
at_t_1_p_1_2 = 0
at_t_3_p_2_2 = 0

