INFO:root:Problem path: /home/asnets_user/shared/policy-explanations/experiments/experiment_problems/npuzzle/all-2puzzle/npuzzle2x2-09.pddl
INFO:root:Goal reached/Finished in time: 1
INFO:root:CPU Runtime: 6.695301728000002
INFO:root:Runtime: 1.6596879176795483
INFO:root:Plan length: 5
INFO:root:Size of explanation: 3
INFO:root:Size of input: 24
INFO:root:Number of calls: 84
INFO:root:Runtime for each network call: [0.3278679847717285, 0.008827924728393555, 0.008271932601928711, 0.009324073791503906, 0.009860992431640625, 0.008085012435913086, 0.008831977844238281, 0.008219003677368164, 0.0089569091796875, 0.009846210479736328, 0.008008956909179688, 0.00869607925415039, 0.008186101913452148, 0.008997917175292969, 0.009786128997802734, 0.007938861846923828, 0.008708953857421875, 0.008280038833618164, 0.009041070938110352, 0.009820938110351562, 0.008204221725463867, 0.008950948715209961, 0.009840011596679688, 0.008248090744018555, 0.008960962295532227, 0.00978708267211914, 0.007986068725585938, 0.009792089462280273, 0.0097808837890625, 0.008233070373535156, 0.009795904159545898, 0.00822901725769043, 0.009028911590576172, 0.009747028350830078, 0.009812116622924805, 0.008233070373535156, 0.008955955505371094, 0.00978398323059082, 0.008224010467529297, 0.009014129638671875, 0.009793996810913086, 0.007993936538696289, 0.009785890579223633, 0.008229970932006836, 0.008959054946899414, 0.009778976440429688, 0.007989168167114258, 0.009782075881958008, 0.008218050003051758, 0.008990049362182617, 0.009766101837158203, 0.007976055145263672, 0.009825944900512695, 0.008230924606323242, 0.008996963500976562, 0.009780168533325195, 0.007970094680786133, 0.012949943542480469, 0.00982809066772461, 0.008256912231445312, 0.008728981018066406, 0.008697986602783203, 0.008235931396484375, 0.008962154388427734, 0.009778022766113281, 0.008030176162719727, 0.008816957473754883, 0.008178949356079102, 0.008928060531616211, 0.009733200073242188, 0.00797414779663086, 0.008757829666137695, 0.008210897445678711, 0.009000062942504883, 0.009785890579223633, 0.00793600082397461, 0.008725881576538086, 0.00822305679321289, 0.008907794952392578, 0.009727001190185547, 0.00797581672668457, 0.008723020553588867, 0.011430978775024414, 0.021574974060058594]
INFO:root:Tiebreaks used: 0
INFO:root:Tiebreak runtime: [False, False, False, False, False, False, False, False, False, False, False, False, False, False, False, False, False, False, False, False, False, False, False, False, False, False, False, False, False, False, False, False, False, False, False, False, False, False, False, False, False, False, False, False, False, False, False, False, False, False, False, False, False, False, False, False, False, False, False, False, False, False, False, False, False, False, False, False, False, False, False, False, False, False, False, False, False, False, False, False, False, False, False, False]
INFO:root:Number of inner modules ASNets: 132
INFO:root:Number of Gurobi variables: 733 Constraints: 913
INFO:root:Explanation: at_t_2_p_2_1 = 1
at_t_3_p_1_2 = 0
at_t_1_p_2_2 = 1

INFO:root:Problem path: /home/asnets_user/shared/policy-explanations/experiments/experiment_problems/npuzzle/all-2puzzle/npuzzle2x2-09.pddl
INFO:root:Goal reached/Finished in time: 1
INFO:root:CPU Runtime: 6.4271003380000025
INFO:root:Runtime: 1.6303671589121222
INFO:root:Plan length: 5
INFO:root:Size of explanation: 3
INFO:root:Size of input: 24
INFO:root:Number of calls: 79
INFO:root:Runtime for each network call: [0.3196988105773926, 0.008929967880249023, 0.008369922637939453, 0.008874177932739258, 0.008327960968017578, 0.009120941162109375, 0.009913921356201172, 0.008069038391113281, 0.008871078491210938, 0.008835077285766602, 0.008300065994262695, 0.009130001068115234, 0.009940147399902344, 0.008053064346313477, 0.008854866027832031, 0.00833892822265625, 0.009083986282348633, 0.00988912582397461, 0.008033037185668945, 0.008833169937133789, 0.008285045623779297, 0.009131193161010742, 0.009939193725585938, 0.008044004440307617, 0.008765220642089844, 0.008332014083862305, 0.009039878845214844, 0.009904861450195312, 0.008063077926635742, 0.008823156356811523, 0.009953022003173828, 0.008321046829223633, 0.00992894172668457, 0.009891033172607422, 0.00831913948059082, 0.009033918380737305, 0.009921073913574219, 0.008055925369262695, 0.009900808334350586, 0.00836801528930664, 0.009083032608032227, 0.009887933731079102, 0.008056879043579102, 0.00990605354309082, 0.008298873901367188, 0.009042978286743164, 0.00991201400756836, 0.008047103881835938, 0.00988006591796875, 0.0083160400390625, 0.009051084518432617, 0.009873151779174805, 0.008090019226074219, 0.009889841079711914, 0.008296966552734375, 0.00907588005065918, 0.009883880615234375, 0.008337974548339844, 0.009076118469238281, 0.009879112243652344, 0.008880853652954102, 0.008352994918823242, 0.01283884048461914, 0.022255897521972656, 0.012840986251831055, 0.008385896682739258, 0.009109973907470703, 0.06087899208068848, 0.021711111068725586, 0.012876033782958984, 0.008367061614990234, 0.009088993072509766, 0.009913206100463867, 0.008090019226074219, 0.012846946716308594, 0.008408069610595703, 0.009119987487792969, 0.009919881820678711, 0.008111000061035156]
INFO:root:Tiebreaks used: 0
INFO:root:Tiebreak runtime: [False, False, False, False, False, False, False, False, False, False, False, False, False, False, False, False, False, False, False, False, False, False, False, False, False, False, False, False, False, False, False, False, False, False, False, False, False, False, False, False, False, False, False, False, False, False, False, False, False, False, False, False, False, False, False, False, False, False, False, False, False, False, False, False, False, False, False, False, False, False, False, False, False, False, False, False, False, False, False]
INFO:root:Number of inner modules ASNets: 132
INFO:root:Number of Gurobi variables: 733 Constraints: 913
INFO:root:Explanation: at_t_2_p_1_2 = 0
at_t_1_p_2_1 = 0
at_t_3_p_1_1 = 1

