INFO:root:Problem path: /home/asnets_user/shared/policy-explanations/experiments/experiment_problems/gripper/problem03.pddl
INFO:root:Goal reached/Finished in time: 1
INFO:root:CPU Runtime: 3.2497113450000015
INFO:root:Runtime: 1.3766681775450706
INFO:root:Plan length: 9
INFO:root:Size of explanation: 4
INFO:root:Size of input: 16
INFO:root:Number of calls: 73
INFO:root:Runtime for each network call: [0.0266110897064209, 0.007860898971557617, 0.003762960433959961, 0.003331899642944336, 0.007250070571899414, 0.007650852203369141, 0.007707118988037109, 0.003720998764038086, 0.008575916290283203, 0.007966995239257812, 0.0037817955017089844, 0.007858991622924805, 0.003790140151977539, 0.003287076950073242, 0.003715038299560547, 0.007536888122558594, 0.0037360191345214844, 0.0032911300659179688, 0.003695964813232422, 0.0035309791564941406, 0.003744840621948242, 0.0035161972045898438, 0.002862215042114258, 0.0028438568115234375, 0.013264894485473633, 0.005708932876586914, 0.0036668777465820312, 0.0054700374603271484, 0.0032820701599121094, 0.004286050796508789, 0.005727052688598633, 0.008057117462158203, 0.0037450790405273438, 0.003312826156616211, 0.0037260055541992188, 0.0035800933837890625, 0.01365518569946289, 0.005051136016845703, 0.007626771926879883, 0.0037920475006103516, 0.0033159255981445312, 0.003751039505004883, 0.003557920455932617, 0.0037589073181152344, 0.003547191619873047, 0.0028839111328125, 0.0028700828552246094, 0.0077419281005859375, 0.0037508010864257812, 0.0032949447631835938, 0.003731966018676758, 0.0035560131072998047, 0.0037500858306884766, 0.0035409927368164062, 0.0028901100158691406, 0.002880096435546875, 0.00777888298034668, 0.0037348270416259766, 0.0033180713653564453, 0.00372314453125, 0.0035750865936279297, 0.0037391185760498047, 0.0035610198974609375, 0.007484912872314453, 0.00785684585571289, 0.003760099411010742, 0.0032951831817626953, 0.0037298202514648438, 0.003565073013305664, 0.003755807876586914, 0.003557920455932617, 0.0028839111328125, 0.002872943878173828]
INFO:root:Tiebreaks used: 39
INFO:root:Tiebreak runtime: [False, 0.019205093383789062, 0.0050580501556396484, False, False, 0.018728017807006836, 0.019070863723754883, 0.0050470829010009766, 0.026391029357910156, 0.018956899642944336, 0.005077838897705078, 0.01899099349975586, 0.005018949508666992, False, 0.005115032196044922, 0.019782066345214844, 0.0050201416015625, False, 0.005098819732666016, False, False, 0.004045009613037109, False, False, 0.03316211700439453, 0.005423069000244141, False, 0.00591588020324707, False, False, False, 0.019324064254760742, 0.005036830902099609, False, 0.005155086517333984, False, 0.023734092712402344, False, 0.018604040145874023, 0.005079984664916992, False, 0.005143880844116211, False, False, 0.0040857791900634766, False, False, 0.019530773162841797, 0.0050280094146728516, False, 0.005136966705322266, False, False, 0.004088163375854492, False, False, 0.01880478858947754, 0.005049943923950195, False, 0.005155086517333984, False, False, 0.004088163375854492, 0.018841981887817383, 0.018212080001831055, 0.005044221878051758, False, 0.005156993865966797, False, False, 0.004076957702636719, False, False]
INFO:root:Number of inner modules ASNets: 96
INFO:root:Number of Gurobi variables: 437 Constraints: 551
INFO:root:Explanation: at-robby_roomb = 0
at_ball1_rooma = 1
at_ball2_rooma = 1
at_ball3_rooma = 1

INFO:root:Problem path: /home/asnets_user/shared/policy-explanations/experiments/experiment_problems/gripper/problem03.pddl
INFO:root:Goal reached/Finished in time: 1
INFO:root:CPU Runtime: 2.8820538790000008
INFO:root:Runtime: 1.444610827602446
INFO:root:Plan length: 9
INFO:root:Size of explanation: 4
INFO:root:Size of input: 16
INFO:root:Number of calls: 73
INFO:root:Runtime for each network call: [0.026453018188476562, 0.011636972427368164, 0.0037200450897216797, 0.0032880306243896484, 0.0036978721618652344, 0.0035381317138671875, 0.003720998764038086, 0.003534078598022461, 0.002866983413696289, 0.0028519630432128906, 0.007804155349731445, 0.007697105407714844, 0.0038890838623046875, 0.003278017044067383, 0.003701925277709961, 0.0035300254821777344, 0.0037190914154052734, 0.0035278797149658203, 0.0077860355377197266, 0.003763914108276367, 0.0032858848571777344, 0.0037391185760498047, 0.003551959991455078, 0.0037431716918945312, 0.003543853759765625, 0.0028929710388183594, 0.002859830856323242, 0.007839202880859375, 0.0037338733673095703, 0.0032711029052734375, 0.003721952438354492, 0.0035758018493652344, 0.0037689208984375, 0.003548145294189453, 0.0028829574584960938, 0.0029070377349853516, 0.008689165115356445, 0.004130125045776367, 0.008711814880371094, 0.003737926483154297, 0.003283977508544922, 0.0037238597869873047, 0.003568887710571289, 0.00864720344543457, 0.004225969314575195, 0.0035741329193115234, 0.005449771881103516, 0.0030069351196289062, 0.004055976867675781, 0.0054759979248046875, 0.0074939727783203125, 0.0037660598754882812, 0.003343820571899414, 0.0037441253662109375, 0.0035560131072998047, 0.003771066665649414, 0.0035409927368164062, 0.002902984619140625, 0.002892017364501953, 0.007915973663330078, 0.0037238597869873047, 0.003303050994873047, 0.003719806671142578, 0.007879018783569336, 0.0037479400634765625, 0.014438867568969727, 0.00820779800415039, 0.003761768341064453, 0.007814884185791016, 0.008146047592163086, 0.0039010047912597656, 0.003309011459350586, 0.007569074630737305]
INFO:root:Tiebreaks used: 39
INFO:root:Tiebreak runtime: [False, 0.018843889236450195, 0.005017995834350586, False, 0.005093097686767578, False, False, 0.004063844680786133, False, False, 0.018917083740234375, 0.019494056701660156, 0.005026817321777344, False, 0.005095005035400391, False, False, 0.00403594970703125, 0.01929187774658203, 0.005024909973144531, False, 0.005121946334838867, False, False, 0.004090070724487305, False, False, 0.018665790557861328, 0.005033969879150391, False, 0.005156040191650391, False, False, 0.004071950912475586, False, False, 0.022659778594970703, False, 0.019236087799072266, 0.005037784576416016, False, 0.005127906799316406, False, 0.03022909164428711, 0.005267143249511719, False, 0.0054569244384765625, False, False, False, 0.019306182861328125, 0.0050351619720458984, False, 0.0051920413970947266, False, False, 0.004090070724487305, False, False, 0.01912093162536621, 0.005021810531616211, False, 0.005166053771972656, 0.018957853317260742, 0.005085945129394531, 0.021004199981689453, 0.019247055053710938, 0.0050389766693115234, 0.018858909606933594, 0.01940011978149414, 0.005079984664916992, False, False]
INFO:root:Number of inner modules ASNets: 96
INFO:root:Number of Gurobi variables: 437 Constraints: 551
INFO:root:Explanation: at-robby_rooma = 1
at_ball1_rooma = 1
at_ball2_rooma = 1
at_ball3_rooma = 1

