INFO:root:Problem path: /home/asnets_user/shared/policy-explanations/experiments/experiment_problems/gripper/problem04.pddl
INFO:root:Goal reached/Finished in time: 1
INFO:root:CPU Runtime: 13.287488842
INFO:root:Runtime: 2.477127820253372
INFO:root:Plan length: 11
INFO:root:Size of explanation: 5
INFO:root:Size of input: 20
INFO:root:Number of calls: 118
INFO:root:Runtime for each network call: [0.2234511375427246, 0.034024953842163086, 0.022290945053100586, 0.005476951599121094, 0.0221560001373291, 0.025168895721435547, 0.026545047760009766, 0.022111177444458008, 0.049073219299316406, 0.019659996032714844, 0.025856971740722656, 0.0216829776763916, 0.025755882263183594, 0.021823883056640625, 0.0055768489837646484, 0.006637096405029297, 0.005157947540283203, 0.005313873291015625, 0.006762027740478516, 0.004601001739501953, 0.006701946258544922, 0.007319211959838867, 0.006677150726318359, 0.025985002517700195, 0.021612882614135742, 0.005759000778198242, 0.006666898727416992, 0.0049631595611572266, 0.005235195159912109, 0.006829977035522461, 0.0048639774322509766, 0.006623983383178711, 0.007175922393798828, 0.04006385803222656, 0.019336223602294922, 0.005568027496337891, 0.00531315803527832, 0.005219936370849609, 0.005887031555175781, 0.007687091827392578, 0.012059211730957031, 0.025475025177001953, 0.021548986434936523, 0.005671024322509766, 0.0065479278564453125, 0.03574085235595703, 0.02579021453857422, 0.02184891700744629, 0.005442142486572266, 0.006475210189819336, 0.00513911247253418, 0.03253889083862305, 0.020596981048583984, 0.005445003509521484, 0.005322933197021484, 0.005419015884399414, 0.0058460235595703125, 0.008728981018066406, 0.025424957275390625, 0.021201133728027344, 0.005730152130126953, 0.006549835205078125, 0.0049169063568115234, 0.0052490234375, 0.006857872009277344, 0.004789829254150391, 0.024625062942504883, 0.02158808708190918, 0.0054168701171875, 0.006231069564819336, 0.004914999008178711, 0.0054209232330322266, 0.006793022155761719, 0.004553079605102539, 0.006330966949462891, 0.007409095764160156, 0.00690007209777832, 0.026728153228759766, 0.022098064422607422, 0.005578041076660156, 0.006558895111083984, 0.004890918731689453, 0.005234956741333008, 0.0067408084869384766, 0.004672050476074219, 0.006559848785400391, 0.00716710090637207, 0.00666499137878418, 0.02590489387512207, 0.021175146102905273, 0.005733013153076172, 0.006575822830200195, 0.004940032958984375, 0.0052340030670166016, 0.006926059722900391, 0.004734992980957031, 0.006512880325317383, 0.007132053375244141, 0.006657838821411133, 0.024684906005859375, 0.025610923767089844, 0.02126598358154297, 0.005469083786010742, 0.006585121154785156, 0.005074977874755859, 0.005254030227661133, 0.006838083267211914, 0.00457310676574707, 0.006501913070678711, 0.007414102554321289, 0.006627798080444336, 0.0255429744720459, 0.021188974380493164, 0.00545811653137207, 0.0065631866455078125, 0.004870891571044922, 0.0052111148834228516, 0.0068149566650390625]
INFO:root:Tiebreaks used: 0
INFO:root:Tiebreak runtime: [False, False, False, False, False, False, False, False, False, False, False, False, False, False, False, False, False, False, False, False, False, False, False, False, False, False, False, False, False, False, False, False, False, False, False, False, False, False, False, False, False, False, False, False, False, False, False, False, False, False, False, False, False, False, False, False, False, False, False, False, False, False, False, False, False, False, False, False, False, False, False, False, False, False, False, False, False, False, False, False, False, False, False, False, False, False, False, False, False, False, False, False, False, False, False, False, False, False, False, False, False, False, False, False, False, False, False, False, False, False, False, False, False, False, False, False, False, False]
INFO:root:Number of inner modules ASNets: 124
INFO:root:Number of Gurobi variables: 675 Constraints: 931
INFO:root:Explanation: at_ball1_rooma = 1
at_ball4_rooma = 1
at_ball2_rooma = 1
at_ball3_rooma = 1
at-robby_roomb = 0

INFO:root:Problem path: /home/asnets_user/shared/policy-explanations/experiments/experiment_problems/gripper/problem04.pddl
INFO:root:Goal reached/Finished in time: 1
INFO:root:CPU Runtime: 12.812604609999998
INFO:root:Runtime: 2.5340439546853304
INFO:root:Plan length: 11
INFO:root:Size of explanation: 5
INFO:root:Size of input: 20
INFO:root:Number of calls: 118
INFO:root:Runtime for each network call: [0.211594820022583, 0.02626490592956543, 0.022626876831054688, 0.005472898483276367, 0.0063610076904296875, 0.005132913589477539, 0.005532979965209961, 0.006885051727294922, 0.02555084228515625, 0.03009796142578125, 0.005799055099487305, 0.006644010543823242, 0.0049440860748291016, 0.005267143249511719, 0.006791114807128906, 0.004775047302246094, 0.0066640377044677734, 0.007177829742431641, 0.006678104400634766, 0.025791168212890625, 0.030817031860351562, 0.02136707305908203, 0.005656003952026367, 0.0066111087799072266, 0.0049169063568115234, 0.0052340030670166016, 0.006793975830078125, 0.0047910213470458984, 0.00658106803894043, 0.007147073745727539, 0.0066509246826171875, 0.025460004806518555, 0.021734952926635742, 0.0056400299072265625, 0.006323099136352539, 0.004837989807128906, 0.005324840545654297, 0.0071179866790771484, 0.004709959030151367, 0.0063419342041015625, 0.007131814956665039, 0.0069010257720947266, 0.026993989944458008, 0.02228403091430664, 0.0054090023040771484, 0.006324052810668945, 0.005049943923950195, 0.005426168441772461, 0.006710052490234375, 0.004515886306762695, 0.006433010101318359, 0.007440090179443359, 0.006712913513183594, 0.022897958755493164, 0.022120952606201172, 0.005422115325927734, 0.006556034088134766, 0.0050258636474609375, 0.005208015441894531, 0.006719112396240234, 0.0046122074127197266, 0.03254199028015137, 0.025089025497436523, 0.005438089370727539, 0.005103111267089844, 0.005115032196044922, 0.005263090133666992, 0.007422924041748047, 0.02960205078125, 0.028095006942749023, 0.005654096603393555, 0.006285905838012695, 0.004839181900024414, 0.037741899490356445, 0.02687811851501465, 0.021925926208496094, 0.005727052688598633, 0.006502866744995117, 0.032205820083618164, 0.014493227005004883, 0.005259990692138672, 0.005321979522705078, 0.005251884460449219, 0.005014896392822266, 0.006823062896728516, 0.013007879257202148, 0.025655031204223633, 0.023999929428100586, 0.005418062210083008, 0.006248950958251953, 0.005038022994995117, 0.005518913269042969, 0.006784915924072266, 0.004565000534057617, 0.006409883499145508, 0.007468223571777344, 0.021960973739624023, 0.022207975387573242, 0.0057451725006103516, 0.006286144256591797, 0.005098104476928711, 0.005521059036254883, 0.006797075271606445, 0.004582881927490234, 0.006443023681640625, 0.0075168609619140625, 0.006794929504394531, 0.025191068649291992, 0.021278858184814453, 0.03903388977050781, 0.022876977920532227, 0.029345035552978516, 0.022099971771240234, 0.02854299545288086, 0.033421993255615234, 0.021712064743041992, 0.005653858184814453, 0.021817922592163086]
INFO:root:Tiebreaks used: 0
INFO:root:Tiebreak runtime: [False, False, False, False, False, False, False, False, False, False, False, False, False, False, False, False, False, False, False, False, False, False, False, False, False, False, False, False, False, False, False, False, False, False, False, False, False, False, False, False, False, False, False, False, False, False, False, False, False, False, False, False, False, False, False, False, False, False, False, False, False, False, False, False, False, False, False, False, False, False, False, False, False, False, False, False, False, False, False, False, False, False, False, False, False, False, False, False, False, False, False, False, False, False, False, False, False, False, False, False, False, False, False, False, False, False, False, False, False, False, False, False, False, False, False, False, False, False]
INFO:root:Number of inner modules ASNets: 124
INFO:root:Number of Gurobi variables: 675 Constraints: 931
INFO:root:Explanation: at_ball1_rooma = 1
at_ball4_rooma = 1
at_ball2_rooma = 1
at_ball3_rooma = 1
at-robby_rooma = 1

