INFO:root:Problem path: /home/asnets_user/shared/policy-explanations/experiments/experiment_problems/blocks/prob-blocks-blocks-nblk3-seed1914988565-seq6.pddl
INFO:root:Goal reached/Finished in time: 1
INFO:root:CPU Runtime: 1.426858000000001
INFO:root:Runtime: 1.0797731867060065
INFO:root:Plan length: 6
INFO:root:Size of explanation: 3
INFO:root:Size of input: 19
INFO:root:Number of calls: 70
INFO:root:Runtime for each network call: [0.04623699188232422, 0.002331972122192383, 0.002323150634765625, 0.003371000289916992, 0.004004955291748047, 0.014671087265014648, 0.006011009216308594, 0.005199909210205078, 0.0023229122161865234, 0.0033540725708007812, 0.003977060317993164, 0.014592170715332031, 0.0023810863494873047, 0.0033750534057617188, 0.004019975662231445, 0.01429605484008789, 0.005983114242553711, 0.005028963088989258, 0.0029408931732177734, 0.004341840744018555, 0.0034720897674560547, 0.003960132598876953, 0.01425480842590332, 0.005979061126708984, 0.005021095275878906, 0.0023288726806640625, 0.003345966339111328, 0.003966093063354492, 0.014137029647827148, 0.005975008010864258, 0.004987955093383789, 0.002315044403076172, 0.0033409595489501953, 0.003961086273193359, 0.014478206634521484, 0.005984067916870117, 0.005052089691162109, 0.014767885208129883, 0.002385854721069336, 0.003371000289916992, 0.003980875015258789, 0.014471054077148438, 0.0059850215911865234, 0.0050220489501953125, 0.002321958541870117, 0.0033500194549560547, 0.004002094268798828, 0.002310037612915039, 0.0023000240325927734, 0.0033299922943115234, 0.003956794738769531, 0.014748096466064453, 0.005971193313598633, 0.002335071563720703, 0.006306171417236328, 0.007272005081176758, 0.02231597900390625, 0.0024378299713134766, 0.003386974334716797, 0.004006147384643555, 0.01532602310180664, 0.0060498714447021484, 0.0023729801177978516, 0.03162097930908203, 0.0024809837341308594, 0.003387928009033203, 0.004003047943115234, 0.015085935592651367, 0.006000995635986328, 0.005056142807006836]
INFO:root:Tiebreaks used: 0
INFO:root:Tiebreak runtime: [False, False, False, False, False, False, False, False, False, False, False, False, False, False, False, False, False, False, False, False, False, False, False, False, False, False, False, False, False, False, False, False, False, False, False, False, False, False, False, False, False, False, False, False, False, False, False, False, False, False, False, False, False, False, False, False, False, False, False, False, False, False, False, False, False, False, False, False, False, False]
INFO:root:Number of inner modules ASNets: 100
INFO:root:Number of Gurobi variables: 515 Constraints: 674
INFO:root:Explanation: handempty = 1
on_b3_b1 = 1
ontable_b2 = 0

INFO:root:Problem path: /home/asnets_user/shared/policy-explanations/experiments/experiment_problems/blocks/prob-blocks-blocks-nblk3-seed1914988565-seq6.pddl
INFO:root:Goal reached/Finished in time: 1
INFO:root:CPU Runtime: 1.0590711980000016
INFO:root:Runtime: 0.9774740356951952
INFO:root:Plan length: 6
INFO:root:Size of explanation: 3
INFO:root:Size of input: 19
INFO:root:Number of calls: 70
INFO:root:Runtime for each network call: [0.04589509963989258, 0.0022802352905273438, 0.0033690929412841797, 0.0039861202239990234, 0.01477503776550293, 0.005969047546386719, 0.005033016204833984, 0.0023047924041748047, 0.0033779144287109375, 0.0022978782653808594, 0.0022630691528320312, 0.0033779144287109375, 0.003973960876464844, 0.01450800895690918, 0.005986928939819336, 0.0023009777069091797, 0.002270936965942383, 0.0033359527587890625, 0.003984928131103516, 0.002286195755004883, 0.0033597946166992188, 0.0039598941802978516, 0.014518022537231445, 0.005953788757324219, 0.002290010452270508, 0.002270936965942383, 0.0033638477325439453, 0.003961801528930664, 0.0022690296173095703, 0.0033168792724609375, 0.003960847854614258, 0.014534950256347656, 0.0059490203857421875, 0.004988908767700195, 0.002299070358276367, 0.0033571720123291016, 0.003970146179199219, 0.0022940635681152344, 0.003342151641845703, 0.003944873809814453, 0.014559030532836914, 0.005959033966064453, 0.00498199462890625, 0.0022928714752197266, 0.003341197967529297, 0.003952980041503906, 0.014519929885864258, 0.0059909820556640625, 0.004998922348022461, 0.0023081302642822266, 0.003376007080078125, 0.003981828689575195, 0.014889955520629883, 0.005980968475341797, 0.00501704216003418, 0.017531871795654297, 0.0023567676544189453, 0.003361940383911133, 0.0039920806884765625, 0.014434099197387695, 0.0059320926666259766, 0.004988908767700195, 0.011265993118286133, 0.0023479461669921875, 0.003381013870239258, 0.004011869430541992, 0.014389991760253906, 0.005947113037109375, 0.00498199462890625, 0.013132810592651367]
INFO:root:Tiebreaks used: 0
INFO:root:Tiebreak runtime: [False, False, False, False, False, False, False, False, False, False, False, False, False, False, False, False, False, False, False, False, False, False, False, False, False, False, False, False, False, False, False, False, False, False, False, False, False, False, False, False, False, False, False, False, False, False, False, False, False, False, False, False, False, False, False, False, False, False, False, False, False, False, False, False, False, False, False, False, False, False]
INFO:root:Number of inner modules ASNets: 100
INFO:root:Number of Gurobi variables: 515 Constraints: 674
INFO:root:Explanation: clear_b2 = 1
on_b2_b3 = 1
ontable_b3 = 0

