INFO:root:Problem path: /home/asnets_user/shared/policy-explanations/experiments/experiment_problems/blocks/prob-blocks-blocks-nblk2-seed1175397191-seq2.pddl
INFO:root:Goal reached/Finished in time: 1
INFO:root:CPU Runtime: 0.4015887090000003
INFO:root:Runtime: 0.435096119530499
INFO:root:Plan length: 4
INFO:root:Size of explanation: 2
INFO:root:Size of input: 11
INFO:root:Number of calls: 25
INFO:root:Runtime for each network call: [0.015272140502929688, 0.0013720989227294922, 0.0013670921325683594, 0.0013611316680908203, 0.001928091049194336, 0.003793954849243164, 0.003142833709716797, 0.0013589859008789062, 0.0019240379333496094, 0.003731966018676758, 0.003133058547973633, 0.0013549327850341797, 0.0013480186462402344, 0.0019099712371826172, 0.0037200450897216797, 0.001363992691040039, 0.006968021392822266, 0.0013899803161621094, 0.00191497802734375, 0.003735065460205078, 0.007113933563232422, 0.0014050006866455078, 0.0019299983978271484, 0.0037240982055664062, 0.003113985061645508]
INFO:root:Tiebreaks used: 0
INFO:root:Tiebreak runtime: [False, False, False, False, False, False, False, False, False, False, False, False, False, False, False, False, False, False, False, False, False, False, False, False, False]
INFO:root:Number of inner modules ASNets: 51
INFO:root:Number of Gurobi variables: 256 Constraints: 337
INFO:root:Explanation: handempty = 1
ontable_b2 = 0

INFO:root:Problem path: /home/asnets_user/shared/policy-explanations/experiments/experiment_problems/blocks/prob-blocks-blocks-nblk2-seed1175397191-seq2.pddl
INFO:root:Goal reached/Finished in time: 1
INFO:root:CPU Runtime: 0.36528524499999904
INFO:root:Runtime: 0.44679880049079657
INFO:root:Plan length: 4
INFO:root:Size of explanation: 1
INFO:root:Size of input: 11
INFO:root:Number of calls: 26
INFO:root:Runtime for each network call: [0.01548314094543457, 0.0013527870178222656, 0.001950979232788086, 0.003821134567260742, 0.0031387805938720703, 0.0013740062713623047, 0.001909017562866211, 0.0013260841369628906, 0.001909017562866211, 0.003713846206665039, 0.0013480186462402344, 0.0013301372528076172, 0.001322031021118164, 0.0019121170043945312, 0.003718852996826172, 0.0013430118560791016, 0.0013129711151123047, 0.001889944076538086, 0.003696918487548828, 0.0031080245971679688, 0.00133514404296875, 0.0018880367279052734, 0.0036687850952148438, 0.0030939579010009766, 0.007405996322631836, 0.0013878345489501953]
INFO:root:Tiebreaks used: 0
INFO:root:Tiebreak runtime: [False, False, False, False, False, False, False, False, False, False, False, False, False, False, False, False, False, False, False, False, False, False, False, False, False, False]
INFO:root:Number of inner modules ASNets: 51
INFO:root:Number of Gurobi variables: 256 Constraints: 337
INFO:root:Explanation: on_b2_b1 = 1

