INFO:root:Problem path: /home/asnets_user/shared/policy-explanations/experiments/experiment_problems/blocks/prob-blocks-blocks-nblk5-seed256232149-seq1.pddl
INFO:root:Goal reached/Finished in time: 1
INFO:root:CPU Runtime: 27.026623686000004
INFO:root:Runtime: 4.920693891122937
INFO:root:Plan length: 14
INFO:root:Size of explanation: 27
INFO:root:Size of input: 41
INFO:root:Number of calls: 265
INFO:root:Runtime for each network call: [0.8397879600524902, 0.005715847015380859, 0.007995128631591797, 0.010653018951416016, 0.011079072952270508, 0.011559009552001953, 0.005650043487548828, 0.007947921752929688, 0.005640983581542969, 0.00795602798461914, 0.010597944259643555, 0.005636930465698242, 0.007951974868774414, 0.010593175888061523, 0.01099085807800293, 0.011518001556396484, 0.01129603385925293, 0.011481046676635742, 0.011356830596923828, 0.02151012420654297, 0.004411935806274414, 0.00429987907409668, 0.0061299800872802734, 0.0077741146087646484, 0.007864952087402344, 0.008495092391967773, 0.00830698013305664, 0.008424043655395508, 0.008317947387695312, 0.015512943267822266, 0.004400014877319336, 0.006098031997680664, 0.007771015167236328, 0.007837057113647461, 0.008442878723144531, 0.0083160400390625, 0.0043108463287353516, 0.00428318977355957, 0.006083011627197266, 0.007735013961791992, 0.007828950881958008, 0.0084228515625, 0.004302024841308594, 0.006056070327758789, 0.007745027542114258, 0.007824897766113281, 0.008394956588745117, 0.008239030838012695, 0.008437156677246094, 0.008256912231445312, 0.015527009963989258, 0.0043561458587646484, 0.00609278678894043, 0.007742166519165039, 0.007802009582519531, 0.008440971374511719, 0.008250951766967773, 0.008428096771240234, 0.008280038833618164, 0.015526056289672852, 0.03227400779724121, 0.004503011703491211, 0.006133079528808594, 0.0077610015869140625, 0.007862091064453125, 0.008472919464111328, 0.008257150650024414, 0.008409976959228516, 0.008257865905761719, 0.015594005584716797, 0.004350185394287109, 0.00430607795715332, 0.006082057952880859, 0.007754087448120117, 0.007843971252441406, 0.031178951263427734, 0.004514932632446289, 0.006150007247924805, 0.007795095443725586, 0.007871866226196289, 0.008495092391967773, 0.00830698013305664, 0.008412837982177734, 0.008263111114501953, 0.015739917755126953, 0.004342079162597656, 0.006083965301513672, 0.007769107818603516, 0.007856130599975586, 0.008469104766845703, 0.008289813995361328, 0.008427858352661133, 0.032176971435546875, 0.004469871520996094, 0.006128072738647461, 0.007775068283081055, 0.007854938507080078, 0.008468151092529297, 0.008314847946166992, 0.00845193862915039, 0.008288860321044922, 0.015497922897338867, 0.00439000129699707, 0.006125926971435547, 0.007784843444824219, 0.007870197296142578, 0.008441925048828125, 0.008288860321044922, 0.00844883918762207, 0.008270025253295898, 0.015366077423095703, 0.004354000091552734, 0.006072044372558594, 0.007764101028442383, 0.007822990417480469, 0.008437156677246094, 0.008227109909057617, 0.008394002914428711, 0.008265972137451172, 0.015466928482055664, 0.004369020462036133, 0.006114959716796875, 0.007787942886352539, 0.00785207748413086, 0.008443117141723633, 0.008270978927612305, 0.00843191146850586, 0.008253097534179688, 0.015456914901733398, 0.004367828369140625, 0.006090879440307617, 0.007740974426269531, 0.007845163345336914, 0.00840902328491211, 0.008241891860961914, 0.008394956588745117, 0.008252859115600586, 0.015444040298461914, 0.004369974136352539, 0.006067991256713867, 0.0077550411224365234, 0.007822990417480469, 0.00840902328491211, 0.008227109909057617, 0.008391141891479492, 0.00824594497680664, 0.015366077423095703, 0.004343986511230469, 0.006067037582397461, 0.00772404670715332, 0.007838964462280273, 0.008452892303466797, 0.008239030838012695, 0.008414983749389648, 0.008263111114501953, 0.015351057052612305, 0.004325151443481445, 0.006051063537597656, 0.0077250003814697266, 0.0078051090240478516, 0.008427143096923828, 0.00825810432434082, 0.008410930633544922, 0.008243083953857422, 0.015423059463500977, 0.004333972930908203, 0.006083965301513672, 0.007756948471069336, 0.00785684585571289, 0.008436918258666992, 0.00826716423034668, 0.008420228958129883, 0.008270978927612305, 0.015389204025268555, 0.004310131072998047, 0.006067991256713867, 0.0077381134033203125, 0.007822036743164062, 0.008405923843383789, 0.008213996887207031, 0.008394956588745117, 0.008254051208496094, 0.015393972396850586, 0.004330873489379883, 0.006070852279663086, 0.007735013961791992, 0.007802009582519531, 0.008395910263061523, 0.0082550048828125, 0.008435964584350586, 0.008260965347290039, 0.015433073043823242, 0.004374980926513672, 0.006066083908081055, 0.007734775543212891, 0.00781702995300293, 0.008421897888183594, 0.008222103118896484, 0.008427858352661133, 0.008269071578979492, 0.015425920486450195, 0.004333972930908203, 0.006093025207519531, 0.007750988006591797, 0.007874011993408203, 0.0084228515625, 0.008231878280639648, 0.008410930633544922, 0.008255958557128906, 0.01541900634765625, 0.004333972930908203, 0.006083011627197266, 0.007729053497314453, 0.007835865020751953, 0.00840902328491211, 0.008224964141845703, 0.00839686393737793, 0.008280038833618164, 0.015377998352050781, 0.004353046417236328, 0.006057024002075195, 0.007753849029541016, 0.00431513786315918, 0.004281044006347656, 0.011359930038452148, 0.007688999176025391, 0.007782936096191406, 0.008430004119873047, 0.008244037628173828, 0.008416891098022461, 0.0042879581451416016, 0.0060541629791259766, 0.007715940475463867, 0.007826089859008789, 0.008404970169067383, 0.008252143859863281, 0.008398056030273438, 0.008256912231445312, 0.015418052673339844, 0.0043599605560302734, 0.006034135818481445, 0.007714033126831055, 0.007827997207641602, 0.008412837982177734, 0.008294105529785156, 0.008401155471801758, 0.00426793098449707, 0.006061077117919922, 0.007712841033935547, 0.007823944091796875, 0.008378028869628906, 0.008216142654418945, 0.008410930633544922, 0.008239030838012695, 0.015386819839477539, 0.023418903350830078, 0.004453897476196289, 0.006107807159423828, 0.00778508186340332, 0.00783991813659668, 0.008423089981079102, 0.008276939392089844, 0.00845789909362793, 0.008278131484985352, 0.01544499397277832]
INFO:root:Tiebreaks used: 1
INFO:root:Tiebreak runtime: [False, False, False, False, False, False, False, False, False, False, False, False, False, False, False, False, False, False, False, 0.026134014129638672, False, False, False, False, False, False, False, False, False, False, False, False, False, False, False, False, False, False, False, False, False, False, False, False, False, False, False, False, False, False, False, False, False, False, False, False, False, False, False, False, False, False, False, False, False, False, False, False, False, False, False, False, False, False, False, False, False, False, False, False, False, False, False, False, False, False, False, False, False, False, False, False, False, False, False, False, False, False, False, False, False, False, False, False, False, False, False, False, False, False, False, False, False, False, False, False, False, False, False, False, False, False, False, False, False, False, False, False, False, False, False, False, False, False, False, False, False, False, False, False, False, False, False, False, False, False, False, False, False, False, False, False, False, False, False, False, False, False, False, False, False, False, False, False, False, False, False, False, False, False, False, False, False, False, False, False, False, False, False, False, False, False, False, False, False, False, False, False, False, False, False, False, False, False, False, False, False, False, False, False, False, False, False, False, False, False, False, False, False, False, False, False, False, False, False, False, False, False, False, False, False, False, False, False, False, False, False, False, False, False, False, False, False, False, False, False, False, False, False, False, False, False, False, False, False, False, False, False, False, False, False, False, False, False, False, False, False, False, False, False, False, False, False, False, False]
INFO:root:Number of inner modules ASNets: 246
INFO:root:Number of Gurobi variables: 1297 Constraints: 1330
INFO:root:Explanation: on_b4_b2 = 0
on_b5_b3 = 0
holding_b3 = 0
on_b3_b3 = 0
on_b1_b1 = 0
ontable_b3 = 1
on_b5_b4 = 0
on_b5_b2 = 0
on_b2_b3 = 0
on_b4_b5 = 0
on_b1_b3 = 0
on_b3_b2 = 0
on_b5_b1 = 1
on_b5_b5 = 0
on_b4_b4 = 0
on_b1_b2 = 1
on_b3_b1 = 0
on_b2_b4 = 1
on_b1_b4 = 0
on_b2_b5 = 0
on_b2_b2 = 0
on_b3_b4 = 0
on_b3_b5 = 0
on_b1_b5 = 0
on_b4_b1 = 0
on_b2_b1 = 0
ontable_b4 = 0

INFO:root:Problem path: /home/asnets_user/shared/policy-explanations/experiments/experiment_problems/blocks/prob-blocks-blocks-nblk5-seed256232149-seq1.pddl
INFO:root:Goal reached/Finished in time: 1
INFO:root:CPU Runtime: 27.509747455000003
INFO:root:Runtime: 5.006568984128535
INFO:root:Plan length: 14
INFO:root:Size of explanation: 28
INFO:root:Size of input: 41
INFO:root:Number of calls: 275
INFO:root:Runtime for each network call: [0.8514149188995361, 0.0056760311126708984, 0.008018970489501953, 0.01068878173828125, 0.011092901229858398, 0.011667013168334961, 0.011425018310546875, 0.01154780387878418, 0.01139688491821289, 0.021649837493896484, 0.0043790340423583984, 0.006118059158325195, 0.007798194885253906, 0.007823944091796875, 0.00846409797668457, 0.008296012878417969, 0.008445978164672852, 0.008285045623779297, 0.004273891448974609, 0.0060558319091796875, 0.007712841033935547, 0.007850885391235352, 0.008410930633544922, 0.008284807205200195, 0.00847005844116211, 0.008302927017211914, 0.015580177307128906, 0.004348039627075195, 0.006089925765991211, 0.007727146148681641, 0.00788116455078125, 0.008465051651000977, 0.008327960968017578, 0.008474111557006836, 0.004231929779052734, 0.006042957305908203, 0.007734060287475586, 0.007797956466674805, 0.008424997329711914, 0.008265018463134766, 0.0084381103515625, 0.008287906646728516, 0.015578031539916992, 0.0043179988861083984, 0.006063938140869141, 0.007720947265625, 0.007883071899414062, 0.008484840393066406, 0.008270978927612305, 0.008455991744995117, 0.00422978401184082, 0.004268169403076172, 0.0060520172119140625, 0.007769107818603516, 0.00424504280090332, 0.006048917770385742, 0.007754087448120117, 0.007824897766113281, 0.008472919464111328, 0.008291959762573242, 0.008468866348266602, 0.008295059204101562, 0.015597105026245117, 0.0043179988861083984, 0.006083965301513672, 0.007715940475463867, 0.007838964462280273, 0.008448123931884766, 0.008305072784423828, 0.008397817611694336, 0.008265018463134766, 0.015576839447021484, 0.004333019256591797, 0.006039857864379883, 0.007737159729003906, 0.007877826690673828, 0.00848698616027832, 0.00832986831665039, 0.008445024490356445, 0.008265018463134766, 0.01563096046447754, 0.004300117492675781, 0.006083011627197266, 0.007775068283081055, 0.007858991622924805, 0.00843501091003418, 0.00827789306640625, 0.008426189422607422, 0.008275985717773438, 0.015548944473266602, 0.004333972930908203, 0.0060689449310302734, 0.0077381134033203125, 0.007854938507080078, 0.008468866348266602, 0.008295059204101562, 0.008443117141723633, 0.008241891860961914, 0.015442848205566406, 0.004330158233642578, 0.006042003631591797, 0.007748126983642578, 0.007831811904907227, 0.008383035659790039, 0.008275985717773438, 0.008419990539550781, 0.008260965347290039, 0.015486955642700195, 0.004318952560424805, 0.006087064743041992, 0.007714986801147461, 0.007841110229492188, 0.008393049240112305, 0.008273124694824219, 0.008395910263061523, 0.00829005241394043, 0.015500068664550781, 0.004310131072998047, 0.006086111068725586, 0.007705211639404297, 0.007835865020751953, 0.008435964584350586, 0.00828099250793457, 0.008414030075073242, 0.00827789306640625, 0.015481948852539062, 0.004282951354980469, 0.006045103073120117, 0.007706165313720703, 0.007806062698364258, 0.008411169052124023, 0.00826883316040039, 0.008404970169067383, 0.0082550048828125, 0.015349149703979492, 0.004316091537475586, 0.006078958511352539, 0.007753849029541016, 0.007781982421875, 0.008366107940673828, 0.008202075958251953, 0.008421182632446289, 0.008235931396484375, 0.01549220085144043, 0.004285097122192383, 0.006103992462158203, 0.007710933685302734, 0.007791042327880859, 0.0084228515625, 0.008243083953857422, 0.008406877517700195, 0.00827479362487793, 0.015494108200073242, 0.004275083541870117, 0.006066083908081055, 0.007715940475463867, 0.007834196090698242, 0.008415937423706055, 0.008270025253295898, 0.008380889892578125, 0.008215904235839844, 0.015484094619750977, 0.0043070316314697266, 0.006047964096069336, 0.007715940475463867, 0.00778508186340332, 0.008419990539550781, 0.008275985717773438, 0.00839996337890625, 0.008249998092651367, 0.01553201675415039, 0.004287004470825195, 0.0060770511627197266, 0.007740020751953125, 0.007844924926757812, 0.00841212272644043, 0.008211851119995117, 0.008394956588745117, 0.008246898651123047, 0.015465021133422852, 0.0042989253997802734, 0.006028175354003906, 0.007699012756347656, 0.007944107055664062, 0.00739598274230957, 0.008231878280639648, 0.008102893829345703, 0.008916854858398438, 0.00862884521484375, 0.030254840850830078, 0.004378080368041992, 0.006067991256713867, 0.007768869400024414, 0.00781702995300293, 0.008445978164672852, 0.008265018463134766, 0.008414030075073242, 0.008270025253295898, 0.015511035919189453, 0.004287004470825195, 0.004297971725463867, 0.006086826324462891, 0.02098989486694336, 0.00436711311340332, 0.004225969314575195, 0.006042003631591797, 0.007753849029541016, 0.007834911346435547, 0.008482933044433594, 0.008230924606323242, 0.008395910263061523, 0.008229970932006836, 0.015408992767333984, 0.004310131072998047, 0.006053924560546875, 0.007697105407714844, 0.007838964462280273, 0.008404970169067383, 0.004228830337524414, 0.006042957305908203, 0.007691144943237305, 0.007791042327880859, 0.008409976959228516, 0.008217096328735352, 0.008432865142822266, 0.008228778839111328, 0.015458106994628906, 0.004288911819458008, 0.006022930145263672, 0.0076901912689208984, 0.007799863815307617, 0.00840306282043457, 0.008208036422729492, 0.008401155471801758, 0.008211851119995117, 0.02170586585998535, 0.004274129867553711, 0.0060880184173583984, 0.00769805908203125, 0.007858037948608398, 0.008371829986572266, 0.004229068756103516, 0.004271030426025391, 0.0060939788818359375, 0.0077168941497802734, 0.007848978042602539, 0.020670175552368164, 0.004348039627075195, 0.006038188934326172, 0.0077321529388427734, 0.007828950881958008, 0.008383989334106445, 0.008209943771362305, 0.008388996124267578, 0.008237123489379883, 0.015434026718139648, 0.03260087966918945, 0.004434108734130859, 0.006139039993286133, 0.007751941680908203, 0.007850170135498047, 0.008460044860839844, 0.00828409194946289, 0.008482933044433594, 0.008297920227050781, 0.015479087829589844, 0.004322052001953125, 0.0061190128326416016, 0.007754087448120117, 0.03525996208190918, 0.00441288948059082, 0.006118059158325195, 0.007776021957397461, 0.00782012939453125, 0.008458137512207031]
INFO:root:Tiebreaks used: 1
INFO:root:Tiebreak runtime: [False, False, False, False, False, False, False, False, False, 0.026033878326416016, False, False, False, False, False, False, False, False, False, False, False, False, False, False, False, False, False, False, False, False, False, False, False, False, False, False, False, False, False, False, False, False, False, False, False, False, False, False, False, False, False, False, False, False, False, False, False, False, False, False, False, False, False, False, False, False, False, False, False, False, False, False, False, False, False, False, False, False, False, False, False, False, False, False, False, False, False, False, False, False, False, False, False, False, False, False, False, False, False, False, False, False, False, False, False, False, False, False, False, False, False, False, False, False, False, False, False, False, False, False, False, False, False, False, False, False, False, False, False, False, False, False, False, False, False, False, False, False, False, False, False, False, False, False, False, False, False, False, False, False, False, False, False, False, False, False, False, False, False, False, False, False, False, False, False, False, False, False, False, False, False, False, False, False, False, False, False, False, False, False, False, False, False, False, False, False, False, False, False, False, False, False, False, False, False, False, False, False, False, False, False, False, False, False, False, False, False, False, False, False, False, False, False, False, False, False, False, False, False, False, False, False, False, False, False, False, False, False, False, False, False, False, False, False, False, False, False, False, False, False, False, False, False, False, False, False, False, False, False, False, False, False, False, False, False, False, False, False, False, False, False, False, False, False, False, False, False, False, False, False, False, False, False, False, False]
INFO:root:Number of inner modules ASNets: 246
INFO:root:Number of Gurobi variables: 1297 Constraints: 1330
INFO:root:Explanation: ontable_b1 = 0
on_b4_b2 = 0
on_b5_b3 = 0
ontable_b5 = 0
holding_b3 = 0
on_b3_b3 = 0
on_b1_b1 = 0
ontable_b3 = 1
on_b5_b4 = 0
on_b5_b2 = 0
on_b2_b3 = 0
on_b4_b5 = 0
on_b1_b3 = 0
on_b3_b2 = 0
on_b5_b5 = 0
on_b4_b4 = 0
on_b3_b1 = 0
on_b1_b4 = 0
on_b4_b3 = 1
on_b2_b5 = 0
on_b2_b2 = 0
on_b3_b4 = 0
ontable_b2 = 0
clear_b5 = 1
on_b1_b5 = 0
on_b4_b1 = 0
on_b3_b5 = 0
on_b2_b1 = 0

