INFO:root:Problem path: /home/asnets_user/shared/policy-explanations/experiments/experiment_problems/blocks/prob-blocks-blocks-nblk8-seed1741991660-seq7.pddl
INFO:root:Goal reached/Finished in time: 1
INFO:root:CPU Runtime: 144.055112563
INFO:root:Runtime: 31.735935663804412
INFO:root:Plan length: 12
INFO:root:Size of explanation: 82
INFO:root:Size of input: 89
INFO:root:Number of calls: 413
INFO:root:Runtime for each network call: [3.9005839824676514, 0.08184194564819336, 0.033811092376708984, 0.06255793571472168, 0.030180931091308594, 0.08535599708557129, 0.04900503158569336, 0.01914811134338379, 0.03584003448486328, 0.017370223999023438, 0.0445561408996582, 0.0483701229095459, 0.01926398277282715, 0.03518199920654297, 0.06065201759338379, 0.04829001426696777, 0.019169092178344727, 0.035247087478637695, 0.017397165298461914, 0.04382801055908203, 0.04919099807739258, 0.019140958786010742, 0.035225868225097656, 0.01736283302307129, 0.04397296905517578, 0.048583984375, 0.01929187774658203, 0.035151004791259766, 0.017419099807739258, 0.04412412643432617, 0.049154043197631836, 0.04826998710632324, 0.019212007522583008, 0.03509092330932617, 0.017399072647094727, 0.04377293586730957, 0.04627704620361328, 0.019269943237304688, 0.03510713577270508, 0.01748800277709961, 0.04414987564086914, 0.04886293411254883, 0.019502878189086914, 0.035485029220581055, 0.017503023147583008, 0.044142961502075195, 0.04884696006774902, 0.01938605308532715, 0.03533005714416504, 0.017413854598999023, 0.043933868408203125, 0.048722028732299805, 0.01944708824157715, 0.03545188903808594, 0.01744389533996582, 0.04440879821777344, 0.04896402359008789, 0.01943492889404297, 0.03537297248840332, 0.01760387420654297, 0.04384899139404297, 0.04938197135925293, 0.01934814453125, 0.03512692451477051, 0.01748204231262207, 0.04412388801574707, 0.047551870346069336, 0.019352197647094727, 0.03528594970703125, 0.017511844635009766, 0.04380488395690918, 0.04848599433898926, 0.01937580108642578, 0.03506612777709961, 0.017522096633911133, 0.0489349365234375, 0.019489049911499023, 0.0351710319519043, 0.017460107803344727, 0.043847084045410156, 0.048089027404785156, 0.019448041915893555, 0.03503608703613281, 0.017652034759521484, 0.04350590705871582, 0.048261165618896484, 0.04851388931274414, 0.035447120666503906, 0.017685890197753906, 0.044206857681274414, 0.048905134201049805, 0.019456863403320312, 0.03515481948852539, 0.01747894287109375, 0.043649911880493164, 0.04860401153564453, 0.019566059112548828, 0.03544878959655762, 0.017673969268798828, 0.043988943099975586, 0.049085140228271484, 0.019500017166137695, 0.03501296043395996, 0.017491817474365234, 0.0441129207611084, 0.04955697059631348, 0.01938009262084961, 0.03527402877807617, 0.017425060272216797, 0.04341411590576172, 0.049096107482910156, 0.019672155380249023, 0.035295963287353516, 0.017535924911499023, 0.04389476776123047, 0.048744916915893555, 0.048883914947509766, 0.019470930099487305, 0.03525090217590332, 0.017529010772705078, 0.0435488224029541, 0.0492100715637207, 0.01929497718811035, 0.03518795967102051, 0.019069910049438477, 0.04356789588928223, 0.04729914665222168, 0.019338130950927734, 0.03529095649719238, 0.0174560546875, 0.04363298416137695, 0.0497889518737793, 0.01933002471923828, 0.03499317169189453, 0.01753711700439453, 0.043543100357055664, 0.05320286750793457, 0.01957106590270996, 0.06208992004394531, 0.04768085479736328, 0.019264936447143555, 0.03499197959899902, 0.017401933670043945, 0.04376101493835449, 0.04931998252868652, 0.0193328857421875, 0.03493189811706543, 0.017467021942138672, 0.043623924255371094, 0.049215078353881836, 0.01949906349182129, 0.035143136978149414, 0.017468929290771484, 0.043482065200805664, 0.055052995681762695, 0.019630908966064453, 0.04890894889831543, 0.04903101921081543, 0.019276142120361328, 0.03511404991149902, 0.017436981201171875, 0.04353189468383789, 0.049160003662109375, 0.019459962844848633, 0.03501701354980469, 0.017499923706054688, 0.043498992919921875, 0.04968094825744629, 0.01976299285888672, 0.035269975662231445, 0.017446041107177734, 0.043486833572387695, 0.049124956130981445, 0.019247055053710938, 0.035016775131225586, 0.017460107803344727, 0.043630123138427734, 0.04893684387207031, 0.01935100555419922, 0.03503990173339844, 0.01755690574645996, 0.043441057205200195, 0.04887890815734863, 0.01931905746459961, 0.03521108627319336, 0.017421960830688477, 0.043454885482788086, 0.04862809181213379, 0.01929020881652832, 0.03491091728210449, 0.017490863800048828, 0.04357099533081055, 0.0484318733215332, 0.019318103790283203, 0.03503608703613281, 0.017349958419799805, 0.04349017143249512, 0.04874300956726074, 0.019359111785888672, 0.03650093078613281, 0.017322063446044922, 0.0435490608215332, 0.04920315742492676, 0.01934814453125, 0.03516387939453125, 0.017422914505004883, 0.04369616508483887, 0.04631304740905762, 0.01926589012145996, 0.034967899322509766, 0.017323017120361328, 0.044111013412475586, 0.048532962799072266, 0.0193021297454834, 0.03496503829956055, 0.017429113388061523, 0.043653011322021484, 0.04892706871032715, 0.019340038299560547, 0.03503084182739258, 0.017421960830688477, 0.043733835220336914, 0.05189013481140137, 0.01921987533569336, 0.03497004508972168, 0.01746201515197754, 0.04344582557678223, 0.04910111427307129, 0.01927018165588379, 0.03506112098693848, 0.017408132553100586, 0.04343605041503906, 0.0494990348815918, 0.019182920455932617, 0.03493094444274902, 0.01738286018371582, 0.04374289512634277, 0.046801090240478516, 0.019409894943237305, 0.035054922103881836, 0.01741313934326172, 0.043245792388916016, 0.04915904998779297, 0.01910114288330078, 0.03495502471923828, 0.017346858978271484, 0.04372000694274902, 0.04891610145568848, 0.019248008728027344, 0.035058021545410156, 0.017492055892944336, 0.043617963790893555, 0.048848867416381836, 0.019665002822875977, 0.03528094291687012, 0.017551898956298828, 0.04331803321838379, 0.04896903038024902, 0.019266128540039062, 0.03487992286682129, 0.01740288734436035, 0.04334306716918945, 0.04887700080871582, 0.019227981567382812, 0.0349271297454834, 0.01741814613342285, 0.04361605644226074, 0.048812150955200195, 0.019303083419799805, 0.03511691093444824, 0.01741194725036621, 0.0434260368347168, 0.048729896545410156, 0.01944899559020996, 0.03507709503173828, 0.01742410659790039, 0.043476104736328125, 0.04876112937927246, 0.019304990768432617, 0.03479599952697754, 0.017406940460205078, 0.04360198974609375, 0.0470731258392334, 0.019324064254760742, 0.034857988357543945, 0.01740407943725586, 0.04404401779174805, 0.04744291305541992, 0.01936793327331543, 0.03514909744262695, 0.01738595962524414, 0.04359793663024902, 0.0492100715637207, 0.01944112777709961, 0.03519415855407715, 0.01740097999572754, 0.04367184638977051, 0.04860997200012207, 0.019143104553222656, 0.03499102592468262, 0.0173189640045166, 0.04367208480834961, 0.048558950424194336, 0.019219160079956055, 0.03487682342529297, 0.017312049865722656, 0.04341912269592285, 0.04854106903076172, 0.019310951232910156, 0.03499889373779297, 0.017431974411010742, 0.043372154235839844, 0.04858708381652832, 0.01928400993347168, 0.035115957260131836, 0.017283916473388672, 0.04367494583129883, 0.04706597328186035, 0.019289016723632812, 0.03486013412475586, 0.017420053482055664, 0.04395699501037598, 0.04721999168395996, 0.0194699764251709, 0.035272836685180664, 0.01747894287109375, 0.04393410682678223, 0.04863905906677246, 0.019214868545532227, 0.035041093826293945, 0.017451047897338867, 0.04367995262145996, 0.0491330623626709, 0.019260168075561523, 0.03503704071044922, 0.017375946044921875, 0.04385995864868164, 0.04873013496398926, 0.019360065460205078, 0.03488898277282715, 0.017441987991333008, 0.04365801811218262, 0.04867196083068848, 0.019407033920288086, 0.0350649356842041, 0.017453908920288086, 0.04370713233947754, 0.04954218864440918, 0.01929497718811035, 0.03803300857543945, 0.017508983612060547, 0.04418778419494629, 0.04900503158569336, 0.01931905746459961, 0.0348200798034668, 0.01736307144165039, 0.043428897857666016, 0.04891800880432129, 0.01938605308532715, 0.034835100173950195, 0.01746392250061035, 0.04363393783569336, 0.048742055892944336, 0.019282102584838867, 0.03506612777709961, 0.05143594741821289, 0.019407987594604492, 0.03533005714416504, 0.017570018768310547, 0.05275702476501465, 0.048564910888671875, 0.019258975982666016, 0.034935951232910156, 0.01741313934326172, 0.043431997299194336, 0.048696041107177734, 0.04879117012023926, 0.04849386215209961, 0.019260883331298828, 0.03518080711364746, 0.017557859420776367, 0.04375600814819336, 0.05045509338378906, 0.019283056259155273, 0.036134958267211914, 0.017507076263427734, 0.06299996376037598, 0.047968149185180664, 0.019068002700805664, 0.03518819808959961, 0.01741504669189453, 0.04356980323791504, 0.06371688842773438, 0.048139095306396484, 0.019320011138916016, 0.03516793251037598, 0.01744699478149414, 0.04368710517883301, 0.048666954040527344, 0.019282817840576172, 0.03494596481323242, 0.01746201515197754, 0.04356193542480469, 0.048139095306396484, 0.019422054290771484, 0.03512096405029297, 0.01746511459350586, 0.04376101493835449, 0.04845285415649414, 0.019047021865844727, 0.034800052642822266, 0.01740097999572754, 0.043211936950683594]
INFO:root:Tiebreaks used: 76
INFO:root:Tiebreak runtime: [False, False, False, False, False, 0.09322214126586914, False, False, False, False, 0.08516788482666016, False, False, False, False, False, False, False, False, 0.0856320858001709, False, False, False, False, 0.08421087265014648, False, False, False, False, 0.08575081825256348, False, False, False, False, False, 0.08401799201965332, False, False, False, False, 0.08433699607849121, False, False, False, False, 0.08545088768005371, False, False, False, False, 0.08398699760437012, False, False, False, False, 0.08481693267822266, False, False, False, False, 0.08597278594970703, False, False, False, False, 0.0839700698852539, False, False, False, False, 0.08369207382202148, False, False, False, False, False, False, False, False, 0.08461499214172363, False, False, False, False, 0.08357000350952148, False, False, False, False, 0.08431887626647949, False, False, False, False, 0.08386111259460449, False, False, False, False, 0.08457803726196289, False, False, False, False, 0.08514976501464844, False, False, False, False, 0.08403897285461426, False, False, False, False, 0.08568596839904785, False, False, False, False, False, 0.08589315414428711, False, False, False, False, 0.08448410034179688, False, False, False, False, 0.08739805221557617, False, False, False, False, 0.0842750072479248, False, False, False, False, False, False, False, 0.0853719711303711, False, False, False, False, 0.08405208587646484, False, False, False, False, 0.08401799201965332, False, False, False, False, False, False, False, 0.08516097068786621, False, False, False, False, 0.08542609214782715, False, False, False, False, 0.08559298515319824, False, False, False, False, 0.0843360424041748, False, False, False, False, 0.08412313461303711, False, False, False, False, 0.08401894569396973, False, False, False, False, 0.08417606353759766, False, False, False, False, 0.08424091339111328, False, False, False, False, 0.08485913276672363, False, False, False, False, 0.08440685272216797, False, False, False, False, 0.08465003967285156, False, False, False, False, 0.08436799049377441, False, False, False, False, 0.08433008193969727, False, False, False, False, 0.08445620536804199, False, False, False, False, 0.08620285987854004, False, False, False, False, 0.08450913429260254, False, False, False, False, 0.08464193344116211, False, False, False, False, 0.08444809913635254, False, False, False, False, 0.08408784866333008, False, False, False, False, 0.0851600170135498, False, False, False, False, 0.08469080924987793, False, False, False, False, 0.08405613899230957, False, False, False, False, 0.0840311050415039, False, False, False, False, 0.08460187911987305, False, False, False, False, 0.0842139720916748, False, False, False, False, 0.08486104011535645, False, False, False, False, 0.08497810363769531, False, False, False, False, 0.08336496353149414, False, False, False, False, 0.08396100997924805, False, False, False, False, 0.08420395851135254, False, False, False, False, 0.0841829776763916, False, False, False, False, 0.0841209888458252, False, False, False, False, 0.0850820541381836, False, False, False, False, 0.08396291732788086, False, False, False, False, 0.0837869644165039, False, False, False, False, 0.08385300636291504, False, False, False, False, 0.08408498764038086, False, False, False, False, 0.08145403861999512, False, False, False, False, 0.08437013626098633, False, False, False, False, 0.08437585830688477, False, False, False, False, 0.0836629867553711, False, False, False, False, False, False, False, False, False, False, False, False, 0.08411598205566406, False, False, False, False, False, False, 0.08362388610839844, False, False, False, False, False, False, False, False, False, 0.08412694931030273, False, False, False, False, False, 0.08416986465454102, False, False, False, False, 0.0837869644165039, False, False, False, False, 0.08395814895629883, False, False, False, False, 0.08431792259216309]
INFO:root:Number of inner modules ASNets: 585
INFO:root:Number of Gurobi variables: 3130 Constraints: 3205
INFO:root:Explanation: clear_b7 = 0
ontable_b6 = 1
on_b7_b4 = 0
on_b7_b2 = 0
holding_b2 = 0
on_b8_b7 = 1
on_b2_b5 = 0
on_b8_b6 = 0
on_b5_b1 = 0
ontable_b3 = 1
holding_b5 = 0
on_b6_b3 = 0
on_b5_b4 = 0
on_b4_b7 = 0
on_b1_b4 = 0
on_b8_b5 = 0
on_b4_b6 = 0
holding_b3 = 0
on_b2_b4 = 0
on_b4_b4 = 0
on_b8_b8 = 0
on_b7_b7 = 0
on_b7_b8 = 0
on_b6_b5 = 0
clear_b5 = 1
on_b1_b7 = 0
on_b3_b8 = 0
on_b4_b1 = 0
on_b3_b4 = 0
on_b2_b3 = 0
on_b2_b7 = 0
on_b6_b4 = 0
on_b3_b7 = 0
on_b3_b2 = 0
on_b1_b2 = 1
ontable_b2 = 0
on_b4_b2 = 0
on_b6_b7 = 0
on_b5_b2 = 0
on_b3_b6 = 0
on_b1_b8 = 0
on_b6_b1 = 0
on_b5_b6 = 0
on_b1_b1 = 0
on_b7_b1 = 0
ontable_b5 = 1
on_b5_b5 = 0
holding_b8 = 0
on_b5_b8 = 0
clear_b6 = 0
holding_b6 = 0
on_b3_b1 = 0
ontable_b8 = 0
clear_b1 = 1
on_b2_b2 = 0
on_b3_b3 = 0
on_b4_b8 = 0
on_b5_b3 = 0
ontable_b7 = 1
on_b4_b5 = 0
on_b6_b2 = 0
on_b8_b2 = 0
on_b2_b6 = 1
on_b6_b6 = 0
on_b5_b7 = 0
on_b7_b6 = 0
holding_b7 = 0
on_b1_b5 = 0
on_b8_b3 = 0
on_b1_b3 = 0
on_b2_b1 = 0
on_b8_b4 = 0
on_b2_b8 = 0
on_b6_b8 = 0
ontable_b4 = 0
clear_b8 = 1
on_b7_b5 = 0
clear_b4 = 1
on_b1_b6 = 0
on_b7_b3 = 0
on_b8_b1 = 0
on_b3_b5 = 0

INFO:root:Problem path: /home/asnets_user/shared/policy-explanations/experiments/experiment_problems/blocks/prob-blocks-blocks-nblk8-seed1741991660-seq7.pddl
INFO:root:Goal reached/Finished in time: 1
INFO:root:CPU Runtime: 136.991483176
INFO:root:Runtime: 31.319597302004695
INFO:root:Plan length: 12
INFO:root:Size of explanation: 82
INFO:root:Size of input: 89
INFO:root:Number of calls: 411
INFO:root:Runtime for each network call: [3.6613399982452393, 0.08064889907836914, 0.03381204605102539, 0.0628669261932373, 0.03044295310974121, 0.08677506446838379, 0.04833984375, 0.019357919692993164, 0.036170005798339844, 0.01746511459350586, 0.04443693161010742, 0.049685001373291016, 0.019459962844848633, 0.035485029220581055, 0.017489194869995117, 0.04472804069519043, 0.0486140251159668, 0.0193789005279541, 0.03548693656921387, 0.017563819885253906, 0.04441499710083008, 0.04844307899475098, 0.019440174102783203, 0.04842090606689453, 0.019331932067871094, 0.035324811935424805, 0.017468929290771484, 0.044081926345825195, 0.05172300338745117, 0.0194091796875, 0.03645610809326172, 0.017652034759521484, 0.06340718269348145, 0.04819297790527344, 0.019368886947631836, 0.03534293174743652, 0.017518997192382812, 0.04441404342651367, 0.0483250617980957, 0.05005908012390137, 0.0490419864654541, 0.019376039505004883, 0.035214900970458984, 0.017549991607666016, 0.04484295845031738, 0.052011966705322266, 0.019360065460205078, 0.035871028900146484, 0.017560958862304688, 0.054267168045043945, 0.049440860748291016, 0.019302845001220703, 0.03558993339538574, 0.0491940975189209, 0.01920318603515625, 0.035262107849121094, 0.01742100715637207, 0.04375290870666504, 0.048686981201171875, 0.019287109375, 0.03534507751464844, 0.017436981201171875, 0.04454398155212402, 0.04857301712036133, 0.01928114891052246, 0.03533506393432617, 0.017487049102783203, 0.04453611373901367, 0.04859113693237305, 0.0193331241607666, 0.03542900085449219, 0.017463207244873047, 0.04393887519836426, 0.04866814613342285, 0.01920485496520996, 0.0355069637298584, 0.0174100399017334, 0.04397296905517578, 0.04965400695800781, 0.01923990249633789, 0.03504800796508789, 0.017508983612060547, 0.04451894760131836, 0.04689311981201172, 0.01935100555419922, 0.03525590896606445, 0.017464876174926758, 0.04397892951965332, 0.049008846282958984, 0.01923203468322754, 0.03506207466125488, 0.017506122589111328, 0.04380679130554199, 0.04894590377807617, 0.01910400390625, 0.03507208824157715, 0.01732492446899414, 0.043951988220214844, 0.04993891716003418, 0.019296884536743164, 0.03535580635070801, 0.017319917678833008, 0.04472708702087402, 0.04882383346557617, 0.019258975982666016, 0.0358119010925293, 0.017499923706054688, 0.04420804977416992, 0.048844099044799805, 0.019221067428588867, 0.0354158878326416, 0.01735997200012207, 0.04455089569091797, 0.04856085777282715, 0.019253015518188477, 0.03547811508178711, 0.017366886138916016, 0.04435086250305176, 0.04874396324157715, 0.019244909286499023, 0.03527402877807617, 0.017359018325805664, 0.04431486129760742, 0.048718929290771484, 0.019387006759643555, 0.035238027572631836, 0.017309188842773438, 0.04439401626586914, 0.04902005195617676, 0.019205093383789062, 0.035069942474365234, 0.017341136932373047, 0.04447293281555176, 0.04873299598693848, 0.019115924835205078, 0.03512096405029297, 0.017320871353149414, 0.044387102127075195, 0.04856991767883301, 0.019138097763061523, 0.0351560115814209, 0.01731395721435547, 0.04382205009460449, 0.04859113693237305, 0.019176959991455078, 0.0352320671081543, 0.017444133758544922, 0.044699907302856445, 0.04844307899475098, 0.01928400993347168, 0.035481929779052734, 0.017503976821899414, 0.044352054595947266, 0.047773122787475586, 0.019215106964111328, 0.03530597686767578, 0.01742410659790039, 0.04455685615539551, 0.04861187934875488, 0.01932811737060547, 0.03516817092895508, 0.017508983612060547, 0.043914079666137695, 0.048729896545410156, 0.019218921661376953, 0.03519916534423828, 0.017394065856933594, 0.04374194145202637, 0.048925161361694336, 0.019207000732421875, 0.03542900085449219, 0.017427921295166016, 0.043955087661743164, 0.04868507385253906, 0.019641876220703125, 0.0354769229888916, 0.017513036727905273, 0.04430508613586426, 0.048719167709350586, 0.019186019897460938, 0.035221099853515625, 0.017375946044921875, 0.04391217231750488, 0.04886603355407715, 0.019268035888671875, 0.03526186943054199, 0.01743316650390625, 0.04388999938964844, 0.049117088317871094, 0.01924300193786621, 0.03525090217590332, 0.017318010330200195, 0.043817996978759766, 0.04882407188415527, 0.01919412612915039, 0.03505086898803711, 0.017338037490844727, 0.04415607452392578, 0.0490260124206543, 0.019356966018676758, 0.03531694412231445, 0.01733684539794922, 0.043939828872680664, 0.048890113830566406, 0.019381999969482422, 0.03528904914855957, 0.017360925674438477, 0.04428911209106445, 0.04922604560852051, 0.01920604705810547, 0.03535199165344238, 0.01739192008972168, 0.04373908042907715, 0.04904508590698242, 0.019248008728027344, 0.035199880599975586, 0.017460107803344727, 0.04395604133605957, 0.04876303672790527, 0.019138097763061523, 0.03502607345581055, 0.017457962036132812, 0.04387784004211426, 0.048451900482177734, 0.01919102668762207, 0.034960031509399414, 0.017377138137817383, 0.0436549186706543, 0.04883909225463867, 0.01917409896850586, 0.03508782386779785, 0.017400026321411133, 0.04361104965209961, 0.048354148864746094, 0.019229888916015625, 0.03523397445678711, 0.017332792282104492, 0.044280052185058594, 0.04877114295959473, 0.019196033477783203, 0.03508901596069336, 0.017386913299560547, 0.04379105567932129, 0.047837018966674805, 0.019114971160888672, 0.03494381904602051, 0.017313003540039062, 0.0437619686126709, 0.04826092720031738, 0.01925206184387207, 0.03503012657165527, 0.017328977584838867, 0.04448699951171875, 0.04904913902282715, 0.019236087799072266, 0.03536796569824219, 0.017364978790283203, 0.0435481071472168, 0.04836297035217285, 0.0192110538482666, 0.035223960876464844, 0.04871487617492676, 0.019227981567382812, 0.03521394729614258, 0.017257213592529297, 0.043920040130615234, 0.04861593246459961, 0.019217967987060547, 0.03510713577270508, 0.017364978790283203, 0.04367399215698242, 0.04915499687194824, 0.019215822219848633, 0.03514409065246582, 0.017240047454833984, 0.04389500617980957, 0.05959796905517578, 0.047995805740356445, 0.019175052642822266, 0.03514695167541504, 0.01726818084716797, 0.0436248779296875, 0.04807901382446289, 0.019160985946655273, 0.03507280349731445, 0.0172579288482666, 0.04366278648376465, 0.048471927642822266, 0.019137144088745117, 0.035176992416381836, 0.017342090606689453, 0.04360485076904297, 0.05047178268432617, 0.01914691925048828, 0.034970998764038086, 0.017393112182617188, 0.04387497901916504, 0.06291985511779785, 0.04968094825744629, 0.019057035446166992, 0.03521299362182617, 0.017318010330200195, 0.043630123138427734, 0.04938101768493652, 0.019177913665771484, 0.03516983985900879, 0.017357826232910156, 0.04386305809020996, 0.0488431453704834, 0.019099950790405273, 0.034986019134521484, 0.017323017120361328, 0.04400897026062012, 0.04875683784484863, 0.019054889678955078, 0.03514885902404785, 0.01723790168762207, 0.04386401176452637, 0.04879403114318848, 0.01931285858154297, 0.03542804718017578, 0.01728510856628418, 0.04399704933166504, 0.04878401756286621, 0.019316911697387695, 0.03523421287536621, 0.01737689971923828, 0.043586015701293945, 0.04836606979370117, 0.01915717124938965, 0.035080909729003906, 0.017351865768432617, 0.043576955795288086, 0.04948878288269043, 0.01917409896850586, 0.03524303436279297, 0.017307043075561523, 0.04377889633178711, 0.05183815956115723, 0.019320964813232422, 0.0578157901763916, 0.04806804656982422, 0.019143104553222656, 0.03511691093444824, 0.017455101013183594, 0.04375195503234863, 0.04830598831176758, 0.019089937210083008, 0.03510689735412598, 0.01726388931274414, 0.045660972595214844, 0.04868006706237793, 0.019189834594726562, 0.03507494926452637, 0.017312049865722656, 0.043662071228027344, 0.04912304878234863, 0.019103050231933594, 0.03497505187988281, 0.017266035079956055, 0.043412208557128906, 0.04839205741882324, 0.019168853759765625, 0.0348210334777832, 0.017253875732421875, 0.04367208480834961, 0.04854607582092285, 0.019131898880004883, 0.03504800796508789, 0.01732015609741211, 0.04342913627624512, 0.04851198196411133, 0.019134998321533203, 0.035143136978149414, 0.017240047454833984, 0.04336810111999512, 0.04839587211608887, 0.019247055053710938, 0.03493809700012207, 0.01734781265258789, 0.04352617263793945, 0.04656815528869629, 0.04903006553649902, 0.01916193962097168, 0.03511309623718262, 0.017269134521484375, 0.04373311996459961, 0.048280954360961914, 0.019178152084350586, 0.03501391410827637, 0.017251968383789062, 0.043550968170166016, 0.04771089553833008, 0.01918792724609375, 0.035040855407714844, 0.017153024673461914, 0.0435330867767334, 0.05974292755126953, 0.04827094078063965, 0.019227981567382812, 0.03485703468322754, 0.047688961029052734, 0.019140005111694336, 0.03525090217590332, 0.017300844192504883, 0.043768882751464844, 0.04898691177368164, 0.019118070602416992, 0.03488421440124512, 0.017236948013305664, 0.0433659553527832]
INFO:root:Tiebreaks used: 76
INFO:root:Tiebreak runtime: [False, False, False, False, False, 0.09357595443725586, False, False, False, False, 0.0853879451751709, False, False, False, False, 0.08494305610656738, False, False, False, False, 0.08462309837341309, False, False, False, False, False, False, 0.08475089073181152, False, False, False, False, False, False, False, False, False, 0.08460807800292969, False, False, False, False, False, False, 0.08484911918640137, False, False, False, False, False, False, False, False, False, False, False, False, 0.08434295654296875, False, False, False, False, 0.08505105972290039, False, False, False, False, 0.08563590049743652, False, False, False, False, 0.0852501392364502, False, False, False, False, 0.08554601669311523, False, False, False, False, 0.0852360725402832, False, False, False, False, 0.08640503883361816, False, False, False, False, 0.08658003807067871, False, False, False, False, 0.08609485626220703, False, False, False, False, 0.08481788635253906, False, False, False, False, 0.08464503288269043, False, False, False, False, 0.08508801460266113, False, False, False, False, 0.08563899993896484, False, False, False, False, 0.08526396751403809, False, False, False, False, 0.08524894714355469, False, False, False, False, 0.08550810813903809, False, False, False, False, 0.08559513092041016, False, False, False, False, 0.08508706092834473, False, False, False, False, 0.0853419303894043, False, False, False, False, 0.0834341049194336, False, False, False, False, 0.08536815643310547, False, False, False, False, 0.08488202095031738, False, False, False, False, 0.08597517013549805, False, False, False, False, 0.08625411987304688, False, False, False, False, 0.08475899696350098, False, False, False, False, 0.0855550765991211, False, False, False, False, 0.08640313148498535, False, False, False, False, 0.08610987663269043, False, False, False, False, 0.08414793014526367, False, False, False, False, 0.09235286712646484, False, False, False, False, 0.08477020263671875, False, False, False, False, 0.08567190170288086, False, False, False, False, 0.085845947265625, False, False, False, False, 0.08396196365356445, False, False, False, False, 0.0861210823059082, False, False, False, False, 0.08418107032775879, False, False, False, False, 0.08537602424621582, False, False, False, False, 0.08368206024169922, False, False, False, False, 0.08405804634094238, False, False, False, False, 0.08495116233825684, False, False, False, False, 0.08395791053771973, False, False, False, False, False, False, False, 0.08410501480102539, False, False, False, False, 0.08569717407226562, False, False, False, False, 0.08423089981079102, False, False, False, False, False, 0.08405494689941406, False, False, False, False, 0.08395600318908691, False, False, False, False, 0.0854802131652832, False, False, False, False, 0.08544397354125977, False, False, False, False, False, 0.08617901802062988, False, False, False, False, 0.08452415466308594, False, False, False, False, 0.08495092391967773, False, False, False, False, 0.08461713790893555, False, False, False, False, 0.08517193794250488, False, False, False, False, 0.08391094207763672, False, False, False, False, 0.08565711975097656, False, False, False, False, 0.08396601676940918, False, False, False, False, False, False, False, 0.08559989929199219, False, False, False, False, 0.08434605598449707, False, False, False, False, 0.0839841365814209, False, False, False, False, 0.08374691009521484, False, False, False, False, 0.08398604393005371, False, False, False, False, 0.0840299129486084, False, False, False, False, 0.08415389060974121, False, False, False, False, 0.0838921070098877, False, False, False, False, False, 0.08509612083435059, False, False, False, False, 0.08366990089416504, False, False, False, False, 0.08402109146118164, False, False, False, False, False, False, False, False, 0.08535194396972656, False, False, False, False, 0.08455204963684082]
INFO:root:Number of inner modules ASNets: 585
INFO:root:Number of Gurobi variables: 3130 Constraints: 3205
INFO:root:Explanation: clear_b7 = 0
ontable_b6 = 1
on_b7_b4 = 0
on_b7_b2 = 0
holding_b2 = 0
on_b8_b7 = 1
on_b2_b5 = 0
on_b8_b6 = 0
on_b5_b1 = 0
ontable_b3 = 1
holding_b5 = 0
on_b6_b3 = 0
on_b5_b4 = 0
on_b4_b7 = 0
on_b1_b4 = 0
on_b8_b5 = 0
on_b4_b6 = 0
holding_b3 = 0
ontable_b1 = 0
on_b2_b4 = 0
on_b4_b4 = 0
on_b8_b8 = 0
on_b7_b7 = 0
on_b7_b8 = 0
on_b6_b5 = 0
clear_b5 = 1
on_b1_b7 = 0
on_b3_b8 = 0
on_b4_b1 = 0
on_b3_b4 = 0
on_b2_b3 = 0
on_b2_b7 = 0
on_b6_b4 = 0
on_b3_b7 = 0
on_b3_b2 = 0
ontable_b2 = 0
on_b4_b2 = 0
on_b6_b7 = 0
on_b5_b2 = 0
on_b3_b6 = 0
on_b1_b8 = 0
on_b6_b1 = 0
on_b5_b6 = 0
on_b1_b1 = 0
on_b7_b1 = 0
ontable_b5 = 1
on_b4_b3 = 1
on_b5_b5 = 0
holding_b8 = 0
on_b5_b8 = 0
clear_b6 = 0
holding_b6 = 0
on_b3_b1 = 0
ontable_b8 = 0
clear_b1 = 1
on_b2_b2 = 0
on_b3_b3 = 0
on_b4_b8 = 0
on_b5_b3 = 0
ontable_b7 = 1
on_b4_b5 = 0
on_b6_b2 = 0
on_b8_b2 = 0
on_b2_b6 = 1
on_b6_b6 = 0
on_b5_b7 = 0
on_b7_b6 = 0
holding_b7 = 0
on_b1_b5 = 0
on_b8_b3 = 0
on_b1_b3 = 0
on_b2_b1 = 0
on_b8_b4 = 0
on_b2_b8 = 0
on_b6_b8 = 0
clear_b8 = 1
on_b7_b5 = 0
clear_b4 = 1
on_b1_b6 = 0
on_b7_b3 = 0
on_b8_b1 = 0
on_b3_b5 = 0

