INFO:root:Problem path: /home/asnets_user/shared/policy-explanations/experiments/experiment_problems/blocks/prob-blocks-blocks-nblk4-seed1798170167-seq0.pddl
INFO:root:Goal reached/Finished in time: 1
INFO:root:CPU Runtime: 3.135274106999999
INFO:root:Runtime: 2.1410193694755435
INFO:root:Plan length: 4
INFO:root:Size of explanation: 4
INFO:root:Size of input: 29
INFO:root:Number of calls: 96
INFO:root:Runtime for each network call: [0.07866597175598145, 0.006273984909057617, 0.015401840209960938, 0.013511180877685547, 0.02733898162841797, 0.006294965744018555, 0.0251009464263916, 0.012655973434448242, 0.006238222122192383, 0.025092124938964844, 0.012408018112182617, 0.007776975631713867, 0.006069183349609375, 0.025645971298217773, 0.012154102325439453, 0.007771015167236328, 0.006067991256713867, 0.025381803512573242, 0.006223917007446289, 0.02602100372314453, 0.01237797737121582, 0.007811069488525391, 0.006079912185668945, 0.025720834732055664, 0.012344837188720703, 0.007788896560668945, 0.006072998046875, 0.024989843368530273, 0.012495994567871094, 0.007807016372680664, 0.00603795051574707, 0.0254971981048584, 0.012211799621582031, 0.007780790328979492, 0.006072998046875, 0.025696992874145508, 0.012341976165771484, 0.007765054702758789, 0.006063938140869141, 0.025870084762573242, 0.012276887893676758, 0.007769107818603516, 0.006061077117919922, 0.02549290657043457, 0.012488126754760742, 0.0077588558197021484, 0.0060939788818359375, 0.025065898895263672, 0.012253999710083008, 0.007750034332275391, 0.006043195724487305, 0.025107860565185547, 0.012384891510009766, 0.007772922515869141, 0.006085872650146484, 0.025519132614135742, 0.012449026107788086, 0.00778508186340332, 0.006093025207519531, 0.025545835494995117, 0.012414216995239258, 0.00774693489074707, 0.0060939788818359375, 0.02563309669494629, 0.012363195419311523, 0.007763862609863281, 0.006064176559448242, 0.006059885025024414, 0.02565789222717285, 0.012239933013916016, 0.007771015167236328, 0.03481101989746094, 0.006268978118896484, 0.02548503875732422, 0.01237797737121582, 0.007745981216430664, 0.006138801574707031, 0.028044939041137695, 0.028150081634521484, 0.006233930587768555, 0.006031036376953125, 0.006076812744140625, 0.026426076889038086, 0.012367010116577148, 0.0061948299407958984, 0.025037050247192383, 0.012393951416015625, 0.026350021362304688, 0.006165981292724609, 0.026954174041748047, 0.01215815544128418, 0.007818937301635742, 0.0060901641845703125, 0.024943113327026367, 0.012069940567016602, 0.007827043533325195]
INFO:root:Tiebreaks used: 0
INFO:root:Tiebreak runtime: [False, False, False, False, False, False, False, False, False, False, False, False, False, False, False, False, False, False, False, False, False, False, False, False, False, False, False, False, False, False, False, False, False, False, False, False, False, False, False, False, False, False, False, False, False, False, False, False, False, False, False, False, False, False, False, False, False, False, False, False, False, False, False, False, False, False, False, False, False, False, False, False, False, False, False, False, False, False, False, False, False, False, False, False, False, False, False, False, False, False, False, False, False, False, False, False]
INFO:root:Number of inner modules ASNets: 165
INFO:root:Number of Gurobi variables: 862 Constraints: 1125
INFO:root:Explanation: ontable_b4 = 0
on_b2_b4 = 1
clear_b1 = 1
clear_b2 = 1

INFO:root:Problem path: /home/asnets_user/shared/policy-explanations/experiments/experiment_problems/blocks/prob-blocks-blocks-nblk4-seed1798170167-seq0.pddl
INFO:root:Goal reached/Finished in time: 1
INFO:root:CPU Runtime: 3.968607055000003
INFO:root:Runtime: 2.1767936991527677
INFO:root:Plan length: 4
INFO:root:Size of explanation: 4
INFO:root:Size of input: 29
INFO:root:Number of calls: 91
INFO:root:Runtime for each network call: [0.07678389549255371, 0.006129026412963867, 0.026026010513305664, 0.012612104415893555, 0.007822990417480469, 0.006084918975830078, 0.025730133056640625, 0.012822866439819336, 0.007880210876464844, 0.020653963088989258, 0.006181001663208008, 0.0266110897064209, 0.012542009353637695, 0.006178855895996094, 0.02579212188720703, 0.012405872344970703, 0.006154060363769531, 0.006064891815185547, 0.0060558319091796875, 0.025489091873168945, 0.012391090393066406, 0.007840871810913086, 0.006082057952880859, 0.025732040405273438, 0.01237797737121582, 0.007834911346435547, 0.0060939788818359375, 0.006072998046875, 0.024486780166625977, 0.012480974197387695, 0.007854938507080078, 0.006155967712402344, 0.006062030792236328, 0.02533102035522461, 0.012286901473999023, 0.007781028747558594, 0.006118059158325195, 0.02596902847290039, 0.012399911880493164, 0.007796049118041992, 0.006076812744140625, 0.025587081909179688, 0.012433052062988281, 0.007837772369384766, 0.006070852279663086, 0.025679826736450195, 0.012438058853149414, 0.007811069488525391, 0.006108999252319336, 0.02513599395751953, 0.012465953826904297, 0.007822990417480469, 0.010326862335205078, 0.025943994522094727, 0.012427091598510742, 0.007795095443725586, 0.006084918975830078, 0.025246143341064453, 0.01212310791015625, 0.007829904556274414, 0.0060880184173583984, 0.025068044662475586, 0.012460947036743164, 0.007875919342041016, 0.006124019622802734, 0.024993181228637695, 0.012395143508911133, 0.007864952087402344, 0.006114006042480469, 0.024755001068115234, 0.012356996536254883, 0.00783991813659668, 0.006129026412963867, 0.02463817596435547, 0.012445926666259766, 0.007871150970458984, 0.0061130523681640625, 0.02476787567138672, 0.012471199035644531, 0.007832050323486328, 0.045745134353637695, 0.006545066833496094, 0.02628302574157715, 0.013154983520507812, 0.00789189338684082, 0.006124973297119141, 0.02548980712890625, 0.012630939483642578, 0.007806062698364258, 0.06090378761291504, 0.04243302345275879]
INFO:root:Tiebreaks used: 0
INFO:root:Tiebreak runtime: [False, False, False, False, False, False, False, False, False, False, False, False, False, False, False, False, False, False, False, False, False, False, False, False, False, False, False, False, False, False, False, False, False, False, False, False, False, False, False, False, False, False, False, False, False, False, False, False, False, False, False, False, False, False, False, False, False, False, False, False, False, False, False, False, False, False, False, False, False, False, False, False, False, False, False, False, False, False, False, False, False, False, False, False, False, False, False, False, False, False, False]
INFO:root:Number of inner modules ASNets: 165
INFO:root:Number of Gurobi variables: 862 Constraints: 1125
INFO:root:Explanation: clear_b1 = 1
on_b4_b3 = 1
ontable_b2 = 0
clear_b2 = 1

