INFO:root:Problem path: /home/asnets_user/shared/policy-explanations/experiments/experiment_problems/blocks/prob-blocks-blocks-nblk4-seed1798170167-seq1.pddl
INFO:root:Goal reached/Finished in time: 1
INFO:root:CPU Runtime: 12.099557451
INFO:root:Runtime: 3.168565906584263
INFO:root:Plan length: 6
INFO:root:Size of explanation: 4
INFO:root:Size of input: 29
INFO:root:Number of calls: 129
INFO:root:Runtime for each network call: [0.35310912132263184, 0.022635936737060547, 0.025803089141845703, 0.007547140121459961, 0.02199411392211914, 0.025294065475463867, 0.007504940032958984, 0.007320880889892578, 0.00769805908203125, 0.0076770782470703125, 0.02246999740600586, 0.02528214454650879, 0.007532835006713867, 0.007318973541259766, 0.007688999176025391, 0.007686138153076172, 0.022354841232299805, 0.023442983627319336, 0.007513999938964844, 0.007337093353271484, 0.0076940059661865234, 0.022975921630859375, 0.028115034103393555, 0.023170948028564453, 0.025144100189208984, 0.007512092590332031, 0.02168893814086914, 0.016258955001831055, 0.024710893630981445, 0.022650957107543945, 0.022593021392822266, 0.02526092529296875, 0.022568941116333008, 0.02474689483642578, 0.007524013519287109, 0.0073070526123046875, 0.007715940475463867, 0.02236199378967285, 0.02465200424194336, 0.00751805305480957, 0.007359981536865234, 0.007696866989135742, 0.007683992385864258, 0.022362947463989258, 0.025465965270996094, 0.007458925247192383, 0.0072748661041259766, 0.007688999176025391, 0.007673025131225586, 0.02244710922241211, 0.025308847427368164, 0.007497072219848633, 0.007288217544555664, 0.0076940059661865234, 0.0076770782470703125, 0.02239513397216797, 0.02505803108215332, 0.0074880123138427734, 0.0072901248931884766, 0.0076770782470703125, 0.0076639652252197266, 0.022729158401489258, 0.024945974349975586, 0.007538795471191406, 0.00729823112487793, 0.007688045501708984, 0.007714033126831055, 0.022591114044189453, 0.02510809898376465, 0.0076999664306640625, 0.007300138473510742, 0.00768280029296875, 0.007695913314819336, 0.022097110748291016, 0.024805068969726562, 0.007502079010009766, 0.007352113723754883, 0.0077130794525146484, 0.00767207145690918, 0.022166013717651367, 0.025041818618774414, 0.0075261592864990234, 0.00730586051940918, 0.007682085037231445, 0.007688999176025391, 0.022378921508789062, 0.02498912811279297, 0.0075380802154541016, 0.007302045822143555, 0.007688999176025391, 0.007725954055786133, 0.022420883178710938, 0.025434017181396484, 0.007578849792480469, 0.0073108673095703125, 0.007732868194580078, 0.007730960845947266, 0.022616147994995117, 0.025130033493041992, 0.007537841796875, 0.0072939395904541016, 0.007686138153076172, 0.007678985595703125, 0.01507711410522461, 0.025599956512451172, 0.018977880477905273, 0.022903919219970703, 0.05379509925842285, 0.022657155990600586, 0.024885892868041992, 0.007545948028564453, 0.007338047027587891, 0.007709980010986328, 0.007714033126831055, 0.023066043853759766, 0.025196075439453125, 0.0075261592864990234, 0.007321834564208984, 0.007704973220825195, 0.007717132568359375, 0.022465944290161133, 0.025689125061035156, 0.0075092315673828125, 0.007300853729248047, 0.007730007171630859, 0.007742881774902344, 0.022515058517456055, 0.0253298282623291, 0.007566928863525391]
INFO:root:Tiebreaks used: 0
INFO:root:Tiebreak runtime: [False, False, False, False, False, False, False, False, False, False, False, False, False, False, False, False, False, False, False, False, False, False, False, False, False, False, False, False, False, False, False, False, False, False, False, False, False, False, False, False, False, False, False, False, False, False, False, False, False, False, False, False, False, False, False, False, False, False, False, False, False, False, False, False, False, False, False, False, False, False, False, False, False, False, False, False, False, False, False, False, False, False, False, False, False, False, False, False, False, False, False, False, False, False, False, False, False, False, False, False, False, False, False, False, False, False, False, False, False, False, False, False, False, False, False, False, False, False, False, False, False, False, False, False, False, False, False, False, False]
INFO:root:Number of inner modules ASNets: 165
INFO:root:Number of Gurobi variables: 862 Constraints: 1125
INFO:root:Explanation: clear_b2 = 1
clear_b1 = 1
on_b2_b3 = 1
ontable_b1 = 0

INFO:root:Problem path: /home/asnets_user/shared/policy-explanations/experiments/experiment_problems/blocks/prob-blocks-blocks-nblk4-seed1798170167-seq1.pddl
INFO:root:Goal reached/Finished in time: 1
INFO:root:CPU Runtime: 12.367485530000003
INFO:root:Runtime: 3.255452211946249
INFO:root:Plan length: 6
INFO:root:Size of explanation: 4
INFO:root:Size of input: 29
INFO:root:Number of calls: 127
INFO:root:Runtime for each network call: [0.3452939987182617, 0.022717952728271484, 0.02501511573791504, 0.007543087005615234, 0.022531986236572266, 0.02514195442199707, 0.007584810256958008, 0.0074040889739990234, 0.007798910140991211, 0.007772207260131836, 0.022950172424316406, 0.024748802185058594, 0.007503032684326172, 0.007416963577270508, 0.007779121398925781, 0.007788896560668945, 0.022513866424560547, 0.025355100631713867, 0.007522106170654297, 0.0073490142822265625, 0.007791996002197266, 0.007822036743164062, 0.022643089294433594, 0.022585153579711914, 0.022388935089111328, 0.025976896286010742, 0.00942683219909668, 0.011440038681030273, 0.022397994995117188, 0.024991989135742188, 0.00755000114440918, 0.007421016693115234, 0.007780790328979492, 0.007768869400024414, 0.023109912872314453, 0.02503800392150879, 0.00757288932800293, 0.007355928421020508, 0.0078051090240478516, 0.007762908935546875, 0.022463083267211914, 0.024876117706298828, 0.007564067840576172, 0.007339954376220703, 0.007778167724609375, 0.00781393051147461, 0.022468090057373047, 0.0261080265045166, 0.007533073425292969, 0.0073699951171875, 0.0077970027923583984, 0.007802009582519531, 0.022860050201416016, 0.025332212448120117, 0.007566928863525391, 0.00738215446472168, 0.0077898502349853516, 0.007811069488525391, 0.023186922073364258, 0.025191068649291992, 0.0076258182525634766, 0.007367849349975586, 0.00780797004699707, 0.00781702995300293, 0.022483110427856445, 0.02508711814880371, 0.007598876953125, 0.0073680877685546875, 0.007775068283081055, 0.0077669620513916016, 0.022246122360229492, 0.02588510513305664, 0.007570981979370117, 0.0073740482330322266, 0.0077970027923583984, 0.007824897766113281, 0.022350072860717773, 0.02618408203125, 0.007588863372802734, 0.007360935211181641, 0.007768869400024414, 0.007812023162841797, 0.024109840393066406, 0.025403976440429688, 0.007597923278808594, 0.007372140884399414, 0.0077741146087646484, 0.007766008377075195, 0.02249908447265625, 0.025207996368408203, 0.007611989974975586, 0.007405996322631836, 0.007776021957397461, 0.007776021957397461, 0.0222170352935791, 0.025940895080566406, 0.007613182067871094, 0.007347822189331055, 0.007810115814208984, 0.02742290496826172, 0.022688865661621094, 0.022558927536010742, 0.024545907974243164, 0.03809690475463867, 0.02319812774658203, 0.02540111541748047, 0.007942914962768555, 0.03644704818725586, 0.022871971130371094, 0.022921085357666016, 0.02532196044921875, 0.007673978805541992, 0.0074579715728759766, 0.007851123809814453, 0.022874116897583008, 0.026980876922607422, 0.007708072662353516, 0.0074460506439208984, 0.00785684585571289, 0.007859945297241211, 0.022641897201538086, 0.024927854537963867, 0.007639169692993164, 0.007440805435180664, 0.007914066314697266, 0.007826089859008789, 0.05895400047302246]
INFO:root:Tiebreaks used: 0
INFO:root:Tiebreak runtime: [False, False, False, False, False, False, False, False, False, False, False, False, False, False, False, False, False, False, False, False, False, False, False, False, False, False, False, False, False, False, False, False, False, False, False, False, False, False, False, False, False, False, False, False, False, False, False, False, False, False, False, False, False, False, False, False, False, False, False, False, False, False, False, False, False, False, False, False, False, False, False, False, False, False, False, False, False, False, False, False, False, False, False, False, False, False, False, False, False, False, False, False, False, False, False, False, False, False, False, False, False, False, False, False, False, False, False, False, False, False, False, False, False, False, False, False, False, False, False, False, False, False, False, False, False, False, False]
INFO:root:Number of inner modules ASNets: 165
INFO:root:Number of Gurobi variables: 862 Constraints: 1125
INFO:root:Explanation: on_b1_b4 = 1
clear_b2 = 1
ontable_b2 = 0
clear_b1 = 1

