INFO:root:Problem path: /home/asnets_user/shared/policy-explanations/experiments/experiment_problems/blocks/prob-blocks-blocks-nblk4-seed1798170167-seq2.pddl
INFO:root:Goal reached/Finished in time: 1
INFO:root:CPU Runtime: 8.693640671
INFO:root:Runtime: 2.2890655491501093
INFO:root:Plan length: 6
INFO:root:Size of explanation: 4
INFO:root:Size of input: 29
INFO:root:Number of calls: 127
INFO:root:Runtime for each network call: [0.2982790470123291, 0.008398056030273438, 0.009030818939208984, 0.008273839950561523, 0.008327960968017578, 0.0088958740234375, 0.008173942565917969, 0.008131980895996094, 0.008021116256713867, 0.008094072341918945, 0.008331060409545898, 0.01673293113708496, 0.011111021041870117, 0.02403116226196289, 0.008404016494750977, 0.00886082649230957, 0.008169889450073242, 0.00815582275390625, 0.008400917053222656, 0.008935928344726562, 0.008234024047851562, 0.008167028427124023, 0.008016109466552734, 0.00806283950805664, 0.008306026458740234, 0.00884389877319336, 0.008318901062011719, 0.008856058120727539, 0.008172988891601562, 0.00810384750366211, 0.007966995239257812, 0.00832986831665039, 0.008888006210327148, 0.008155107498168945, 0.008163928985595703, 0.008054971694946289, 0.008072853088378906, 0.01797795295715332, 0.008450984954833984, 0.00887298583984375, 0.00815892219543457, 0.008134126663208008, 0.007965087890625, 0.008042097091674805, 0.008352994918823242, 0.008858919143676758, 0.008147001266479492, 0.00817108154296875, 0.008030891418457031, 0.008065938949584961, 0.008359909057617188, 0.008842945098876953, 0.00814509391784668, 0.008090019226074219, 0.007989168167114258, 0.008074045181274414, 0.00832509994506836, 0.008820056915283203, 0.008131980895996094, 0.008085966110229492, 0.007975101470947266, 0.008025884628295898, 0.00828695297241211, 0.008812189102172852, 0.008124113082885742, 0.008098125457763672, 0.007978200912475586, 0.00803685188293457, 0.00829005241394043, 0.008844137191772461, 0.008147954940795898, 0.00810098648071289, 0.007953882217407227, 0.008043050765991211, 0.008375883102416992, 0.00884103775024414, 0.008146047592163086, 0.008083105087280273, 0.007996082305908203, 0.008049964904785156, 0.008313894271850586, 0.008876800537109375, 0.0081939697265625, 0.008105039596557617, 0.007971048355102539, 0.00805807113647461, 0.008299827575683594, 0.008875846862792969, 0.00818014144897461, 0.008156776428222656, 0.007956981658935547, 0.008054018020629883, 0.008291959762573242, 0.008826017379760742, 0.00815582275390625, 0.008148193359375, 0.007963180541992188, 0.00801992416381836, 0.008320093154907227, 0.00885319709777832, 0.00813603401184082, 0.008093833923339844, 0.007988929748535156, 0.008056163787841797, 0.008326053619384766, 0.008822917938232422, 0.008143186569213867, 0.00810384750366211, 0.007956981658935547, 0.00804901123046875, 0.008334875106811523, 0.008851051330566406, 0.008104085922241211, 0.008111000061035156, 0.007807016372680664, 0.00805211067199707, 0.008301019668579102, 0.008880138397216797, 0.008126020431518555, 0.008144855499267578, 0.007837057113647461, 0.008360147476196289, 0.015689849853515625, 0.008398056030273438, 0.008907079696655273, 0.008172988891601562, 0.009184837341308594]
INFO:root:Tiebreaks used: 0
INFO:root:Tiebreak runtime: [False, False, False, False, False, False, False, False, False, False, False, False, False, False, False, False, False, False, False, False, False, False, False, False, False, False, False, False, False, False, False, False, False, False, False, False, False, False, False, False, False, False, False, False, False, False, False, False, False, False, False, False, False, False, False, False, False, False, False, False, False, False, False, False, False, False, False, False, False, False, False, False, False, False, False, False, False, False, False, False, False, False, False, False, False, False, False, False, False, False, False, False, False, False, False, False, False, False, False, False, False, False, False, False, False, False, False, False, False, False, False, False, False, False, False, False, False, False, False, False, False, False, False, False, False, False, False]
INFO:root:Number of inner modules ASNets: 165
INFO:root:Number of Gurobi variables: 862 Constraints: 1125
INFO:root:Explanation: clear_b3 = 1
clear_b2 = 1
on_b3_b1 = 1
clear_b4 = 1

INFO:root:Problem path: /home/asnets_user/shared/policy-explanations/experiments/experiment_problems/blocks/prob-blocks-blocks-nblk4-seed1798170167-seq2.pddl
INFO:root:Goal reached/Finished in time: 1
INFO:root:CPU Runtime: 8.855741141
INFO:root:Runtime: 2.3756421450525522
INFO:root:Plan length: 6
INFO:root:Size of explanation: 4
INFO:root:Size of input: 29
INFO:root:Number of calls: 125
INFO:root:Runtime for each network call: [0.28662991523742676, 0.009422063827514648, 0.009292125701904297, 0.008963823318481445, 0.008234977722167969, 0.008092164993286133, 0.008300065994262695, 0.008388996124267578, 0.008209943771362305, 0.015752077102661133, 0.009356021881103516, 0.009274005889892578, 0.008929014205932617, 0.008213043212890625, 0.013463973999023438, 0.00799703598022461, 0.00924992561340332, 0.008904218673706055, 0.008164167404174805, 0.00813603401184082, 0.008001089096069336, 0.008087158203125, 0.009260892868041992, 0.008877038955688477, 0.00820302963256836, 0.008165836334228516, 0.008013010025024414, 0.008075952529907227, 0.009225845336914062, 0.008903026580810547, 0.008179187774658203, 0.008121967315673828, 0.008030891418457031, 0.008083105087280273, 0.009224891662597656, 0.008857965469360352, 0.00820016860961914, 0.008172988891601562, 0.008020877838134766, 0.00808405876159668, 0.009209871292114258, 0.008854150772094727, 0.008154869079589844, 0.008187055587768555, 0.00798797607421875, 0.008126974105834961, 0.009196043014526367, 0.00888514518737793, 0.008160114288330078, 0.008170843124389648, 0.00801396369934082, 0.00805211067199707, 0.009222030639648438, 0.008878946304321289, 0.00814199447631836, 0.008155107498168945, 0.007977008819580078, 0.008086204528808594, 0.009225130081176758, 0.008899927139282227, 0.008169174194335938, 0.008121967315673828, 0.008004188537597656, 0.00808405876159668, 0.009203910827636719, 0.008906126022338867, 0.008151054382324219, 0.008183002471923828, 0.008072853088378906, 0.008248090744018555, 0.009423971176147461, 0.009056806564331055, 0.008329153060913086, 0.008183956146240234, 0.00799107551574707, 0.008066892623901367, 0.009193181991577148, 0.008884906768798828, 0.008166074752807617, 0.008154869079589844, 0.00799417495727539, 0.008087873458862305, 0.009186029434204102, 0.008851051330566406, 0.008188009262084961, 0.0081329345703125, 0.007966995239257812, 0.008067131042480469, 0.009188175201416016, 0.008855104446411133, 0.008167028427124023, 0.008161067962646484, 0.007956981658935547, 0.008102178573608398, 0.009167909622192383, 0.00921010971069336, 0.008851051330566406, 0.00816488265991211, 0.00814199447631836, 0.007997989654541016, 0.008059024810791016, 0.009186983108520508, 0.008856058120727539, 0.008152008056640625, 0.008163928985595703, 0.007960081100463867, 0.009208917617797852, 0.008846044540405273, 0.009196996688842773, 0.00886082649230957, 0.008181095123291016, 0.008121013641357422, 0.00780487060546875, 0.008060216903686523, 0.009195089340209961, 0.008854150772094727, 0.008179187774658203, 0.008114099502563477, 0.04497480392456055, 0.032444000244140625, 0.00947713851928711, 0.02250194549560547, 0.00935506820678711, 0.00894784927368164, 0.008224964141845703]
INFO:root:Tiebreaks used: 0
INFO:root:Tiebreak runtime: [False, False, False, False, False, False, False, False, False, False, False, False, False, False, False, False, False, False, False, False, False, False, False, False, False, False, False, False, False, False, False, False, False, False, False, False, False, False, False, False, False, False, False, False, False, False, False, False, False, False, False, False, False, False, False, False, False, False, False, False, False, False, False, False, False, False, False, False, False, False, False, False, False, False, False, False, False, False, False, False, False, False, False, False, False, False, False, False, False, False, False, False, False, False, False, False, False, False, False, False, False, False, False, False, False, False, False, False, False, False, False, False, False, False, False, False, False, False, False, False, False, False, False, False, False]
INFO:root:Number of inner modules ASNets: 165
INFO:root:Number of Gurobi variables: 862 Constraints: 1125
INFO:root:Explanation: clear_b3 = 1
clear_b2 = 1
ontable_b3 = 0
clear_b4 = 1

