INFO:root:Problem path: /home/asnets_user/shared/policy-explanations/experiments/experiment_problems/blocks/prob-blocks-blocks-nblk3-seed1914988565-seq2.pddl
INFO:root:Goal reached/Finished in time: 1
INFO:root:CPU Runtime: 1.0520990749999992
INFO:root:Runtime: 0.9814885519444942
INFO:root:Plan length: 6
INFO:root:Size of explanation: 3
INFO:root:Size of input: 19
INFO:root:Number of calls: 74
INFO:root:Runtime for each network call: [0.031382083892822266, 0.0045969486236572266, 0.004709005355834961, 0.00638580322265625, 0.004595041275024414, 0.004706859588623047, 0.0063190460205078125, 0.005096912384033203, 0.005506038665771484, 0.005540132522583008, 0.004631996154785156, 0.006804943084716797, 0.00944209098815918, 0.004623889923095703, 0.004602909088134766, 0.0046269893646240234, 0.004579067230224609, 0.01394200325012207, 0.004694938659667969, 0.004750967025756836, 0.006390094757080078, 0.0051479339599609375, 0.005532979965209961, 0.005548954010009766, 0.022240877151489258, 0.0047550201416015625, 0.004770994186401367, 0.0063898563385009766, 0.004622220993041992, 0.0047321319580078125, 0.006314992904663086, 0.005090951919555664, 0.0054759979248046875, 0.0055179595947265625, 0.004606008529663086, 0.0047321319580078125, 0.00630497932434082, 0.00509190559387207, 0.005513906478881836, 0.005548954010009766, 0.004625797271728516, 0.004743814468383789, 0.008479118347167969, 0.00516510009765625, 0.005501985549926758, 0.005543947219848633, 0.004629850387573242, 0.004708051681518555, 0.008234024047851562, 0.005165815353393555, 0.005506038665771484, 0.00551605224609375, 0.0045871734619140625, 0.004704952239990234, 0.008188962936401367, 0.0051631927490234375, 0.004658937454223633, 0.0047359466552734375, 0.008271932601928711, 0.005151033401489258, 0.005502939224243164, 0.005537986755371094, 0.004604816436767578, 0.004702091217041016, 0.008040904998779297, 0.005146026611328125, 0.0054929256439208984, 0.0055119991302490234, 0.004606008529663086, 0.004719972610473633, 0.008193016052246094, 0.005131959915161133, 0.005491018295288086, 0.005525112152099609]
INFO:root:Tiebreaks used: 0
INFO:root:Tiebreak runtime: [False, False, False, False, False, False, False, False, False, False, False, False, False, False, False, False, False, False, False, False, False, False, False, False, False, False, False, False, False, False, False, False, False, False, False, False, False, False, False, False, False, False, False, False, False, False, False, False, False, False, False, False, False, False, False, False, False, False, False, False, False, False, False, False, False, False, False, False, False, False, False, False, False, False]
INFO:root:Number of inner modules ASNets: 100
INFO:root:Number of Gurobi variables: 515 Constraints: 674
INFO:root:Explanation: clear_b2 = 1
clear_b1 = 1
ontable_b2 = 0

INFO:root:Problem path: /home/asnets_user/shared/policy-explanations/experiments/experiment_problems/blocks/prob-blocks-blocks-nblk3-seed1914988565-seq2.pddl
INFO:root:Goal reached/Finished in time: 1
INFO:root:CPU Runtime: 0.9153112949999986
INFO:root:Runtime: 0.9727921355515718
INFO:root:Plan length: 6
INFO:root:Size of explanation: 3
INFO:root:Size of input: 19
INFO:root:Number of calls: 75
INFO:root:Runtime for each network call: [0.03140401840209961, 0.004622936248779297, 0.004746913909912109, 0.006410837173461914, 0.005125999450683594, 0.005511045455932617, 0.005546092987060547, 0.004586935043334961, 0.004719972610473633, 0.0063250064849853516, 0.005093097686767578, 0.005499839782714844, 0.005528926849365234, 0.004579067230224609, 0.0047070980072021484, 0.006288051605224609, 0.005113840103149414, 0.005504131317138672, 0.0055389404296875, 0.0045888423919677734, 0.004714012145996094, 0.006318807601928711, 0.005119800567626953, 0.004559993743896484, 0.004700899124145508, 0.0062940120697021484, 0.005081892013549805, 0.005491971969604492, 0.005532026290893555, 0.004580020904541016, 0.004709005355834961, 0.0062639713287353516, 0.00510096549987793, 0.005496025085449219, 0.005530834197998047, 0.004576921463012695, 0.004673957824707031, 0.008525848388671875, 0.0051288604736328125, 0.005529880523681641, 0.005540132522583008, 0.0045740604400634766, 0.004705905914306641, 0.008299112319946289, 0.005132913589477539, 0.005521059036254883, 0.0055370330810546875, 0.004566192626953125, 0.004706859588623047, 0.008204936981201172, 0.004603147506713867, 0.004769802093505859, 0.00456690788269043, 0.004709959030151367, 0.008126020431518555, 0.005172014236450195, 0.005523204803466797, 0.005524873733520508, 0.00916600227355957, 0.011628866195678711, 0.004643917083740234, 0.0046160221099853516, 0.004599094390869141, 0.004411935806274414, 0.00709986686706543, 0.010589122772216797, 0.00463414192199707, 0.004734039306640625, 0.008253097534179688, 0.005120038986206055, 0.0055201053619384766, 0.005518913269042969, 0.004619121551513672, 0.004725933074951172, 0.008170127868652344]
INFO:root:Tiebreaks used: 0
INFO:root:Tiebreak runtime: [False, False, False, False, False, False, False, False, False, False, False, False, False, False, False, False, False, False, False, False, False, False, False, False, False, False, False, False, False, False, False, False, False, False, False, False, False, False, False, False, False, False, False, False, False, False, False, False, False, False, False, False, False, False, False, False, False, False, False, False, False, False, False, False, False, False, False, False, False, False, False, False, False, False, False]
INFO:root:Number of inner modules ASNets: 100
INFO:root:Number of Gurobi variables: 515 Constraints: 674
INFO:root:Explanation: on_b2_b3 = 1
clear_b2 = 1
clear_b1 = 1

