INFO:root:Problem path: /home/asnets_user/shared/policy-explanations/experiments/experiment_problems/blocks/prob-blocks-blocks-nblk3-seed1914988565-seq5.pddl
INFO:root:Goal reached/Finished in time: 1
INFO:root:CPU Runtime: 4.275622125000002
INFO:root:Runtime: 1.0969781149178743
INFO:root:Plan length: 6
INFO:root:Size of explanation: 3
INFO:root:Size of input: 19
INFO:root:Number of calls: 72
INFO:root:Runtime for each network call: [0.14365911483764648, 0.0034270286560058594, 0.0023021697998046875, 0.003359079360961914, 0.0039539337158203125, 0.015636920928955078, 0.006390094757080078, 0.004965066909790039, 0.002309083938598633, 0.0033330917358398438, 0.003958940505981445, 0.014210939407348633, 0.002382993698120117, 0.0033540725708007812, 0.003952980041503906, 0.013902902603149414, 0.0063381195068359375, 0.004909038543701172, 0.002318859100341797, 0.0033669471740722656, 0.012290000915527344, 0.0023260116577148438, 0.003336191177368164, 0.00395512580871582, 0.014207124710083008, 0.006376028060913086, 0.00492405891418457, 0.002309083938598633, 0.0022950172424316406, 0.0033240318298339844, 0.003960132598876953, 0.01372981071472168, 0.0063419342041015625, 0.004912137985229492, 0.002295970916748047, 0.003329038619995117, 0.003918886184692383, 0.013911008834838867, 0.0063321590423583984, 0.004914045333862305, 0.0023000240325927734, 0.003309011459350586, 0.003937959671020508, 0.014021873474121094, 0.006356000900268555, 0.004942893981933594, 0.002309083938598633, 0.003337860107421875, 0.0039288997650146484, 0.002290010452270508, 0.002285003662109375, 0.003306150436401367, 0.003947019577026367, 0.014170169830322266, 0.0063130855560302734, 0.002324819564819336, 0.0033299922943115234, 0.003950834274291992, 0.022969961166381836, 0.002412080764770508, 0.003384113311767578, 0.003969907760620117, 0.014103889465332031, 0.0063610076904296875, 0.0023179054260253906, 0.0320589542388916, 0.0024399757385253906, 0.003407001495361328, 0.003979206085205078, 0.014320135116577148, 0.0063669681549072266, 0.004936933517456055]
INFO:root:Tiebreaks used: 0
INFO:root:Tiebreak runtime: [False, False, False, False, False, False, False, False, False, False, False, False, False, False, False, False, False, False, False, False, False, False, False, False, False, False, False, False, False, False, False, False, False, False, False, False, False, False, False, False, False, False, False, False, False, False, False, False, False, False, False, False, False, False, False, False, False, False, False, False, False, False, False, False, False, False, False, False, False, False, False, False]
INFO:root:Number of inner modules ASNets: 100
INFO:root:Number of Gurobi variables: 515 Constraints: 674
INFO:root:Explanation: handempty = 1
ontable_b2 = 0
on_b1_b3 = 1

INFO:root:Problem path: /home/asnets_user/shared/policy-explanations/experiments/experiment_problems/blocks/prob-blocks-blocks-nblk3-seed1914988565-seq5.pddl
INFO:root:Goal reached/Finished in time: 1
INFO:root:CPU Runtime: 3.747603727999998
INFO:root:Runtime: 1.0618847319856286
INFO:root:Plan length: 6
INFO:root:Size of explanation: 3
INFO:root:Size of input: 19
INFO:root:Number of calls: 70
INFO:root:Runtime for each network call: [0.13567495346069336, 0.0023109912872314453, 0.003397226333618164, 0.0040090084075927734, 0.014613151550292969, 0.00646209716796875, 0.004948139190673828, 0.0022628307342529297, 0.003353118896484375, 0.002259969711303711, 0.002285003662109375, 0.00333404541015625, 0.003945112228393555, 0.014333963394165039, 0.006356954574584961, 0.002346038818359375, 0.0023009777069091797, 0.003374814987182617, 0.003962993621826172, 0.0022928714752197266, 0.0033490657806396484, 0.003942012786865234, 0.014232158660888672, 0.006402015686035156, 0.002285003662109375, 0.0022630691528320312, 0.0033369064331054688, 0.0039861202239990234, 0.0022780895233154297, 0.003345012664794922, 0.003954887390136719, 0.01417088508605957, 0.006379127502441406, 0.004976987838745117, 0.0022780895233154297, 0.0033659934997558594, 0.0039441585540771484, 0.013993024826049805, 0.006359100341796875, 0.0049800872802734375, 0.002295970916748047, 0.0033369064331054688, 0.003935813903808594, 0.014635086059570312, 0.006434917449951172, 0.0049169063568115234, 0.012389183044433594, 0.002307891845703125, 0.0033478736877441406, 0.0039899349212646484, 0.014473915100097656, 0.006348848342895508, 0.004899024963378906, 0.002331972122192383, 0.003365039825439453, 0.003961086273193359, 0.002273082733154297, 0.0033538341522216797, 0.003942012786865234, 0.014307022094726562, 0.006348848342895508, 0.00492095947265625, 0.011371135711669922, 0.0023348331451416016, 0.0033669471740722656, 0.003957986831665039, 0.013877153396606445, 0.006346940994262695, 0.004925966262817383, 0.012331008911132812]
INFO:root:Tiebreaks used: 0
INFO:root:Tiebreak runtime: [False, False, False, False, False, False, False, False, False, False, False, False, False, False, False, False, False, False, False, False, False, False, False, False, False, False, False, False, False, False, False, False, False, False, False, False, False, False, False, False, False, False, False, False, False, False, False, False, False, False, False, False, False, False, False, False, False, False, False, False, False, False, False, False, False, False, False, False, False, False]
INFO:root:Number of inner modules ASNets: 100
INFO:root:Number of Gurobi variables: 515 Constraints: 674
INFO:root:Explanation: clear_b2 = 1
ontable_b1 = 0
on_b2_b1 = 1

