INFO:root:Problem path: /home/asnets_user/shared/policy-explanations/experiments/experiment_problems/blocks/prob-blocks-blocks-nblk6-seed2083640315-seq5.pddl
INFO:root:Goal reached/Finished in time: 1
INFO:root:CPU Runtime: 34.447539938000006
INFO:root:Runtime: 9.303703135810792
INFO:root:Plan length: 12
INFO:root:Size of explanation: 48
INFO:root:Size of input: 55
INFO:root:Number of calls: 244
INFO:root:Runtime for each network call: [1.0051889419555664, 0.02859807014465332, 0.016691923141479492, 0.017093896865844727, 0.01613903045654297, 0.0295259952545166, 0.02870798110961914, 0.016662120819091797, 0.017060041427612305, 0.04915785789489746, 0.028913021087646484, 0.016689062118530273, 0.017034053802490234, 0.01611781120300293, 0.029680967330932617, 0.02861189842224121, 0.016610145568847656, 0.01702284812927246, 0.016047954559326172, 0.030469894409179688, 0.016875028610229492, 0.05056405067443848, 0.033245086669921875, 0.01651906967163086, 0.019553184509277344, 0.016708850860595703, 0.04595494270324707, 0.028635025024414062, 0.01664900779724121, 0.0170748233795166, 0.016044139862060547, 0.029574155807495117, 0.028451919555664062, 0.016655921936035156, 0.028480052947998047, 0.016654014587402344, 0.017050981521606445, 0.016106128692626953, 0.02947092056274414, 0.028604984283447266, 0.016615867614746094, 0.016967058181762695, 0.016077041625976562, 0.029613971710205078, 0.028484106063842773, 0.02856898307800293, 0.016542911529541016, 0.01701498031616211, 0.016054868698120117, 0.02929997444152832, 0.028486013412475586, 0.01663684844970703, 0.016934871673583984, 0.01608586311340332, 0.029475927352905273, 0.028535127639770508, 0.016592025756835938, 0.01698899269104004, 0.016058921813964844, 0.029329776763916016, 0.028491973876953125, 0.016566038131713867, 0.016963958740234375, 0.016082048416137695, 0.029458045959472656, 0.02859783172607422, 0.028528928756713867, 0.01660895347595215, 0.01700282096862793, 0.016083955764770508, 0.02935314178466797, 0.02861309051513672, 0.016584157943725586, 0.0169980525970459, 0.016104936599731445, 0.029412031173706055, 0.02847909927368164, 0.016582012176513672, 0.01695704460144043, 0.01610088348388672, 0.029421091079711914, 0.028545856475830078, 0.016633033752441406, 0.016946077346801758, 0.01611614227294922, 0.02952718734741211, 0.028487205505371094, 0.01661992073059082, 0.0169370174407959, 0.016057968139648438, 0.02939605712890625, 0.032917022705078125, 0.017348051071166992, 0.03368806838989258, 0.028783082962036133, 0.016601085662841797, 0.01695108413696289, 0.015980958938598633, 0.02950310707092285, 0.028575897216796875, 0.016597986221313477, 0.016907930374145508, 0.016033172607421875, 0.029406070709228516, 0.03730010986328125, 0.028942108154296875, 0.016569852828979492, 0.016952037811279297, 0.016047954559326172, 0.029443025588989258, 0.028651952743530273, 0.016592025756835938, 0.01698017120361328, 0.015985965728759766, 0.029494047164916992, 0.02846693992614746, 0.016570091247558594, 0.016947031021118164, 0.016037940979003906, 0.029488086700439453, 0.028464078903198242, 0.016571044921875, 0.01691913604736328, 0.01610398292541504, 0.029510021209716797, 0.028572797775268555, 0.016569852828979492, 0.01708221435546875, 0.015989065170288086, 0.029326915740966797, 0.028545141220092773, 0.016597986221313477, 0.01695108413696289, 0.016072988510131836, 0.029447078704833984, 0.028543949127197266, 0.01654815673828125, 0.01694798469543457, 0.01609206199645996, 0.029414892196655273, 0.0284268856048584, 0.016666173934936523, 0.01698613166809082, 0.016006946563720703, 0.029448986053466797, 0.028508901596069336, 0.016594886779785156, 0.0169830322265625, 0.01605701446533203, 0.029563188552856445, 0.02840399742126465, 0.016579866409301758, 0.01695990562438965, 0.01606607437133789, 0.02938079833984375, 0.028480052947998047, 0.01656794548034668, 0.016962051391601562, 0.016045808792114258, 0.02930307388305664, 0.028451919555664062, 0.01659989356994629, 0.016957998275756836, 0.016026973724365234, 0.029443025588989258, 0.028449058532714844, 0.016572952270507812, 0.016941070556640625, 0.01599287986755371, 0.029412031173706055, 0.028522968292236328, 0.016546964645385742, 0.01695108413696289, 0.01598191261291504, 0.029515981674194336, 0.02863597869873047, 0.016564130783081055, 0.017026901245117188, 0.016039133071899414, 0.029366016387939453, 0.02847003936767578, 0.016549110412597656, 0.01697707176208496, 0.016100168228149414, 0.029420137405395508, 0.028525114059448242, 0.016595125198364258, 0.01693105697631836, 0.01608896255493164, 0.029408931732177734, 0.028617143630981445, 0.016560077667236328, 0.01691603660583496, 0.01604604721069336, 0.02931690216064453, 0.028333187103271484, 0.016541004180908203, 0.016941070556640625, 0.01609492301940918, 0.02950000762939453, 0.028416872024536133, 0.016707181930541992, 0.01695418357849121, 0.016049861907958984, 0.0293428897857666, 0.028550148010253906, 0.016603946685791016, 0.0169830322265625, 0.028397083282470703, 0.016544818878173828, 0.017016887664794922, 0.016032934188842773, 0.029530048370361328, 0.026885986328125, 0.026845932006835938, 0.016644954681396484, 0.016959190368652344, 0.016143083572387695, 0.02947402000427246, 0.026884078979492188, 0.016539812088012695, 0.01694798469543457, 0.016026020050048828, 0.029246091842651367, 0.02776312828063965, 0.01688098907470703, 0.017322063446044922, 0.016279935836791992, 0.02987504005432129, 0.02671217918395996, 0.016479015350341797, 0.016885995864868164, 0.015950918197631836, 0.029366016387939453, 0.026727914810180664, 0.016482114791870117, 0.01683211326599121, 0.015857934951782227, 0.0291900634765625, 0.026806116104125977, 0.016455888748168945, 0.0168149471282959, 0.01603984832763672, 0.0294339656829834]
INFO:root:Tiebreaks used: 0
INFO:root:Tiebreak runtime: [False, False, False, False, False, False, False, False, False, False, False, False, False, False, False, False, False, False, False, False, False, False, False, False, False, False, False, False, False, False, False, False, False, False, False, False, False, False, False, False, False, False, False, False, False, False, False, False, False, False, False, False, False, False, False, False, False, False, False, False, False, False, False, False, False, False, False, False, False, False, False, False, False, False, False, False, False, False, False, False, False, False, False, False, False, False, False, False, False, False, False, False, False, False, False, False, False, False, False, False, False, False, False, False, False, False, False, False, False, False, False, False, False, False, False, False, False, False, False, False, False, False, False, False, False, False, False, False, False, False, False, False, False, False, False, False, False, False, False, False, False, False, False, False, False, False, False, False, False, False, False, False, False, False, False, False, False, False, False, False, False, False, False, False, False, False, False, False, False, False, False, False, False, False, False, False, False, False, False, False, False, False, False, False, False, False, False, False, False, False, False, False, False, False, False, False, False, False, False, False, False, False, False, False, False, False, False, False, False, False, False, False, False, False, False, False, False, False, False, False, False, False, False, False, False, False, False, False, False, False, False, False, False, False, False, False, False, False, False, False, False, False, False, False]
INFO:root:Number of inner modules ASNets: 343
INFO:root:Number of Gurobi variables: 1820 Constraints: 2369
INFO:root:Explanation: ontable_b1 = 1
on_b4_b5 = 0
on_b3_b3 = 0
on_b3_b5 = 1
clear_b3 = 1
on_b5_b2 = 0
on_b1_b6 = 0
on_b6_b3 = 0
on_b6_b5 = 0
clear_b4 = 1
on_b4_b6 = 0
clear_b6 = 1
ontable_b2 = 1
clear_b1 = 1
on_b3_b4 = 0
on_b1_b5 = 0
holding_b1 = 0
on_b4_b4 = 0
on_b4_b3 = 0
on_b6_b4 = 0
on_b6_b2 = 0
on_b5_b1 = 0
on_b4_b1 = 0
on_b2_b3 = 0
on_b2_b1 = 0
ontable_b5 = 1
ontable_b6 = 1
on_b1_b1 = 0
on_b4_b2 = 1
on_b1_b4 = 0
on_b5_b6 = 0
on_b5_b4 = 0
on_b6_b6 = 0
holding_b2 = 0
on_b6_b1 = 0
holding_b6 = 0
on_b2_b5 = 0
on_b2_b6 = 0
holding_b5 = 0
on_b1_b2 = 0
on_b2_b2 = 0
on_b3_b1 = 0
on_b2_b4 = 0
on_b5_b3 = 0
on_b3_b6 = 0
on_b1_b3 = 0
on_b5_b5 = 0
on_b3_b2 = 0

INFO:root:Problem path: /home/asnets_user/shared/policy-explanations/experiments/experiment_problems/blocks/prob-blocks-blocks-nblk6-seed2083640315-seq5.pddl
INFO:root:Goal reached/Finished in time: 1
INFO:root:CPU Runtime: 34.195914570999996
INFO:root:Runtime: 9.412957083433867
INFO:root:Plan length: 12
INFO:root:Size of explanation: 48
INFO:root:Size of input: 55
INFO:root:Number of calls: 240
INFO:root:Runtime for each network call: [0.9892852306365967, 0.02918410301208496, 0.016815900802612305, 0.017142057418823242, 0.01620006561279297, 0.0298001766204834, 0.02886509895324707, 0.01682305335998535, 0.020534992218017578, 0.016132116317749023, 0.02977299690246582, 0.028876781463623047, 0.01677703857421875, 0.017064809799194336, 0.016245126724243164, 0.030276060104370117, 0.02902698516845703, 0.01705002784729004, 0.017431974411010742, 0.016379117965698242, 0.030199050903320312, 0.02892303466796875, 0.01668095588684082, 0.0170438289642334, 0.016235828399658203, 0.029742956161499023, 0.028933048248291016, 0.016801118850708008, 0.01713395118713379, 0.01611185073852539, 0.02968597412109375, 0.02724003791809082, 0.027235031127929688, 0.016748905181884766, 0.017151832580566406, 0.01612091064453125, 0.02976083755493164, 0.02733302116394043, 0.016705989837646484, 0.017055034637451172, 0.0270688533782959, 0.01675701141357422, 0.017110824584960938, 0.016145944595336914, 0.02971792221069336, 0.027283906936645508, 0.016744136810302734, 0.017026901245117188, 0.016122817993164062, 0.029757976531982422, 0.027111053466796875, 0.01680588722229004, 0.016997098922729492, 0.016108989715576172, 0.029612064361572266, 0.02713608741760254, 0.016628026962280273, 0.017072200775146484, 0.016161203384399414, 0.029588937759399414, 0.027074098587036133, 0.01670694351196289, 0.017106056213378906, 0.016089200973510742, 0.029792070388793945, 0.027103900909423828, 0.0167388916015625, 0.017034053802490234, 0.01624011993408203, 0.02979111671447754, 0.027163982391357422, 0.01671600341796875, 0.01706409454345703, 0.016108989715576172, 0.02970600128173828, 0.027183055877685547, 0.01666879653930664, 0.01707005500793457, 0.01611185073852539, 0.030061006546020508, 0.027337074279785156, 0.01674795150756836, 0.01713395118713379, 0.016083955764770508, 0.029559850692749023, 0.027117013931274414, 0.01675891876220703, 0.01700592041015625, 0.0161440372467041, 0.02960205078125, 0.02715897560119629, 0.01674795150756836, 0.016999006271362305, 0.016202926635742188, 0.02969193458557129, 0.027068138122558594, 0.01665806770324707, 0.01704716682434082, 0.016152143478393555, 0.029572010040283203, 0.02720785140991211, 0.016727924346923828, 0.017015933990478516, 0.016093969345092773, 0.029727935791015625, 0.02714705467224121, 0.016843080520629883, 0.01701211929321289, 0.016115903854370117, 0.029760122299194336, 0.027215957641601562, 0.016817092895507812, 0.017055988311767578, 0.01611018180847168, 0.029766082763671875, 0.02712392807006836, 0.016677141189575195, 0.01696610450744629, 0.016236066818237305, 0.02971816062927246, 0.027143001556396484, 0.01669788360595703, 0.017124176025390625, 0.01611614227294922, 0.029835939407348633, 0.027064800262451172, 0.016702890396118164, 0.016973018646240234, 0.016075849533081055, 0.0296478271484375, 0.027107954025268555, 0.016776084899902344, 0.017010927200317383, 0.01608109474182129, 0.029786109924316406, 0.027142047882080078, 0.016668081283569336, 0.017040014266967773, 0.016099929809570312, 0.029667139053344727, 0.02720499038696289, 0.027074098587036133, 0.016838788986206055, 0.017006874084472656, 0.016115903854370117, 0.030078887939453125, 0.027164936065673828, 0.016761064529418945, 0.01706099510192871, 0.016106128692626953, 0.029697895050048828, 0.02712416648864746, 0.01675701141357422, 0.017042160034179688, 0.026918888092041016, 0.016770124435424805, 0.017006874084472656, 0.016232013702392578, 0.02971196174621582, 0.027217864990234375, 0.016731977462768555, 0.017045021057128906, 0.01617908477783203, 0.029591083526611328, 0.027034997940063477, 0.016681194305419922, 0.01700901985168457, 0.016086101531982422, 0.029567956924438477, 0.027184009552001953, 0.016693115234375, 0.016993999481201172, 0.016064167022705078, 0.029681921005249023, 0.027168989181518555, 0.01675701141357422, 0.017114877700805664, 0.01616382598876953, 0.029690980911254883, 0.027056217193603516, 0.02695488929748535, 0.016763925552368164, 0.017013072967529297, 0.016143083572387695, 0.029551029205322266, 0.027066946029663086, 0.0167539119720459, 0.017009973526000977, 0.01607203483581543, 0.029597043991088867, 0.027090072631835938, 0.01666998863220215, 0.01701498031616211, 0.01608419418334961, 0.029677867889404297, 0.02705979347229004, 0.016629934310913086, 0.017035961151123047, 0.016093015670776367, 0.029634952545166016, 0.02705979347229004, 0.027124881744384766, 0.016659021377563477, 0.016978979110717773, 0.01610398292541504, 0.0297088623046875, 0.027417898178100586, 0.016727924346923828, 0.016999006271362305, 0.016088008880615234, 0.02943587303161621, 0.05246400833129883, 0.02737593650817871, 0.016768932342529297, 0.01698899269104004, 0.01610279083251953, 0.029794931411743164, 0.0301361083984375, 0.016614913940429688, 0.019650936126708984, 0.016669034957885742, 0.043775081634521484, 0.0628359317779541, 0.031350135803222656, 0.016847848892211914, 0.03391289710998535, 0.02721881866455078, 0.016714096069335938, 0.017040014266967773, 0.016112089157104492, 0.029664039611816406, 0.06173300743103027, 0.02752089500427246, 0.01683807373046875, 0.016969919204711914, 0.02684307098388672, 0.01658487319946289, 0.0169680118560791, 0.016142845153808594, 0.029495954513549805]
INFO:root:Tiebreaks used: 0
INFO:root:Tiebreak runtime: [False, False, False, False, False, False, False, False, False, False, False, False, False, False, False, False, False, False, False, False, False, False, False, False, False, False, False, False, False, False, False, False, False, False, False, False, False, False, False, False, False, False, False, False, False, False, False, False, False, False, False, False, False, False, False, False, False, False, False, False, False, False, False, False, False, False, False, False, False, False, False, False, False, False, False, False, False, False, False, False, False, False, False, False, False, False, False, False, False, False, False, False, False, False, False, False, False, False, False, False, False, False, False, False, False, False, False, False, False, False, False, False, False, False, False, False, False, False, False, False, False, False, False, False, False, False, False, False, False, False, False, False, False, False, False, False, False, False, False, False, False, False, False, False, False, False, False, False, False, False, False, False, False, False, False, False, False, False, False, False, False, False, False, False, False, False, False, False, False, False, False, False, False, False, False, False, False, False, False, False, False, False, False, False, False, False, False, False, False, False, False, False, False, False, False, False, False, False, False, False, False, False, False, False, False, False, False, False, False, False, False, False, False, False, False, False, False, False, False, False, False, False, False, False, False, False, False, False, False, False, False, False, False, False, False, False, False, False, False, False]
INFO:root:Number of inner modules ASNets: 343
INFO:root:Number of Gurobi variables: 1820 Constraints: 2369
INFO:root:Explanation: ontable_b1 = 1
on_b4_b5 = 0
on_b3_b3 = 0
clear_b3 = 1
on_b5_b2 = 0
on_b1_b6 = 0
on_b6_b3 = 0
on_b6_b5 = 0
ontable_b3 = 0
clear_b4 = 1
on_b4_b6 = 0
clear_b6 = 1
ontable_b2 = 1
clear_b1 = 1
on_b3_b4 = 0
ontable_b4 = 0
on_b1_b5 = 0
holding_b1 = 0
on_b4_b4 = 0
on_b4_b3 = 0
on_b6_b4 = 0
on_b6_b2 = 0
on_b5_b1 = 0
on_b4_b1 = 0
on_b2_b3 = 0
on_b2_b1 = 0
ontable_b5 = 1
ontable_b6 = 1
on_b1_b1 = 0
on_b1_b4 = 0
on_b5_b6 = 0
on_b5_b4 = 0
on_b6_b6 = 0
holding_b2 = 0
on_b6_b1 = 0
holding_b6 = 0
on_b2_b5 = 0
on_b2_b6 = 0
holding_b5 = 0
on_b1_b2 = 0
on_b2_b2 = 0
on_b3_b1 = 0
on_b2_b4 = 0
on_b5_b3 = 0
on_b3_b6 = 0
on_b1_b3 = 0
on_b5_b5 = 0
on_b3_b2 = 0

