INFO:root:Problem path: /home/asnets_user/shared/policy-explanations/experiments/experiment_problems/blocks/prob-blocks-blocks-nblk2-seed1257879174-seq6.pddl
INFO:root:Goal reached/Finished in time: 1
INFO:root:CPU Runtime: 0.39892907499999986
INFO:root:Runtime: 0.44081593211740255
INFO:root:Plan length: 4
INFO:root:Size of explanation: 2
INFO:root:Size of input: 11
INFO:root:Number of calls: 25
INFO:root:Runtime for each network call: [0.01584792137145996, 0.0013489723205566406, 0.001352071762084961, 0.0013589859008789062, 0.001920938491821289, 0.003812074661254883, 0.003158092498779297, 0.0013518333435058594, 0.0019068717956542969, 0.003776073455810547, 0.0031321048736572266, 0.001363992691040039, 0.0013461112976074219, 0.0019030570983886719, 0.0037431716918945312, 0.0013530254364013672, 0.006896018981933594, 0.0013728141784667969, 0.0019218921661376953, 0.0037469863891601562, 0.007195949554443359, 0.0013980865478515625, 0.001931905746459961, 0.0037670135498046875, 0.0031158924102783203]
INFO:root:Tiebreaks used: 0
INFO:root:Tiebreak runtime: [False, False, False, False, False, False, False, False, False, False, False, False, False, False, False, False, False, False, False, False, False, False, False, False, False]
INFO:root:Number of inner modules ASNets: 51
INFO:root:Number of Gurobi variables: 256 Constraints: 337
INFO:root:Explanation: handempty = 1
ontable_b1 = 0

INFO:root:Problem path: /home/asnets_user/shared/policy-explanations/experiments/experiment_problems/blocks/prob-blocks-blocks-nblk2-seed1257879174-seq6.pddl
INFO:root:Goal reached/Finished in time: 1
INFO:root:CPU Runtime: 0.351780870999999
INFO:root:Runtime: 0.42924393340945244
INFO:root:Plan length: 4
INFO:root:Size of explanation: 1
INFO:root:Size of input: 11
INFO:root:Number of calls: 26
INFO:root:Runtime for each network call: [0.015579938888549805, 0.001341104507446289, 0.0019350051879882812, 0.003810882568359375, 0.0031502246856689453, 0.0013439655303955078, 0.0018999576568603516, 0.0013289451599121094, 0.0018930435180664062, 0.0037670135498046875, 0.0013360977172851562, 0.0013339519500732422, 0.0013370513916015625, 0.0019028186798095703, 0.003741025924682617, 0.001332998275756836, 0.0013189315795898438, 0.001895904541015625, 0.0037140846252441406, 0.003111124038696289, 0.0013360977172851562, 0.0018849372863769531, 0.0037169456481933594, 0.0031130313873291016, 0.0072901248931884766, 0.001402139663696289]
INFO:root:Tiebreaks used: 0
INFO:root:Tiebreak runtime: [False, False, False, False, False, False, False, False, False, False, False, False, False, False, False, False, False, False, False, False, False, False, False, False, False, False]
INFO:root:Number of inner modules ASNets: 51
INFO:root:Number of Gurobi variables: 256 Constraints: 337
INFO:root:Explanation: on_b1_b2 = 1

