INFO:root:Problem path: /home/asnets_user/shared/policy-explanations/experiments/experiment_problems/blocks/prob-blocks-blocks-nblk4-seed1798170167-seq0.pddl
INFO:root:Goal reached/Finished in time: 1
INFO:root:CPU Runtime: 8.440455566
INFO:root:Runtime: 2.4023877261206508
INFO:root:Plan length: 4
INFO:root:Size of explanation: 4
INFO:root:Size of input: 29
INFO:root:Number of calls: 96
INFO:root:Runtime for each network call: [0.251924991607666, 0.00625300407409668, 0.016291141510009766, 0.013505935668945312, 0.02848982810974121, 0.006246089935302734, 0.030369043350219727, 0.012501955032348633, 0.006145000457763672, 0.03006601333618164, 0.012367963790893555, 0.007815837860107422, 0.006119966506958008, 0.03078293800354004, 0.012193918228149414, 0.007816076278686523, 0.006259918212890625, 0.031347036361694336, 0.006347179412841797, 0.03006291389465332, 0.012405872344970703, 0.007735013961791992, 0.006128072738647461, 0.03033900260925293, 0.012273788452148438, 0.007740974426269531, 0.006094932556152344, 0.030720949172973633, 0.012444019317626953, 0.00781393051147461, 0.006101131439208984, 0.03009200096130371, 0.012428998947143555, 0.007756948471069336, 0.006114006042480469, 0.030231952667236328, 0.012384176254272461, 0.0077800750732421875, 0.0061070919036865234, 0.029917001724243164, 0.012326955795288086, 0.007750988006591797, 0.006080150604248047, 0.029980897903442383, 0.012178182601928711, 0.00776219367980957, 0.006072998046875, 0.02988600730895996, 0.013109922409057617, 0.007796049118041992, 0.006103992462158203, 0.030472993850708008, 0.012460947036743164, 0.007793903350830078, 0.0060689449310302734, 0.030421018600463867, 0.012383222579956055, 0.007739067077636719, 0.006093025207519531, 0.030376911163330078, 0.012347936630249023, 0.007723093032836914, 0.006114006042480469, 0.030849218368530273, 0.01240086555480957, 0.007771968841552734, 0.00621795654296875, 0.029707908630371094, 0.012368202209472656, 0.0077669620513916016, 0.0060939788818359375, 0.03203701972961426, 0.006293058395385742, 0.029456138610839844, 0.01243901252746582, 0.0077822208404541016, 0.00616908073425293, 0.023019075393676758, 0.016793012619018555, 0.006188869476318359, 0.006088972091674805, 0.006079912185668945, 0.029639005661010742, 0.012399911880493164, 0.021394014358520508, 0.006211996078491211, 0.030086994171142578, 0.012331008911132812, 0.006178855895996094, 0.030320167541503906, 0.012527942657470703, 0.0078029632568359375, 0.006094932556152344, 0.03011488914489746, 0.012346029281616211, 0.0077741146087646484]
INFO:root:Tiebreaks used: 0
INFO:root:Tiebreak runtime: [False, False, False, False, False, False, False, False, False, False, False, False, False, False, False, False, False, False, False, False, False, False, False, False, False, False, False, False, False, False, False, False, False, False, False, False, False, False, False, False, False, False, False, False, False, False, False, False, False, False, False, False, False, False, False, False, False, False, False, False, False, False, False, False, False, False, False, False, False, False, False, False, False, False, False, False, False, False, False, False, False, False, False, False, False, False, False, False, False, False, False, False, False, False, False, False]
INFO:root:Number of inner modules ASNets: 165
INFO:root:Number of Gurobi variables: 862 Constraints: 1125
INFO:root:Explanation: on_b2_b4 = 1
clear_b1 = 1
ontable_b4 = 0
clear_b2 = 1

INFO:root:Problem path: /home/asnets_user/shared/policy-explanations/experiments/experiment_problems/blocks/prob-blocks-blocks-nblk4-seed1798170167-seq0.pddl
INFO:root:Goal reached/Finished in time: 1
INFO:root:CPU Runtime: 9.114974161
INFO:root:Runtime: 2.4148323871195316
INFO:root:Plan length: 4
INFO:root:Size of explanation: 4
INFO:root:Size of input: 29
INFO:root:Number of calls: 91
INFO:root:Runtime for each network call: [0.24619483947753906, 0.0063669681549072266, 0.03085494041442871, 0.012423038482666016, 0.007766008377075195, 0.006087064743041992, 0.029807090759277344, 0.012400150299072266, 0.007703065872192383, 0.006062984466552734, 0.029766082763671875, 0.012295007705688477, 0.01729297637939453, 0.0061609745025634766, 0.030730009078979492, 0.012380838394165039, 0.006186962127685547, 0.006072044372558594, 0.006072998046875, 0.029907941818237305, 0.012399911880493164, 0.0077021121978759766, 0.006031990051269531, 0.029478073120117188, 0.012201070785522461, 0.007765054702758789, 0.006051063537597656, 0.006031036376953125, 0.006000995635986328, 0.030218839645385742, 0.012179136276245117, 0.007740974426269531, 0.006011962890625, 0.0306551456451416, 0.012086153030395508, 0.0077250003814697266, 0.006036043167114258, 0.029937028884887695, 0.012363910675048828, 0.0077381134033203125, 0.006040811538696289, 0.029803991317749023, 0.0124969482421875, 0.007791996002197266, 0.0060808658599853516, 0.029745101928710938, 0.012164115905761719, 0.007756948471069336, 0.006070137023925781, 0.02932596206665039, 0.012121915817260742, 0.0077381134033203125, 0.006044149398803711, 0.029808998107910156, 0.012512922286987305, 0.007782936096191406, 0.0060770511627197266, 0.030675172805786133, 0.016447067260742188, 0.007713794708251953, 0.006031036376953125, 0.02932596206665039, 0.01240992546081543, 0.007764101028442383, 0.006045818328857422, 0.030306100845336914, 0.012156009674072266, 0.007754087448120117, 0.006048917770385742, 0.02972102165222168, 0.012349843978881836, 0.007712841033935547, 0.006055116653442383, 0.029848098754882812, 0.01226186752319336, 0.007790088653564453, 0.006060123443603516, 0.029299020767211914, 0.012341976165771484, 0.00773310661315918, 0.04683279991149902, 0.006225109100341797, 0.030017852783203125, 0.0123748779296875, 0.007766008377075195, 0.006101846694946289, 0.03016495704650879, 0.01235198974609375, 0.007704019546508789, 0.05898404121398926, 0.04254913330078125]
INFO:root:Tiebreaks used: 0
INFO:root:Tiebreak runtime: [False, False, False, False, False, False, False, False, False, False, False, False, False, False, False, False, False, False, False, False, False, False, False, False, False, False, False, False, False, False, False, False, False, False, False, False, False, False, False, False, False, False, False, False, False, False, False, False, False, False, False, False, False, False, False, False, False, False, False, False, False, False, False, False, False, False, False, False, False, False, False, False, False, False, False, False, False, False, False, False, False, False, False, False, False, False, False, False, False, False, False]
INFO:root:Number of inner modules ASNets: 165
INFO:root:Number of Gurobi variables: 862 Constraints: 1125
INFO:root:Explanation: ontable_b2 = 0
clear_b1 = 1
on_b4_b3 = 1
clear_b2 = 1

