INFO:root:Problem path: /home/asnets_user/shared/policy-explanations/experiments/experiment_problems/blocks/prob-blocks-blocks-nblk3-seed627976805-seq0.pddl
INFO:root:Goal reached/Finished in time: 1
INFO:root:CPU Runtime: 5.304637214000001
INFO:root:Runtime: 1.1411746349185705
INFO:root:Plan length: 6
INFO:root:Size of explanation: 3
INFO:root:Size of input: 19
INFO:root:Number of calls: 73
INFO:root:Runtime for each network call: [0.18712806701660156, 0.004348039627075195, 0.006597995758056641, 0.006356954574584961, 0.004322052001953125, 0.01261591911315918, 0.004395008087158203, 0.006292104721069336, 0.006308078765869141, 0.00513911247253418, 0.004335165023803711, 0.006242036819458008, 0.0063228607177734375, 0.005120992660522461, 0.005101919174194336, 0.005548954010009766, 0.004327058792114258, 0.0062408447265625, 0.006344795227050781, 0.005134105682373047, 0.005095005035400391, 0.005536079406738281, 0.004307985305786133, 0.006199836730957031, 0.0043141841888427734, 0.006200075149536133, 0.006284952163696289, 0.005090951919555664, 0.005103111267089844, 0.0055429935455322266, 0.009759187698364258, 0.00432896614074707, 0.006239175796508789, 0.006283998489379883, 0.005098104476928711, 0.00510406494140625, 0.005528926849365234, 0.004302024841308594, 0.006195068359375, 0.008152961730957031, 0.0051059722900390625, 0.005098104476928711, 0.0055048465728759766, 0.004317045211791992, 0.006262063980102539, 0.008213043212890625, 0.0051500797271728516, 0.005097150802612305, 0.005501985549926758, 0.004305839538574219, 0.006246805191040039, 0.008096933364868164, 0.005121946334838867, 0.0050640106201171875, 0.0055389404296875, 0.004323005676269531, 0.004316091537475586, 0.006255149841308594, 0.00815582275390625, 0.004338979721069336, 0.006206989288330078, 0.00813603401184082, 0.005155086517333984, 0.005079984664916992, 0.004745960235595703, 0.01669788360595703, 0.014125823974609375, 0.0044209957122802734, 0.0063610076904296875, 0.008249998092651367, 0.005140066146850586, 0.005110979080200195, 0.004334926605224609]
INFO:root:Tiebreaks used: 0
INFO:root:Tiebreak runtime: [False, False, False, False, False, False, False, False, False, False, False, False, False, False, False, False, False, False, False, False, False, False, False, False, False, False, False, False, False, False, False, False, False, False, False, False, False, False, False, False, False, False, False, False, False, False, False, False, False, False, False, False, False, False, False, False, False, False, False, False, False, False, False, False, False, False, False, False, False, False, False, False, False]
INFO:root:Number of inner modules ASNets: 100
INFO:root:Number of Gurobi variables: 515 Constraints: 674
INFO:root:Explanation: clear_b3 = 1
on_b3_b1 = 1
clear_b2 = 1

INFO:root:Problem path: /home/asnets_user/shared/policy-explanations/experiments/experiment_problems/blocks/prob-blocks-blocks-nblk3-seed627976805-seq0.pddl
INFO:root:Goal reached/Finished in time: 1
INFO:root:CPU Runtime: 5.107497578
INFO:root:Runtime: 1.174742853268981
INFO:root:Plan length: 6
INFO:root:Size of explanation: 3
INFO:root:Size of input: 19
INFO:root:Number of calls: 74
INFO:root:Runtime for each network call: [0.17910408973693848, 0.00606989860534668, 0.004366159439086914, 0.006695985794067383, 0.006402015686035156, 0.005154132843017578, 0.00513911247253418, 0.0044040679931640625, 0.006517887115478516, 0.0052869319915771484, 0.005304098129272461, 0.016520023345947266, 0.004567146301269531, 0.006722927093505859, 0.00637507438659668, 0.0051250457763671875, 0.005102872848510742, 0.004355907440185547, 0.00624394416809082, 0.006326913833618164, 0.004335165023803711, 0.004339933395385742, 0.006247043609619141, 0.00630497932434082, 0.0051250457763671875, 0.005112886428833008, 0.005539894104003906, 0.0043261051177978516, 0.006251096725463867, 0.0063321590423583984, 0.005117893218994141, 0.0050890445709228516, 0.005548000335693359, 0.004345893859863281, 0.006242036819458008, 0.0063228607177734375, 0.005110025405883789, 0.0050961971282958984, 0.005553007125854492, 0.004344940185546875, 0.006232023239135742, 0.008659839630126953, 0.005135059356689453, 0.005105018615722656, 0.005527973175048828, 0.004335165023803711, 0.004331111907958984, 0.0062639713287353516, 0.008273839950561523, 0.005181074142456055, 0.0051190853118896484, 0.0055539608001708984, 0.007472038269042969, 0.004359006881713867, 0.006283998489379883, 0.00824594497680664, 0.00516200065612793, 0.005097866058349609, 0.00554203987121582, 0.004347085952758789, 0.006296873092651367, 0.008105993270874023, 0.005167961120605469, 0.005120038986206055, 0.005547046661376953, 0.004369974136352539, 0.006268978118896484, 0.008280038833618164, 0.005171060562133789, 0.0232698917388916, 0.004422903060913086, 0.004405975341796875, 0.006442070007324219, 0.008415937423706055]
INFO:root:Tiebreaks used: 0
INFO:root:Tiebreak runtime: [False, False, False, False, False, False, False, False, False, False, False, False, False, False, False, False, False, False, False, False, False, False, False, False, False, False, False, False, False, False, False, False, False, False, False, False, False, False, False, False, False, False, False, False, False, False, False, False, False, False, False, False, False, False, False, False, False, False, False, False, False, False, False, False, False, False, False, False, False, False, False, False, False, False]
INFO:root:Number of inner modules ASNets: 100
INFO:root:Number of Gurobi variables: 515 Constraints: 674
INFO:root:Explanation: clear_b3 = 1
ontable_b3 = 0
clear_b2 = 1

