INFO:root:Problem path: /home/asnets_user/shared/policy-explanations/experiments/experiment_problems/blocks/prob-blocks-blocks-nblk3-seed1914988565-seq3.pddl
INFO:root:Goal reached/Finished in time: 1
INFO:root:CPU Runtime: 4.197875148
INFO:root:Runtime: 1.1728269690647721
INFO:root:Plan length: 6
INFO:root:Size of explanation: 3
INFO:root:Size of input: 19
INFO:root:Number of calls: 73
INFO:root:Runtime for each network call: [0.15372395515441895, 0.006189107894897461, 0.0065190792083740234, 0.0061740875244140625, 0.0061130523681640625, 0.015446901321411133, 0.00945901870727539, 0.010780096054077148, 0.005541086196899414, 0.0063381195068359375, 0.006159067153930664, 0.005233049392700195, 0.00550389289855957, 0.006279945373535156, 0.006126880645751953, 0.005177974700927734, 0.005604982376098633, 0.005059003829956055, 0.0054590702056884766, 0.006249189376831055, 0.006134033203125, 0.005204916000366211, 0.005513906478881836, 0.007931947708129883, 0.007730007171630859, 0.006228208541870117, 0.012053966522216797, 0.0055501461029052734, 0.0062639713287353516, 0.006140947341918945, 0.005178928375244141, 0.00557708740234375, 0.005035877227783203, 0.005460977554321289, 0.006279945373535156, 0.006163120269775391, 0.005209922790527344, 0.005599021911621094, 0.005084991455078125, 0.0054759979248046875, 0.006268024444580078, 0.008430957794189453, 0.005237102508544922, 0.0055751800537109375, 0.005048990249633789, 0.005511045455932617, 0.006291866302490234, 0.008404016494750977, 0.005239963531494141, 0.0055921077728271484, 0.005072116851806641, 0.005482912063598633, 0.00627589225769043, 0.00837087631225586, 0.0052411556243896484, 0.0055620670318603516, 0.005061149597167969, 0.005461931228637695, 0.005455970764160156, 0.006250858306884766, 0.008410930633544922, 0.00551605224609375, 0.0062868595123291016, 0.008433103561401367, 0.005246877670288086, 0.0055999755859375, 0.005484104156494141, 0.005470991134643555, 0.006239891052246094, 0.008446931838989258, 0.005260944366455078, 0.0055999755859375, 0.00551915168762207]
INFO:root:Tiebreaks used: 0
INFO:root:Tiebreak runtime: [False, False, False, False, False, False, False, False, False, False, False, False, False, False, False, False, False, False, False, False, False, False, False, False, False, False, False, False, False, False, False, False, False, False, False, False, False, False, False, False, False, False, False, False, False, False, False, False, False, False, False, False, False, False, False, False, False, False, False, False, False, False, False, False, False, False, False, False, False, False, False, False, False]
INFO:root:Number of inner modules ASNets: 100
INFO:root:Number of Gurobi variables: 515 Constraints: 674
INFO:root:Explanation: clear_b1 = 1
on_b1_b2 = 1
clear_b3 = 1

INFO:root:Problem path: /home/asnets_user/shared/policy-explanations/experiments/experiment_problems/blocks/prob-blocks-blocks-nblk3-seed1914988565-seq3.pddl
INFO:root:Goal reached/Finished in time: 1
INFO:root:CPU Runtime: 3.954838059
INFO:root:Runtime: 1.1232894295826554
INFO:root:Plan length: 6
INFO:root:Size of explanation: 3
INFO:root:Size of input: 19
INFO:root:Number of calls: 70
INFO:root:Runtime for each network call: [0.14776897430419922, 0.005506992340087891, 0.005460977554321289, 0.006430149078369141, 0.006148099899291992, 0.0051839351654052734, 0.0055389404296875, 0.005463123321533203, 0.00544285774230957, 0.00622105598449707, 0.006082057952880859, 0.005136966705322266, 0.005563020706176758, 0.0055119991302490234, 0.0062258243560791016, 0.006082057952880859, 0.0054399967193603516, 0.005408048629760742, 0.0062029361724853516, 0.006083011627197266, 0.0051310062408447266, 0.005517005920410156, 0.0050389766693115234, 0.005450010299682617, 0.006245851516723633, 0.006083011627197266, 0.005122184753417969, 0.0055119991302490234, 0.005008220672607422, 0.0054471492767333984, 0.0061800479888916016, 0.006073951721191406, 0.005126953125, 0.005521059036254883, 0.005024909973144531, 0.0054171085357666016, 0.0061779022216796875, 0.00850820541381836, 0.00520014762878418, 0.005527973175048828, 0.0050089359283447266, 0.005448818206787109, 0.006196022033691406, 0.008406877517700195, 0.005194902420043945, 0.00557708740234375, 0.005060911178588867, 0.00545811653137207, 0.009840011596679688, 0.0055010318756103516, 0.006220102310180664, 0.008350849151611328, 0.005198955535888672, 0.005547046661376953, 0.005059957504272461, 0.005455970764160156, 0.006205081939697266, 0.008317947387695312, 0.005187034606933594, 0.005533933639526367, 0.00500798225402832, 0.005445003509521484, 0.006200075149536133, 0.008342981338500977, 0.005189180374145508, 0.016199111938476562, 0.02105998992919922, 0.005563020706176758, 0.0062558650970458984, 0.008378028869628906]
INFO:root:Tiebreaks used: 0
INFO:root:Tiebreak runtime: [False, False, False, False, False, False, False, False, False, False, False, False, False, False, False, False, False, False, False, False, False, False, False, False, False, False, False, False, False, False, False, False, False, False, False, False, False, False, False, False, False, False, False, False, False, False, False, False, False, False, False, False, False, False, False, False, False, False, False, False, False, False, False, False, False, False, False, False, False, False]
INFO:root:Number of inner modules ASNets: 100
INFO:root:Number of Gurobi variables: 515 Constraints: 674
INFO:root:Explanation: clear_b1 = 1
clear_b3 = 1
ontable_b1 = 0

