INFO:root:Problem path: /home/asnets_user/shared/policy-explanations/experiments/experiment_problems/blocks/prob-blocks-blocks-nblk4-seed1798170167-seq4.pddl
INFO:root:Goal reached/Finished in time: 1
INFO:root:CPU Runtime: 3.2245272739999997
INFO:root:Runtime: 2.547983073629439
INFO:root:Plan length: 8
INFO:root:Size of explanation: 4
INFO:root:Size of input: 29
INFO:root:Number of calls: 155
INFO:root:Runtime for each network call: [0.0910799503326416, 0.0037550926208496094, 0.003724813461303711, 0.0053288936614990234, 0.006211042404174805, 0.023452043533325195, 0.013172149658203125, 0.0074689388275146484, 0.007809877395629883, 0.0077741146087646484, 0.0037069320678710938, 0.005295991897583008, 0.006181001663208008, 0.022863149642944336, 0.013257980346679688, 0.007477998733520508, 0.007823944091796875, 0.007749080657958984, 0.0036950111389160156, 0.005304098129272461, 0.003710031509399414, 0.005288124084472656, 0.006140947341918945, 0.022964954376220703, 0.013234853744506836, 0.007444143295288086, 0.003709077835083008, 0.005315065383911133, 0.006227016448974609, 0.023159027099609375, 0.01322317123413086, 0.007452964782714844, 0.007827043533325195, 0.007778167724609375, 0.003719806671142578, 0.005302906036376953, 0.006143093109130859, 0.02287006378173828, 0.01304006576538086, 0.007424116134643555, 0.0077779293060302734, 0.007739067077636719, 0.0036759376525878906, 0.005258083343505859, 0.006101131439208984, 0.022768020629882812, 0.01319122314453125, 0.007445096969604492, 0.007776975631713867, 0.007760047912597656, 0.0036919116973876953, 0.005278110504150391, 0.0061190128326416016, 0.0036690235137939453, 0.005262136459350586, 0.00616002082824707, 0.022619009017944336, 0.013103961944580078, 0.007391929626464844, 0.007754087448120117, 0.007733821868896484, 0.0036780834197998047, 0.005285978317260742, 0.006125926971435547, 0.024556875228881836, 0.012825965881347656, 0.00742793083190918, 0.007740974426269531, 0.007719993591308594, 0.0036649703979492188, 0.0052678585052490234, 0.006151914596557617, 0.02309894561767578, 0.013239145278930664, 0.00744318962097168, 0.007771968841552734, 0.007749080657958984, 0.003696918487548828, 0.005278825759887695, 0.006131887435913086, 0.023878812789916992, 0.013164997100830078, 0.007409095764160156, 0.007776975631713867, 0.007757902145385742, 0.030724048614501953, 0.003751993179321289, 0.005321025848388672, 0.006168842315673828, 0.023020029067993164, 0.013191938400268555, 0.007464170455932617, 0.007788896560668945, 0.0077610015869140625, 0.0037031173706054688, 0.005282878875732422, 0.006139039993286133, 0.02295684814453125, 0.013152122497558594, 0.0074388980865478516, 0.0077610015869140625, 0.007737159729003906, 0.0036840438842773438, 0.005287885665893555, 0.006148099899291992, 0.022835969924926758, 0.013159036636352539, 0.007421970367431641, 0.007810115814208984, 0.007760047912597656, 0.0036928653717041016, 0.005307912826538086, 0.006163120269775391, 0.022973060607910156, 0.013105154037475586, 0.0037529468536376953, 0.0037431716918945312, 0.005377054214477539, 0.025120973587036133, 0.0038030147552490234, 0.005300045013427734, 0.006153106689453125, 0.00368499755859375, 0.005302906036376953, 0.0061550140380859375, 0.02318882942199707, 0.013216972351074219, 0.00741887092590332, 0.0077631473541259766, 0.0037000179290771484, 0.005290985107421875, 0.006150007247924805, 0.02320408821105957, 0.013185977935791016, 0.003816843032836914, 0.003710031509399414, 0.005300998687744141, 0.006144046783447266, 0.0236818790435791, 0.013240814208984375, 0.0074138641357421875, 0.007772922515869141, 0.0038139820098876953, 0.02564692497253418, 0.0038499832153320312, 0.005403995513916016, 0.03321099281311035, 0.003961086273193359, 0.0053348541259765625, 0.006165027618408203, 0.023041963577270508, 0.013190984725952148, 0.007483005523681641, 0.00781702995300293, 0.0077250003814697266]
INFO:root:Tiebreaks used: 0
INFO:root:Tiebreak runtime: [False, False, False, False, False, False, False, False, False, False, False, False, False, False, False, False, False, False, False, False, False, False, False, False, False, False, False, False, False, False, False, False, False, False, False, False, False, False, False, False, False, False, False, False, False, False, False, False, False, False, False, False, False, False, False, False, False, False, False, False, False, False, False, False, False, False, False, False, False, False, False, False, False, False, False, False, False, False, False, False, False, False, False, False, False, False, False, False, False, False, False, False, False, False, False, False, False, False, False, False, False, False, False, False, False, False, False, False, False, False, False, False, False, False, False, False, False, False, False, False, False, False, False, False, False, False, False, False, False, False, False, False, False, False, False, False, False, False, False, False, False, False, False, False, False, False, False, False, False, False, False, False, False, False, False]
INFO:root:Number of inner modules ASNets: 165
INFO:root:Number of Gurobi variables: 862 Constraints: 1125
INFO:root:Explanation: on_b4_b2 = 1
on_b1_b3 = 1
ontable_b3 = 0
clear_b4 = 0

INFO:root:Problem path: /home/asnets_user/shared/policy-explanations/experiments/experiment_problems/blocks/prob-blocks-blocks-nblk4-seed1798170167-seq4.pddl
INFO:root:Goal reached/Finished in time: 1
INFO:root:CPU Runtime: 3.5564221630000006
INFO:root:Runtime: 2.527821813710034
INFO:root:Plan length: 8
INFO:root:Size of explanation: 4
INFO:root:Size of input: 29
INFO:root:Number of calls: 146
INFO:root:Runtime for each network call: [0.09029603004455566, 0.0036449432373046875, 0.005267143249511719, 0.006078958511352539, 0.02307415008544922, 0.013280153274536133, 0.00734710693359375, 0.007665872573852539, 0.00763702392578125, 0.003628969192504883, 0.00519108772277832, 0.006053924560546875, 0.022764921188354492, 0.003826141357421875, 0.005218982696533203, 0.006063938140869141, 0.003676176071166992, 0.0036749839782714844, 0.005197048187255859, 0.006042003631591797, 0.023272037506103516, 0.013321161270141602, 0.007310152053833008, 0.007657051086425781, 0.0036878585815429688, 0.003710031509399414, 0.005239009857177734, 0.00607609748840332, 0.022986888885498047, 0.013262033462524414, 0.003773927688598633, 0.005230903625488281, 0.006067037582397461, 0.022572040557861328, 0.01338505744934082, 0.007330894470214844, 0.007682085037231445, 0.0036780834197998047, 0.005224943161010742, 0.006062984466552734, 0.003668069839477539, 0.005194902420043945, 0.006040096282958984, 0.022984027862548828, 0.013241052627563477, 0.0037450790405273438, 0.003718852996826172, 0.005228996276855469, 0.006059885025024414, 0.02263808250427246, 0.013216972351074219, 0.003779888153076172, 0.005234956741333008, 0.006061077117919922, 0.02327704429626465, 0.013261795043945312, 0.011881828308105469, 0.0076770782470703125, 0.007637977600097656, 0.003676176071166992, 0.005209922790527344, 0.006051063537597656, 0.022407054901123047, 0.013345003128051758, 0.007336854934692383, 0.007645130157470703, 0.007623910903930664, 0.0036962032318115234, 0.005197048187255859, 0.006051063537597656, 0.02279186248779297, 0.01335906982421875, 0.007294893264770508, 0.007650136947631836, 0.007627964019775391, 0.03014206886291504, 0.003983020782470703, 0.005316019058227539, 0.006126880645751953, 0.023539066314697266, 0.013546943664550781, 0.007364988327026367, 0.0076830387115478516, 0.0076448917388916016, 0.0037031173706054688, 0.00521397590637207, 0.0060498714447021484, 0.02283787727355957, 0.013516902923583984, 0.007379055023193359, 0.007668018341064453, 0.0076367855072021484, 0.003715038299560547, 0.005270957946777344, 0.006098031997680664, 0.023080110549926758, 0.013560056686401367, 0.007330894470214844, 0.007664918899536133, 0.007635831832885742, 0.003709077835083008, 0.005203962326049805, 0.006044149398803711, 0.02283310890197754, 0.013432979583740234, 0.007315158843994141, 0.007664918899536133, 0.007637977600097656, 0.04136204719543457, 0.026931047439575195, 0.004043102264404297, 0.005342006683349609, 0.006097078323364258, 0.022983074188232422, 0.013307809829711914, 0.007296085357666016, 0.007681846618652344, 0.00763702392578125, 0.003710031509399414, 0.005235910415649414, 0.006061077117919922, 0.023056983947753906, 0.013586997985839844, 0.007377147674560547, 0.007678985595703125, 0.007627964019775391, 0.034095048904418945, 0.003941059112548828, 0.005293130874633789, 0.003773927688598633, 0.005257844924926758, 0.0060918331146240234, 0.023249149322509766, 0.01349496841430664, 0.0073490142822265625, 0.007750034332275391, 0.0076410770416259766, 0.003754138946533203, 0.0052411556243896484, 0.006078958511352539, 0.022719860076904297, 0.013499021530151367, 0.007364034652709961, 0.007668972015380859, 0.007631063461303711, 0.0037479400634765625]
INFO:root:Tiebreaks used: 0
INFO:root:Tiebreak runtime: [False, False, False, False, False, False, False, False, False, False, False, False, False, False, False, False, False, False, False, False, False, False, False, False, False, False, False, False, False, False, False, False, False, False, False, False, False, False, False, False, False, False, False, False, False, False, False, False, False, False, False, False, False, False, False, False, False, False, False, False, False, False, False, False, False, False, False, False, False, False, False, False, False, False, False, False, False, False, False, False, False, False, False, False, False, False, False, False, False, False, False, False, False, False, False, False, False, False, False, False, False, False, False, False, False, False, False, False, False, False, False, False, False, False, False, False, False, False, False, False, False, False, False, False, False, False, False, False, False, False, False, False, False, False, False, False, False, False, False, False, False, False, False, False, False, False]
INFO:root:Number of inner modules ASNets: 165
INFO:root:Number of Gurobi variables: 862 Constraints: 1125
INFO:root:Explanation: on_b4_b1 = 0
on_b3_b4 = 1
on_b1_b3 = 1
ontable_b4 = 0

