INFO:root:Problem path: /home/asnets_user/shared/policy-explanations/experiments/experiment_problems/blocks/prob-blocks-blocks-nblk4-seed830202877-seq0.pddl
INFO:root:Goal reached/Finished in time: 1
INFO:root:CPU Runtime: 8.263392016000001
INFO:root:Runtime: 2.6621915865689516
INFO:root:Plan length: 8
INFO:root:Size of explanation: 4
INFO:root:Size of input: 29
INFO:root:Number of calls: 162
INFO:root:Runtime for each network call: [0.25595784187316895, 0.006165027618408203, 0.00663304328918457, 0.0061359405517578125, 0.0063669681549072266, 0.012634992599487305, 0.0075070858001708984, 0.007846832275390625, 0.007838964462280273, 0.007830142974853516, 0.007822036743164062, 0.02909994125366211, 0.0062940120697021484, 0.006433963775634766, 0.01244497299194336, 0.006178140640258789, 0.006136894226074219, 0.006407022476196289, 0.012324810028076172, 0.006158113479614258, 0.006387948989868164, 0.012281179428100586, 0.007513999938964844, 0.007844924926757812, 0.007838010787963867, 0.007835865020751953, 0.007753133773803711, 0.0061168670654296875, 0.006382942199707031, 0.012179136276245117, 0.006170034408569336, 0.0061070919036865234, 0.0064280033111572266, 0.012331008911132812, 0.007478952407836914, 0.007815837860107422, 0.007869958877563477, 0.007815122604370117, 0.007730007171630859, 0.006123065948486328, 0.006382942199707031, 0.01229405403137207, 0.007559061050415039, 0.007851123809814453, 0.007858991622924805, 0.007853031158447266, 0.0077970027923583984, 0.007586002349853516, 0.017027854919433594, 0.006181955337524414, 0.00610804557800293, 0.0064029693603515625, 0.012373924255371094, 0.00754094123840332, 0.007824897766113281, 0.007840871810913086, 0.007816076278686523, 0.007769107818603516, 0.006095170974731445, 0.0063669681549072266, 0.012278079986572266, 0.007526874542236328, 0.007827043533325195, 0.007819890975952148, 0.007823944091796875, 0.007776021957397461, 0.006085872650146484, 0.006371974945068359, 0.012168169021606445, 0.007520914077758789, 0.007825851440429688, 0.007830142974853516, 0.007816076278686523, 0.007750034332275391, 0.006083011627197266, 0.006379127502441406, 0.012259960174560547, 0.007493019104003906, 0.007826089859008789, 0.007835149765014648, 0.007803201675415039, 0.007745981216430664, 0.006098031997680664, 0.0063550472259521484, 0.012257099151611328, 0.007486820220947266, 0.007814884185791016, 0.007806062698364258, 0.00781393051147461, 0.007740974426269531, 0.006093025207519531, 0.006376981735229492, 0.012202024459838867, 0.007532835006713867, 0.00783395767211914, 0.007825136184692383, 0.007807016372680664, 0.0077250003814697266, 0.006083965301513672, 0.006360054016113281, 0.012058019638061523, 0.007481813430786133, 0.007829904556274414, 0.007822036743164062, 0.007828950881958008, 0.007745027542114258, 0.006086111068725586, 0.006370067596435547, 0.012246131896972656, 0.0074880123138427734, 0.007812023162841797, 0.007825851440429688, 0.007798194885253906, 0.007740974426269531, 0.006110191345214844, 0.006361961364746094, 0.012205839157104492, 0.00749516487121582, 0.007809877395629883, 0.007808208465576172, 0.007816076278686523, 0.007723808288574219, 0.006120920181274414, 0.006373167037963867, 0.012241125106811523, 0.007496833801269531, 0.00781393051147461, 0.007796049118041992, 0.007809877395629883, 0.007731199264526367, 0.006124973297119141, 0.00636601448059082, 0.012272119522094727, 0.007498025894165039, 0.007847070693969727, 0.00783395767211914, 0.007822990417480469, 0.007730007171630859, 0.006087064743041992, 0.0063779354095458984, 0.01217198371887207, 0.007503986358642578, 0.00783991813659668, 0.007845878601074219, 0.007826089859008789, 0.00774383544921875, 0.006103992462158203, 0.00636601448059082, 0.012285947799682617, 0.007498025894165039, 0.007846832275390625, 0.007838964462280273, 0.007812976837158203, 0.007745027542114258, 0.006094932556152344, 0.0063631534576416016, 0.012225866317749023, 0.007511138916015625, 0.007832050323486328, 0.007827043533325195, 0.04348397254943848, 0.028476953506469727]
INFO:root:Tiebreaks used: 0
INFO:root:Tiebreak runtime: [False, False, False, False, False, False, False, False, False, False, False, False, False, False, False, False, False, False, False, False, False, False, False, False, False, False, False, False, False, False, False, False, False, False, False, False, False, False, False, False, False, False, False, False, False, False, False, False, False, False, False, False, False, False, False, False, False, False, False, False, False, False, False, False, False, False, False, False, False, False, False, False, False, False, False, False, False, False, False, False, False, False, False, False, False, False, False, False, False, False, False, False, False, False, False, False, False, False, False, False, False, False, False, False, False, False, False, False, False, False, False, False, False, False, False, False, False, False, False, False, False, False, False, False, False, False, False, False, False, False, False, False, False, False, False, False, False, False, False, False, False, False, False, False, False, False, False, False, False, False, False, False, False, False, False, False, False, False, False, False, False, False]
INFO:root:Number of inner modules ASNets: 165
INFO:root:Number of Gurobi variables: 862 Constraints: 1125
INFO:root:Explanation: clear_b1 = 1
ontable_b2 = 0
on_b1_b2 = 1
clear_b4 = 1

INFO:root:Problem path: /home/asnets_user/shared/policy-explanations/experiments/experiment_problems/blocks/prob-blocks-blocks-nblk4-seed830202877-seq0.pddl
INFO:root:Goal reached/Finished in time: 1
INFO:root:CPU Runtime: 9.312846637000003
INFO:root:Runtime: 2.809794407337904
INFO:root:Plan length: 8
INFO:root:Size of explanation: 6
INFO:root:Size of input: 29
INFO:root:Number of calls: 158
INFO:root:Runtime for each network call: [0.26524901390075684, 0.006601095199584961, 0.00671696662902832, 0.013022184371948242, 0.007788896560668945, 0.008138179779052734, 0.008285999298095703, 0.008075952529907227, 0.008004188537597656, 0.006306171417236328, 0.006276845932006836, 0.006575107574462891, 0.012517929077148438, 0.007771968841552734, 0.008090019226074219, 0.008306026458740234, 0.0062999725341796875, 0.006575107574462891, 0.012748003005981445, 0.0077321529388427734, 0.008092880249023438, 0.008280038833618164, 0.008086919784545898, 0.007974863052368164, 0.006328105926513672, 0.0065538883209228516, 0.012511968612670898, 0.007750034332275391, 0.008112192153930664, 0.008262872695922852, 0.00807809829711914, 0.007975101470947266, 0.006288051605224609, 0.006569862365722656, 0.01268911361694336, 0.007717132568359375, 0.008057117462158203, 0.008248090744018555, 0.008038043975830078, 0.007966995239257812, 0.025542020797729492, 0.006332874298095703, 0.0066051483154296875, 0.012701988220214844, 0.007745027542114258, 0.008061885833740234, 0.00827789306640625, 0.008038997650146484, 0.007953882217407227, 0.00628209114074707, 0.006556034088134766, 0.012586832046508789, 0.007734060287475586, 0.012565135955810547, 0.00818014144897461, 0.008043050765991211, 0.007966041564941406, 0.006268024444580078, 0.006569862365722656, 0.012732982635498047, 0.007679939270019531, 0.00804591178894043, 0.008319854736328125, 0.008026123046875, 0.00793910026550293, 0.0062999725341796875, 0.0065610408782958984, 0.012630939483642578, 0.007703065872192383, 0.008066892623901367, 0.008256912231445312, 0.008047819137573242, 0.00795602798461914, 0.0062901973724365234, 0.006546974182128906, 0.012574911117553711, 0.007749080657958984, 0.008037090301513672, 0.008229970932006836, 0.008048057556152344, 0.007989168167114258, 0.006292104721069336, 0.006560087203979492, 0.012726068496704102, 0.007708072662353516, 0.00805807113647461, 0.008239984512329102, 0.008025884628295898, 0.00795292854309082, 0.006289005279541016, 0.006561994552612305, 0.012686014175415039, 0.0076940059661865234, 0.00807809829711914, 0.008252143859863281, 0.008082866668701172, 0.007971048355102539, 0.0062830448150634766, 0.006556987762451172, 0.012592077255249023, 0.0077440738677978516, 0.008068084716796875, 0.008243083953857422, 0.008036136627197266, 0.007948160171508789, 0.006258964538574219, 0.0065419673919677734, 0.012241125106811523, 0.007734060287475586, 0.008061885833740234, 0.008244991302490234, 0.00804901123046875, 0.007979869842529297, 0.006289958953857422, 0.006254911422729492, 0.0066070556640625, 0.012713909149169922, 0.0077130794525146484, 0.006389141082763672, 0.006680965423583984, 0.007910966873168945, 0.007868051528930664, 0.020798921585083008, 0.006409883499145508, 0.0065648555755615234, 0.012591123580932617, 0.007740974426269531, 0.008059024810791016, 0.008249998092651367, 0.008047103881835938, 0.007982015609741211, 0.006234884262084961, 0.04941082000732422, 0.006526947021484375, 0.006677865982055664, 0.012738943099975586, 0.007745027542114258, 0.0080718994140625, 0.00820302963256836, 0.008031129837036133, 0.007946968078613281, 0.00627589225769043, 0.006524085998535156, 0.012565135955810547, 0.0265810489654541, 0.0063779354095458984, 0.006650209426879883, 0.012660980224609375, 0.034583091735839844, 0.0063860416412353516, 0.0066089630126953125, 0.012644052505493164, 0.007760047912597656, 0.00806117057800293, 0.008250951766967773, 0.00805807113647461, 0.007956981658935547, 0.042774200439453125]
INFO:root:Tiebreaks used: 0
INFO:root:Tiebreak runtime: [False, False, False, False, False, False, False, False, False, False, False, False, False, False, False, False, False, False, False, False, False, False, False, False, False, False, False, False, False, False, False, False, False, False, False, False, False, False, False, False, False, False, False, False, False, False, False, False, False, False, False, False, False, False, False, False, False, False, False, False, False, False, False, False, False, False, False, False, False, False, False, False, False, False, False, False, False, False, False, False, False, False, False, False, False, False, False, False, False, False, False, False, False, False, False, False, False, False, False, False, False, False, False, False, False, False, False, False, False, False, False, False, False, False, False, False, False, False, False, False, False, False, False, False, False, False, False, False, False, False, False, False, False, False, False, False, False, False, False, False, False, False, False, False, False, False, False, False, False, False, False, False, False, False, False, False, False, False]
INFO:root:Number of inner modules ASNets: 165
INFO:root:Number of Gurobi variables: 862 Constraints: 1125
INFO:root:Explanation: handempty = 1
clear_b1 = 1
ontable_b1 = 0
on_b1_b4 = 0
on_b2_b3 = 1
ontable_b3 = 1

