INFO:root:Problem path: /home/asnets_user/shared/policy-explanations/experiments/experiment_problems/blocks/prob-blocks-blocks-nblk3-seed1914988565-seq1.pddl
INFO:root:Goal reached/Finished in time: 1
INFO:root:CPU Runtime: 0.9756515819999994
INFO:root:Runtime: 0.7972751958295703
INFO:root:Plan length: 4
INFO:root:Size of explanation: 4
INFO:root:Size of input: 19
INFO:root:Number of calls: 52
INFO:root:Runtime for each network call: [0.056633949279785156, 0.0022652149200439453, 0.0022611618041992188, 0.0033218860626220703, 0.0038831233978271484, 0.01621699333190918, 0.0023550987243652344, 0.003373861312866211, 0.003905057907104492, 0.00963902473449707, 0.0023031234741210938, 0.0033321380615234375, 0.003876924514770508, 0.01573801040649414, 0.002351999282836914, 0.002257108688354492, 0.0033578872680664062, 0.0039119720458984375, 0.016026020050048828, 0.002359151840209961, 0.003371000289916992, 0.003918170928955078, 0.002270936965942383, 0.002279996871948242, 0.003345012664794922, 0.021603107452392578, 0.001984834671020508, 0.0027701854705810547, 0.0031309127807617188, 0.011330842971801758, 0.0020401477813720703, 0.011786937713623047, 0.0020151138305664062, 0.0027780532836914062, 0.0031461715698242188, 0.01102590560913086, 0.002012014389038086, 0.0027611255645751953, 0.003141164779663086, 0.011234045028686523, 0.0020148754119873047, 0.0027730464935302734, 0.003139972686767578, 0.011021137237548828, 0.0020279884338378906, 0.0027658939361572266, 0.003120899200439453, 0.010967016220092773, 0.011085033416748047, 0.002015829086303711, 0.0027761459350585938, 0.0031278133392333984]
INFO:root:Tiebreaks used: 1
INFO:root:Tiebreak runtime: [False, False, False, False, False, False, False, False, False, False, False, False, False, False, False, False, False, False, False, False, False, False, False, False, False, 0.015260934829711914, False, False, False, False, False, False, False, False, False, False, False, False, False, False, False, False, False, False, False, False, False, False, False, False, False, False]
INFO:root:Number of inner modules ASNets: 100
INFO:root:Number of Gurobi variables: 515 Constraints: 530
INFO:root:Explanation: ontable_b1 = 0
on_b2_b3 = 0
ontable_b2 = 0
clear_b2 = 1

INFO:root:Problem path: /home/asnets_user/shared/policy-explanations/experiments/experiment_problems/blocks/prob-blocks-blocks-nblk3-seed1914988565-seq1.pddl
INFO:root:Goal reached/Finished in time: 1
INFO:root:CPU Runtime: 1.8744148060000008
INFO:root:Runtime: 0.8985337587073445
INFO:root:Plan length: 4
INFO:root:Size of explanation: 2
INFO:root:Size of input: 19
INFO:root:Number of calls: 55
INFO:root:Runtime for each network call: [0.05733299255371094, 0.002262115478515625, 0.0033528804779052734, 0.0039000511169433594, 0.0023047924041748047, 0.0022830963134765625, 0.003320932388305664, 0.0038671493530273438, 0.016004085540771484, 0.0024008750915527344, 0.003339052200317383, 0.003871917724609375, 0.015932083129882812, 0.002382993698120117, 0.003367185592651367, 0.0039119720458984375, 0.016532182693481445, 0.002376079559326172, 0.0033440589904785156, 0.0038890838623046875, 0.015753984451293945, 0.002380847930908203, 0.0033478736877441406, 0.0039060115814208984, 0.01562809944152832, 0.002376079559326172, 0.0023109912872314453, 0.0033349990844726562, 0.003912925720214844, 0.015722036361694336, 0.0024080276489257812, 0.0033578872680664062, 0.003893136978149414, 0.01605987548828125, 0.0024368762969970703, 0.0023059844970703125, 0.003339052200317383, 0.0038979053497314453, 0.00232696533203125, 0.0033240318298339844, 0.0039141178131103516, 0.01587200164794922, 0.002398967742919922, 0.0023429393768310547, 0.0033261775970458984, 0.003924131393432617, 0.01588606834411621, 0.002434968948364258, 0.003342866897583008, 0.037661075592041016, 0.0025250911712646484, 0.003412008285522461, 0.003936052322387695, 0.015748977661132812, 0.04181313514709473]
INFO:root:Tiebreaks used: 0
INFO:root:Tiebreak runtime: [False, False, False, False, False, False, False, False, False, False, False, False, False, False, False, False, False, False, False, False, False, False, False, False, False, False, False, False, False, False, False, False, False, False, False, False, False, False, False, False, False, False, False, False, False, False, False, False, False, False, False, False, False, False, False]
INFO:root:Number of inner modules ASNets: 100
INFO:root:Number of Gurobi variables: 515 Constraints: 674
INFO:root:Explanation: on_b1_b3 = 1
on_b2_b1 = 1

