INFO:root:Problem path: /home/asnets_user/shared/policy-explanations/experiments/experiment_problems/blocks/prob-blocks-blocks-nblk3-seed1914988565-seq4.pddl
INFO:root:Goal reached/Finished in time: 1
INFO:root:CPU Runtime: 2.7431987400000004
INFO:root:Runtime: 0.8684698296710849
INFO:root:Plan length: 4
INFO:root:Size of explanation: 3
INFO:root:Size of input: 19
INFO:root:Number of calls: 56
INFO:root:Runtime for each network call: [0.11200904846191406, 0.00488591194152832, 0.0051250457763671875, 0.00513005256652832, 0.0050411224365234375, 0.011062145233154297, 0.00415802001953125, 0.013277053833007812, 0.003988027572631836, 0.005090951919555664, 0.00935506820678711, 0.003984928131103516, 0.005084037780761719, 0.005094051361083984, 0.005038022994995117, 0.0039370059967041016, 0.005052089691162109, 0.00507807731628418, 0.005021095275878906, 0.003943920135498047, 0.005037069320678711, 0.005084037780761719, 0.005011081695556641, 0.003918886184692383, 0.005038022994995117, 0.0050811767578125, 0.0049860477447509766, 0.0039250850677490234, 0.005012035369873047, 0.005052089691162109, 0.004981040954589844, 0.003931999206542969, 0.005045175552368164, 0.0050640106201171875, 0.004982948303222656, 0.003929853439331055, 0.005023002624511719, 0.00506901741027832, 0.005012989044189453, 0.003922939300537109, 0.005021095275878906, 0.005052089691162109, 0.0050160884857177734, 0.00391077995300293, 0.003923892974853516, 0.0050389766693115234, 0.0050699710845947266, 0.00394892692565918, 0.003931999206542969, 0.0050389766693115234, 0.0050890445709228516, 0.004024028778076172, 0.003975868225097656, 0.00504612922668457, 0.005063056945800781, 0.005000114440917969]
INFO:root:Tiebreaks used: 0
INFO:root:Tiebreak runtime: [False, False, False, False, False, False, False, False, False, False, False, False, False, False, False, False, False, False, False, False, False, False, False, False, False, False, False, False, False, False, False, False, False, False, False, False, False, False, False, False, False, False, False, False, False, False, False, False, False, False, False, False, False, False, False, False]
INFO:root:Number of inner modules ASNets: 100
INFO:root:Number of Gurobi variables: 515 Constraints: 674
INFO:root:Explanation: clear_b1 = 1
on_b2_b3 = 1
clear_b2 = 1

INFO:root:Problem path: /home/asnets_user/shared/policy-explanations/experiments/experiment_problems/blocks/prob-blocks-blocks-nblk3-seed1914988565-seq4.pddl
INFO:root:Goal reached/Finished in time: 1
INFO:root:CPU Runtime: 2.9705594699999978
INFO:root:Runtime: 0.8903965204954147
INFO:root:Plan length: 4
INFO:root:Size of explanation: 3
INFO:root:Size of input: 19
INFO:root:Number of calls: 52
INFO:root:Runtime for each network call: [0.10167503356933594, 0.005856990814208984, 0.00678706169128418, 0.005121946334838867, 0.0050580501556396484, 0.0040400028228759766, 0.004007816314697266, 0.005194902420043945, 0.005131959915161133, 0.0040471553802490234, 0.0040318965911865234, 0.005079030990600586, 0.010267019271850586, 0.004060983657836914, 0.004038095474243164, 0.005093097686767578, 0.005121946334838867, 0.005341053009033203, 0.004015922546386719, 0.0050890445709228516, 0.005098819732666016, 0.005034923553466797, 0.004018068313598633, 0.0050661563873291016, 0.0050890445709228516, 0.005014181137084961, 0.004011869430541992, 0.005051136016845703, 0.0050890445709228516, 0.0050280094146728516, 0.003994941711425781, 0.00503087043762207, 0.005071878433227539, 0.005029201507568359, 0.003994941711425781, 0.0050640106201171875, 0.0050961971282958984, 0.00501704216003418, 0.0040130615234375, 0.005079984664916992, 0.005074024200439453, 0.0050089359283447266, 0.004006147384643555, 0.005040884017944336, 0.0050771236419677734, 0.0050280094146728516, 0.003999948501586914, 0.004003047943115234, 0.005045175552368164, 0.018922090530395508, 0.03991389274597168, 0.01431584358215332]
INFO:root:Tiebreaks used: 0
INFO:root:Tiebreak runtime: [False, False, False, False, False, False, False, False, False, False, False, False, False, False, False, False, False, False, False, False, False, False, False, False, False, False, False, False, False, False, False, False, False, False, False, False, False, False, False, False, False, False, False, False, False, False, False, False, False, False, False, False]
INFO:root:Number of inner modules ASNets: 100
INFO:root:Number of Gurobi variables: 515 Constraints: 674
INFO:root:Explanation: clear_b1 = 1
ontable_b2 = 0
clear_b2 = 1

