INFO:root:Problem path: /home/asnets_user/shared/policy-explanations/experiments/experiment_problems/blocks/prob-blocks-blocks-nblk3-seed627976805-seq2.pddl
INFO:root:Goal reached/Finished in time: 1
INFO:root:CPU Runtime: 3.7053382060000004
INFO:root:Runtime: 1.0358638018369675
INFO:root:Plan length: 4
INFO:root:Size of explanation: 3
INFO:root:Size of input: 19
INFO:root:Number of calls: 54
INFO:root:Runtime for each network call: [0.13677191734313965, 0.020852088928222656, 0.004202127456665039, 0.015622138977050781, 0.005897045135498047, 0.004992008209228516, 0.003979921340942383, 0.014823198318481445, 0.0059452056884765625, 0.005018949508666992, 0.004004001617431641, 0.00400996208190918, 0.015372037887573242, 0.005889177322387695, 0.004987001419067383, 0.00397801399230957, 0.014862060546875, 0.005877971649169922, 0.0050280094146728516, 0.00397801399230957, 0.014468193054199219, 0.0058820247650146484, 0.0049970149993896484, 0.003972053527832031, 0.014785051345825195, 0.005870819091796875, 0.0049970149993896484, 0.003972053527832031, 0.014287233352661133, 0.005877017974853516, 0.004982948303222656, 0.0039861202239990234, 0.013936996459960938, 0.005867958068847656, 0.004992961883544922, 0.0039899349212646484, 0.014660120010375977, 0.005905866622924805, 0.0050280094146728516, 0.004026889801025391, 0.003988981246948242, 0.014846086502075195, 0.005903005599975586, 0.004014015197753906, 0.003990888595581055, 0.003989219665527344, 0.015260934829711914, 0.005899906158447266, 0.017221927642822266, 0.0215911865234375, 0.004069089889526367, 0.01459813117980957, 0.005877971649169922, 0.004992008209228516]
INFO:root:Tiebreaks used: 0
INFO:root:Tiebreak runtime: [False, False, False, False, False, False, False, False, False, False, False, False, False, False, False, False, False, False, False, False, False, False, False, False, False, False, False, False, False, False, False, False, False, False, False, False, False, False, False, False, False, False, False, False, False, False, False, False, False, False, False, False, False, False]
INFO:root:Number of inner modules ASNets: 100
INFO:root:Number of Gurobi variables: 515 Constraints: 674
INFO:root:Explanation: ontable_b3 = 0
clear_b2 = 1
clear_b3 = 1

INFO:root:Problem path: /home/asnets_user/shared/policy-explanations/experiments/experiment_problems/blocks/prob-blocks-blocks-nblk3-seed627976805-seq2.pddl
INFO:root:Goal reached/Finished in time: 1
INFO:root:CPU Runtime: 4.216442870999998
INFO:root:Runtime: 1.110694756731391
INFO:root:Plan length: 4
INFO:root:Size of explanation: 4
INFO:root:Size of input: 19
INFO:root:Number of calls: 54
INFO:root:Runtime for each network call: [0.12829899787902832, 0.005244016647338867, 0.014899969100952148, 0.006012916564941406, 0.005120992660522461, 0.004067897796630859, 0.015035152435302734, 0.004225015640258789, 0.015292882919311523, 0.006117105484008789, 0.005107879638671875, 0.004137992858886719, 0.015560150146484375, 0.00617218017578125, 0.004102945327758789, 0.0040988922119140625, 0.004099845886230469, 0.015742063522338867, 0.006166934967041016, 0.004118204116821289, 0.0040929317474365234, 0.01571798324584961, 0.006140947341918945, 0.0050809383392333984, 0.004108905792236328, 0.015479087829589844, 0.0061609745025634766, 0.005110025405883789, 0.004106044769287109, 0.01561594009399414, 0.0061228275299072266, 0.005095958709716797, 0.004121065139770508, 0.015626192092895508, 0.006144046783447266, 0.0051691532135009766, 0.004101991653442383, 0.015661954879760742, 0.0061528682708740234, 0.0051229000091552734, 0.004110097885131836, 0.015527009963989258, 0.006167173385620117, 0.005148887634277344, 0.0041010379791259766, 0.015472888946533203, 0.006186008453369141, 0.005129814147949219, 0.050305843353271484, 0.014467954635620117, 0.004256010055541992, 0.016609907150268555, 0.011600017547607422, 0.015565156936645508]
INFO:root:Tiebreaks used: 0
INFO:root:Tiebreak runtime: [False, False, False, False, False, False, False, False, False, False, False, False, False, False, False, False, False, False, False, False, False, False, False, False, False, False, False, False, False, False, False, False, False, False, False, False, False, False, False, False, False, False, False, False, False, False, False, False, False, False, False, False, False, False]
INFO:root:Number of inner modules ASNets: 100
INFO:root:Number of Gurobi variables: 515 Constraints: 674
INFO:root:Explanation: on_b3_b1 = 1
on_b1_b2 = 0
clear_b3 = 1
ontable_b2 = 1

