INFO:root:Problem path: /home/asnets_user/shared/policy-explanations/experiments/experiment_problems/blocks/prob-blocks-blocks-nblk3-seed1914988565-seq6.pddl
INFO:root:Goal reached/Finished in time: 1
INFO:root:CPU Runtime: 1.2843009050000003
INFO:root:Runtime: 0.9379078084602952
INFO:root:Plan length: 6
INFO:root:Size of explanation: 3
INFO:root:Size of input: 19
INFO:root:Number of calls: 72
INFO:root:Runtime for each network call: [0.05574297904968262, 0.0023241043090820312, 0.0023050308227539062, 0.0033609867095947266, 0.0039861202239990234, 0.014528036117553711, 0.005938053131103516, 0.004974842071533203, 0.0023131370544433594, 0.003322124481201172, 0.003965139389038086, 0.01409006118774414, 0.0023958683013916016, 0.003400087356567383, 0.003962039947509766, 0.014425992965698242, 0.005856037139892578, 0.004940986633300781, 0.002302885055541992, 0.003345012664794922, 0.00392603874206543, 0.014425992965698242, 0.005847930908203125, 0.0049631595611572266, 0.002357959747314453, 0.0033669471740722656, 0.020774126052856445, 0.0020568370819091797, 0.002009153366088867, 0.0028150081634521484, 0.0032417774200439453, 0.010010004043579102, 0.004572153091430664, 0.004053831100463867, 0.0020041465759277344, 0.002792835235595703, 0.0032351016998291016, 0.009853124618530273, 0.004509925842285156, 0.004015922546386719, 0.0020020008087158203, 0.002777099609375, 0.00321197509765625, 0.010127067565917969, 0.004496097564697266, 0.004011869430541992, 0.0019969940185546875, 0.0027740001678466797, 0.003198862075805664, 0.0020029544830322266, 0.0019919872283935547, 0.002785921096801758, 0.003200054168701172, 0.010241985321044922, 0.004539966583251953, 0.0020110607147216797, 0.002808094024658203, 0.0032279491424560547, 0.00894308090209961, 0.002023935317993164, 0.0028030872344970703, 0.0032210350036621094, 0.010661125183105469, 0.004501819610595703, 0.0020220279693603516, 0.019520998001098633, 0.002084016799926758, 0.0028231143951416016, 0.0032432079315185547, 0.010219812393188477, 0.004502058029174805, 0.004027128219604492]
INFO:root:Tiebreaks used: 1
INFO:root:Tiebreak runtime: [False, False, False, False, False, False, False, False, False, False, False, False, False, False, False, False, False, False, False, False, False, False, False, False, False, False, 0.024660825729370117, False, False, False, False, False, False, False, False, False, False, False, False, False, False, False, False, False, False, False, False, False, False, False, False, False, False, False, False, False, False, False, False, False, False, False, False, False, False, False, False, False, False, False, False, False]
INFO:root:Number of inner modules ASNets: 100
INFO:root:Number of Gurobi variables: 515 Constraints: 530
INFO:root:Explanation: ontable_b2 = 0
handempty = 1
on_b3_b1 = 1

INFO:root:Problem path: /home/asnets_user/shared/policy-explanations/experiments/experiment_problems/blocks/prob-blocks-blocks-nblk3-seed1914988565-seq6.pddl
INFO:root:Goal reached/Finished in time: 1
INFO:root:CPU Runtime: 1.0751182390000018
INFO:root:Runtime: 1.0227178651839495
INFO:root:Plan length: 6
INFO:root:Size of explanation: 3
INFO:root:Size of input: 19
INFO:root:Number of calls: 70
INFO:root:Runtime for each network call: [0.05893301963806152, 0.0023069381713867188, 0.0033960342407226562, 0.004005908966064453, 0.014714956283569336, 0.005987882614135742, 0.005036115646362305, 0.0022940635681152344, 0.0033881664276123047, 0.0022859573364257812, 0.002290010452270508, 0.0033528804779052734, 0.003987789154052734, 0.014652013778686523, 0.005908966064453125, 0.0023200511932373047, 0.0023081302642822266, 0.0033729076385498047, 0.003988027572631836, 0.0023200511932373047, 0.003371000289916992, 0.003988981246948242, 0.014444828033447266, 0.005897045135498047, 0.0023190975189208984, 0.002296924591064453, 0.0033719539642333984, 0.003991127014160156, 0.0023081302642822266, 0.003387928009033203, 0.0039958953857421875, 0.014584064483642578, 0.005921840667724609, 0.005032062530517578, 0.0023200511932373047, 0.003376007080078125, 0.00400090217590332, 0.014475822448730469, 0.0059299468994140625, 0.00501704216003418, 0.002315998077392578, 0.003381967544555664, 0.004045009613037109, 0.014408111572265625, 0.005872964859008789, 0.004999876022338867, 0.013123035430908203, 0.0023360252380371094, 0.0033931732177734375, 0.0040090084075927734, 0.0023119449615478516, 0.003401041030883789, 0.003988981246948242, 0.014523029327392578, 0.0059201717376708984, 0.005036115646362305, 0.002343893051147461, 0.003390073776245117, 0.003997087478637695, 0.014582157135009766, 0.005905866622924805, 0.0050029754638671875, 0.0116119384765625, 0.002341032028198242, 0.0034019947052001953, 0.006150007247924805, 0.01660299301147461, 0.005903959274291992, 0.004989147186279297, 0.013200998306274414]
INFO:root:Tiebreaks used: 0
INFO:root:Tiebreak runtime: [False, False, False, False, False, False, False, False, False, False, False, False, False, False, False, False, False, False, False, False, False, False, False, False, False, False, False, False, False, False, False, False, False, False, False, False, False, False, False, False, False, False, False, False, False, False, False, False, False, False, False, False, False, False, False, False, False, False, False, False, False, False, False, False, False, False, False, False, False, False]
INFO:root:Number of inner modules ASNets: 100
INFO:root:Number of Gurobi variables: 515 Constraints: 674
INFO:root:Explanation: clear_b2 = 1
ontable_b3 = 0
on_b2_b3 = 1

